#
# There is insufficient memory for the Java Runtime Environment to continue.
# Native memory allocation (malloc) failed to allocate 1205936 bytes for Chunk::new
# Possible reasons:
#   The system is out of physical RAM or swap space
#   The process is running with CompressedOops enabled, and the Java Heap may be blocking the growth of the native heap
# Possible solutions:
#   Reduce memory load on the system
#   Increase physical memory or swap space
#   Check if swap backing store is full
#   Decrease Java heap size (-Xmx/-Xms)
#   Decrease number of Java threads
#   Decrease Java thread stack sizes (-Xss)
#   Set larger code cache with -XX:ReservedCodeCacheSize=
#   JVM is running with Unscaled Compressed Oops mode in which the Java heap is
#     placed in the first 4GB address space. The Java Heap base address is the
#     maximum limit for the native heap growth. Please use -XX:HeapBaseMinAddress
#     to set the Java Heap base and to place the Java Heap above 4GB virtual address.
# This output file may be truncated or incomplete.
#
#  Out of Memory Error (./src/hotspot/share/memory/arena.cpp:197), pid=15196, tid=16440
#
# JRE version: OpenJDK Runtime Environment Microsoft-7208460 (11.0.18+10) (build 11.0.18+10-LTS)
# Java VM: OpenJDK 64-Bit Server VM Microsoft-7208460 (11.0.18+10-LTS, mixed mode, tiered, compressed oops, g1 gc, windows-amd64)
# No core dump will be written. Minidumps are not enabled by default on client versions of Windows
#

---------------  S U M M A R Y ------------

Command Line: -XX:MaxMetaspaceSize=512m --add-opens=java.base/java.util=ALL-UNNAMED --add-opens=java.base/java.lang=ALL-UNNAMED --add-opens=java.base/java.lang.invoke=ALL-UNNAMED --add-opens=java.prefs/java.util.prefs=ALL-UNNAMED --add-opens=java.base/java.nio.charset=ALL-UNNAMED --add-opens=java.base/java.net=ALL-UNNAMED --add-opens=java.base/java.util.concurrent.atomic=ALL-UNNAMED -Xmx2048m -Dfile.encoding=windows-1252 -Duser.country=US -Duser.language=en -Duser.variant org.gradle.launcher.daemon.bootstrap.GradleDaemon 8.0.1

Host: Intel(R) Core(TM) i5-3320M CPU @ 2.60GHz, 4 cores, 7G,  Windows 10 , 64 bit Build 19041 (10.0.19041.3636)
Time: Thu Jan 18 01:14:14 2024 Pakistan Standard Time elapsed time: 556.104356 seconds (0d 0h 9m 16s)

---------------  T H R E A D  ---------------

Current thread (0x000001f6ef6c4800):  JavaThread "C2 CompilerThread0" daemon [_thread_in_native, id=16440, stack(0x0000004b76700000,0x0000004b76800000)]


Current CompileTask:
C2: 556104 8604       4       java.lang.invoke.InvokerBytecodeGenerator::emitPushArgument (120 bytes)

Stack: [0x0000004b76700000,0x0000004b76800000]
Native frames: (J=compiled Java code, j=interpreted, Vv=VM code, C=native code)
V  [jvm.dll+0x62bf8a]
V  [jvm.dll+0x7b8fb9]
V  [jvm.dll+0x7ba6a8]
V  [jvm.dll+0x7bad83]
V  [jvm.dll+0x250248]
V  [jvm.dll+0xc260c]
V  [jvm.dll+0xc2bcc]
V  [jvm.dll+0x35e182]
V  [jvm.dll+0x32a373]
V  [jvm.dll+0x3296aa]
V  [jvm.dll+0x2093b3]
V  [jvm.dll+0x20850d]
V  [jvm.dll+0x18a4b1]
V  [jvm.dll+0x217eec]
V  [jvm.dll+0x21612b]
V  [jvm.dll+0x77bac0]
V  [jvm.dll+0x7749f4]
V  [jvm.dll+0x62adf5]
C  [ucrtbase.dll+0x21bb2]
C  [KERNEL32.DLL+0x17344]
C  [ntdll.dll+0x526b1]


---------------  P R O C E S S  ---------------

Threads class SMR info:
_java_thread_list=0x000001f6f609cca0, length=89, elements={
0x000001f6ce5d4800, 0x000001f6eed66800, 0x000001f6eed68000, 0x000001f6eed64800,
0x000001f6ef6c0800, 0x000001f6ef6c1800, 0x000001f6ef6c4800, 0x000001f6ef6c6000,
0x000001f6ef72e800, 0x000001f6ef822000, 0x000001f6f15f6800, 0x000001f6f0c5d000,
0x000001f6efcaa800, 0x000001f6f0d51000, 0x000001f6eff31000, 0x000001f6f0d8e800,
0x000001f6efb0e800, 0x000001f6ef7cf800, 0x000001f6f01a9000, 0x000001f6f0cbf800,
0x000001f6f0cbc800, 0x000001f6f0cbe800, 0x000001f6f0cba000, 0x000001f6f0cbb800,
0x000001f6f0cba800, 0x000001f6f0cc0800, 0x000001f6f0cbd000, 0x000001f6f19d6800,
0x000001f6f19d5000, 0x000001f6f19d7800, 0x000001f6f19d8000, 0x000001f6f19d9000,
0x000001f6f19da000, 0x000001f6f19d4000, 0x000001f6f19da800, 0x000001f6f19db800,
0x000001f6f19d5800, 0x000001f6f19de800, 0x000001f6f19df800, 0x000001f6f19e0800,
0x000001f6f19dc000, 0x000001f6f19e1000, 0x000001f6f19dd000, 0x000001f6f19de000,
0x000001f6f19e2000, 0x000001f6f0cbe000, 0x000001f6f3564800, 0x000001f6f3562000,
0x000001f6f355f000, 0x000001f6f3564000, 0x000001f6f3560000, 0x000001f6f3561800,
0x000001f6f3565800, 0x000001f6f3566800, 0x000001f6f3560800, 0x000001f6f3567000,
0x000001f6f3568000, 0x000001f6f3563000, 0x000001f6f356b000, 0x000001f6f356a800,
0x000001f6f356c000, 0x000001f6f356d800, 0x000001f6f356d000, 0x000001f6f3569000,
0x000001f6f3569800, 0x000001f6f1cfb800, 0x000001f6f1cfd000, 0x000001f6f1cfe800,
0x000001f6f1cfd800, 0x000001f6f1d02000, 0x000001f6f1cff800, 0x000001f6f1cfc000,
0x000001f6f1d02800, 0x000001f6f1d05000, 0x000001f6f1d01000, 0x000001f6f1d04800,
0x000001f6f1d03800, 0x000001f6f1d06000, 0x000001f6f1d00000, 0x000001f6f1d06800,
0x000001f6f1d09000, 0x000001f6f1d0a000, 0x000001f6f1d07800, 0x000001f6f1d08800,
0x000001f6f169c000, 0x000001f6f16a1000, 0x000001f6f169e800, 0x000001f6f169f800,
0x000001f6f169b800
}

Java Threads: ( => current thread )
  0x000001f6ce5d4800 JavaThread "main" [_thread_blocked, id=7448, stack(0x0000004b75a00000,0x0000004b75b00000)]
  0x000001f6eed66800 JavaThread "Reference Handler" daemon [_thread_blocked, id=15708, stack(0x0000004b76200000,0x0000004b76300000)]
  0x000001f6eed68000 JavaThread "Finalizer" daemon [_thread_blocked, id=15820, stack(0x0000004b76300000,0x0000004b76400000)]
  0x000001f6eed64800 JavaThread "Signal Dispatcher" daemon [_thread_blocked, id=16564, stack(0x0000004b76400000,0x0000004b76500000)]
  0x000001f6ef6c0800 JavaThread "Attach Listener" daemon [_thread_blocked, id=16248, stack(0x0000004b76500000,0x0000004b76600000)]
  0x000001f6ef6c1800 JavaThread "Service Thread" daemon [_thread_blocked, id=16316, stack(0x0000004b76600000,0x0000004b76700000)]
=>0x000001f6ef6c4800 JavaThread "C2 CompilerThread0" daemon [_thread_in_native, id=16440, stack(0x0000004b76700000,0x0000004b76800000)]
  0x000001f6ef6c6000 JavaThread "C1 CompilerThread0" daemon [_thread_blocked, id=17328, stack(0x0000004b76800000,0x0000004b76900000)]
  0x000001f6ef72e800 JavaThread "Sweeper thread" daemon [_thread_blocked, id=16792, stack(0x0000004b76900000,0x0000004b76a00000)]
  0x000001f6ef822000 JavaThread "Common-Cleaner" daemon [_thread_blocked, id=14568, stack(0x0000004b76a00000,0x0000004b76b00000)]
  0x000001f6f15f6800 JavaThread "Daemon health stats" [_thread_blocked, id=6352, stack(0x0000004b76e00000,0x0000004b76f00000)]
  0x000001f6f0c5d000 JavaThread "Incoming local TCP Connector on port 64056" [_thread_in_native, id=17412, stack(0x0000004b76f00000,0x0000004b77000000)]
  0x000001f6efcaa800 JavaThread "Daemon periodic checks" [_thread_blocked, id=17864, stack(0x0000004b77200000,0x0000004b77300000)]
  0x000001f6f0d51000 JavaThread "Daemon" [_thread_blocked, id=17968, stack(0x0000004b77300000,0x0000004b77400000)]
  0x000001f6eff31000 JavaThread "Handler for socket connection from /127.0.0.1:64056 to /127.0.0.1:64078" [_thread_in_native, id=17972, stack(0x0000004b77400000,0x0000004b77500000)]
  0x000001f6f0d8e800 JavaThread "Cancel handler" [_thread_blocked, id=17984, stack(0x0000004b77500000,0x0000004b77600000)]
  0x000001f6efb0e800 JavaThread "Daemon worker" [_thread_blocked, id=18040, stack(0x0000004b77600000,0x0000004b77700000)]
  0x000001f6ef7cf800 JavaThread "Asynchronous log dispatcher for DefaultDaemonConnection: socket connection from /127.0.0.1:64056 to /127.0.0.1:64078" [_thread_blocked, id=18052, stack(0x0000004b77700000,0x0000004b77800000)]
  0x000001f6f01a9000 JavaThread "Daemon client event forwarder" [_thread_blocked, id=18060, stack(0x0000004b77900000,0x0000004b77a00000)]
  0x000001f6f0cbf800 JavaThread "Cache worker for journal cache (C:\Users\tahaa\.gradle\caches\journal-1)" [_thread_blocked, id=18152, stack(0x0000004b77a00000,0x0000004b77b00000)]
  0x000001f6f0cbc800 JavaThread "File lock request listener" [_thread_in_native, id=18192, stack(0x0000004b77c00000,0x0000004b77d00000)]
  0x000001f6f0cbe800 JavaThread "Cache worker for file hash cache (C:\Users\tahaa\.gradle\caches\8.0.1\fileHashes)" [_thread_blocked, id=18356, stack(0x0000004b77d00000,0x0000004b77e00000)]
  0x000001f6f0cba000 JavaThread "File watcher server" daemon [_thread_in_native, id=17920, stack(0x0000004b75900000,0x0000004b75a00000)]
  0x000001f6f0cbb800 JavaThread "File watcher consumer" daemon [_thread_blocked, id=18084, stack(0x0000004b75b00000,0x0000004b75c00000)]
  0x000001f6f0cba800 JavaThread "Cache worker for checksums cache (F:\RN PROJECTS\Whoo\android\.gradle\8.0.1\checksums)" [_thread_blocked, id=13704, stack(0x0000004b77f00000,0x0000004b78000000)]
  0x000001f6f0cc0800 JavaThread "Cache worker for cache directory md-rule (C:\Users\tahaa\.gradle\caches\8.0.1\md-rule)" [_thread_blocked, id=9428, stack(0x0000004b78000000,0x0000004b78100000)]
  0x000001f6f0cbd000 JavaThread "Cache worker for file content cache (C:\Users\tahaa\.gradle\caches\8.0.1\fileContent)" [_thread_blocked, id=13532, stack(0x0000004b78100000,0x0000004b78200000)]
  0x000001f6f19d6800 JavaThread "Cache worker for file hash cache (F:\RN PROJECTS\Whoo\android\.gradle\8.0.1\fileHashes)" [_thread_blocked, id=16376, stack(0x0000004b78200000,0x0000004b78300000)]
  0x000001f6f19d5000 JavaThread "Cache worker for cache directory md-supplier (C:\Users\tahaa\.gradle\caches\8.0.1\md-supplier)" [_thread_blocked, id=18252, stack(0x0000004b78300000,0x0000004b78400000)]
  0x000001f6f19d7800 JavaThread "Cache worker for execution history cache (C:\Users\tahaa\.gradle\caches\8.0.1\executionHistory)" [_thread_blocked, id=18272, stack(0x0000004b78400000,0x0000004b78500000)]
  0x000001f6f19d8000 JavaThread "jar transforms" [_thread_blocked, id=18816, stack(0x0000004b78500000,0x0000004b78600000)]
  0x000001f6f19d9000 JavaThread "jar transforms Thread 2" [_thread_blocked, id=19088, stack(0x0000004b77800000,0x0000004b77900000)]
  0x000001f6f19da000 JavaThread "jar transforms Thread 3" [_thread_blocked, id=19372, stack(0x0000004b78600000,0x0000004b78700000)]
  0x000001f6f19d4000 JavaThread "jar transforms Thread 4" [_thread_blocked, id=18000, stack(0x0000004b78700000,0x0000004b78800000)]
  0x000001f6f19da800 JavaThread "Cache worker for kotlin-dsl (C:\Users\tahaa\.gradle\caches\8.0.1\kotlin-dsl)" [_thread_blocked, id=20348, stack(0x0000004b77000000,0x0000004b77100000)]
  0x000001f6f19db800 JavaThread "File lock release action executor Thread 2" [_thread_blocked, id=10336, stack(0x0000004b77100000,0x0000004b77200000)]
  0x000001f6f19d5800 JavaThread "Cache worker for dependencies-accessors (F:\RN PROJECTS\Whoo\android\.gradle\8.0.1\dependencies-accessors)" [_thread_blocked, id=1056, stack(0x0000004b78800000,0x0000004b78900000)]
  0x000001f6f19de800 JavaThread "Cache worker for Build Output Cleanup Cache (F:\RN PROJECTS\Whoo\node_modules\@react-native\gradle-plugin\.gradle\buildOutputCleanup)" [_thread_blocked, id=19400, stack(0x0000004b78900000,0x0000004b78a00000)]
  0x000001f6f19df800 JavaThread "Unconstrained build operations" [_thread_blocked, id=14232, stack(0x0000004b78a00000,0x0000004b78b00000)]
  0x000001f6f19e0800 JavaThread "Unconstrained build operations Thread 2" [_thread_blocked, id=16352, stack(0x0000004b78b00000,0x0000004b78c00000)]
  0x000001f6f19dc000 JavaThread "Unconstrained build operations Thread 3" [_thread_blocked, id=14236, stack(0x0000004b78c00000,0x0000004b78d00000)]
  0x000001f6f19e1000 JavaThread "Unconstrained build operations Thread 4" [_thread_blocked, id=7880, stack(0x0000004b78d00000,0x0000004b78e00000)]
  0x000001f6f19dd000 JavaThread "Unconstrained build operations Thread 5" [_thread_blocked, id=19184, stack(0x0000004b78e00000,0x0000004b78f00000)]
  0x000001f6f19de000 JavaThread "Unconstrained build operations Thread 6" [_thread_blocked, id=19188, stack(0x0000004b78f00000,0x0000004b79000000)]
  0x000001f6f19e2000 JavaThread "Unconstrained build operations Thread 7" [_thread_blocked, id=17828, stack(0x0000004b79000000,0x0000004b79100000)]
  0x000001f6f0cbe000 JavaThread "Unconstrained build operations Thread 8" [_thread_blocked, id=13340, stack(0x0000004b79100000,0x0000004b79200000)]
  0x000001f6f3564800 JavaThread "Unconstrained build operations Thread 9" [_thread_blocked, id=19348, stack(0x0000004b79200000,0x0000004b79300000)]
  0x000001f6f3562000 JavaThread "Unconstrained build operations Thread 10" [_thread_blocked, id=20416, stack(0x0000004b79300000,0x0000004b79400000)]
  0x000001f6f355f000 JavaThread "Unconstrained build operations Thread 11" [_thread_blocked, id=19428, stack(0x0000004b79400000,0x0000004b79500000)]
  0x000001f6f3564000 JavaThread "Unconstrained build operations Thread 12" [_thread_blocked, id=6580, stack(0x0000004b79500000,0x0000004b79600000)]
  0x000001f6f3560000 JavaThread "Unconstrained build operations Thread 13" [_thread_blocked, id=19060, stack(0x0000004b79600000,0x0000004b79700000)]
  0x000001f6f3561800 JavaThread "Unconstrained build operations Thread 14" [_thread_blocked, id=17840, stack(0x0000004b79700000,0x0000004b79800000)]
  0x000001f6f3565800 JavaThread "Unconstrained build operations Thread 15" [_thread_blocked, id=18688, stack(0x0000004b79800000,0x0000004b79900000)]
  0x000001f6f3566800 JavaThread "Unconstrained build operations Thread 16" [_thread_blocked, id=19356, stack(0x0000004b79900000,0x0000004b79a00000)]
  0x000001f6f3560800 JavaThread "Unconstrained build operations Thread 17" [_thread_blocked, id=14332, stack(0x0000004b79a00000,0x0000004b79b00000)]
  0x000001f6f3567000 JavaThread "Unconstrained build operations Thread 18" [_thread_blocked, id=18796, stack(0x0000004b79b00000,0x0000004b79c00000)]
  0x000001f6f3568000 JavaThread "Unconstrained build operations Thread 19" [_thread_blocked, id=17756, stack(0x0000004b79c00000,0x0000004b79d00000)]
  0x000001f6f3563000 JavaThread "Unconstrained build operations Thread 20" [_thread_blocked, id=7420, stack(0x0000004b79d00000,0x0000004b79e00000)]
  0x000001f6f356b000 JavaThread "Unconstrained build operations Thread 21" [_thread_blocked, id=18940, stack(0x0000004b79e00000,0x0000004b79f00000)]
  0x000001f6f356a800 JavaThread "Unconstrained build operations Thread 22" [_thread_blocked, id=18932, stack(0x0000004b79f00000,0x0000004b7a000000)]
  0x000001f6f356c000 JavaThread "Unconstrained build operations Thread 23" [_thread_blocked, id=18896, stack(0x0000004b7a000000,0x0000004b7a100000)]
  0x000001f6f356d800 JavaThread "Unconstrained build operations Thread 24" [_thread_blocked, id=18836, stack(0x0000004b7a100000,0x0000004b7a200000)]
  0x000001f6f356d000 JavaThread "Unconstrained build operations Thread 25" [_thread_blocked, id=18888, stack(0x0000004b7a200000,0x0000004b7a300000)]
  0x000001f6f3569000 JavaThread "Unconstrained build operations Thread 26" [_thread_blocked, id=18884, stack(0x0000004b7a300000,0x0000004b7a400000)]
  0x000001f6f3569800 JavaThread "Memory manager" [_thread_blocked, id=20468, stack(0x0000004b7a400000,0x0000004b7a500000)]
  0x000001f6f1cfb800 JavaThread "Cache worker for Build Output Cleanup Cache (F:\RN PROJECTS\Whoo\android\.gradle\buildOutputCleanup)" [_thread_blocked, id=4432, stack(0x0000004b77e00000,0x0000004b77f00000)]
  0x000001f6f1cfd000 JavaThread "included builds" [_thread_blocked, id=5776, stack(0x0000004b7a500000,0x0000004b7a600000)]
  0x000001f6f1cfe800 JavaThread "Execution worker" [_thread_blocked, id=20448, stack(0x0000004b7a600000,0x0000004b7a700000)]
  0x000001f6f1cfd800 JavaThread "Execution worker Thread 2" [_thread_blocked, id=17872, stack(0x0000004b7a700000,0x0000004b7a800000)]
  0x000001f6f1d02000 JavaThread "Execution worker Thread 3" [_thread_blocked, id=17116, stack(0x0000004b7a800000,0x0000004b7a900000)]
  0x000001f6f1cff800 JavaThread "Cache worker for execution history cache (F:\RN PROJECTS\Whoo\node_modules\@react-native\gradle-plugin\.gradle\8.0.1\executionHistory)" [_thread_blocked, id=6200, stack(0x0000004b7a900000,0x0000004b7aa00000)]
  0x000001f6f1cfc000 JavaThread "Unconstrained build operations Thread 27" [_thread_blocked, id=11576, stack(0x0000004b7aa00000,0x0000004b7ab00000)]
  0x000001f6f1d02800 JavaThread "Unconstrained build operations Thread 28" [_thread_blocked, id=10936, stack(0x0000004b7ab00000,0x0000004b7ac00000)]
  0x000001f6f1d05000 JavaThread "Unconstrained build operations Thread 29" [_thread_blocked, id=6136, stack(0x0000004b7ac00000,0x0000004b7ad00000)]
  0x000001f6f1d01000 JavaThread "Unconstrained build operations Thread 30" [_thread_blocked, id=13100, stack(0x0000004b7ad00000,0x0000004b7ae00000)]
  0x000001f6f1d04800 JavaThread "Unconstrained build operations Thread 31" [_thread_blocked, id=12272, stack(0x0000004b7ae00000,0x0000004b7af00000)]
  0x000001f6f1d03800 JavaThread "Unconstrained build operations Thread 32" [_thread_blocked, id=19240, stack(0x0000004b7af00000,0x0000004b7b000000)]
  0x000001f6f1d06000 JavaThread "Unconstrained build operations Thread 33" [_thread_blocked, id=18376, stack(0x0000004b7b000000,0x0000004b7b100000)]
  0x000001f6f1d00000 JavaThread "Unconstrained build operations Thread 34" [_thread_blocked, id=18724, stack(0x0000004b7b100000,0x0000004b7b200000)]
  0x000001f6f1d06800 JavaThread "Unconstrained build operations Thread 35" [_thread_blocked, id=12656, stack(0x0000004b7b200000,0x0000004b7b300000)]
  0x000001f6f1d09000 JavaThread "Unconstrained build operations Thread 36" [_thread_blocked, id=7340, stack(0x0000004b7b300000,0x0000004b7b400000)]
  0x000001f6f1d0a000 JavaThread "Unconstrained build operations Thread 37" [_thread_blocked, id=5252, stack(0x0000004b7b400000,0x0000004b7b500000)]
  0x000001f6f1d07800 JavaThread "Unconstrained build operations Thread 38" [_thread_blocked, id=6792, stack(0x0000004b7b500000,0x0000004b7b600000)]
  0x000001f6f1d08800 JavaThread "Unconstrained build operations Thread 39" [_thread_blocked, id=2992, stack(0x0000004b7b600000,0x0000004b7b700000)]
  0x000001f6f169c000 JavaThread "Unconstrained build operations Thread 40" [_thread_blocked, id=10492, stack(0x0000004b7b700000,0x0000004b7b800000)]
  0x000001f6f16a1000 JavaThread "WorkerExecutor Queue" [_thread_in_Java, id=21128, stack(0x0000004b7b800000,0x0000004b7b900000)]
  0x000001f6f169e800 JavaThread "Thread-75" [_thread_in_native, id=21220, stack(0x0000004b7b900000,0x0000004b7ba00000)]
  0x000001f6f169f800 JavaThread "Thread-76" [_thread_in_native, id=18952, stack(0x0000004b7ba00000,0x0000004b7bb00000)]
  0x000001f6f169b800 JavaThread "RMI Scheduler(0)" daemon [_thread_blocked, id=22316, stack(0x0000004b7bb00000,0x0000004b7bc00000)]

Other Threads:
  0x000001f6eed50800 VMThread "VM Thread" [stack: 0x0000004b76100000,0x0000004b76200000] [id=7932]
  0x000001f6ef857000 WatcherThread [stack: 0x0000004b76b00000,0x0000004b76c00000] [id=15452]
  0x000001f6ce5ee000 GCTaskThread "GC Thread#0" [stack: 0x0000004b75c00000,0x0000004b75d00000] [id=4704]
  0x000001f6efa65000 GCTaskThread "GC Thread#1" [stack: 0x0000004b76c00000,0x0000004b76d00000] [id=1812]
  0x000001f6effb7000 GCTaskThread "GC Thread#2" [stack: 0x0000004b76d00000,0x0000004b76e00000] [id=16640]
  0x000001f6f0d4c000 GCTaskThread "GC Thread#3" [stack: 0x0000004b77b00000,0x0000004b77c00000] [id=18176]
  0x000001f6ce61f800 ConcurrentGCThread "G1 Main Marker" [stack: 0x0000004b75d00000,0x0000004b75e00000] [id=17140]
  0x000001f6ce621000 ConcurrentGCThread "G1 Conc#0" [stack: 0x0000004b75e00000,0x0000004b75f00000] [id=17104]
  0x000001f6ce6ae000 ConcurrentGCThread "G1 Refine#0" [stack: 0x0000004b75f00000,0x0000004b76000000] [id=6944]
  0x000001f6eebc0800 ConcurrentGCThread "G1 Young RemSet Sampling" [stack: 0x0000004b76000000,0x0000004b76100000] [id=13632]

Threads with active compile tasks:
C2 CompilerThread0   556158 8604       4       java.lang.invoke.InvokerBytecodeGenerator::emitPushArgument (120 bytes)

VM state:not at safepoint (normal execution)

VM Mutex/Monitor currently owned by a thread: None

Heap address: 0x0000000080000000, size: 2048 MB, Compressed Oops mode: 32-bit
Narrow klass base: 0x0000000000000000, Narrow klass shift: 3
Compressed class space size: 528482304 Address: 0x0000000100000000

Heap:
 garbage-first heap   total 131072K, used 59877K [0x0000000080000000, 0x0000000100000000)
  region size 1024K, 5 young (5120K), 1 survivors (1024K)
 Metaspace       used 75480K, capacity 77804K, committed 78032K, reserved 583680K
  class space    used 9833K, capacity 10796K, committed 10880K, reserved 516096K
Heap Regions: E=young(eden), S=young(survivor), O=old, HS=humongous(starts), HC=humongous(continues), CS=collection set, F=free, A=archive, TAMS=top-at-mark-start (previous, next)
|   0|0x0000000080000000, 0x0000000080100000, 0x0000000080100000|100%| O|  |TAMS 0x0000000080100000, 0x0000000080000000| Untracked 
|   1|0x0000000080100000, 0x0000000080200000, 0x0000000080200000|100%| O|  |TAMS 0x0000000080200000, 0x0000000080100000| Untracked 
|   2|0x0000000080200000, 0x0000000080300000, 0x0000000080300000|100%| O|  |TAMS 0x0000000080300000, 0x0000000080200000| Untracked 
|   3|0x0000000080300000, 0x0000000080400000, 0x0000000080400000|100%|HS|  |TAMS 0x0000000080400000, 0x0000000080300000| Complete 
|   4|0x0000000080400000, 0x0000000080500000, 0x0000000080500000|100%|HC|  |TAMS 0x0000000080500000, 0x0000000080400000| Complete 
|   5|0x0000000080500000, 0x0000000080600000, 0x0000000080600000|100%|HC|  |TAMS 0x0000000080600000, 0x0000000080500000| Complete 
|   6|0x0000000080600000, 0x0000000080700000, 0x0000000080700000|100%|HC|  |TAMS 0x0000000080700000, 0x0000000080600000| Complete 
|   7|0x0000000080700000, 0x0000000080800000, 0x0000000080800000|100%| O|  |TAMS 0x0000000080800000, 0x0000000080700000| Untracked 
|   8|0x0000000080800000, 0x0000000080900000, 0x0000000080900000|100%| O|  |TAMS 0x0000000080900000, 0x0000000080800000| Untracked 
|   9|0x0000000080900000, 0x0000000080a00000, 0x0000000080a00000|100%| O|  |TAMS 0x0000000080a00000, 0x0000000080900000| Untracked 
|  10|0x0000000080a00000, 0x0000000080b00000, 0x0000000080b00000|100%| O|  |TAMS 0x0000000080b00000, 0x0000000080a00000| Untracked 
|  11|0x0000000080b00000, 0x0000000080c00000, 0x0000000080c00000|100%| O|  |TAMS 0x0000000080c00000, 0x0000000080b00000| Untracked 
|  12|0x0000000080c00000, 0x0000000080d00000, 0x0000000080d00000|100%| O|  |TAMS 0x0000000080d00000, 0x0000000080c00000| Untracked 
|  13|0x0000000080d00000, 0x0000000080e00000, 0x0000000080e00000|100%| O|  |TAMS 0x0000000080e00000, 0x0000000080d00000| Untracked 
|  14|0x0000000080e00000, 0x0000000080f00000, 0x0000000080f00000|100%| O|  |TAMS 0x0000000080f00000, 0x0000000080e00000| Untracked 
|  15|0x0000000080f00000, 0x0000000081000000, 0x0000000081000000|100%| O|  |TAMS 0x0000000081000000, 0x0000000080f00000| Untracked 
|  16|0x0000000081000000, 0x0000000081100000, 0x0000000081100000|100%| O|  |TAMS 0x0000000081100000, 0x0000000081000000| Untracked 
|  17|0x0000000081100000, 0x0000000081200000, 0x0000000081200000|100%| O|  |TAMS 0x0000000081200000, 0x0000000081100000| Untracked 
|  18|0x0000000081200000, 0x0000000081300000, 0x0000000081300000|100%| O|  |TAMS 0x0000000081300000, 0x0000000081200000| Untracked 
|  19|0x0000000081300000, 0x0000000081400000, 0x0000000081400000|100%| O|  |TAMS 0x0000000081400000, 0x0000000081300000| Untracked 
|  20|0x0000000081400000, 0x0000000081500000, 0x0000000081500000|100%| O|  |TAMS 0x0000000081500000, 0x0000000081400000| Untracked 
|  21|0x0000000081500000, 0x0000000081600000, 0x0000000081600000|100%| O|  |TAMS 0x0000000081600000, 0x0000000081500000| Untracked 
|  22|0x0000000081600000, 0x0000000081700000, 0x0000000081700000|100%| O|  |TAMS 0x0000000081700000, 0x0000000081600000| Untracked 
|  23|0x0000000081700000, 0x0000000081800000, 0x0000000081800000|100%| O|  |TAMS 0x0000000081800000, 0x0000000081700000| Untracked 
|  24|0x0000000081800000, 0x0000000081900000, 0x0000000081900000|100%| O|  |TAMS 0x0000000081900000, 0x0000000081800000| Untracked 
|  25|0x0000000081900000, 0x0000000081a00000, 0x0000000081a00000|100%| O|  |TAMS 0x0000000081a00000, 0x0000000081900000| Untracked 
|  26|0x0000000081a00000, 0x0000000081b00000, 0x0000000081b00000|100%| O|  |TAMS 0x0000000081b00000, 0x0000000081a00000| Untracked 
|  27|0x0000000081b00000, 0x0000000081c00000, 0x0000000081c00000|100%| O|  |TAMS 0x0000000081c00000, 0x0000000081b00000| Untracked 
|  28|0x0000000081c00000, 0x0000000081d00000, 0x0000000081d00000|100%| O|  |TAMS 0x0000000081d00000, 0x0000000081c00000| Untracked 
|  29|0x0000000081d00000, 0x0000000081e00000, 0x0000000081e00000|100%|HS|  |TAMS 0x0000000081e00000, 0x0000000081d00000| Complete 
|  30|0x0000000081e00000, 0x0000000081f00000, 0x0000000081f00000|100%|HC|  |TAMS 0x0000000081f00000, 0x0000000081e00000| Complete 
|  31|0x0000000081f00000, 0x0000000082000000, 0x0000000082000000|100%|HS|  |TAMS 0x0000000082000000, 0x0000000081f00000| Complete 
|  32|0x0000000082000000, 0x0000000082100000, 0x0000000082100000|100%|HC|  |TAMS 0x0000000082100000, 0x0000000082000000| Complete 
|  33|0x0000000082100000, 0x0000000082200000, 0x0000000082200000|100%|HC|  |TAMS 0x0000000082200000, 0x0000000082100000| Complete 
|  34|0x0000000082200000, 0x0000000082300000, 0x0000000082300000|100%|HC|  |TAMS 0x0000000082300000, 0x0000000082200000| Complete 
|  35|0x0000000082300000, 0x0000000082400000, 0x0000000082400000|100%| O|  |TAMS 0x0000000082400000, 0x0000000082300000| Untracked 
|  36|0x0000000082400000, 0x0000000082500000, 0x0000000082500000|100%| O|  |TAMS 0x0000000082500000, 0x0000000082400000| Untracked 
|  37|0x0000000082500000, 0x0000000082600000, 0x0000000082600000|100%| O|  |TAMS 0x0000000082600000, 0x0000000082500000| Untracked 
|  38|0x0000000082600000, 0x0000000082700000, 0x0000000082700000|100%| O|  |TAMS 0x0000000082700000, 0x0000000082600000| Untracked 
|  39|0x0000000082700000, 0x0000000082800000, 0x0000000082800000|100%| O|  |TAMS 0x0000000082800000, 0x0000000082700000| Untracked 
|  40|0x0000000082800000, 0x0000000082900000, 0x0000000082900000|100%| O|  |TAMS 0x0000000082900000, 0x0000000082800000| Untracked 
|  41|0x0000000082900000, 0x0000000082a00000, 0x0000000082a00000|100%| O|  |TAMS 0x0000000082a00000, 0x0000000082900000| Untracked 
|  42|0x0000000082a00000, 0x0000000082b00000, 0x0000000082b00000|100%| O|  |TAMS 0x0000000082b00000, 0x0000000082a00000| Untracked 
|  43|0x0000000082b00000, 0x0000000082c00000, 0x0000000082c00000|100%| O|  |TAMS 0x0000000082c00000, 0x0000000082b00000| Untracked 
|  44|0x0000000082c00000, 0x0000000082d00000, 0x0000000082d00000|100%| O|  |TAMS 0x0000000082c7c400, 0x0000000082c00000| Untracked 
|  45|0x0000000082d00000, 0x0000000082e00000, 0x0000000082e00000|100%| O|  |TAMS 0x0000000082d00000, 0x0000000082d00000| Untracked 
|  46|0x0000000082e00000, 0x0000000082f00000, 0x0000000082f00000|100%| O|  |TAMS 0x0000000082e00000, 0x0000000082e00000| Untracked 
|  47|0x0000000082f00000, 0x0000000083000000, 0x0000000083000000|100%| O|  |TAMS 0x0000000082f00000, 0x0000000082f00000| Untracked 
|  48|0x0000000083000000, 0x0000000083100000, 0x0000000083100000|100%| O|  |TAMS 0x0000000083000000, 0x0000000083000000| Untracked 
|  49|0x0000000083100000, 0x0000000083200000, 0x0000000083200000|100%| O|  |TAMS 0x0000000083100000, 0x0000000083100000| Untracked 
|  50|0x0000000083200000, 0x0000000083300000, 0x0000000083300000|100%| O|  |TAMS 0x0000000083200000, 0x0000000083200000| Untracked 
|  51|0x0000000083300000, 0x0000000083400000, 0x0000000083400000|100%| O|  |TAMS 0x0000000083300000, 0x0000000083300000| Untracked 
|  52|0x0000000083400000, 0x0000000083500000, 0x0000000083500000|100%| O|  |TAMS 0x0000000083400000, 0x0000000083400000| Untracked 
|  53|0x0000000083500000, 0x0000000083600000, 0x0000000083600000|100%| O|  |TAMS 0x0000000083500000, 0x0000000083500000| Untracked 
|  54|0x0000000083600000, 0x00000000836b3800, 0x0000000083700000| 70%| O|  |TAMS 0x0000000083600000, 0x0000000083600000| Untracked 
|  55|0x0000000083700000, 0x0000000083700000, 0x0000000083800000|  0%| F|  |TAMS 0x0000000083700000, 0x0000000083700000| Untracked 
|  56|0x0000000083800000, 0x0000000083800000, 0x0000000083900000|  0%| F|  |TAMS 0x0000000083800000, 0x0000000083800000| Untracked 
|  57|0x0000000083900000, 0x0000000083900000, 0x0000000083a00000|  0%| F|  |TAMS 0x0000000083900000, 0x0000000083900000| Untracked 
|  58|0x0000000083a00000, 0x0000000083a00000, 0x0000000083b00000|  0%| F|  |TAMS 0x0000000083a00000, 0x0000000083a00000| Untracked 
|  59|0x0000000083b00000, 0x0000000083b00000, 0x0000000083c00000|  0%| F|  |TAMS 0x0000000083b00000, 0x0000000083b00000| Untracked 
|  60|0x0000000083c00000, 0x0000000083c00000, 0x0000000083d00000|  0%| F|  |TAMS 0x0000000083c00000, 0x0000000083c00000| Untracked 
|  61|0x0000000083d00000, 0x0000000083d00000, 0x0000000083e00000|  0%| F|  |TAMS 0x0000000083d00000, 0x0000000083d00000| Untracked 
|  62|0x0000000083e00000, 0x0000000083e00000, 0x0000000083f00000|  0%| F|  |TAMS 0x0000000083e00000, 0x0000000083e00000| Untracked 
|  63|0x0000000083f00000, 0x0000000083f00000, 0x0000000084000000|  0%| F|  |TAMS 0x0000000083f00000, 0x0000000083f00000| Untracked 
|  64|0x0000000084000000, 0x0000000084000000, 0x0000000084100000|  0%| F|  |TAMS 0x0000000084000000, 0x0000000084000000| Untracked 
|  65|0x0000000084100000, 0x0000000084100000, 0x0000000084200000|  0%| F|  |TAMS 0x0000000084100000, 0x0000000084100000| Untracked 
|  66|0x0000000084200000, 0x0000000084200000, 0x0000000084300000|  0%| F|  |TAMS 0x0000000084200000, 0x0000000084200000| Untracked 
|  67|0x0000000084300000, 0x0000000084300000, 0x0000000084400000|  0%| F|  |TAMS 0x0000000084300000, 0x0000000084300000| Untracked 
|  68|0x0000000084400000, 0x0000000084400000, 0x0000000084500000|  0%| F|  |TAMS 0x0000000084400000, 0x0000000084400000| Untracked 
|  69|0x0000000084500000, 0x0000000084500000, 0x0000000084600000|  0%| F|  |TAMS 0x0000000084500000, 0x0000000084500000| Untracked 
|  70|0x0000000084600000, 0x0000000084600000, 0x0000000084700000|  0%| F|  |TAMS 0x0000000084600000, 0x0000000084600000| Untracked 
|  71|0x0000000084700000, 0x0000000084700000, 0x0000000084800000|  0%| F|  |TAMS 0x0000000084700000, 0x0000000084700000| Untracked 
|  72|0x0000000084800000, 0x0000000084800000, 0x0000000084900000|  0%| F|  |TAMS 0x0000000084800000, 0x0000000084800000| Untracked 
|  73|0x0000000084900000, 0x0000000084900000, 0x0000000084a00000|  0%| F|  |TAMS 0x0000000084900000, 0x0000000084900000| Untracked 
|  74|0x0000000084a00000, 0x0000000084a00000, 0x0000000084b00000|  0%| F|  |TAMS 0x0000000084a00000, 0x0000000084a00000| Untracked 
|  75|0x0000000084b00000, 0x0000000084b00000, 0x0000000084c00000|  0%| F|  |TAMS 0x0000000084b00000, 0x0000000084b00000| Untracked 
|  76|0x0000000084c00000, 0x0000000084c00000, 0x0000000084d00000|  0%| F|  |TAMS 0x0000000084c00000, 0x0000000084c00000| Untracked 
|  77|0x0000000084d00000, 0x0000000084d00000, 0x0000000084e00000|  0%| F|  |TAMS 0x0000000084d00000, 0x0000000084d00000| Untracked 
|  78|0x0000000084e00000, 0x0000000084e00000, 0x0000000084f00000|  0%| F|  |TAMS 0x0000000084e00000, 0x0000000084e00000| Untracked 
|  79|0x0000000084f00000, 0x0000000084f00000, 0x0000000085000000|  0%| F|  |TAMS 0x0000000084f00000, 0x0000000084f00000| Untracked 
|  80|0x0000000085000000, 0x0000000085000000, 0x0000000085100000|  0%| F|  |TAMS 0x0000000085000000, 0x0000000085000000| Untracked 
|  81|0x0000000085100000, 0x0000000085100000, 0x0000000085200000|  0%| F|  |TAMS 0x0000000085100000, 0x0000000085100000| Untracked 
|  82|0x0000000085200000, 0x0000000085200000, 0x0000000085300000|  0%| F|  |TAMS 0x0000000085200000, 0x0000000085200000| Untracked 
|  83|0x0000000085300000, 0x0000000085300000, 0x0000000085400000|  0%| F|  |TAMS 0x0000000085300000, 0x0000000085300000| Untracked 
|  84|0x0000000085400000, 0x0000000085400000, 0x0000000085500000|  0%| F|  |TAMS 0x0000000085400000, 0x0000000085400000| Untracked 
|  85|0x0000000085500000, 0x0000000085500000, 0x0000000085600000|  0%| F|  |TAMS 0x0000000085500000, 0x0000000085500000| Untracked 
|  86|0x0000000085600000, 0x0000000085600000, 0x0000000085700000|  0%| F|  |TAMS 0x0000000085600000, 0x0000000085600000| Untracked 
|  87|0x0000000085700000, 0x0000000085700000, 0x0000000085800000|  0%| F|  |TAMS 0x0000000085700000, 0x0000000085700000| Untracked 
|  88|0x0000000085800000, 0x0000000085800000, 0x0000000085900000|  0%| F|  |TAMS 0x0000000085800000, 0x0000000085800000| Untracked 
|  89|0x0000000085900000, 0x0000000085900000, 0x0000000085a00000|  0%| F|  |TAMS 0x0000000085900000, 0x0000000085900000| Untracked 
|  90|0x0000000085a00000, 0x0000000085a00000, 0x0000000085b00000|  0%| F|  |TAMS 0x0000000085a00000, 0x0000000085a00000| Untracked 
|  91|0x0000000085b00000, 0x0000000085b00000, 0x0000000085c00000|  0%| F|  |TAMS 0x0000000085b00000, 0x0000000085b00000| Untracked 
|  92|0x0000000085c00000, 0x0000000085c00000, 0x0000000085d00000|  0%| F|  |TAMS 0x0000000085c00000, 0x0000000085c00000| Untracked 
|  93|0x0000000085d00000, 0x0000000085d00000, 0x0000000085e00000|  0%| F|  |TAMS 0x0000000085d00000, 0x0000000085d00000| Untracked 
|  94|0x0000000085e00000, 0x0000000085e00000, 0x0000000085f00000|  0%| F|  |TAMS 0x0000000085e00000, 0x0000000085e00000| Untracked 
|  95|0x0000000085f00000, 0x0000000085f00000, 0x0000000086000000|  0%| F|  |TAMS 0x0000000085f00000, 0x0000000085f00000| Untracked 
|  96|0x0000000086000000, 0x0000000086000000, 0x0000000086100000|  0%| F|  |TAMS 0x0000000086000000, 0x0000000086000000| Untracked 
|  97|0x0000000086100000, 0x0000000086100000, 0x0000000086200000|  0%| F|  |TAMS 0x0000000086100000, 0x0000000086100000| Untracked 
|  98|0x0000000086200000, 0x0000000086200000, 0x0000000086300000|  0%| F|  |TAMS 0x0000000086200000, 0x0000000086200000| Untracked 
|  99|0x0000000086300000, 0x0000000086300000, 0x0000000086400000|  0%| F|  |TAMS 0x0000000086300000, 0x0000000086300000| Untracked 
| 100|0x0000000086400000, 0x0000000086400000, 0x0000000086500000|  0%| F|  |TAMS 0x0000000086400000, 0x0000000086400000| Untracked 
| 101|0x0000000086500000, 0x0000000086500000, 0x0000000086600000|  0%| F|  |TAMS 0x0000000086500000, 0x0000000086500000| Untracked 
| 102|0x0000000086600000, 0x0000000086600000, 0x0000000086700000|  0%| F|  |TAMS 0x0000000086600000, 0x0000000086600000| Untracked 
| 103|0x0000000086700000, 0x0000000086700000, 0x0000000086800000|  0%| F|  |TAMS 0x0000000086700000, 0x0000000086700000| Untracked 
| 104|0x0000000086800000, 0x0000000086800000, 0x0000000086900000|  0%| F|  |TAMS 0x0000000086800000, 0x0000000086800000| Untracked 
| 105|0x0000000086900000, 0x0000000086900000, 0x0000000086a00000|  0%| F|  |TAMS 0x0000000086900000, 0x0000000086900000| Untracked 
| 106|0x0000000086a00000, 0x0000000086a00000, 0x0000000086b00000|  0%| F|  |TAMS 0x0000000086a00000, 0x0000000086a00000| Untracked 
| 107|0x0000000086b00000, 0x0000000086b00000, 0x0000000086c00000|  0%| F|  |TAMS 0x0000000086b00000, 0x0000000086b00000| Untracked 
| 108|0x0000000086c00000, 0x0000000086c00000, 0x0000000086d00000|  0%| F|  |TAMS 0x0000000086c00000, 0x0000000086c00000| Untracked 
| 109|0x0000000086d00000, 0x0000000086d00000, 0x0000000086e00000|  0%| F|  |TAMS 0x0000000086d00000, 0x0000000086d00000| Untracked 
| 110|0x0000000086e00000, 0x0000000086e00000, 0x0000000086f00000|  0%| F|  |TAMS 0x0000000086e00000, 0x0000000086e00000| Untracked 
| 111|0x0000000086f00000, 0x0000000086f00000, 0x0000000087000000|  0%| F|  |TAMS 0x0000000086f00000, 0x0000000086f00000| Untracked 
| 112|0x0000000087000000, 0x0000000087000000, 0x0000000087100000|  0%| F|  |TAMS 0x0000000087000000, 0x0000000087000000| Untracked 
| 113|0x0000000087100000, 0x0000000087100000, 0x0000000087200000|  0%| F|  |TAMS 0x0000000087100000, 0x0000000087100000| Untracked 
| 114|0x0000000087200000, 0x0000000087200000, 0x0000000087300000|  0%| F|  |TAMS 0x0000000087200000, 0x0000000087200000| Untracked 
| 115|0x0000000087300000, 0x0000000087300000, 0x0000000087400000|  0%| F|  |TAMS 0x0000000087300000, 0x0000000087300000| Untracked 
| 116|0x0000000087400000, 0x0000000087400000, 0x0000000087500000|  0%| F|  |TAMS 0x0000000087400000, 0x0000000087400000| Untracked 
| 117|0x0000000087500000, 0x0000000087500000, 0x0000000087600000|  0%| F|  |TAMS 0x0000000087500000, 0x0000000087500000| Untracked 
| 118|0x0000000087600000, 0x0000000087600000, 0x0000000087700000|  0%| F|  |TAMS 0x0000000087600000, 0x0000000087600000| Untracked 
| 119|0x0000000087700000, 0x00000000877c5ed8, 0x0000000087800000| 77%| S|CS|TAMS 0x0000000087700000, 0x0000000087700000| Complete 
| 120|0x0000000087800000, 0x0000000087800000, 0x0000000087900000|  0%| F|  |TAMS 0x0000000087800000, 0x0000000087800000| Untracked 
| 121|0x0000000087900000, 0x0000000087900000, 0x0000000087a00000|  0%| F|  |TAMS 0x0000000087900000, 0x0000000087900000| Untracked 
| 122|0x0000000087a00000, 0x0000000087a00000, 0x0000000087b00000|  0%| F|  |TAMS 0x0000000087a00000, 0x0000000087a00000| Untracked 
| 123|0x0000000087b00000, 0x0000000087b00000, 0x0000000087c00000|  0%| F|  |TAMS 0x0000000087b00000, 0x0000000087b00000| Untracked 
| 124|0x0000000087c00000, 0x0000000087ca1b20, 0x0000000087d00000| 63%| E|  |TAMS 0x0000000087c00000, 0x0000000087c00000| Complete 
| 125|0x0000000087d00000, 0x0000000087e00000, 0x0000000087e00000|100%| E|CS|TAMS 0x0000000087d00000, 0x0000000087d00000| Complete 
| 126|0x0000000087e00000, 0x0000000087f00000, 0x0000000087f00000|100%| E|CS|TAMS 0x0000000087e00000, 0x0000000087e00000| Complete 
| 127|0x0000000087f00000, 0x0000000088000000, 0x0000000088000000|100%| E|CS|TAMS 0x0000000087f00000, 0x0000000087f00000| Complete 

Card table byte_map: [0x000001f6e7f30000,0x000001f6e8330000] _byte_map_base: 0x000001f6e7b30000

Marking Bits (Prev, Next): (CMBitMap*) 0x000001f6ce616b68, (CMBitMap*) 0x000001f6ce616ba0
 Prev Bits: [0x000001f6e8730000, 0x000001f6ea730000)
 Next Bits: [0x000001f6ea730000, 0x000001f6ec730000)

Polling page: 0x000001f6ce460000

Metaspace:

Usage:
  Non-class:     65.44 MB capacity,    64.11 MB ( 98%) used,     1.08 MB (  2%) free+waste,   253.50 KB ( <1%) overhead. 
      Class:     10.54 MB capacity,     9.60 MB ( 91%) used,   840.55 KB (  8%) free+waste,   121.94 KB (  1%) overhead. 
       Both:     75.98 MB capacity,    73.71 MB ( 97%) used,     1.90 MB (  3%) free+waste,   375.44 KB ( <1%) overhead. 

Virtual space:
  Non-class space:       66.00 MB reserved,      65.58 MB (>99%) committed 
      Class space:      504.00 MB reserved,      10.63 MB (  2%) committed 
             Both:      570.00 MB reserved,      76.20 MB ( 13%) committed 

Chunk freelists:
   Non-Class:  0 bytes
       Class:  0 bytes
        Both:  0 bytes

MaxMetaspaceSize: 512.00 MB
CompressedClassSpaceSize: 504.00 MB
Initial GC threshold: 20.80 MB
Current GC threshold: 116.59 MB
CDS: off

CodeHeap 'non-profiled nmethods': size=120064Kb used=5027Kb max_used=5027Kb free=115036Kb
 bounds [0x000001f6dffd0000, 0x000001f6e04c0000, 0x000001f6e7510000]
CodeHeap 'profiled nmethods': size=120000Kb used=18630Kb max_used=18630Kb free=101369Kb
 bounds [0x000001f6d8aa0000, 0x000001f6d9ce0000, 0x000001f6dffd0000]
CodeHeap 'non-nmethods': size=5696Kb used=2372Kb max_used=2396Kb free=3323Kb
 bounds [0x000001f6d8510000, 0x000001f6d8780000, 0x000001f6d8aa0000]
 total_blobs=9485 nmethods=8587 adapters=810
 compilation: enabled
              stopped_count=0, restarted_count=0
 full_count=0

Compilation events (20 events):
Event: 555.573 Thread 0x000001f6ef6c6000 8601       1       java.io.ObjectStreamClass::getPrimDataSize (5 bytes)
Event: 555.573 Thread 0x000001f6ef6c6000 nmethod 8601 0x000001f6e04b2b10 code [0x000001f6e04b2cc0, 0x000001f6e04b2d78]
Event: 555.573 Thread 0x000001f6ef6c6000 8602       1       java.io.ObjectStreamClass::getNumObjFields (5 bytes)
Event: 555.573 Thread 0x000001f6ef6c6000 nmethod 8602 0x000001f6e04b2e10 code [0x000001f6e04b2fc0, 0x000001f6e04b3078]
Event: 555.648 Thread 0x000001f6ef6c4800 nmethod 8593 0x000001f6e04b3110 code [0x000001f6e04b3440, 0x000001f6e04b75c8]
Event: 555.648 Thread 0x000001f6ef6c4800 8600       4       java.lang.invoke.MethodType::checkPtype (19 bytes)
Event: 555.649 Thread 0x000001f6ef6c4800 nmethod 8600 0x000001f6e04b8710 code [0x000001f6e04b88a0, 0x000001f6e04b8918]
Event: 555.663 Thread 0x000001f6ef6c6000 8603       3       java.lang.invoke.LambdaFormBuffer::replaceName (124 bytes)
Event: 555.663 Thread 0x000001f6ef6c6000 nmethod 8603 0x000001f6d9cccf90 code [0x000001f6d9ccd160, 0x000001f6d9ccd308]
Event: 555.664 Thread 0x000001f6ef6c4800 8604       4       java.lang.invoke.InvokerBytecodeGenerator::emitPushArgument (120 bytes)
Event: 555.685 Thread 0x000001f6ef6c6000 8605       3       java.lang.invoke.DelegatingMethodHandle::whichKind (40 bytes)
Event: 555.685 Thread 0x000001f6ef6c6000 nmethod 8605 0x000001f6d9ccd410 code [0x000001f6d9ccd5c0, 0x000001f6d9ccd738]
Event: 555.909 Thread 0x000001f6ef6c6000 8606       1       java.lang.Byte::byteValue (5 bytes)
Event: 555.909 Thread 0x000001f6ef6c6000 nmethod 8606 0x000001f6e04b8a10 code [0x000001f6e04b8bc0, 0x000001f6e04b8c78]
Event: 555.974 Thread 0x000001f6ef6c6000 8607       3       java.lang.invoke.ClassSpecializer$SpeciesData::factory (14 bytes)
Event: 555.975 Thread 0x000001f6ef6c6000 nmethod 8607 0x000001f6d9ccd810 code [0x000001f6d9ccd9e0, 0x000001f6d9ccdc88]
Event: 555.976 Thread 0x000001f6ef6c6000 8609       3       java.lang.invoke.BoundMethodHandle$Species_LL::make (12 bytes)
Event: 555.977 Thread 0x000001f6ef6c6000 nmethod 8609 0x000001f6d9ccdd90 code [0x000001f6d9ccdf60, 0x000001f6d9cce228]
Event: 555.978 Thread 0x000001f6ef6c6000 8610       3       java.lang.invoke.LambdaFormBuffer::clearDuplicatesAndNulls (268 bytes)
Event: 555.980 Thread 0x000001f6ef6c6000 nmethod 8610 0x000001f6d9cce390 code [0x000001f6d9cce640, 0x000001f6d9ccf6b8]

GC Heap History (20 events):
Event: 340.831 GC heap before
{Heap before GC invocations=12 (full 0):
 garbage-first heap   total 131072K, used 101151K [0x0000000080000000, 0x0000000100000000)
  region size 1024K, 71 young (72704K), 3 survivors (3072K)
 Metaspace       used 51303K, capacity 52665K, committed 52816K, reserved 563200K
  class space    used 6535K, capacity 7078K, committed 7168K, reserved 516096K
}
Event: 340.853 GC heap after
{Heap after GC invocations=13 (full 0):
 garbage-first heap   total 131072K, used 33139K [0x0000000080000000, 0x0000000100000000)
  region size 1024K, 5 young (5120K), 5 survivors (5120K)
 Metaspace       used 51303K, capacity 52665K, committed 52816K, reserved 563200K
  class space    used 6535K, capacity 7078K, committed 7168K, reserved 516096K
}
Event: 382.654 GC heap before
{Heap before GC invocations=13 (full 0):
 garbage-first heap   total 131072K, used 108915K [0x0000000080000000, 0x0000000100000000)
  region size 1024K, 73 young (74752K), 5 survivors (5120K)
 Metaspace       used 57308K, capacity 58926K, committed 59088K, reserved 567296K
  class space    used 7363K, capacity 8037K, committed 8064K, reserved 516096K
}
Event: 382.671 GC heap after
{Heap after GC invocations=14 (full 0):
 garbage-first heap   total 131072K, used 43388K [0x0000000080000000, 0x0000000100000000)
  region size 1024K, 9 young (9216K), 9 survivors (9216K)
 Metaspace       used 57308K, capacity 58926K, committed 59088K, reserved 567296K
  class space    used 7363K, capacity 8037K, committed 8064K, reserved 516096K
}
Event: 395.914 GC heap before
{Heap before GC invocations=14 (full 0):
 garbage-first heap   total 131072K, used 105852K [0x0000000080000000, 0x0000000100000000)
  region size 1024K, 70 young (71680K), 9 survivors (9216K)
 Metaspace       used 62162K, capacity 63971K, committed 64208K, reserved 573440K
  class space    used 8041K, capacity 8781K, committed 8832K, reserved 516096K
}
Event: 396.036 GC heap after
{Heap after GC invocations=15 (full 0):
 garbage-first heap   total 131072K, used 45919K [0x0000000080000000, 0x0000000100000000)
  region size 1024K, 7 young (7168K), 7 survivors (7168K)
 Metaspace       used 62162K, capacity 63971K, committed 64208K, reserved 573440K
  class space    used 8041K, capacity 8781K, committed 8832K, reserved 516096K
}
Event: 450.220 GC heap before
{Heap before GC invocations=15 (full 0):
 garbage-first heap   total 131072K, used 106335K [0x0000000080000000, 0x0000000100000000)
  region size 1024K, 67 young (68608K), 7 survivors (7168K)
 Metaspace       used 66255K, capacity 68182K, committed 68304K, reserved 575488K
  class space    used 8537K, capacity 9319K, committed 9344K, reserved 516096K
}
Event: 450.244 GC heap after
{Heap after GC invocations=16 (full 0):
 garbage-first heap   total 131072K, used 48128K [0x0000000080000000, 0x0000000100000000)
  region size 1024K, 5 young (5120K), 5 survivors (5120K)
 Metaspace       used 66255K, capacity 68182K, committed 68304K, reserved 575488K
  class space    used 8537K, capacity 9319K, committed 9344K, reserved 516096K
}
Event: 464.895 GC heap before
{Heap before GC invocations=16 (full 0):
 garbage-first heap   total 131072K, used 106496K [0x0000000080000000, 0x0000000100000000)
  region size 1024K, 63 young (64512K), 5 survivors (5120K)
 Metaspace       used 69219K, capacity 71287K, committed 71376K, reserved 579584K
  class space    used 8953K, capacity 9791K, committed 9856K, reserved 516096K
}
Event: 464.927 GC heap after
{Heap after GC invocations=17 (full 0):
 garbage-first heap   total 131072K, used 51659K [0x0000000080000000, 0x0000000100000000)
  region size 1024K, 6 young (6144K), 6 survivors (6144K)
 Metaspace       used 69219K, capacity 71287K, committed 71376K, reserved 579584K
  class space    used 8953K, capacity 9791K, committed 9856K, reserved 516096K
}
Event: 508.592 GC heap before
{Heap before GC invocations=18 (full 0):
 garbage-first heap   total 131072K, used 106955K [0x0000000080000000, 0x0000000100000000)
  region size 1024K, 61 young (62464K), 6 survivors (6144K)
 Metaspace       used 72791K, capacity 74971K, committed 75216K, reserved 581632K
  class space    used 9426K, capacity 10347K, committed 10368K, reserved 516096K
}
Event: 511.368 GC heap after
{Heap after GC invocations=19 (full 0):
 garbage-first heap   total 131072K, used 56267K [0x0000000080000000, 0x0000000100000000)
  region size 1024K, 8 young (8192K), 8 survivors (8192K)
 Metaspace       used 72791K, capacity 74971K, committed 75216K, reserved 581632K
  class space    used 9426K, capacity 10347K, committed 10368K, reserved 516096K
}
Event: 516.702 GC heap before
{Heap before GC invocations=19 (full 0):
 garbage-first heap   total 131072K, used 57291K [0x0000000080000000, 0x0000000100000000)
  region size 1024K, 9 young (9216K), 8 survivors (8192K)
 Metaspace       used 72795K, capacity 74971K, committed 75216K, reserved 581632K
  class space    used 9426K, capacity 10347K, committed 10368K, reserved 516096K
}
Event: 518.805 GC heap after
{Heap after GC invocations=20 (full 0):
 garbage-first heap   total 131072K, used 57392K [0x0000000080000000, 0x0000000100000000)
  region size 1024K, 2 young (2048K), 2 survivors (2048K)
 Metaspace       used 72795K, capacity 74971K, committed 75216K, reserved 581632K
  class space    used 9426K, capacity 10347K, committed 10368K, reserved 516096K
}
Event: 522.334 GC heap before
{Heap before GC invocations=20 (full 0):
 garbage-first heap   total 131072K, used 61488K [0x0000000080000000, 0x0000000100000000)
  region size 1024K, 6 young (6144K), 2 survivors (2048K)
 Metaspace       used 73152K, capacity 75347K, committed 75600K, reserved 581632K
  class space    used 9488K, capacity 10409K, committed 10496K, reserved 516096K
}
Event: 522.338 GC heap after
{Heap after GC invocations=21 (full 0):
 garbage-first heap   total 131072K, used 56420K [0x0000000080000000, 0x0000000100000000)
  region size 1024K, 1 young (1024K), 1 survivors (1024K)
 Metaspace       used 73152K, capacity 75347K, committed 75600K, reserved 581632K
  class space    used 9488K, capacity 10409K, committed 10496K, reserved 516096K
}
Event: 524.801 GC heap before
{Heap before GC invocations=21 (full 0):
 garbage-first heap   total 131072K, used 61540K [0x0000000080000000, 0x0000000100000000)
  region size 1024K, 6 young (6144K), 1 survivors (1024K)
 Metaspace       used 73819K, capacity 76143K, committed 76496K, reserved 583680K
  class space    used 9570K, capacity 10519K, committed 10624K, reserved 516096K
}
Event: 524.861 GC heap after
{Heap after GC invocations=22 (full 0):
 garbage-first heap   total 131072K, used 56442K [0x0000000080000000, 0x0000000100000000)
  region size 1024K, 1 young (1024K), 1 survivors (1024K)
 Metaspace       used 73819K, capacity 76143K, committed 76496K, reserved 583680K
  class space    used 9570K, capacity 10519K, committed 10624K, reserved 516096K
}
Event: 527.001 GC heap before
{Heap before GC invocations=22 (full 0):
 garbage-first heap   total 131072K, used 63610K [0x0000000080000000, 0x0000000100000000)
  region size 1024K, 8 young (8192K), 1 survivors (1024K)
 Metaspace       used 74688K, capacity 77037K, committed 77136K, reserved 583680K
  class space    used 9715K, capacity 10674K, committed 10752K, reserved 516096K
}
Event: 527.005 GC heap after
{Heap after GC invocations=23 (full 0):
 garbage-first heap   total 131072K, used 56805K [0x0000000080000000, 0x0000000100000000)
  region size 1024K, 1 young (1024K), 1 survivors (1024K)
 Metaspace       used 74688K, capacity 77037K, committed 77136K, reserved 583680K
  class space    used 9715K, capacity 10674K, committed 10752K, reserved 516096K
}

Deoptimization events (20 events):
Event: 548.533 Thread 0x000001f6f16a1000 Uncommon trap: trap_request=0xffffffde fr.pc=0x000001f6e00cec14 relative=0x0000000000000334
Event: 548.533 Thread 0x000001f6f16a1000 Uncommon trap: reason=class_check action=maybe_recompile pc=0x000001f6e00cec14 method=java.io.DataOutputStream.write(I)V @ 5 c2
Event: 548.533 Thread 0x000001f6f16a1000 DEOPT PACKING pc=0x000001f6e00cec14 sp=0x0000004b7b8fd070
Event: 548.533 Thread 0x000001f6f16a1000 DEOPT UNPACKING pc=0x000001f6d855a1af sp=0x0000004b7b8fd048 mode 2
Event: 548.533 Thread 0x000001f6f16a1000 Uncommon trap: trap_request=0xffffffde fr.pc=0x000001f6e00cec14 relative=0x0000000000000334
Event: 548.533 Thread 0x000001f6f16a1000 Uncommon trap: reason=class_check action=maybe_recompile pc=0x000001f6e00cec14 method=java.io.DataOutputStream.write(I)V @ 5 c2
Event: 548.533 Thread 0x000001f6f16a1000 DEOPT PACKING pc=0x000001f6e00cec14 sp=0x0000004b7b8fd070
Event: 548.533 Thread 0x000001f6f16a1000 DEOPT UNPACKING pc=0x000001f6d855a1af sp=0x0000004b7b8fd048 mode 2
Event: 548.533 Thread 0x000001f6f16a1000 Uncommon trap: trap_request=0xffffffde fr.pc=0x000001f6e00cec14 relative=0x0000000000000334
Event: 548.533 Thread 0x000001f6f16a1000 Uncommon trap: reason=class_check action=maybe_recompile pc=0x000001f6e00cec14 method=java.io.DataOutputStream.write(I)V @ 5 c2
Event: 548.533 Thread 0x000001f6f16a1000 DEOPT PACKING pc=0x000001f6e00cec14 sp=0x0000004b7b8fd070
Event: 548.533 Thread 0x000001f6f16a1000 DEOPT UNPACKING pc=0x000001f6d855a1af sp=0x0000004b7b8fd048 mode 2
Event: 548.533 Thread 0x000001f6f16a1000 Uncommon trap: trap_request=0xffffffde fr.pc=0x000001f6e00bf7d8 relative=0x0000000000000f78
Event: 548.533 Thread 0x000001f6f16a1000 Uncommon trap: reason=class_check action=maybe_recompile pc=0x000001f6e00bf7d8 method=java.io.DataOutputStream.write(I)V @ 5 c2
Event: 548.533 Thread 0x000001f6f16a1000 DEOPT PACKING pc=0x000001f6e00bf7d8 sp=0x0000004b7b8fd0c0
Event: 548.533 Thread 0x000001f6f16a1000 DEOPT UNPACKING pc=0x000001f6d855a1af sp=0x0000004b7b8fd050 mode 2
Event: 555.551 Thread 0x000001f6f16a1000 Uncommon trap: trap_request=0xffffff4d fr.pc=0x000001f6e0148ef8 relative=0x0000000000000058
Event: 555.551 Thread 0x000001f6f16a1000 Uncommon trap: reason=unstable_if action=reinterpret pc=0x000001f6e0148ef8 method=java.util.Objects.equals(Ljava/lang/Object;Ljava/lang/Object;)Z @ 6 c2
Event: 555.551 Thread 0x000001f6f16a1000 DEOPT PACKING pc=0x000001f6e0148ef8 sp=0x0000004b7b8fc8e0
Event: 555.551 Thread 0x000001f6f16a1000 DEOPT UNPACKING pc=0x000001f6d855a1af sp=0x0000004b7b8fc880 mode 2

Classes redefined (0 events):
No events

Internal exceptions (20 events):
Event: 452.589 Thread 0x000001f6efb0e800 Exception <a 'java/lang/ClassNotFoundException'{0x0000000086fb9900}: org/gradle/api/internal/artifacts/DefaultArtifactRepositoryContainerCustomizer> (0x0000000086fb9900) thrown at [./src/hotspot/share/classfile/systemDictionary.cpp, line 230]
Event: 452.593 Thread 0x000001f6efb0e800 Exception <a 'java/lang/ClassNotFoundException'{0x0000000086e0daa8}: org/gradle/api/internal/artifacts/dsl/DefaultRepositoryHandlerCustomizer> (0x0000000086e0daa8) thrown at [./src/hotspot/share/classfile/systemDictionary.cpp, line 230]
Event: 452.596 Thread 0x000001f6efb0e800 Exception <a 'java/lang/ClassNotFoundException'{0x0000000086e747a0}: org/gradle/api/internal/artifacts/dsl/DefaultRepositoryHandler_DecoratedCustomizer> (0x0000000086e747a0) thrown at [./src/hotspot/share/classfile/systemDictionary.cpp, line 230]
Event: 452.658 Thread 0x000001f6efb0e800 Exception <a 'java/lang/ClassNotFoundException'{0x0000000086d4dd68}: org/gradle/api/internal/artifacts/dsl/dependencies/DefaultDependencyHandler_DecoratedBeanInfo> (0x0000000086d4dd68) thrown at [./src/hotspot/share/classfile/systemDictionary.cpp, line 230]
Event: 452.659 Thread 0x000001f6efb0e800 Exception <a 'java/lang/ClassNotFoundException'{0x0000000086d96188}: org/gradle/api/internal/artifacts/dsl/dependencies/DefaultDependencyHandlerBeanInfo> (0x0000000086d96188) thrown at [./src/hotspot/share/classfile/systemDictionary.cpp, line 230]
Event: 452.661 Thread 0x000001f6efb0e800 Exception <a 'java/lang/ClassNotFoundException'{0x0000000086dddf80}: org/gradle/api/internal/artifacts/dsl/dependencies/DefaultDependencyHandlerCustomizer> (0x0000000086dddf80) thrown at [./src/hotspot/share/classfile/systemDictionary.cpp, line 230]
Event: 452.664 Thread 0x000001f6efb0e800 Exception <a 'java/lang/ClassNotFoundException'{0x0000000086c4f688}: org/gradle/api/internal/artifacts/dsl/dependencies/DefaultDependencyHandler_DecoratedCustomizer> (0x0000000086c4f688) thrown at [./src/hotspot/share/classfile/systemDictionary.cpp, line 230]
Event: 464.124 Thread 0x000001f6efb0e800 Exception <a 'java/lang/NoSuchMethodError'{0x000000008482f360}: 'java.lang.Object java.lang.invoke.Invokers$Holder.linkToTargetMethod(java.lang.Object, java.lang.Object, java.lang.Object, java.lang.Object, java.lang.Object, java.lang.Object, java.lang.Object, java.lang.Object, java.lang.Object)'> (0x000000008482f360) thrown at [./src/hotspot/share/interpreter/linkResolver.cpp, line 773]
Event: 471.297 Thread 0x000001f6f1cfd000 Exception <a 'java/lang/NoSuchMethodError'{0x00000000871894b8}: 'java.lang.Object java.lang.invoke.DirectMethodHandle$Holder.invokeStatic(java.lang.Object, java.lang.Object, java.lang.Object, java.lang.Object, int, java.lang.Object)'> (0x00000000871894b8) thrown at [./src/hotspot/share/interpreter/linkResolver.cpp, line 773]
Event: 471.297 Thread 0x000001f6f1cfd000 Exception <a 'java/lang/NoSuchMethodError'{0x000000008718cfc0}: 'java.lang.Object java.lang.invoke.Invokers$Holder.linkToTargetMethod(java.lang.Object, java.lang.Object, java.lang.Object, int, java.lang.Object, java.lang.Object)'> (0x000000008718cfc0) thrown at [./src/hotspot/share/interpreter/linkResolver.cpp, line 773]
Event: 471.978 Thread 0x000001f6f1d02000 Exception <a 'java/lang/NoSuchMethodError'{0x000000008700a7e0}: 'void java.lang.invoke.DirectMethodHandle$Holder.invokeInterface(java.lang.Object, java.lang.Object, java.lang.Object, java.lang.Object)'> (0x000000008700a7e0) thrown at [./src/hotspot/share/interpreter/linkResolver.cpp, line 773]
Event: 477.552 Thread 0x000001f6f1d02000 Exception <a 'java/lang/NoSuchMethodError'{0x0000000086e5f480}: 'int java.lang.invoke.DirectMethodHandle$Holder.invokeSpecial(java.lang.Object, java.lang.Object, java.lang.Object, java.lang.Object, java.lang.Object)'> (0x0000000086e5f480) thrown at [./src/hotspot/share/interpreter/linkResolver.cpp, line 773]
Event: 521.880 Thread 0x000001f6f1d02000 Exception <a 'java/lang/NoSuchMethodError'{0x0000000087b76a88}: 'void java.lang.invoke.DirectMethodHandle$Holder.invokeVirtual(java.lang.Object, java.lang.Object)'> (0x0000000087b76a88) thrown at [./src/hotspot/share/interpreter/linkResolver.cpp, line 773]
Event: 524.478 Thread 0x000001f6f1d02000 Exception <a 'java/lang/NoSuchMethodError'{0x0000000087bf0858}: 'void java.lang.invoke.DirectMethodHandle$Holder.invokeSpecial(java.lang.Object, java.lang.Object, java.lang.Object, int)'> (0x0000000087bf0858) thrown at [./src/hotspot/share/interpreter/linkResolver.cpp, line 773]
Event: 525.212 Thread 0x000001f6f1d02000 Exception <a 'java/lang/NoSuchMethodError'{0x0000000087e37958}: <clinit>> (0x0000000087e37958) thrown at [./src/hotspot/share/prims/jni.cpp, line 1367]
Event: 525.229 Thread 0x000001f6f1d02000 Exception <a 'java/lang/NoSuchMethodError'{0x0000000087e7f570}: <clinit>> (0x0000000087e7f570) thrown at [./src/hotspot/share/prims/jni.cpp, line 1367]
Event: 525.235 Thread 0x000001f6f1d02000 Exception <a 'java/lang/NoSuchMethodError'{0x0000000087e9da68}: <clinit>> (0x0000000087e9da68) thrown at [./src/hotspot/share/prims/jni.cpp, line 1367]
Event: 525.235 Thread 0x000001f6f1d02000 Exception <a 'java/lang/NoSuchMethodError'{0x0000000087e9f2e0}: <clinit>> (0x0000000087e9f2e0) thrown at [./src/hotspot/share/prims/jni.cpp, line 1367]
Event: 555.572 Thread 0x000001f6f16a1000 Exception <a 'java/lang/NoSuchMethodError'{0x0000000087dfda00}: <clinit>> (0x0000000087dfda00) thrown at [./src/hotspot/share/prims/jni.cpp, line 1367]
Event: 555.573 Thread 0x000001f6f16a1000 Exception <a 'java/lang/NoSuchMethodError'{0x0000000087c09dd0}: <clinit>> (0x0000000087c09dd0) thrown at [./src/hotspot/share/prims/jni.cpp, line 1367]

Events (20 events):
Event: 555.700 loading class java/net/SocketPermissionCollection
Event: 555.700 loading class java/net/SocketPermissionCollection done
Event: 555.700 loading class java/net/SocketPermissionCollection$1
Event: 555.700 loading class java/net/SocketPermissionCollection$1 done
Event: 555.700 loading class sun/rmi/transport/DGCClient$EndpointEntry
Event: 555.721 loading class sun/rmi/transport/DGCClient$EndpointEntry done
Event: 555.721 loading class sun/rmi/transport/DGCImpl
Event: 555.721 loading class java/rmi/dgc/DGC
Event: 555.721 loading class java/rmi/dgc/DGC done
Event: 555.721 loading class sun/rmi/transport/DGCImpl done
Event: 555.722 loading class sun/rmi/transport/DGCImpl_Stub
Event: 555.722 loading class sun/rmi/transport/DGCImpl_Stub done
Event: 555.722 loading class sun/rmi/transport/DGCClient$EndpointEntry$RenewCleanThread
Event: 555.727 loading class sun/rmi/transport/DGCClient$EndpointEntry$RenewCleanThread done
Event: 555.728 Executing VM operation: RevokeBias
Event: 555.899 Executing VM operation: RevokeBias done
Event: 555.902 Executing VM operation: RevokeBias
Event: 555.902 Executing VM operation: RevokeBias done
Event: 555.914 Executing VM operation: RevokeBias
Event: 555.939 Executing VM operation: RevokeBias done


Dynamic libraries:
0x00007ff73c320000 - 0x00007ff73c32d000 	C:\Program Files\Microsoft\jdk-11.0.18.10-hotspot\bin\java.exe
0x00007ff8286d0000 - 0x00007ff8288c8000 	C:\Windows\SYSTEM32\ntdll.dll
0x00007ff826a80000 - 0x00007ff826b3d000 	C:\Windows\System32\KERNEL32.DLL
0x00007ff826100000 - 0x00007ff8263f6000 	C:\Windows\System32\KERNELBASE.dll
0x00007ff826500000 - 0x00007ff826600000 	C:\Windows\System32\ucrtbase.dll
0x00007ff811320000 - 0x00007ff811337000 	C:\Program Files\Microsoft\jdk-11.0.18.10-hotspot\bin\jli.dll
0x00007ff827370000 - 0x00007ff82750e000 	C:\Windows\System32\USER32.dll
0x00007ff825e80000 - 0x00007ff825ea2000 	C:\Windows\System32\win32u.dll
0x00007ff826730000 - 0x00007ff82675c000 	C:\Windows\System32\GDI32.dll
0x00007ff826600000 - 0x00007ff82671a000 	C:\Windows\System32\gdi32full.dll
0x00007ff826060000 - 0x00007ff8260fd000 	C:\Windows\System32\msvcp_win.dll
0x00007ff810a20000 - 0x00007ff810a35000 	C:\Program Files\Microsoft\jdk-11.0.18.10-hotspot\bin\VCRUNTIME140.dll
0x00007ff815050000 - 0x00007ff8152ea000 	C:\Windows\WinSxS\amd64_microsoft.windows.common-controls_6595b64144ccf1df_6.0.19041.3636_none_60b6a03d71f818d5\COMCTL32.dll
0x00007ff8285e0000 - 0x00007ff82867e000 	C:\Windows\System32\msvcrt.dll
0x00007ff826e30000 - 0x00007ff826e60000 	C:\Windows\System32\IMM32.DLL
0x00007ff803cc0000 - 0x00007ff803d5b000 	C:\Program Files\Microsoft\jdk-11.0.18.10-hotspot\bin\msvcp140.dll
0x00007fffb7670000 - 0x00007fffb8202000 	C:\Program Files\Microsoft\jdk-11.0.18.10-hotspot\bin\server\jvm.dll
0x00007ff826d10000 - 0x00007ff826dc3000 	C:\Windows\System32\ADVAPI32.dll
0x00007ff826e60000 - 0x00007ff826eff000 	C:\Windows\System32\sechost.dll
0x00007ff827510000 - 0x00007ff827636000 	C:\Windows\System32\RPCRT4.dll
0x00007ff825e50000 - 0x00007ff825e77000 	C:\Windows\System32\bcrypt.dll
0x00007ff826720000 - 0x00007ff826728000 	C:\Windows\System32\PSAPI.DLL
0x00007ff813bc0000 - 0x00007ff813bc9000 	C:\Windows\SYSTEM32\WSOCK32.dll
0x00007ff828360000 - 0x00007ff8283cb000 	C:\Windows\System32\WS2_32.dll
0x00007ff815580000 - 0x00007ff8155a7000 	C:\Windows\SYSTEM32\WINMM.dll
0x00007ff815560000 - 0x00007ff81556a000 	C:\Windows\SYSTEM32\VERSION.dll
0x00007ff823c50000 - 0x00007ff823c62000 	C:\Windows\SYSTEM32\kernel.appcore.dll
0x00007ff81e710000 - 0x00007ff81e720000 	C:\Program Files\Microsoft\jdk-11.0.18.10-hotspot\bin\verify.dll
0x00007ff80f290000 - 0x00007ff80f474000 	C:\Windows\SYSTEM32\DBGHELP.DLL
0x00007ff80f250000 - 0x00007ff80f284000 	C:\Windows\SYSTEM32\dbgcore.DLL
0x00007ff826400000 - 0x00007ff826482000 	C:\Windows\System32\bcryptPrimitives.dll
0x00007ff8109f0000 - 0x00007ff810a18000 	C:\Program Files\Microsoft\jdk-11.0.18.10-hotspot\bin\java.dll
0x00007ff81e540000 - 0x00007ff81e54a000 	C:\Program Files\Microsoft\jdk-11.0.18.10-hotspot\bin\jimage.dll
0x00007ff810980000 - 0x00007ff810998000 	C:\Program Files\Microsoft\jdk-11.0.18.10-hotspot\bin\zip.dll
0x00007ff827b90000 - 0x00007ff8282d5000 	C:\Windows\System32\SHELL32.dll
0x00007ff823e50000 - 0x00007ff8245eb000 	C:\Windows\SYSTEM32\windows.storage.dll
0x00007ff827760000 - 0x00007ff827ab4000 	C:\Windows\System32\combase.dll
0x00007ff825760000 - 0x00007ff82578d000 	C:\Windows\SYSTEM32\Wldp.dll
0x00007ff826b50000 - 0x00007ff826bfd000 	C:\Windows\System32\SHCORE.dll
0x00007ff826760000 - 0x00007ff8267b5000 	C:\Windows\System32\shlwapi.dll
0x00007ff825cd0000 - 0x00007ff825cf5000 	C:\Windows\SYSTEM32\profapi.dll
0x00007ff80fba0000 - 0x00007ff80fbb9000 	C:\Program Files\Microsoft\jdk-11.0.18.10-hotspot\bin\net.dll
0x00007ff81e580000 - 0x00007ff81e68a000 	C:\Windows\SYSTEM32\WINHTTP.dll
0x00007ff8254c0000 - 0x00007ff82552a000 	C:\Windows\system32\mswsock.dll
0x00007ff80f4d0000 - 0x00007ff80f4e3000 	C:\Program Files\Microsoft\jdk-11.0.18.10-hotspot\bin\nio.dll
0x00007ff80abf0000 - 0x00007ff80ac17000 	C:\Users\tahaa\.gradle\native\68d5fa5c4cc2d200863cafc0d521ce42e7d3e7ee720ec0a83991735586a16f82\windows-amd64\native-platform.dll
0x00007ffffd5e0000 - 0x00007ffffd724000 	C:\Users\tahaa\.gradle\native\e376f236ea51e6404a007f0833ffe2c6e607c4080706a723a18a27aeea778392\windows-amd64\native-platform-file-events.dll
0x00007ff81e3b0000 - 0x00007ff81e3b9000 	C:\Program Files\Microsoft\jdk-11.0.18.10-hotspot\bin\management.dll
0x00007ff81af30000 - 0x00007ff81af3b000 	C:\Program Files\Microsoft\jdk-11.0.18.10-hotspot\bin\management_ext.dll
0x00007ff8256c0000 - 0x00007ff8256d8000 	C:\Windows\SYSTEM32\CRYPTSP.dll
0x00007ff824df0000 - 0x00007ff824e24000 	C:\Windows\system32\rsaenh.dll
0x00007ff825c90000 - 0x00007ff825cbe000 	C:\Windows\SYSTEM32\USERENV.dll
0x00007ff8256b0000 - 0x00007ff8256bc000 	C:\Windows\SYSTEM32\CRYPTBASE.dll
0x00007ff8251b0000 - 0x00007ff8251eb000 	C:\Windows\SYSTEM32\IPHLPAPI.DLL
0x00007ff828680000 - 0x00007ff828688000 	C:\Windows\System32\NSI.dll
0x00007ff81f370000 - 0x00007ff81f387000 	C:\Windows\SYSTEM32\dhcpcsvc6.DLL
0x00007ff81fc60000 - 0x00007ff81fc7d000 	C:\Windows\SYSTEM32\dhcpcsvc.DLL
0x00007ff8251f0000 - 0x00007ff8252ba000 	C:\Windows\SYSTEM32\DNSAPI.dll
0x00007ff821bf0000 - 0x00007ff821c0e000 	C:\Users\tahaa\AppData\Local\Temp\native-platform9560683238765050830dir\native-platform.dll

dbghelp: loaded successfully - version: 4.0.5 - missing functions: none
symbol engine: initialized successfully - sym options: 0x614 - pdb path: .;C:\Program Files\Microsoft\jdk-11.0.18.10-hotspot\bin;C:\Windows\SYSTEM32;C:\Windows\WinSxS\amd64_microsoft.windows.common-controls_6595b64144ccf1df_6.0.19041.3636_none_60b6a03d71f818d5;C:\Program Files\Microsoft\jdk-11.0.18.10-hotspot\bin\server;C:\Users\tahaa\.gradle\native\68d5fa5c4cc2d200863cafc0d521ce42e7d3e7ee720ec0a83991735586a16f82\windows-amd64;C:\Users\tahaa\.gradle\native\e376f236ea51e6404a007f0833ffe2c6e607c4080706a723a18a27aeea778392\windows-amd64;C:\Users\tahaa\AppData\Local\Temp\native-platform9560683238765050830dir

VM Arguments:
jvm_args: -XX:MaxMetaspaceSize=512m --add-opens=java.base/java.util=ALL-UNNAMED --add-opens=java.base/java.lang=ALL-UNNAMED --add-opens=java.base/java.lang.invoke=ALL-UNNAMED --add-opens=java.prefs/java.util.prefs=ALL-UNNAMED --add-opens=java.base/java.nio.charset=ALL-UNNAMED --add-opens=java.base/java.net=ALL-UNNAMED --add-opens=java.base/java.util.concurrent.atomic=ALL-UNNAMED -Xmx2048m -Dfile.encoding=windows-1252 -Duser.country=US -Duser.language=en -Duser.variant 
java_command: org.gradle.launcher.daemon.bootstrap.GradleDaemon 8.0.1
java_class_path (initial): C:\Users\tahaa\.gradle\wrapper\dists\gradle-8.0.1-all\aro4hu1c3oeioove7l0i4i14o\gradle-8.0.1\lib\gradle-launcher-8.0.1.jar
Launcher Type: SUN_STANDARD

[Global flags]
     intx CICompilerCount                          = 3                                         {product} {ergonomic}
   size_t CompressedClassSpaceSize                 = 528482304                                 {product} {ergonomic}
     uint ConcGCThreads                            = 1                                         {product} {ergonomic}
     uint G1ConcRefinementThreads                  = 4                                         {product} {ergonomic}
   size_t G1HeapRegionSize                         = 1048576                                   {product} {ergonomic}
    uintx GCDrainStackTargetSize                   = 64                                        {product} {ergonomic}
   size_t InitialHeapSize                          = 134217728                                 {product} {ergonomic}
   size_t MarkStackSize                            = 4194304                                   {product} {ergonomic}
   size_t MaxHeapSize                              = 2147483648                                {product} {command line}
   size_t MaxMetaspaceSize                         = 536870912                                 {product} {command line}
   size_t MaxNewSize                               = 1287651328                                {product} {ergonomic}
   size_t MinHeapDeltaBytes                        = 1048576                                   {product} {ergonomic}
    uintx NonNMethodCodeHeapSize                   = 5830732                                {pd product} {ergonomic}
    uintx NonProfiledCodeHeapSize                  = 122913754                              {pd product} {ergonomic}
    uintx ProfiledCodeHeapSize                     = 122913754                              {pd product} {ergonomic}
    uintx ReservedCodeCacheSize                    = 251658240                              {pd product} {ergonomic}
     bool SegmentedCodeCache                       = true                                      {product} {ergonomic}
     bool UseCompressedClassPointers               = true                                 {lp64_product} {ergonomic}
     bool UseCompressedOops                        = true                                 {lp64_product} {ergonomic}
     bool UseG1GC                                  = true                                      {product} {ergonomic}
     bool UseLargePagesIndividualAllocation        = false                                  {pd product} {ergonomic}

Logging:
Log output configuration:
 #0: stdout all=warning uptime,level,tags
 #1: stderr all=off uptime,level,tags

Environment Variables:
JAVA_HOME=C:\Program Files\Microsoft\jdk-11.0.18.10-hotspot\
CLASSPATH=F:\RN PROJECTS\Whoo\android\\gradle\wrapper\gradle-wrapper.jar
PATH=F:\RN PROJECTS\Whoo\node_modules\.bin;F:\RN PROJECTS\Whoo\node_modules\.bin;F:\RN PROJECTS\node_modules\.bin;F:\node_modules\.bin;C:\Program Files\nodejs\node_modules\npm\node_modules\@npmcli\run-script\lib\node-gyp-bin;F:\RN PROJECTS\Whoo\node_modules\.bin;F:\RN PROJECTS\node_modules\.bin;F:\node_modules\.bin;C:\Program Files\nodejs\node_modules\npm\node_modules\@npmcli\run-script\lib\node-gyp-bin;C:\Program Files\Microsoft\jdk-11.0.18.10-hotspot\bin;C:\Python311\Scripts\;C:\Python311\;C:\Windows\system32;C:\Windows;C:\Windows\System32\Wbem;C:\Windows\System32\WindowsPowerShell\v1.0\;C:\Windows\System32\OpenSSH\;C:\ProgramData\chocolatey\bin;C:\Program Files\nodejs\;C:\Program Files\Git\cmd;C:\Users\tahaa\AppData\Local\Microsoft\WindowsApps;C:\Users\tahaa\AppData\Local\Programs\Microsoft VS Code\bin;C:\Users\tahaa\AppData\Roaming\npm;C:\Users\tahaa\AppData\Local\Android\Sdk\platform-tools;
USERNAME=tahaa
OS=Windows_NT
PROCESSOR_IDENTIFIER=Intel64 Family 6 Model 58 Stepping 9, GenuineIntel
TMP=C:\Users\tahaa\AppData\Local\Temp
TEMP=C:\Users\tahaa\AppData\Local\Temp



---------------  S Y S T E M  ---------------

OS: Windows 10 , 64 bit Build 19041 (10.0.19041.3636)
OS uptime: 0 days 22:53 hours

CPU:total 4 (initial active 4) (2 cores per cpu, 2 threads per core) family 6 model 58 stepping 9 microcode 0x21, cmov, cx8, fxsr, mmx, sse, sse2, sse3, ssse3, sse4.1, sse4.2, popcnt, avx, aes, clmul, erms, ht, tsc, tscinvbit, tscinv

Memory: 4k page, system-wide physical 8073M (245M free)
TotalPageFile size 23188M (AvailPageFile size 3M)
current process WorkingSet (physical memory assigned to process): 209M, peak: 282M
current process commit charge ("private bytes"): 356M, peak: 365M

vm_info: OpenJDK 64-Bit Server VM (11.0.18+10-LTS) for windows-amd64 JRE (11.0.18+10-LTS), built on Jan 18 2023 15:56:47 by "MicrosoftCorporation" with MS VC++ 15.9 (VS2017)

END.
