#
# There is insufficient memory for the Java Runtime Environment to continue.
# Native memory allocation (malloc) failed to allocate 1042896 bytes for Chunk::new
# Possible reasons:
#   The system is out of physical RAM or swap space
#   The process is running with CompressedOops enabled, and the Java Heap may be blocking the growth of the native heap
# Possible solutions:
#   Reduce memory load on the system
#   Increase physical memory or swap space
#   Check if swap backing store is full
#   Decrease Java heap size (-Xmx/-Xms)
#   Decrease number of Java threads
#   Decrease Java thread stack sizes (-Xss)
#   Set larger code cache with -XX:ReservedCodeCacheSize=
#   JVM is running with Unscaled Compressed Oops mode in which the Java heap is
#     placed in the first 4GB address space. The Java Heap base address is the
#     maximum limit for the native heap growth. Please use -XX:HeapBaseMinAddress
#     to set the Java Heap base and to place the Java Heap above 4GB virtual address.
# This output file may be truncated or incomplete.
#
#  Out of Memory Error (./src/hotspot/share/memory/arena.cpp:197), pid=16980, tid=8032
#
# JRE version: OpenJDK Runtime Environment Microsoft-7208460 (11.0.18+10) (build 11.0.18+10-LTS)
# Java VM: OpenJDK 64-Bit Server VM Microsoft-7208460 (11.0.18+10-LTS, mixed mode, tiered, compressed oops, g1 gc, windows-amd64)
# No core dump will be written. Minidumps are not enabled by default on client versions of Windows
#

---------------  S U M M A R Y ------------

Command Line: -XX:MaxMetaspaceSize=512m --add-opens=java.base/java.util=ALL-UNNAMED --add-opens=java.base/java.lang=ALL-UNNAMED --add-opens=java.base/java.lang.invoke=ALL-UNNAMED --add-opens=java.prefs/java.util.prefs=ALL-UNNAMED --add-opens=java.base/java.nio.charset=ALL-UNNAMED --add-opens=java.base/java.net=ALL-UNNAMED --add-opens=java.base/java.util.concurrent.atomic=ALL-UNNAMED -Xmx2048m -Dfile.encoding=windows-1252 -Duser.country=US -Duser.language=en -Duser.variant org.gradle.launcher.daemon.bootstrap.GradleDaemon 8.0.1

Host: Intel(R) Core(TM) i5-3320M CPU @ 2.60GHz, 4 cores, 7G,  Windows 10 , 64 bit Build 19041 (10.0.19041.3636)
Time: Thu Jan 18 01:14:14 2024 Pakistan Standard Time elapsed time: 555.848917 seconds (0d 0h 9m 15s)

---------------  T H R E A D  ---------------

Current thread (0x00000214e09a4800):  JavaThread "C2 CompilerThread0" daemon [_thread_in_native, id=8032, stack(0x000000edab600000,0x000000edab700000)]


Current CompileTask:
C2: 555849 8513       4       java.lang.invoke.InvokerBytecodeGenerator::emitImplicitConversion (159 bytes)

Stack: [0x000000edab600000,0x000000edab700000]
Native frames: (J=compiled Java code, j=interpreted, Vv=VM code, C=native code)
V  [jvm.dll+0x62bf8a]
V  [jvm.dll+0x7b8fb9]
V  [jvm.dll+0x7ba6a8]
V  [jvm.dll+0x7bad83]
V  [jvm.dll+0x250248]
V  [jvm.dll+0xc260c]
V  [jvm.dll+0xc2bcc]
V  [jvm.dll+0x35e1c7]
V  [jvm.dll+0x32a373]
V  [jvm.dll+0x3296aa]
V  [jvm.dll+0x2093b3]
V  [jvm.dll+0x20850d]
V  [jvm.dll+0x18a4b1]
V  [jvm.dll+0x217eec]
V  [jvm.dll+0x21612b]
V  [jvm.dll+0x77bac0]
V  [jvm.dll+0x7749f4]
V  [jvm.dll+0x62adf5]
C  [ucrtbase.dll+0x21bb2]
C  [KERNEL32.DLL+0x17344]
C  [ntdll.dll+0x526b1]


---------------  P R O C E S S  ---------------

Threads class SMR info:
_java_thread_list=0x00000214e6f38380, length=88, elements={
0x00000214bf8a4800, 0x00000214e0026800, 0x00000214e0028000, 0x00000214e0087000,
0x00000214e09a0800, 0x00000214e09a1000, 0x00000214e09a4800, 0x00000214e09a5800,
0x00000214e0a19800, 0x00000214e0b09800, 0x00000214e1a91800, 0x00000214e1285800,
0x00000214e1282800, 0x00000214e2561000, 0x00000214e1a0f800, 0x00000214e1a10800,
0x00000214e13d4000, 0x00000214e13d4800, 0x00000214e12c4000, 0x00000214e204d000,
0x00000214e204a800, 0x00000214e2048800, 0x00000214e204b000, 0x00000214e204d800,
0x00000214e204e800, 0x00000214e204f000, 0x00000214e2049800, 0x00000214e204c000,
0x00000214e2932800, 0x00000214e2931800, 0x00000214e292c800, 0x00000214e292e800,
0x00000214e2933000, 0x00000214e292f000, 0x00000214e2935800, 0x00000214e2935000,
0x00000214e2934000, 0x00000214e2930000, 0x00000214e2936800, 0x00000214e2931000,
0x00000214e293a800, 0x00000214e2937800, 0x00000214e2938000, 0x00000214e2939000,
0x00000214e2939800, 0x00000214e293b800, 0x00000214e31db800, 0x00000214e31db000,
0x00000214e31dc800, 0x00000214e31dd000, 0x00000214e31de000, 0x00000214e31d8800,
0x00000214e31d9000, 0x00000214e31da000, 0x00000214e31e3000, 0x00000214e31df000,
0x00000214e31df800, 0x00000214e31e0800, 0x00000214e31e7000, 0x00000214e31e1800,
0x00000214e31e4800, 0x00000214e31e2000, 0x00000214e31e4000, 0x00000214e31e6000,
0x00000214e31e5800, 0x00000214e4b53000, 0x00000214e4b50800, 0x00000214e4b54000,
0x00000214e4b52000, 0x00000214e4b54800, 0x00000214e4b55800, 0x00000214e4b4f800,
0x00000214e4b57000, 0x00000214e4b51800, 0x00000214e4b58000, 0x00000214e4b5b000,
0x00000214e4b56800, 0x00000214e4b5d000, 0x00000214e4b5c000, 0x00000214e4b5d800,
0x00000214e4b58800, 0x00000214e4b59800, 0x00000214e4b5e800, 0x00000214e4b5a800,
0x00000214e555a000, 0x00000214e5555000, 0x00000214e555b000, 0x00000214e5558800
}

Java Threads: ( => current thread )
  0x00000214bf8a4800 JavaThread "main" [_thread_blocked, id=10628, stack(0x000000edaa900000,0x000000edaaa00000)]
  0x00000214e0026800 JavaThread "Reference Handler" daemon [_thread_blocked, id=14356, stack(0x000000edab100000,0x000000edab200000)]
  0x00000214e0028000 JavaThread "Finalizer" daemon [_thread_blocked, id=7460, stack(0x000000edab200000,0x000000edab300000)]
  0x00000214e0087000 JavaThread "Signal Dispatcher" daemon [_thread_blocked, id=14828, stack(0x000000edab300000,0x000000edab400000)]
  0x00000214e09a0800 JavaThread "Attach Listener" daemon [_thread_blocked, id=17388, stack(0x000000edab400000,0x000000edab500000)]
  0x00000214e09a1000 JavaThread "Service Thread" daemon [_thread_blocked, id=16344, stack(0x000000edab500000,0x000000edab600000)]
=>0x00000214e09a4800 JavaThread "C2 CompilerThread0" daemon [_thread_in_native, id=8032, stack(0x000000edab600000,0x000000edab700000)]
  0x00000214e09a5800 JavaThread "C1 CompilerThread0" daemon [_thread_blocked, id=17384, stack(0x000000edab700000,0x000000edab800000)]
  0x00000214e0a19800 JavaThread "Sweeper thread" daemon [_thread_blocked, id=14836, stack(0x000000edab800000,0x000000edab900000)]
  0x00000214e0b09800 JavaThread "Common-Cleaner" daemon [_thread_blocked, id=14560, stack(0x000000edab900000,0x000000edaba00000)]
  0x00000214e1a91800 JavaThread "Daemon health stats" [_thread_blocked, id=10792, stack(0x000000edabd00000,0x000000edabe00000)]
  0x00000214e1285800 JavaThread "Incoming local TCP Connector on port 64057" [_thread_in_native, id=17420, stack(0x000000edabe00000,0x000000edabf00000)]
  0x00000214e1282800 JavaThread "Daemon periodic checks" [_thread_blocked, id=17824, stack(0x000000edac100000,0x000000edac200000)]
  0x00000214e2561000 JavaThread "Daemon" [_thread_blocked, id=17908, stack(0x000000edac200000,0x000000edac300000)]
  0x00000214e1a0f800 JavaThread "Handler for socket connection from /127.0.0.1:64057 to /127.0.0.1:64075" [_thread_in_native, id=17944, stack(0x000000edac300000,0x000000edac400000)]
  0x00000214e1a10800 JavaThread "Cancel handler" [_thread_blocked, id=17976, stack(0x000000edac400000,0x000000edac500000)]
  0x00000214e13d4000 JavaThread "Daemon worker" [_thread_blocked, id=17992, stack(0x000000edac500000,0x000000edac600000)]
  0x00000214e13d4800 JavaThread "Asynchronous log dispatcher for DefaultDaemonConnection: socket connection from /127.0.0.1:64057 to /127.0.0.1:64075" [_thread_blocked, id=18016, stack(0x000000edac600000,0x000000edac700000)]
  0x00000214e12c4000 JavaThread "Daemon client event forwarder" [_thread_blocked, id=18036, stack(0x000000edac800000,0x000000edac900000)]
  0x00000214e204d000 JavaThread "Cache worker for journal cache (C:\Users\tahaa\.gradle\caches\journal-1)" [_thread_blocked, id=18124, stack(0x000000edaca00000,0x000000edacb00000)]
  0x00000214e204a800 JavaThread "File lock request listener" [_thread_in_native, id=18208, stack(0x000000edacb00000,0x000000edacc00000)]
  0x00000214e2048800 JavaThread "File lock release action executor" [_thread_blocked, id=18216, stack(0x000000edacc00000,0x000000edacd00000)]
  0x00000214e204b000 JavaThread "Cache worker for file hash cache (C:\Users\tahaa\.gradle\caches\8.0.1\fileHashes)" [_thread_blocked, id=18352, stack(0x000000edacd00000,0x000000edace00000)]
  0x00000214e204d800 JavaThread "File watcher server" daemon [_thread_in_native, id=17164, stack(0x000000edace00000,0x000000edacf00000)]
  0x00000214e204e800 JavaThread "File watcher consumer" daemon [_thread_blocked, id=10836, stack(0x000000edaa800000,0x000000edaa900000)]
  0x00000214e204f000 JavaThread "Cache worker for checksums cache (F:\RN PROJECTS\Whoo\android\.gradle\8.0.1\checksums)" [_thread_blocked, id=17768, stack(0x000000edaaa00000,0x000000edaab00000)]
  0x00000214e2049800 JavaThread "Cache worker for cache directory md-rule (C:\Users\tahaa\.gradle\caches\8.0.1\md-rule)" [_thread_blocked, id=15684, stack(0x000000edacf00000,0x000000edad000000)]
  0x00000214e204c000 JavaThread "Cache worker for file content cache (C:\Users\tahaa\.gradle\caches\8.0.1\fileContent)" [_thread_blocked, id=13436, stack(0x000000edad000000,0x000000edad100000)]
  0x00000214e2932800 JavaThread "Cache worker for file hash cache (F:\RN PROJECTS\Whoo\android\.gradle\8.0.1\fileHashes)" [_thread_blocked, id=16900, stack(0x000000edad100000,0x000000edad200000)]
  0x00000214e2931800 JavaThread "Cache worker for cache directory md-supplier (C:\Users\tahaa\.gradle\caches\8.0.1\md-supplier)" [_thread_blocked, id=5576, stack(0x000000edad200000,0x000000edad300000)]
  0x00000214e292c800 JavaThread "Cache worker for execution history cache (C:\Users\tahaa\.gradle\caches\8.0.1\executionHistory)" [_thread_blocked, id=8816, stack(0x000000edad300000,0x000000edad400000)]
  0x00000214e292e800 JavaThread "jar transforms" [_thread_blocked, id=19044, stack(0x000000edabf00000,0x000000edac000000)]
  0x00000214e2933000 JavaThread "jar transforms Thread 2" [_thread_blocked, id=19448, stack(0x000000edac700000,0x000000edac800000)]
  0x00000214e292f000 JavaThread "jar transforms Thread 3" [_thread_blocked, id=18508, stack(0x000000edad400000,0x000000edad500000)]
  0x00000214e2935800 JavaThread "jar transforms Thread 4" [_thread_blocked, id=17720, stack(0x000000edad500000,0x000000edad600000)]
  0x00000214e2935000 JavaThread "Cache worker for kotlin-dsl (C:\Users\tahaa\.gradle\caches\8.0.1\kotlin-dsl)" [_thread_blocked, id=20328, stack(0x000000edac000000,0x000000edac100000)]
  0x00000214e2934000 JavaThread "Cache worker for dependencies-accessors (F:\RN PROJECTS\Whoo\android\.gradle\8.0.1\dependencies-accessors)" [_thread_blocked, id=12072, stack(0x000000edad700000,0x000000edad800000)]
  0x00000214e2930000 JavaThread "Cache worker for Build Output Cleanup Cache (F:\RN PROJECTS\Whoo\node_modules\@react-native\gradle-plugin\.gradle\buildOutputCleanup)" [_thread_blocked, id=19504, stack(0x000000edad800000,0x000000edad900000)]
  0x00000214e2936800 JavaThread "Unconstrained build operations" [_thread_blocked, id=17448, stack(0x000000edad900000,0x000000edada00000)]
  0x00000214e2931000 JavaThread "Unconstrained build operations Thread 2" [_thread_blocked, id=20284, stack(0x000000edada00000,0x000000edadb00000)]
  0x00000214e293a800 JavaThread "Unconstrained build operations Thread 3" [_thread_blocked, id=20288, stack(0x000000edadb00000,0x000000edadc00000)]
  0x00000214e2937800 JavaThread "Unconstrained build operations Thread 4" [_thread_blocked, id=20312, stack(0x000000edadc00000,0x000000edadd00000)]
  0x00000214e2938000 JavaThread "Unconstrained build operations Thread 5" [_thread_blocked, id=7388, stack(0x000000edadd00000,0x000000edade00000)]
  0x00000214e2939000 JavaThread "Unconstrained build operations Thread 6" [_thread_blocked, id=20336, stack(0x000000edade00000,0x000000edadf00000)]
  0x00000214e2939800 JavaThread "Unconstrained build operations Thread 7" [_thread_blocked, id=20320, stack(0x000000edadf00000,0x000000edae000000)]
  0x00000214e293b800 JavaThread "Unconstrained build operations Thread 8" [_thread_blocked, id=20360, stack(0x000000edae000000,0x000000edae100000)]
  0x00000214e31db800 JavaThread "Unconstrained build operations Thread 9" [_thread_blocked, id=20340, stack(0x000000edae100000,0x000000edae200000)]
  0x00000214e31db000 JavaThread "Unconstrained build operations Thread 10" [_thread_blocked, id=20380, stack(0x000000edae200000,0x000000edae300000)]
  0x00000214e31dc800 JavaThread "Unconstrained build operations Thread 11" [_thread_blocked, id=20352, stack(0x000000edae300000,0x000000edae400000)]
  0x00000214e31dd000 JavaThread "Unconstrained build operations Thread 12" [_thread_blocked, id=18680, stack(0x000000edae400000,0x000000edae500000)]
  0x00000214e31de000 JavaThread "Unconstrained build operations Thread 13" [_thread_blocked, id=18772, stack(0x000000edae500000,0x000000edae600000)]
  0x00000214e31d8800 JavaThread "Unconstrained build operations Thread 14" [_thread_blocked, id=20388, stack(0x000000edae600000,0x000000edae700000)]
  0x00000214e31d9000 JavaThread "Unconstrained build operations Thread 15" [_thread_blocked, id=20376, stack(0x000000edae700000,0x000000edae800000)]
  0x00000214e31da000 JavaThread "Unconstrained build operations Thread 16" [_thread_blocked, id=1844, stack(0x000000edae800000,0x000000edae900000)]
  0x00000214e31e3000 JavaThread "Unconstrained build operations Thread 17" [_thread_blocked, id=9360, stack(0x000000edae900000,0x000000edaea00000)]
  0x00000214e31df000 JavaThread "Unconstrained build operations Thread 18" [_thread_blocked, id=11376, stack(0x000000edaea00000,0x000000edaeb00000)]
  0x00000214e31df800 JavaThread "Unconstrained build operations Thread 19" [_thread_blocked, id=9468, stack(0x000000edaeb00000,0x000000edaec00000)]
  0x00000214e31e0800 JavaThread "Unconstrained build operations Thread 20" [_thread_blocked, id=10708, stack(0x000000edaec00000,0x000000edaed00000)]
  0x00000214e31e7000 JavaThread "Unconstrained build operations Thread 21" [_thread_blocked, id=5684, stack(0x000000edaed00000,0x000000edaee00000)]
  0x00000214e31e1800 JavaThread "Unconstrained build operations Thread 22" [_thread_blocked, id=19084, stack(0x000000edaee00000,0x000000edaef00000)]
  0x00000214e31e4800 JavaThread "Unconstrained build operations Thread 23" [_thread_blocked, id=18452, stack(0x000000edaef00000,0x000000edaf000000)]
  0x00000214e31e2000 JavaThread "Unconstrained build operations Thread 24" [_thread_blocked, id=20460, stack(0x000000edaf000000,0x000000edaf100000)]
  0x00000214e31e4000 JavaThread "Unconstrained build operations Thread 25" [_thread_blocked, id=14764, stack(0x000000edaf100000,0x000000edaf200000)]
  0x00000214e31e6000 JavaThread "Unconstrained build operations Thread 26" [_thread_blocked, id=18972, stack(0x000000edaf200000,0x000000edaf300000)]
  0x00000214e31e5800 JavaThread "Memory manager" [_thread_blocked, id=8872, stack(0x000000edaf300000,0x000000edaf400000)]
  0x00000214e4b53000 JavaThread "Cache worker for Build Output Cleanup Cache (F:\RN PROJECTS\Whoo\android\.gradle\buildOutputCleanup)" [_thread_blocked, id=16740, stack(0x000000edad600000,0x000000edad700000)]
  0x00000214e4b50800 JavaThread "included builds" [_thread_blocked, id=14680, stack(0x000000edaf400000,0x000000edaf500000)]
  0x00000214e4b54000 JavaThread "Execution worker" [_thread_blocked, id=12360, stack(0x000000edaf500000,0x000000edaf600000)]
  0x00000214e4b52000 JavaThread "Execution worker Thread 2" [_thread_blocked, id=10732, stack(0x000000edaf600000,0x000000edaf700000)]
  0x00000214e4b54800 JavaThread "Execution worker Thread 3" [_thread_blocked, id=2308, stack(0x000000edaf700000,0x000000edaf800000)]
  0x00000214e4b55800 JavaThread "Cache worker for execution history cache (F:\RN PROJECTS\Whoo\node_modules\@react-native\gradle-plugin\.gradle\8.0.1\executionHistory)" [_thread_blocked, id=20512, stack(0x000000edaf800000,0x000000edaf900000)]
  0x00000214e4b4f800 JavaThread "Unconstrained build operations Thread 27" [_thread_blocked, id=20892, stack(0x000000edaf900000,0x000000edafa00000)]
  0x00000214e4b57000 JavaThread "Unconstrained build operations Thread 28" [_thread_blocked, id=20896, stack(0x000000edafa00000,0x000000edafb00000)]
  0x00000214e4b51800 JavaThread "Unconstrained build operations Thread 29" [_thread_blocked, id=20900, stack(0x000000edafb00000,0x000000edafc00000)]
  0x00000214e4b58000 JavaThread "Unconstrained build operations Thread 30" [_thread_blocked, id=20904, stack(0x000000edafc00000,0x000000edafd00000)]
  0x00000214e4b5b000 JavaThread "Unconstrained build operations Thread 31" [_thread_blocked, id=21148, stack(0x000000edafd00000,0x000000edafe00000)]
  0x00000214e4b56800 JavaThread "Unconstrained build operations Thread 32" [_thread_blocked, id=21152, stack(0x000000edafe00000,0x000000edaff00000)]
  0x00000214e4b5d000 JavaThread "Unconstrained build operations Thread 33" [_thread_blocked, id=21156, stack(0x000000edaff00000,0x000000edb0000000)]
  0x00000214e4b5c000 JavaThread "Unconstrained build operations Thread 34" [_thread_blocked, id=21160, stack(0x000000edb0000000,0x000000edb0100000)]
  0x00000214e4b5d800 JavaThread "Unconstrained build operations Thread 35" [_thread_blocked, id=21164, stack(0x000000edb0100000,0x000000edb0200000)]
  0x00000214e4b58800 JavaThread "Unconstrained build operations Thread 36" [_thread_blocked, id=21168, stack(0x000000edb0200000,0x000000edb0300000)]
  0x00000214e4b59800 JavaThread "Unconstrained build operations Thread 37" [_thread_blocked, id=21172, stack(0x000000edb0300000,0x000000edb0400000)]
  0x00000214e4b5e800 JavaThread "Unconstrained build operations Thread 38" [_thread_blocked, id=21176, stack(0x000000edb0400000,0x000000edb0500000)]
  0x00000214e4b5a800 JavaThread "Unconstrained build operations Thread 39" [_thread_blocked, id=21180, stack(0x000000edb0500000,0x000000edb0600000)]
  0x00000214e555a000 JavaThread "Unconstrained build operations Thread 40" [_thread_blocked, id=21184, stack(0x000000edb0600000,0x000000edb0700000)]
  0x00000214e5555000 JavaThread "WorkerExecutor Queue" [_thread_in_Java, id=20304, stack(0x000000edb0700000,0x000000edb0800000)]
  0x00000214e555b000 JavaThread "Thread-74" [_thread_in_native, id=20932, stack(0x000000edb0800000,0x000000edb0900000)]
  0x00000214e5558800 JavaThread "RMI Scheduler(0)" daemon [_thread_blocked, id=22324, stack(0x000000edb0900000,0x000000edb0a00000)]

Other Threads:
  0x00000214e001f000 VMThread "VM Thread" [stack: 0x000000edab000000,0x000000edab100000] [id=16204]
  0x00000214e0b27000 WatcherThread [stack: 0x000000edaba00000,0x000000edabb00000] [id=9544]
  0x00000214bf8be000 GCTaskThread "GC Thread#0" [stack: 0x000000edaab00000,0x000000edaac00000] [id=9008]
  0x00000214e0f2d800 GCTaskThread "GC Thread#1" [stack: 0x000000edabb00000,0x000000edabc00000] [id=7540]
  0x00000214e0f30000 GCTaskThread "GC Thread#2" [stack: 0x000000edabc00000,0x000000edabd00000] [id=7528]
  0x00000214e112d000 GCTaskThread "GC Thread#3" [stack: 0x000000edac900000,0x000000edaca00000] [id=18088]
  0x00000214bf8ef800 ConcurrentGCThread "G1 Main Marker" [stack: 0x000000edaac00000,0x000000edaad00000] [id=12528]
  0x00000214bf8f1000 ConcurrentGCThread "G1 Conc#0" [stack: 0x000000edaad00000,0x000000edaae00000] [id=1500]
  0x00000214bf97e000 ConcurrentGCThread "G1 Refine#0" [stack: 0x000000edaae00000,0x000000edaaf00000] [id=14744]
  0x00000214dfe90800 ConcurrentGCThread "G1 Young RemSet Sampling" [stack: 0x000000edaaf00000,0x000000edab000000] [id=7936]

Threads with active compile tasks:
C2 CompilerThread0   555939 8513       4       java.lang.invoke.InvokerBytecodeGenerator::emitImplicitConversion (159 bytes)

VM state:not at safepoint (normal execution)

VM Mutex/Monitor currently owned by a thread: None

Heap address: 0x0000000080000000, size: 2048 MB, Compressed Oops mode: 32-bit
Narrow klass base: 0x0000000000000000, Narrow klass shift: 3
Compressed class space size: 528482304 Address: 0x0000000100000000

Heap:
 garbage-first heap   total 131072K, used 64441K [0x0000000080000000, 0x0000000100000000)
  region size 1024K, 10 young (10240K), 1 survivors (1024K)
 Metaspace       used 75549K, capacity 77967K, committed 78288K, reserved 583680K
  class space    used 9836K, capacity 10808K, committed 10880K, reserved 516096K
Heap Regions: E=young(eden), S=young(survivor), O=old, HS=humongous(starts), HC=humongous(continues), CS=collection set, F=free, A=archive, TAMS=top-at-mark-start (previous, next)
|   0|0x0000000080000000, 0x0000000080100000, 0x0000000080100000|100%| O|  |TAMS 0x0000000080100000, 0x0000000080000000| Untracked 
|   1|0x0000000080100000, 0x0000000080200000, 0x0000000080200000|100%| O|  |TAMS 0x0000000080200000, 0x0000000080100000| Untracked 
|   2|0x0000000080200000, 0x0000000080300000, 0x0000000080300000|100%| O|  |TAMS 0x0000000080300000, 0x0000000080200000| Untracked 
|   3|0x0000000080300000, 0x0000000080400000, 0x0000000080400000|100%|HS|  |TAMS 0x0000000080400000, 0x0000000080300000| Complete 
|   4|0x0000000080400000, 0x0000000080500000, 0x0000000080500000|100%|HC|  |TAMS 0x0000000080500000, 0x0000000080400000| Complete 
|   5|0x0000000080500000, 0x0000000080600000, 0x0000000080600000|100%|HC|  |TAMS 0x0000000080600000, 0x0000000080500000| Complete 
|   6|0x0000000080600000, 0x0000000080700000, 0x0000000080700000|100%|HC|  |TAMS 0x0000000080700000, 0x0000000080600000| Complete 
|   7|0x0000000080700000, 0x0000000080800000, 0x0000000080800000|100%| O|  |TAMS 0x0000000080800000, 0x0000000080700000| Untracked 
|   8|0x0000000080800000, 0x0000000080900000, 0x0000000080900000|100%| O|  |TAMS 0x0000000080900000, 0x0000000080800000| Untracked 
|   9|0x0000000080900000, 0x0000000080a00000, 0x0000000080a00000|100%| O|  |TAMS 0x0000000080a00000, 0x0000000080900000| Untracked 
|  10|0x0000000080a00000, 0x0000000080b00000, 0x0000000080b00000|100%| O|  |TAMS 0x0000000080b00000, 0x0000000080a00000| Untracked 
|  11|0x0000000080b00000, 0x0000000080c00000, 0x0000000080c00000|100%| O|  |TAMS 0x0000000080c00000, 0x0000000080b00000| Untracked 
|  12|0x0000000080c00000, 0x0000000080d00000, 0x0000000080d00000|100%| O|  |TAMS 0x0000000080d00000, 0x0000000080c00000| Untracked 
|  13|0x0000000080d00000, 0x0000000080e00000, 0x0000000080e00000|100%| O|  |TAMS 0x0000000080e00000, 0x0000000080d00000| Untracked 
|  14|0x0000000080e00000, 0x0000000080f00000, 0x0000000080f00000|100%| O|  |TAMS 0x0000000080f00000, 0x0000000080e00000| Untracked 
|  15|0x0000000080f00000, 0x0000000081000000, 0x0000000081000000|100%| O|  |TAMS 0x0000000081000000, 0x0000000080f00000| Untracked 
|  16|0x0000000081000000, 0x0000000081100000, 0x0000000081100000|100%| O|  |TAMS 0x0000000081100000, 0x0000000081000000| Untracked 
|  17|0x0000000081100000, 0x0000000081200000, 0x0000000081200000|100%| O|  |TAMS 0x0000000081200000, 0x0000000081100000| Untracked 
|  18|0x0000000081200000, 0x0000000081300000, 0x0000000081300000|100%| O|  |TAMS 0x0000000081300000, 0x0000000081200000| Untracked 
|  19|0x0000000081300000, 0x0000000081400000, 0x0000000081400000|100%| O|  |TAMS 0x0000000081400000, 0x0000000081300000| Untracked 
|  20|0x0000000081400000, 0x0000000081500000, 0x0000000081500000|100%| O|  |TAMS 0x0000000081500000, 0x0000000081400000| Untracked 
|  21|0x0000000081500000, 0x0000000081600000, 0x0000000081600000|100%| O|  |TAMS 0x0000000081600000, 0x0000000081500000| Untracked 
|  22|0x0000000081600000, 0x0000000081700000, 0x0000000081700000|100%| O|  |TAMS 0x0000000081700000, 0x0000000081600000| Untracked 
|  23|0x0000000081700000, 0x0000000081800000, 0x0000000081800000|100%| O|  |TAMS 0x0000000081800000, 0x0000000081700000| Untracked 
|  24|0x0000000081800000, 0x0000000081900000, 0x0000000081900000|100%| O|  |TAMS 0x0000000081900000, 0x0000000081800000| Untracked 
|  25|0x0000000081900000, 0x0000000081a00000, 0x0000000081a00000|100%| O|  |TAMS 0x0000000081a00000, 0x0000000081900000| Untracked 
|  26|0x0000000081a00000, 0x0000000081b00000, 0x0000000081b00000|100%| O|  |TAMS 0x0000000081b00000, 0x0000000081a00000| Untracked 
|  27|0x0000000081b00000, 0x0000000081c00000, 0x0000000081c00000|100%| O|  |TAMS 0x0000000081c00000, 0x0000000081b00000| Untracked 
|  28|0x0000000081c00000, 0x0000000081d00000, 0x0000000081d00000|100%|HS|  |TAMS 0x0000000081d00000, 0x0000000081c00000| Complete 
|  29|0x0000000081d00000, 0x0000000081e00000, 0x0000000081e00000|100%|HC|  |TAMS 0x0000000081e00000, 0x0000000081d00000| Complete 
|  30|0x0000000081e00000, 0x0000000081f00000, 0x0000000081f00000|100%|HS|  |TAMS 0x0000000081f00000, 0x0000000081e00000| Complete 
|  31|0x0000000081f00000, 0x0000000082000000, 0x0000000082000000|100%|HC|  |TAMS 0x0000000082000000, 0x0000000081f00000| Complete 
|  32|0x0000000082000000, 0x0000000082100000, 0x0000000082100000|100%|HC|  |TAMS 0x0000000082100000, 0x0000000082000000| Complete 
|  33|0x0000000082100000, 0x0000000082200000, 0x0000000082200000|100%|HC|  |TAMS 0x0000000082200000, 0x0000000082100000| Complete 
|  34|0x0000000082200000, 0x0000000082300000, 0x0000000082300000|100%| O|  |TAMS 0x0000000082300000, 0x0000000082200000| Untracked 
|  35|0x0000000082300000, 0x0000000082400000, 0x0000000082400000|100%| O|  |TAMS 0x0000000082400000, 0x0000000082300000| Untracked 
|  36|0x0000000082400000, 0x0000000082500000, 0x0000000082500000|100%| O|  |TAMS 0x0000000082500000, 0x0000000082400000| Untracked 
|  37|0x0000000082500000, 0x0000000082600000, 0x0000000082600000|100%| O|  |TAMS 0x0000000082600000, 0x0000000082500000| Untracked 
|  38|0x0000000082600000, 0x0000000082700000, 0x0000000082700000|100%| O|  |TAMS 0x0000000082700000, 0x0000000082600000| Untracked 
|  39|0x0000000082700000, 0x0000000082800000, 0x0000000082800000|100%| O|  |TAMS 0x0000000082800000, 0x0000000082700000| Untracked 
|  40|0x0000000082800000, 0x0000000082900000, 0x0000000082900000|100%| O|  |TAMS 0x0000000082900000, 0x0000000082800000| Untracked 
|  41|0x0000000082900000, 0x0000000082a00000, 0x0000000082a00000|100%| O|  |TAMS 0x0000000082a00000, 0x0000000082900000| Untracked 
|  42|0x0000000082a00000, 0x0000000082b00000, 0x0000000082b00000|100%| O|  |TAMS 0x0000000082b00000, 0x0000000082a00000| Untracked 
|  43|0x0000000082b00000, 0x0000000082c00000, 0x0000000082c00000|100%| O|  |TAMS 0x0000000082c00000, 0x0000000082b00000| Untracked 
|  44|0x0000000082c00000, 0x0000000082d00000, 0x0000000082d00000|100%| O|  |TAMS 0x0000000082d00000, 0x0000000082c00000| Untracked 
|  45|0x0000000082d00000, 0x0000000082e00000, 0x0000000082e00000|100%| O|  |TAMS 0x0000000082d75200, 0x0000000082d00000| Untracked 
|  46|0x0000000082e00000, 0x0000000082f00000, 0x0000000082f00000|100%| O|  |TAMS 0x0000000082e00000, 0x0000000082e00000| Untracked 
|  47|0x0000000082f00000, 0x0000000083000000, 0x0000000083000000|100%| O|  |TAMS 0x0000000082f00000, 0x0000000082f00000| Untracked 
|  48|0x0000000083000000, 0x0000000083100000, 0x0000000083100000|100%| O|  |TAMS 0x0000000083000000, 0x0000000083000000| Untracked 
|  49|0x0000000083100000, 0x0000000083200000, 0x0000000083200000|100%| O|  |TAMS 0x0000000083100000, 0x0000000083100000| Untracked 
|  50|0x0000000083200000, 0x0000000083300000, 0x0000000083300000|100%| O|  |TAMS 0x0000000083200000, 0x0000000083200000| Untracked 
|  51|0x0000000083300000, 0x0000000083400000, 0x0000000083400000|100%| O|  |TAMS 0x0000000083300000, 0x0000000083300000| Untracked 
|  52|0x0000000083400000, 0x0000000083500000, 0x0000000083500000|100%| O|  |TAMS 0x0000000083400000, 0x0000000083400000| Untracked 
|  53|0x0000000083500000, 0x0000000083600000, 0x0000000083600000|100%| O|  |TAMS 0x0000000083500000, 0x0000000083500000| Untracked 
|  54|0x0000000083600000, 0x0000000083700000, 0x0000000083700000|100%| O|  |TAMS 0x0000000083600000, 0x0000000083600000| Untracked 
|  55|0x0000000083700000, 0x000000008376b800, 0x0000000083800000| 41%| O|  |TAMS 0x0000000083700000, 0x0000000083700000| Untracked 
|  56|0x0000000083800000, 0x0000000083800000, 0x0000000083900000|  0%| F|  |TAMS 0x0000000083800000, 0x0000000083800000| Untracked 
|  57|0x0000000083900000, 0x0000000083900000, 0x0000000083a00000|  0%| F|  |TAMS 0x0000000083900000, 0x0000000083900000| Untracked 
|  58|0x0000000083a00000, 0x0000000083a00000, 0x0000000083b00000|  0%| F|  |TAMS 0x0000000083a00000, 0x0000000083a00000| Untracked 
|  59|0x0000000083b00000, 0x0000000083b00000, 0x0000000083c00000|  0%| F|  |TAMS 0x0000000083b00000, 0x0000000083b00000| Untracked 
|  60|0x0000000083c00000, 0x0000000083c00000, 0x0000000083d00000|  0%| F|  |TAMS 0x0000000083c00000, 0x0000000083c00000| Untracked 
|  61|0x0000000083d00000, 0x0000000083d00000, 0x0000000083e00000|  0%| F|  |TAMS 0x0000000083d00000, 0x0000000083d00000| Untracked 
|  62|0x0000000083e00000, 0x0000000083e00000, 0x0000000083f00000|  0%| F|  |TAMS 0x0000000083e00000, 0x0000000083e00000| Untracked 
|  63|0x0000000083f00000, 0x0000000083f00000, 0x0000000084000000|  0%| F|  |TAMS 0x0000000083f00000, 0x0000000083f00000| Untracked 
|  64|0x0000000084000000, 0x0000000084000000, 0x0000000084100000|  0%| F|  |TAMS 0x0000000084000000, 0x0000000084000000| Untracked 
|  65|0x0000000084100000, 0x0000000084100000, 0x0000000084200000|  0%| F|  |TAMS 0x0000000084100000, 0x0000000084100000| Untracked 
|  66|0x0000000084200000, 0x0000000084200000, 0x0000000084300000|  0%| F|  |TAMS 0x0000000084200000, 0x0000000084200000| Untracked 
|  67|0x0000000084300000, 0x0000000084300000, 0x0000000084400000|  0%| F|  |TAMS 0x0000000084300000, 0x0000000084300000| Untracked 
|  68|0x0000000084400000, 0x0000000084400000, 0x0000000084500000|  0%| F|  |TAMS 0x0000000084400000, 0x0000000084400000| Untracked 
|  69|0x0000000084500000, 0x0000000084500000, 0x0000000084600000|  0%| F|  |TAMS 0x0000000084500000, 0x0000000084500000| Untracked 
|  70|0x0000000084600000, 0x0000000084600000, 0x0000000084700000|  0%| F|  |TAMS 0x0000000084600000, 0x0000000084600000| Untracked 
|  71|0x0000000084700000, 0x0000000084700000, 0x0000000084800000|  0%| F|  |TAMS 0x0000000084700000, 0x0000000084700000| Untracked 
|  72|0x0000000084800000, 0x0000000084800000, 0x0000000084900000|  0%| F|  |TAMS 0x0000000084800000, 0x0000000084800000| Untracked 
|  73|0x0000000084900000, 0x0000000084900000, 0x0000000084a00000|  0%| F|  |TAMS 0x0000000084900000, 0x0000000084900000| Untracked 
|  74|0x0000000084a00000, 0x0000000084a00000, 0x0000000084b00000|  0%| F|  |TAMS 0x0000000084a00000, 0x0000000084a00000| Untracked 
|  75|0x0000000084b00000, 0x0000000084b00000, 0x0000000084c00000|  0%| F|  |TAMS 0x0000000084b00000, 0x0000000084b00000| Untracked 
|  76|0x0000000084c00000, 0x0000000084c00000, 0x0000000084d00000|  0%| F|  |TAMS 0x0000000084c00000, 0x0000000084c00000| Untracked 
|  77|0x0000000084d00000, 0x0000000084d00000, 0x0000000084e00000|  0%| F|  |TAMS 0x0000000084d00000, 0x0000000084d00000| Untracked 
|  78|0x0000000084e00000, 0x0000000084e00000, 0x0000000084f00000|  0%| F|  |TAMS 0x0000000084e00000, 0x0000000084e00000| Untracked 
|  79|0x0000000084f00000, 0x0000000084f00000, 0x0000000085000000|  0%| F|  |TAMS 0x0000000084f00000, 0x0000000084f00000| Untracked 
|  80|0x0000000085000000, 0x0000000085000000, 0x0000000085100000|  0%| F|  |TAMS 0x0000000085000000, 0x0000000085000000| Untracked 
|  81|0x0000000085100000, 0x0000000085100000, 0x0000000085200000|  0%| F|  |TAMS 0x0000000085100000, 0x0000000085100000| Untracked 
|  82|0x0000000085200000, 0x0000000085200000, 0x0000000085300000|  0%| F|  |TAMS 0x0000000085200000, 0x0000000085200000| Untracked 
|  83|0x0000000085300000, 0x0000000085300000, 0x0000000085400000|  0%| F|  |TAMS 0x0000000085300000, 0x0000000085300000| Untracked 
|  84|0x0000000085400000, 0x0000000085400000, 0x0000000085500000|  0%| F|  |TAMS 0x0000000085400000, 0x0000000085400000| Untracked 
|  85|0x0000000085500000, 0x0000000085500000, 0x0000000085600000|  0%| F|  |TAMS 0x0000000085500000, 0x0000000085500000| Untracked 
|  86|0x0000000085600000, 0x0000000085600000, 0x0000000085700000|  0%| F|  |TAMS 0x0000000085600000, 0x0000000085600000| Untracked 
|  87|0x0000000085700000, 0x0000000085700000, 0x0000000085800000|  0%| F|  |TAMS 0x0000000085700000, 0x0000000085700000| Untracked 
|  88|0x0000000085800000, 0x0000000085800000, 0x0000000085900000|  0%| F|  |TAMS 0x0000000085800000, 0x0000000085800000| Untracked 
|  89|0x0000000085900000, 0x0000000085900000, 0x0000000085a00000|  0%| F|  |TAMS 0x0000000085900000, 0x0000000085900000| Untracked 
|  90|0x0000000085a00000, 0x0000000085a00000, 0x0000000085b00000|  0%| F|  |TAMS 0x0000000085a00000, 0x0000000085a00000| Untracked 
|  91|0x0000000085b00000, 0x0000000085b00000, 0x0000000085c00000|  0%| F|  |TAMS 0x0000000085b00000, 0x0000000085b00000| Untracked 
|  92|0x0000000085c00000, 0x0000000085c00000, 0x0000000085d00000|  0%| F|  |TAMS 0x0000000085c00000, 0x0000000085c00000| Untracked 
|  93|0x0000000085d00000, 0x0000000085d00000, 0x0000000085e00000|  0%| F|  |TAMS 0x0000000085d00000, 0x0000000085d00000| Untracked 
|  94|0x0000000085e00000, 0x0000000085e00000, 0x0000000085f00000|  0%| F|  |TAMS 0x0000000085e00000, 0x0000000085e00000| Untracked 
|  95|0x0000000085f00000, 0x0000000085f00000, 0x0000000086000000|  0%| F|  |TAMS 0x0000000085f00000, 0x0000000085f00000| Untracked 
|  96|0x0000000086000000, 0x0000000086000000, 0x0000000086100000|  0%| F|  |TAMS 0x0000000086000000, 0x0000000086000000| Untracked 
|  97|0x0000000086100000, 0x0000000086100000, 0x0000000086200000|  0%| F|  |TAMS 0x0000000086100000, 0x0000000086100000| Untracked 
|  98|0x0000000086200000, 0x0000000086200000, 0x0000000086300000|  0%| F|  |TAMS 0x0000000086200000, 0x0000000086200000| Untracked 
|  99|0x0000000086300000, 0x0000000086300000, 0x0000000086400000|  0%| F|  |TAMS 0x0000000086300000, 0x0000000086300000| Untracked 
| 100|0x0000000086400000, 0x0000000086400000, 0x0000000086500000|  0%| F|  |TAMS 0x0000000086400000, 0x0000000086400000| Untracked 
| 101|0x0000000086500000, 0x0000000086500000, 0x0000000086600000|  0%| F|  |TAMS 0x0000000086500000, 0x0000000086500000| Untracked 
| 102|0x0000000086600000, 0x0000000086600000, 0x0000000086700000|  0%| F|  |TAMS 0x0000000086600000, 0x0000000086600000| Untracked 
| 103|0x0000000086700000, 0x0000000086700000, 0x0000000086800000|  0%| F|  |TAMS 0x0000000086700000, 0x0000000086700000| Untracked 
| 104|0x0000000086800000, 0x0000000086800000, 0x0000000086900000|  0%| F|  |TAMS 0x0000000086800000, 0x0000000086800000| Untracked 
| 105|0x0000000086900000, 0x0000000086900000, 0x0000000086a00000|  0%| F|  |TAMS 0x0000000086900000, 0x0000000086900000| Untracked 
| 106|0x0000000086a00000, 0x0000000086a00000, 0x0000000086b00000|  0%| F|  |TAMS 0x0000000086a00000, 0x0000000086a00000| Untracked 
| 107|0x0000000086b00000, 0x0000000086b00000, 0x0000000086c00000|  0%| F|  |TAMS 0x0000000086b00000, 0x0000000086b00000| Untracked 
| 108|0x0000000086c00000, 0x0000000086c00000, 0x0000000086d00000|  0%| F|  |TAMS 0x0000000086c00000, 0x0000000086c00000| Untracked 
| 109|0x0000000086d00000, 0x0000000086d00000, 0x0000000086e00000|  0%| F|  |TAMS 0x0000000086d00000, 0x0000000086d00000| Untracked 
| 110|0x0000000086e00000, 0x0000000086e00000, 0x0000000086f00000|  0%| F|  |TAMS 0x0000000086e00000, 0x0000000086e00000| Untracked 
| 111|0x0000000086f00000, 0x0000000086f00000, 0x0000000087000000|  0%| F|  |TAMS 0x0000000086f00000, 0x0000000086f00000| Untracked 
| 112|0x0000000087000000, 0x0000000087000000, 0x0000000087100000|  0%| F|  |TAMS 0x0000000087000000, 0x0000000087000000| Untracked 
| 113|0x0000000087100000, 0x0000000087100000, 0x0000000087200000|  0%| F|  |TAMS 0x0000000087100000, 0x0000000087100000| Untracked 
| 114|0x0000000087200000, 0x0000000087200000, 0x0000000087300000|  0%| F|  |TAMS 0x0000000087200000, 0x0000000087200000| Untracked 
| 115|0x0000000087300000, 0x0000000087300000, 0x0000000087400000|  0%| F|  |TAMS 0x0000000087300000, 0x0000000087300000| Untracked 
| 116|0x0000000087400000, 0x0000000087482fb0, 0x0000000087500000| 51%| S|CS|TAMS 0x0000000087400000, 0x0000000087400000| Complete 
| 117|0x0000000087500000, 0x0000000087500000, 0x0000000087600000|  0%| F|  |TAMS 0x0000000087500000, 0x0000000087500000| Untracked 
| 118|0x0000000087600000, 0x0000000087600000, 0x0000000087700000|  0%| F|  |TAMS 0x0000000087600000, 0x0000000087600000| Untracked 
| 119|0x0000000087700000, 0x00000000877f56c0, 0x0000000087800000| 95%| E|  |TAMS 0x0000000087700000, 0x0000000087700000| Complete 
| 120|0x0000000087800000, 0x0000000087900000, 0x0000000087900000|100%| E|CS|TAMS 0x0000000087800000, 0x0000000087800000| Complete 
| 121|0x0000000087900000, 0x0000000087a00000, 0x0000000087a00000|100%| E|CS|TAMS 0x0000000087900000, 0x0000000087900000| Complete 
| 122|0x0000000087a00000, 0x0000000087b00000, 0x0000000087b00000|100%| E|CS|TAMS 0x0000000087a00000, 0x0000000087a00000| Complete 
| 123|0x0000000087b00000, 0x0000000087c00000, 0x0000000087c00000|100%| E|CS|TAMS 0x0000000087b00000, 0x0000000087b00000| Complete 
| 124|0x0000000087c00000, 0x0000000087d00000, 0x0000000087d00000|100%| E|CS|TAMS 0x0000000087c00000, 0x0000000087c00000| Complete 
| 125|0x0000000087d00000, 0x0000000087e00000, 0x0000000087e00000|100%| E|CS|TAMS 0x0000000087d00000, 0x0000000087d00000| Complete 
| 126|0x0000000087e00000, 0x0000000087efffe8, 0x0000000087f00000| 99%| E|  |TAMS 0x0000000087e00000, 0x0000000087e00000| Complete 
| 127|0x0000000087f00000, 0x0000000088000000, 0x0000000088000000|100%| E|CS|TAMS 0x0000000087f00000, 0x0000000087f00000| Complete 

Card table byte_map: [0x00000214d9240000,0x00000214d9640000] _byte_map_base: 0x00000214d8e40000

Marking Bits (Prev, Next): (CMBitMap*) 0x00000214bf8e6b68, (CMBitMap*) 0x00000214bf8e6ba0
 Prev Bits: [0x00000214d9a40000, 0x00000214dba40000)
 Next Bits: [0x00000214dba40000, 0x00000214dda40000)

Polling page: 0x00000214bf680000

Metaspace:

Usage:
  Non-class:     65.58 MB capacity,    64.17 MB ( 98%) used,     1.16 MB (  2%) free+waste,   255.25 KB ( <1%) overhead. 
      Class:     10.55 MB capacity,     9.61 MB ( 91%) used,   849.12 KB (  8%) free+waste,   122.69 KB (  1%) overhead. 
       Both:     76.14 MB capacity,    73.78 MB ( 97%) used,     1.99 MB (  3%) free+waste,   377.94 KB ( <1%) overhead. 

Virtual space:
  Non-class space:       66.00 MB reserved,      65.83 MB (>99%) committed 
      Class space:      504.00 MB reserved,      10.63 MB (  2%) committed 
             Both:      570.00 MB reserved,      76.45 MB ( 13%) committed 

Chunk freelists:
   Non-Class:  0 bytes
       Class:  0 bytes
        Both:  0 bytes

MaxMetaspaceSize: 512.00 MB
CompressedClassSpaceSize: 504.00 MB
Initial GC threshold: 20.80 MB
Current GC threshold: 114.71 MB
CDS: off

CodeHeap 'non-profiled nmethods': size=120064Kb used=4915Kb max_used=4915Kb free=115148Kb
 bounds [0x00000214d12e0000, 0x00000214d17b0000, 0x00000214d8820000]
CodeHeap 'profiled nmethods': size=120000Kb used=18671Kb max_used=18671Kb free=101328Kb
 bounds [0x00000214c9db0000, 0x00000214caff0000, 0x00000214d12e0000]
CodeHeap 'non-nmethods': size=5696Kb used=2372Kb max_used=2396Kb free=3323Kb
 bounds [0x00000214c9820000, 0x00000214c9a90000, 0x00000214c9db0000]
 total_blobs=9395 nmethods=8496 adapters=811
 compilation: enabled
              stopped_count=0, restarted_count=0
 full_count=0

Compilation events (20 events):
Event: 555.540 Thread 0x00000214e09a5800 8515       3       java.lang.invoke.LambdaFormBuffer::replaceName (124 bytes)
Event: 555.540 Thread 0x00000214e09a5800 nmethod 8515 0x00000214cafe6d90 code [0x00000214cafe6f60, 0x00000214cafe7108]
Event: 555.541 Thread 0x00000214e09a5800 8516       3       java.lang.invoke.DelegatingMethodHandle::whichKind (40 bytes)
Event: 555.542 Thread 0x00000214e09a5800 nmethod 8516 0x00000214cafe7210 code [0x00000214cafe73c0, 0x00000214cafe7538]
Event: 555.742 Thread 0x00000214e09a5800 8517       3       java.lang.invoke.ClassSpecializer$SpeciesData::factory (14 bytes)
Event: 555.743 Thread 0x00000214e09a5800 nmethod 8517 0x00000214cafe7610 code [0x00000214cafe77e0, 0x00000214cafe7a88]
Event: 555.745 Thread 0x00000214e09a5800 8519       3       java.lang.invoke.BoundMethodHandle$Species_LL::make (12 bytes)
Event: 555.745 Thread 0x00000214e09a5800 nmethod 8519 0x00000214cafe7b90 code [0x00000214cafe7d60, 0x00000214cafe8028]
Event: 555.746 Thread 0x00000214e09a5800 8520       3       java.lang.invoke.LambdaFormBuffer::clearDuplicatesAndNulls (268 bytes)
Event: 555.747 Thread 0x00000214e09a5800 nmethod 8520 0x00000214cafe8190 code [0x00000214cafe8440, 0x00000214cafe94b8]
Event: 555.749 Thread 0x00000214e09a5800 8521       3       java.lang.invoke.BoundMethodHandle::speciesDataFor (32 bytes)
Event: 555.750 Thread 0x00000214e09a5800 nmethod 8521 0x00000214cafe9990 code [0x00000214cafe9b60, 0x00000214cafe9eb8]
Event: 555.751 Thread 0x00000214e09a5800 8522       3       java.lang.invoke.LambdaFormEditor::oldSpeciesData (8 bytes)
Event: 555.751 Thread 0x00000214e09a5800 nmethod 8522 0x00000214cafea010 code [0x00000214cafea1e0, 0x00000214cafea5b8]
Event: 555.752 Thread 0x00000214e09a5800 8523       3       java.lang.invoke.InvokerBytecodeGenerator::<init> (108 bytes)
Event: 555.753 Thread 0x00000214e09a5800 nmethod 8523 0x00000214cafea710 code [0x00000214cafea980, 0x00000214cafeb498]
Event: 555.765 Thread 0x00000214e09a5800 8524       3       java.lang.invoke.Invokers::maybeCustomize (28 bytes)
Event: 555.766 Thread 0x00000214e09a5800 nmethod 8524 0x00000214cafeb810 code [0x00000214cafeb9c0, 0x00000214cafebba8]
Event: 555.771 Thread 0x00000214e09a5800 8527       1       java.lang.invoke.LambdaForm::arity (5 bytes)
Event: 555.771 Thread 0x00000214e09a5800 nmethod 8527 0x00000214d17acc10 code [0x00000214d17acdc0, 0x00000214d17ace78]

GC Heap History (20 events):
Event: 504.664 GC heap before
{Heap before GC invocations=20 (full 0):
 garbage-first heap   total 131072K, used 91193K [0x0000000080000000, 0x0000000100000000)
  region size 1024K, 44 young (45056K), 4 survivors (4096K)
 Metaspace       used 70005K, capacity 72152K, committed 72272K, reserved 579584K
  class space    used 9075K, capacity 9965K, committed 9984K, reserved 516096K
}
Event: 506.185 GC heap after
{Heap after GC invocations=21 (full 0):
 garbage-first heap   total 131072K, used 53448K [0x0000000080000000, 0x0000000100000000)
  region size 1024K, 4 young (4096K), 4 survivors (4096K)
 Metaspace       used 70005K, capacity 72152K, committed 72272K, reserved 579584K
  class space    used 9075K, capacity 9965K, committed 9984K, reserved 516096K
}
Event: 512.172 GC heap before
{Heap before GC invocations=21 (full 0):
 garbage-first heap   total 131072K, used 55496K [0x0000000080000000, 0x0000000100000000)
  region size 1024K, 6 young (6144K), 4 survivors (4096K)
 Metaspace       used 70217K, capacity 72388K, committed 72656K, reserved 579584K
  class space    used 9112K, capacity 10023K, committed 10112K, reserved 516096K
}
Event: 515.292 GC heap after
{Heap after GC invocations=22 (full 0):
 garbage-first heap   total 131072K, used 53928K [0x0000000080000000, 0x0000000100000000)
  region size 1024K, 1 young (1024K), 1 survivors (1024K)
 Metaspace       used 70217K, capacity 72388K, committed 72656K, reserved 579584K
  class space    used 9112K, capacity 10023K, committed 10112K, reserved 516096K
}
Event: 521.871 GC heap before
{Heap before GC invocations=22 (full 0):
 garbage-first heap   total 131072K, used 59048K [0x0000000080000000, 0x0000000100000000)
  region size 1024K, 6 young (6144K), 1 survivors (1024K)
 Metaspace       used 70732K, capacity 72873K, committed 72912K, reserved 579584K
  class space    used 9196K, capacity 10079K, committed 10112K, reserved 516096K
}
Event: 521.874 GC heap after
{Heap after GC invocations=23 (full 0):
 garbage-first heap   total 131072K, used 53816K [0x0000000080000000, 0x0000000100000000)
  region size 1024K, 1 young (1024K), 1 survivors (1024K)
 Metaspace       used 70732K, capacity 72873K, committed 72912K, reserved 579584K
  class space    used 9196K, capacity 10079K, committed 10112K, reserved 516096K
}
Event: 528.333 GC heap before
{Heap before GC invocations=23 (full 0):
 garbage-first heap   total 131072K, used 57912K [0x0000000080000000, 0x0000000100000000)
  region size 1024K, 6 young (6144K), 1 survivors (1024K)
 Metaspace       used 70837K, capacity 73020K, committed 73168K, reserved 579584K
  class space    used 9204K, capacity 10082K, committed 10112K, reserved 516096K
}
Event: 528.337 GC heap after
{Heap after GC invocations=24 (full 0):
 garbage-first heap   total 131072K, used 54244K [0x0000000080000000, 0x0000000100000000)
  region size 1024K, 1 young (1024K), 1 survivors (1024K)
 Metaspace       used 70837K, capacity 73020K, committed 73168K, reserved 579584K
  class space    used 9204K, capacity 10082K, committed 10112K, reserved 516096K
}
Event: 528.774 GC heap before
{Heap before GC invocations=24 (full 0):
 garbage-first heap   total 131072K, used 59364K [0x0000000080000000, 0x0000000100000000)
  region size 1024K, 6 young (6144K), 1 survivors (1024K)
 Metaspace       used 71107K, capacity 73308K, committed 73552K, reserved 579584K
  class space    used 9232K, capacity 10114K, committed 10240K, reserved 516096K
}
Event: 528.783 GC heap after
{Heap after GC invocations=25 (full 0):
 garbage-first heap   total 131072K, used 54774K [0x0000000080000000, 0x0000000100000000)
  region size 1024K, 1 young (1024K), 1 survivors (1024K)
 Metaspace       used 71107K, capacity 73308K, committed 73552K, reserved 579584K
  class space    used 9232K, capacity 10114K, committed 10240K, reserved 516096K
}
Event: 529.728 GC heap before
{Heap before GC invocations=25 (full 0):
 garbage-first heap   total 131072K, used 59894K [0x0000000080000000, 0x0000000100000000)
  region size 1024K, 6 young (6144K), 1 survivors (1024K)
 Metaspace       used 71489K, capacity 73692K, committed 73808K, reserved 581632K
  class space    used 9287K, capacity 10178K, committed 10240K, reserved 516096K
}
Event: 529.734 GC heap after
{Heap after GC invocations=26 (full 0):
 garbage-first heap   total 131072K, used 54928K [0x0000000080000000, 0x0000000100000000)
  region size 1024K, 1 young (1024K), 1 survivors (1024K)
 Metaspace       used 71489K, capacity 73692K, committed 73808K, reserved 581632K
  class space    used 9287K, capacity 10178K, committed 10240K, reserved 516096K
}
Event: 530.265 GC heap before
{Heap before GC invocations=26 (full 0):
 garbage-first heap   total 131072K, used 60048K [0x0000000080000000, 0x0000000100000000)
  region size 1024K, 6 young (6144K), 1 survivors (1024K)
 Metaspace       used 71818K, capacity 73980K, committed 74064K, reserved 581632K
  class space    used 9318K, capacity 10210K, committed 10240K, reserved 516096K
}
Event: 530.267 GC heap after
{Heap after GC invocations=27 (full 0):
 garbage-first heap   total 131072K, used 55190K [0x0000000080000000, 0x0000000100000000)
  region size 1024K, 1 young (1024K), 1 survivors (1024K)
 Metaspace       used 71818K, capacity 73980K, committed 74064K, reserved 581632K
  class space    used 9318K, capacity 10210K, committed 10240K, reserved 516096K
}
Event: 531.036 GC heap before
{Heap before GC invocations=27 (full 0):
 garbage-first heap   total 131072K, used 62358K [0x0000000080000000, 0x0000000100000000)
  region size 1024K, 8 young (8192K), 1 survivors (1024K)
 Metaspace       used 72404K, capacity 74524K, committed 74704K, reserved 581632K
  class space    used 9368K, capacity 10242K, committed 10368K, reserved 516096K
}
Event: 531.040 GC heap after
{Heap after GC invocations=28 (full 0):
 garbage-first heap   total 131072K, used 55816K [0x0000000080000000, 0x0000000100000000)
  region size 1024K, 1 young (1024K), 1 survivors (1024K)
 Metaspace       used 72404K, capacity 74524K, committed 74704K, reserved 581632K
  class space    used 9368K, capacity 10242K, committed 10368K, reserved 516096K
}
Event: 533.811 GC heap before
{Heap before GC invocations=28 (full 0):
 garbage-first heap   total 131072K, used 64008K [0x0000000080000000, 0x0000000100000000)
  region size 1024K, 9 young (9216K), 1 survivors (1024K)
 Metaspace       used 72908K, capacity 75061K, committed 75216K, reserved 581632K
  class space    used 9428K, capacity 10354K, committed 10368K, reserved 516096K
}
Event: 533.818 GC heap after
{Heap after GC invocations=29 (full 0):
 garbage-first heap   total 131072K, used 57055K [0x0000000080000000, 0x0000000100000000)
  region size 1024K, 2 young (2048K), 2 survivors (2048K)
 Metaspace       used 72908K, capacity 75061K, committed 75216K, reserved 581632K
  class space    used 9428K, capacity 10354K, committed 10368K, reserved 516096K
}
Event: 536.236 GC heap before
{Heap before GC invocations=29 (full 0):
 garbage-first heap   total 131072K, used 66271K [0x0000000080000000, 0x0000000100000000)
  region size 1024K, 11 young (11264K), 2 survivors (2048K)
 Metaspace       used 73992K, capacity 76288K, committed 76496K, reserved 583680K
  class space    used 9585K, capacity 10521K, committed 10624K, reserved 516096K
}
Event: 536.244 GC heap after
{Heap after GC invocations=30 (full 0):
 garbage-first heap   total 131072K, used 57273K [0x0000000080000000, 0x0000000100000000)
  region size 1024K, 1 young (1024K), 1 survivors (1024K)
 Metaspace       used 73992K, capacity 76288K, committed 76496K, reserved 583680K
  class space    used 9585K, capacity 10521K, committed 10624K, reserved 516096K
}

Deoptimization events (20 events):
Event: 550.823 Thread 0x00000214e5555000 Uncommon trap: trap_request=0xffffffde fr.pc=0x00000214d13e1d94 relative=0x0000000000000334
Event: 550.823 Thread 0x00000214e5555000 Uncommon trap: reason=class_check action=maybe_recompile pc=0x00000214d13e1d94 method=java.io.DataOutputStream.write(I)V @ 5 c2
Event: 550.823 Thread 0x00000214e5555000 DEOPT PACKING pc=0x00000214d13e1d94 sp=0x000000edb07fd410
Event: 550.823 Thread 0x00000214e5555000 DEOPT UNPACKING pc=0x00000214c986a1af sp=0x000000edb07fd3e8 mode 2
Event: 550.823 Thread 0x00000214e5555000 Uncommon trap: trap_request=0xffffffde fr.pc=0x00000214d13e1d94 relative=0x0000000000000334
Event: 550.823 Thread 0x00000214e5555000 Uncommon trap: reason=class_check action=maybe_recompile pc=0x00000214d13e1d94 method=java.io.DataOutputStream.write(I)V @ 5 c2
Event: 550.823 Thread 0x00000214e5555000 DEOPT PACKING pc=0x00000214d13e1d94 sp=0x000000edb07fd410
Event: 550.823 Thread 0x00000214e5555000 DEOPT UNPACKING pc=0x00000214c986a1af sp=0x000000edb07fd3e8 mode 2
Event: 550.823 Thread 0x00000214e5555000 Uncommon trap: trap_request=0xffffffde fr.pc=0x00000214d13e1d94 relative=0x0000000000000334
Event: 550.823 Thread 0x00000214e5555000 Uncommon trap: reason=class_check action=maybe_recompile pc=0x00000214d13e1d94 method=java.io.DataOutputStream.write(I)V @ 5 c2
Event: 550.823 Thread 0x00000214e5555000 DEOPT PACKING pc=0x00000214d13e1d94 sp=0x000000edb07fd410
Event: 550.823 Thread 0x00000214e5555000 DEOPT UNPACKING pc=0x00000214c986a1af sp=0x000000edb07fd3e8 mode 2
Event: 550.823 Thread 0x00000214e5555000 Uncommon trap: trap_request=0xffffffde fr.pc=0x00000214d13d2658 relative=0x0000000000000f78
Event: 550.823 Thread 0x00000214e5555000 Uncommon trap: reason=class_check action=maybe_recompile pc=0x00000214d13d2658 method=java.io.DataOutputStream.write(I)V @ 5 c2
Event: 550.823 Thread 0x00000214e5555000 DEOPT PACKING pc=0x00000214d13d2658 sp=0x000000edb07fd460
Event: 550.823 Thread 0x00000214e5555000 DEOPT UNPACKING pc=0x00000214c986a1af sp=0x000000edb07fd3f0 mode 2
Event: 555.400 Thread 0x00000214e5555000 Uncommon trap: trap_request=0xffffff4d fr.pc=0x00000214d1395df8 relative=0x0000000000000058
Event: 555.400 Thread 0x00000214e5555000 Uncommon trap: reason=unstable_if action=reinterpret pc=0x00000214d1395df8 method=java.util.Objects.equals(Ljava/lang/Object;Ljava/lang/Object;)Z @ 6 c2
Event: 555.400 Thread 0x00000214e5555000 DEOPT PACKING pc=0x00000214d1395df8 sp=0x000000edb07fcc80
Event: 555.400 Thread 0x00000214e5555000 DEOPT UNPACKING pc=0x00000214c986a1af sp=0x000000edb07fcc20 mode 2

Classes redefined (0 events):
No events

Internal exceptions (20 events):
Event: 460.023 Thread 0x00000214e13d4000 Exception <a 'java/lang/ClassNotFoundException'{0x0000000084d86368}: org/gradle/api/internal/artifacts/dsl/DefaultRepositoryHandler_DecoratedCustomizer> (0x0000000084d86368) thrown at [./src/hotspot/share/classfile/systemDictionary.cpp, line 230]
Event: 460.053 Thread 0x00000214e13d4000 Exception <a 'java/lang/ClassNotFoundException'{0x0000000084c5f678}: org/gradle/api/internal/artifacts/dsl/dependencies/DefaultDependencyHandler_DecoratedBeanInfo> (0x0000000084c5f678) thrown at [./src/hotspot/share/classfile/systemDictionary.cpp, line 230]
Event: 460.055 Thread 0x00000214e13d4000 Exception <a 'java/lang/ClassNotFoundException'{0x0000000084ca7a58}: org/gradle/api/internal/artifacts/dsl/dependencies/DefaultDependencyHandlerBeanInfo> (0x0000000084ca7a58) thrown at [./src/hotspot/share/classfile/systemDictionary.cpp, line 230]
Event: 460.056 Thread 0x00000214e13d4000 Exception <a 'java/lang/ClassNotFoundException'{0x0000000084cef850}: org/gradle/api/internal/artifacts/dsl/dependencies/DefaultDependencyHandlerCustomizer> (0x0000000084cef850) thrown at [./src/hotspot/share/classfile/systemDictionary.cpp, line 230]
Event: 460.059 Thread 0x00000214e13d4000 Exception <a 'java/lang/ClassNotFoundException'{0x0000000084b61058}: org/gradle/api/internal/artifacts/dsl/dependencies/DefaultDependencyHandler_DecoratedCustomizer> (0x0000000084b61058) thrown at [./src/hotspot/share/classfile/systemDictionary.cpp, line 230]
Event: 482.816 Thread 0x00000214e13d4000 Exception <a 'java/lang/NoSuchMethodError'{0x00000000868f9948}: 'java.lang.Object java.lang.invoke.Invokers$Holder.linkToTargetMethod(java.lang.Object, java.lang.Object, java.lang.Object, java.lang.Object, java.lang.Object, java.lang.Object, java.lang.Object, java.lang.Object, java.lang.Object)'> (0x00000000868f9948) thrown at [./src/hotspot/share/interpreter/linkResolver.cpp, line 773]
Event: 504.661 Thread 0x00000214e4b50800 Exception <a 'java/lang/NoSuchMethodError'{0x00000000854ee620}: 'java.lang.Object java.lang.invoke.DirectMethodHandle$Holder.invokeStatic(java.lang.Object, java.lang.Object, java.lang.Object, java.lang.Object, int, java.lang.Object)'> (0x00000000854ee620) thrown at [./src/hotspot/share/interpreter/linkResolver.cpp, line 773]
Event: 504.662 Thread 0x00000214e4b50800 Exception <a 'java/lang/NoSuchMethodError'{0x00000000854f23c8}: 'java.lang.Object java.lang.invoke.Invokers$Holder.linkToTargetMethod(java.lang.Object, java.lang.Object, java.lang.Object, int, java.lang.Object, java.lang.Object)'> (0x00000000854f23c8) thrown at [./src/hotspot/share/interpreter/linkResolver.cpp, line 773]
Event: 506.537 Thread 0x00000214e4b50800 Exception <a 'java/lang/NoSuchMethodError'{0x0000000087f9ae98}: 'void java.lang.invoke.DirectMethodHandle$Holder.invokeInterface(java.lang.Object, java.lang.Object, java.lang.Object, java.lang.Object)'> (0x0000000087f9ae98) thrown at [./src/hotspot/share/interpreter/linkResolver.cpp, line 773]
Event: 519.785 Thread 0x00000214e4b50800 Exception <a 'java/lang/NoSuchMethodError'{0x0000000087ec0348}: 'int java.lang.invoke.DirectMethodHandle$Holder.invokeSpecial(java.lang.Object, java.lang.Object, java.lang.Object, java.lang.Object, java.lang.Object)'> (0x0000000087ec0348) thrown at [./src/hotspot/share/interpreter/linkResolver.cpp, line 773]
Event: 534.058 Thread 0x00000214e4b50800 Exception <a 'java/lang/NoSuchMethodError'{0x0000000087e0ce38}: 'void java.lang.invoke.DirectMethodHandle$Holder.invokeVirtual(java.lang.Object, java.lang.Object)'> (0x0000000087e0ce38) thrown at [./src/hotspot/share/interpreter/linkResolver.cpp, line 773]
Event: 535.708 Thread 0x00000214e4b50800 Exception <a 'java/lang/NoSuchMethodError'{0x00000000878a8168}: 'void java.lang.invoke.DirectMethodHandle$Holder.invokeSpecial(java.lang.Object, java.lang.Object, java.lang.Object, int)'> (0x00000000878a8168) thrown at [./src/hotspot/share/interpreter/linkResolver.cpp, line 773]
Event: 536.233 Thread 0x00000214e4b50800 Exception <a 'java/lang/NoSuchMethodError'{0x00000000877f7290}: <clinit>> (0x00000000877f7290) thrown at [./src/hotspot/share/prims/jni.cpp, line 1367]
Event: 536.266 Thread 0x00000214e4b50800 Exception <a 'java/lang/NoSuchMethodError'{0x0000000087f43f90}: <clinit>> (0x0000000087f43f90) thrown at [./src/hotspot/share/prims/jni.cpp, line 1367]
Event: 536.270 Thread 0x00000214e4b50800 Exception <a 'java/lang/NoSuchMethodError'{0x0000000087f65748}: <clinit>> (0x0000000087f65748) thrown at [./src/hotspot/share/prims/jni.cpp, line 1367]
Event: 536.270 Thread 0x00000214e4b50800 Exception <a 'java/lang/NoSuchMethodError'{0x0000000087f66fc0}: <clinit>> (0x0000000087f66fc0) thrown at [./src/hotspot/share/prims/jni.cpp, line 1367]
Event: 555.436 Thread 0x00000214e5555000 Exception <a 'java/lang/NoSuchMethodError'{0x0000000087722180}: <clinit>> (0x0000000087722180) thrown at [./src/hotspot/share/prims/jni.cpp, line 1367]
Event: 555.437 Thread 0x00000214e5555000 Exception <a 'java/lang/NoSuchMethodError'{0x000000008772e820}: <clinit>> (0x000000008772e820) thrown at [./src/hotspot/share/prims/jni.cpp, line 1367]
Event: 555.768 Thread 0x00000214e5555000 Exception <a 'java/lang/NoSuchMethodError'{0x00000000877d0e08}: 'java.lang.Object java.lang.invoke.DirectMethodHandle$Holder.invokeSpecial(java.lang.Object, java.lang.Object, int, int, java.lang.Object, int, java.lang.Object, java.lang.Object)'> (0x00000000877d0e08) thrown at [./src/hotspot/share/interpreter/linkResolver.cpp, line 773]
Event: 555.768 Thread 0x00000214e5555000 Exception <a 'java/lang/NoSuchMethodError'{0x00000000877d4948}: 'java.lang.Object java.lang.invoke.DelegatingMethodHandle$Holder.reinvoke_L(java.lang.Object, int, int, java.lang.Object, int, java.lang.Object, java.lang.Object)'> (0x00000000877d4948) thrown at [./src/hotspot/share/interpreter/linkResolver.cpp, line 773]

Events (20 events):
Event: 555.550 loading class java/net/SocketPermissionCollection$1
Event: 555.550 loading class java/net/SocketPermissionCollection$1 done
Event: 555.551 loading class sun/rmi/transport/DGCClient$EndpointEntry
Event: 555.551 loading class sun/rmi/transport/DGCClient$EndpointEntry done
Event: 555.551 loading class sun/rmi/transport/DGCImpl
Event: 555.552 loading class java/rmi/dgc/DGC
Event: 555.552 loading class java/rmi/dgc/DGC done
Event: 555.552 loading class sun/rmi/transport/DGCImpl done
Event: 555.552 loading class sun/rmi/transport/DGCImpl_Stub
Event: 555.552 loading class sun/rmi/transport/DGCImpl_Stub done
Event: 555.552 loading class sun/rmi/transport/DGCClient$EndpointEntry$RenewCleanThread
Event: 555.552 loading class sun/rmi/transport/DGCClient$EndpointEntry$RenewCleanThread done
Event: 555.552 Executing VM operation: RevokeBias
Event: 555.724 Executing VM operation: RevokeBias done
Event: 555.726 Executing VM operation: RevokeBias
Event: 555.727 Executing VM operation: RevokeBias done
Event: 555.737 Executing VM operation: RevokeBias
Event: 555.737 Executing VM operation: RevokeBias done
Event: 555.772 loading class java/lang/invoke/BoundMethodHandle$Species_LLLLLI
Event: 555.772 loading class java/lang/invoke/BoundMethodHandle$Species_LLLLLI done


Dynamic libraries:
0x00007ff73c320000 - 0x00007ff73c32d000 	C:\Program Files\Microsoft\jdk-11.0.18.10-hotspot\bin\java.exe
0x00007ff8286d0000 - 0x00007ff8288c8000 	C:\Windows\SYSTEM32\ntdll.dll
0x00007ff826a80000 - 0x00007ff826b3d000 	C:\Windows\System32\KERNEL32.DLL
0x00007ff826100000 - 0x00007ff8263f6000 	C:\Windows\System32\KERNELBASE.dll
0x00007ff826500000 - 0x00007ff826600000 	C:\Windows\System32\ucrtbase.dll
0x00007ff811320000 - 0x00007ff811337000 	C:\Program Files\Microsoft\jdk-11.0.18.10-hotspot\bin\jli.dll
0x00007ff827370000 - 0x00007ff82750e000 	C:\Windows\System32\USER32.dll
0x00007ff825e80000 - 0x00007ff825ea2000 	C:\Windows\System32\win32u.dll
0x00007ff826730000 - 0x00007ff82675c000 	C:\Windows\System32\GDI32.dll
0x00007ff826600000 - 0x00007ff82671a000 	C:\Windows\System32\gdi32full.dll
0x00007ff826060000 - 0x00007ff8260fd000 	C:\Windows\System32\msvcp_win.dll
0x00007ff810a20000 - 0x00007ff810a35000 	C:\Program Files\Microsoft\jdk-11.0.18.10-hotspot\bin\VCRUNTIME140.dll
0x00007ff815050000 - 0x00007ff8152ea000 	C:\Windows\WinSxS\amd64_microsoft.windows.common-controls_6595b64144ccf1df_6.0.19041.3636_none_60b6a03d71f818d5\COMCTL32.dll
0x00007ff8285e0000 - 0x00007ff82867e000 	C:\Windows\System32\msvcrt.dll
0x00007ff826e30000 - 0x00007ff826e60000 	C:\Windows\System32\IMM32.DLL
0x00007ff803cc0000 - 0x00007ff803d5b000 	C:\Program Files\Microsoft\jdk-11.0.18.10-hotspot\bin\msvcp140.dll
0x00007fffb7670000 - 0x00007fffb8202000 	C:\Program Files\Microsoft\jdk-11.0.18.10-hotspot\bin\server\jvm.dll
0x00007ff826d10000 - 0x00007ff826dc3000 	C:\Windows\System32\ADVAPI32.dll
0x00007ff826e60000 - 0x00007ff826eff000 	C:\Windows\System32\sechost.dll
0x00007ff827510000 - 0x00007ff827636000 	C:\Windows\System32\RPCRT4.dll
0x00007ff825e50000 - 0x00007ff825e77000 	C:\Windows\System32\bcrypt.dll
0x00007ff826720000 - 0x00007ff826728000 	C:\Windows\System32\PSAPI.DLL
0x00007ff813bc0000 - 0x00007ff813bc9000 	C:\Windows\SYSTEM32\WSOCK32.dll
0x00007ff828360000 - 0x00007ff8283cb000 	C:\Windows\System32\WS2_32.dll
0x00007ff815580000 - 0x00007ff8155a7000 	C:\Windows\SYSTEM32\WINMM.dll
0x00007ff815560000 - 0x00007ff81556a000 	C:\Windows\SYSTEM32\VERSION.dll
0x00007ff823c50000 - 0x00007ff823c62000 	C:\Windows\SYSTEM32\kernel.appcore.dll
0x00007ff81e710000 - 0x00007ff81e720000 	C:\Program Files\Microsoft\jdk-11.0.18.10-hotspot\bin\verify.dll
0x00007ff80f290000 - 0x00007ff80f474000 	C:\Windows\SYSTEM32\DBGHELP.DLL
0x00007ff80f250000 - 0x00007ff80f284000 	C:\Windows\SYSTEM32\dbgcore.DLL
0x00007ff826400000 - 0x00007ff826482000 	C:\Windows\System32\bcryptPrimitives.dll
0x00007ff8109f0000 - 0x00007ff810a18000 	C:\Program Files\Microsoft\jdk-11.0.18.10-hotspot\bin\java.dll
0x00007ff81e540000 - 0x00007ff81e54a000 	C:\Program Files\Microsoft\jdk-11.0.18.10-hotspot\bin\jimage.dll
0x00007ff810980000 - 0x00007ff810998000 	C:\Program Files\Microsoft\jdk-11.0.18.10-hotspot\bin\zip.dll
0x00007ff827b90000 - 0x00007ff8282d5000 	C:\Windows\System32\SHELL32.dll
0x00007ff823e50000 - 0x00007ff8245eb000 	C:\Windows\SYSTEM32\windows.storage.dll
0x00007ff827760000 - 0x00007ff827ab4000 	C:\Windows\System32\combase.dll
0x00007ff825760000 - 0x00007ff82578d000 	C:\Windows\SYSTEM32\Wldp.dll
0x00007ff826b50000 - 0x00007ff826bfd000 	C:\Windows\System32\SHCORE.dll
0x00007ff826760000 - 0x00007ff8267b5000 	C:\Windows\System32\shlwapi.dll
0x00007ff825cd0000 - 0x00007ff825cf5000 	C:\Windows\SYSTEM32\profapi.dll
0x00007ff80fba0000 - 0x00007ff80fbb9000 	C:\Program Files\Microsoft\jdk-11.0.18.10-hotspot\bin\net.dll
0x00007ff81e580000 - 0x00007ff81e68a000 	C:\Windows\SYSTEM32\WINHTTP.dll
0x00007ff8254c0000 - 0x00007ff82552a000 	C:\Windows\system32\mswsock.dll
0x00007ff80f4d0000 - 0x00007ff80f4e3000 	C:\Program Files\Microsoft\jdk-11.0.18.10-hotspot\bin\nio.dll
0x00007ff80abf0000 - 0x00007ff80ac17000 	C:\Users\tahaa\.gradle\native\68d5fa5c4cc2d200863cafc0d521ce42e7d3e7ee720ec0a83991735586a16f82\windows-amd64\native-platform.dll
0x00007ffffd5e0000 - 0x00007ffffd724000 	C:\Users\tahaa\.gradle\native\e376f236ea51e6404a007f0833ffe2c6e607c4080706a723a18a27aeea778392\windows-amd64\native-platform-file-events.dll
0x00007ff81e3b0000 - 0x00007ff81e3b9000 	C:\Program Files\Microsoft\jdk-11.0.18.10-hotspot\bin\management.dll
0x00007ff81af30000 - 0x00007ff81af3b000 	C:\Program Files\Microsoft\jdk-11.0.18.10-hotspot\bin\management_ext.dll
0x00007ff8256c0000 - 0x00007ff8256d8000 	C:\Windows\SYSTEM32\CRYPTSP.dll
0x00007ff824df0000 - 0x00007ff824e24000 	C:\Windows\system32\rsaenh.dll
0x00007ff825c90000 - 0x00007ff825cbe000 	C:\Windows\SYSTEM32\USERENV.dll
0x00007ff8256b0000 - 0x00007ff8256bc000 	C:\Windows\SYSTEM32\CRYPTBASE.dll
0x00007ff8251b0000 - 0x00007ff8251eb000 	C:\Windows\SYSTEM32\IPHLPAPI.DLL
0x00007ff828680000 - 0x00007ff828688000 	C:\Windows\System32\NSI.dll
0x00007ff81f370000 - 0x00007ff81f387000 	C:\Windows\SYSTEM32\dhcpcsvc6.DLL
0x00007ff81fc60000 - 0x00007ff81fc7d000 	C:\Windows\SYSTEM32\dhcpcsvc.DLL
0x00007ff8251f0000 - 0x00007ff8252ba000 	C:\Windows\SYSTEM32\DNSAPI.dll
0x00007ff809e60000 - 0x00007ff809e7e000 	C:\Users\tahaa\AppData\Local\Temp\native-platform14269192290787703410dir\native-platform.dll

dbghelp: loaded successfully - version: 4.0.5 - missing functions: none
symbol engine: initialized successfully - sym options: 0x614 - pdb path: .;C:\Program Files\Microsoft\jdk-11.0.18.10-hotspot\bin;C:\Windows\SYSTEM32;C:\Windows\WinSxS\amd64_microsoft.windows.common-controls_6595b64144ccf1df_6.0.19041.3636_none_60b6a03d71f818d5;C:\Program Files\Microsoft\jdk-11.0.18.10-hotspot\bin\server;C:\Users\tahaa\.gradle\native\68d5fa5c4cc2d200863cafc0d521ce42e7d3e7ee720ec0a83991735586a16f82\windows-amd64;C:\Users\tahaa\.gradle\native\e376f236ea51e6404a007f0833ffe2c6e607c4080706a723a18a27aeea778392\windows-amd64;C:\Users\tahaa\AppData\Local\Temp\native-platform14269192290787703410dir

VM Arguments:
jvm_args: -XX:MaxMetaspaceSize=512m --add-opens=java.base/java.util=ALL-UNNAMED --add-opens=java.base/java.lang=ALL-UNNAMED --add-opens=java.base/java.lang.invoke=ALL-UNNAMED --add-opens=java.prefs/java.util.prefs=ALL-UNNAMED --add-opens=java.base/java.nio.charset=ALL-UNNAMED --add-opens=java.base/java.net=ALL-UNNAMED --add-opens=java.base/java.util.concurrent.atomic=ALL-UNNAMED -Xmx2048m -Dfile.encoding=windows-1252 -Duser.country=US -Duser.language=en -Duser.variant 
java_command: org.gradle.launcher.daemon.bootstrap.GradleDaemon 8.0.1
java_class_path (initial): C:\Users\tahaa\.gradle\wrapper\dists\gradle-8.0.1-all\aro4hu1c3oeioove7l0i4i14o\gradle-8.0.1\lib\gradle-launcher-8.0.1.jar
Launcher Type: SUN_STANDARD

[Global flags]
     intx CICompilerCount                          = 3                                         {product} {ergonomic}
   size_t CompressedClassSpaceSize                 = 528482304                                 {product} {ergonomic}
     uint ConcGCThreads                            = 1                                         {product} {ergonomic}
     uint G1ConcRefinementThreads                  = 4                                         {product} {ergonomic}
   size_t G1HeapRegionSize                         = 1048576                                   {product} {ergonomic}
    uintx GCDrainStackTargetSize                   = 64                                        {product} {ergonomic}
   size_t InitialHeapSize                          = 134217728                                 {product} {ergonomic}
   size_t MarkStackSize                            = 4194304                                   {product} {ergonomic}
   size_t MaxHeapSize                              = 2147483648                                {product} {command line}
   size_t MaxMetaspaceSize                         = 536870912                                 {product} {command line}
   size_t MaxNewSize                               = 1287651328                                {product} {ergonomic}
   size_t MinHeapDeltaBytes                        = 1048576                                   {product} {ergonomic}
    uintx NonNMethodCodeHeapSize                   = 5830732                                {pd product} {ergonomic}
    uintx NonProfiledCodeHeapSize                  = 122913754                              {pd product} {ergonomic}
    uintx ProfiledCodeHeapSize                     = 122913754                              {pd product} {ergonomic}
    uintx ReservedCodeCacheSize                    = 251658240                              {pd product} {ergonomic}
     bool SegmentedCodeCache                       = true                                      {product} {ergonomic}
     bool UseCompressedClassPointers               = true                                 {lp64_product} {ergonomic}
     bool UseCompressedOops                        = true                                 {lp64_product} {ergonomic}
     bool UseG1GC                                  = true                                      {product} {ergonomic}
     bool UseLargePagesIndividualAllocation        = false                                  {pd product} {ergonomic}

Logging:
Log output configuration:
 #0: stdout all=warning uptime,level,tags
 #1: stderr all=off uptime,level,tags

Environment Variables:
JAVA_HOME=C:\Program Files\Microsoft\jdk-11.0.18.10-hotspot\
CLASSPATH=F:\RN PROJECTS\Whoo\android\\gradle\wrapper\gradle-wrapper.jar
PATH=F:\RN PROJECTS\Whoo\node_modules\.bin;F:\RN PROJECTS\Whoo\node_modules\.bin;F:\RN PROJECTS\node_modules\.bin;F:\node_modules\.bin;C:\Program Files\nodejs\node_modules\npm\node_modules\@npmcli\run-script\lib\node-gyp-bin;F:\RN PROJECTS\Whoo\node_modules\.bin;F:\RN PROJECTS\node_modules\.bin;F:\node_modules\.bin;C:\Program Files\nodejs\node_modules\npm\node_modules\@npmcli\run-script\lib\node-gyp-bin;C:\Program Files\Microsoft\jdk-11.0.18.10-hotspot\bin;C:\Python311\Scripts\;C:\Python311\;C:\Windows\system32;C:\Windows;C:\Windows\System32\Wbem;C:\Windows\System32\WindowsPowerShell\v1.0\;C:\Windows\System32\OpenSSH\;C:\ProgramData\chocolatey\bin;C:\Program Files\nodejs\;C:\Program Files\Git\cmd;C:\Users\tahaa\AppData\Local\Microsoft\WindowsApps;C:\Users\tahaa\AppData\Local\Programs\Microsoft VS Code\bin;C:\Users\tahaa\AppData\Roaming\npm;C:\Users\tahaa\AppData\Local\Android\Sdk\platform-tools;
USERNAME=tahaa
OS=Windows_NT
PROCESSOR_IDENTIFIER=Intel64 Family 6 Model 58 Stepping 9, GenuineIntel
TMP=C:\Users\tahaa\AppData\Local\Temp
TEMP=C:\Users\tahaa\AppData\Local\Temp



---------------  S Y S T E M  ---------------

OS: Windows 10 , 64 bit Build 19041 (10.0.19041.3636)
OS uptime: 0 days 22:53 hours

CPU:total 4 (initial active 4) (2 cores per cpu, 2 threads per core) family 6 model 58 stepping 9 microcode 0x21, cmov, cx8, fxsr, mmx, sse, sse2, sse3, ssse3, sse4.1, sse4.2, popcnt, avx, aes, clmul, erms, ht, tsc, tscinvbit, tscinv

Memory: 4k page, system-wide physical 8073M (250M free)
TotalPageFile size 23188M (AvailPageFile size 3M)
current process WorkingSet (physical memory assigned to process): 214M, peak: 267M
current process commit charge ("private bytes"): 359M, peak: 365M

vm_info: OpenJDK 64-Bit Server VM (11.0.18+10-LTS) for windows-amd64 JRE (11.0.18+10-LTS), built on Jan 18 2023 15:56:47 by "MicrosoftCorporation" with MS VC++ 15.9 (VS2017)

END.
