#
# There is insufficient memory for the Java Runtime Environment to continue.
# Native memory allocation (malloc) failed to allocate 669136 bytes for Chunk::new
# Possible reasons:
#   The system is out of physical RAM or swap space
#   The process is running with CompressedOops enabled, and the Java Heap may be blocking the growth of the native heap
# Possible solutions:
#   Reduce memory load on the system
#   Increase physical memory or swap space
#   Check if swap backing store is full
#   Decrease Java heap size (-Xmx/-Xms)
#   Decrease number of Java threads
#   Decrease Java thread stack sizes (-Xss)
#   Set larger code cache with -XX:ReservedCodeCacheSize=
#   JVM is running with Unscaled Compressed Oops mode in which the Java heap is
#     placed in the first 4GB address space. The Java Heap base address is the
#     maximum limit for the native heap growth. Please use -XX:HeapBaseMinAddress
#     to set the Java Heap base and to place the Java Heap above 4GB virtual address.
# This output file may be truncated or incomplete.
#
#  Out of Memory Error (./src/hotspot/share/memory/arena.cpp:197), pid=17316, tid=10064
#
# JRE version: OpenJDK Runtime Environment Microsoft-7208460 (11.0.18+10) (build 11.0.18+10-LTS)
# Java VM: OpenJDK 64-Bit Server VM Microsoft-7208460 (11.0.18+10-LTS, mixed mode, tiered, compressed oops, g1 gc, windows-amd64)
# No core dump will be written. Minidumps are not enabled by default on client versions of Windows
#

---------------  S U M M A R Y ------------

Command Line: -XX:MaxMetaspaceSize=512m --add-opens=java.base/java.util=ALL-UNNAMED --add-opens=java.base/java.lang=ALL-UNNAMED --add-opens=java.base/java.lang.invoke=ALL-UNNAMED --add-opens=java.prefs/java.util.prefs=ALL-UNNAMED --add-opens=java.base/java.nio.charset=ALL-UNNAMED --add-opens=java.base/java.net=ALL-UNNAMED --add-opens=java.base/java.util.concurrent.atomic=ALL-UNNAMED -Xmx2048m -Dfile.encoding=windows-1252 -Duser.country=US -Duser.language=en -Duser.variant org.gradle.launcher.daemon.bootstrap.GradleDaemon 8.0.1

Host: Intel(R) Core(TM) i5-3320M CPU @ 2.60GHz, 4 cores, 7G,  Windows 10 , 64 bit Build 19041 (10.0.19041.3636)
Time: Thu Jan 18 01:14:20 2024 Pakistan Standard Time elapsed time: 563.301877 seconds (0d 0h 9m 23s)

---------------  T H R E A D  ---------------

Current thread (0x000001aefeacb800):  JavaThread "C2 CompilerThread0" daemon [_thread_in_native, id=10064, stack(0x00000090e0100000,0x00000090e0200000)]


Current CompileTask:
C2: 563301 8011       4       java.util.regex.Pattern::split (290 bytes)

Stack: [0x00000090e0100000,0x00000090e0200000]
Native frames: (J=compiled Java code, j=interpreted, Vv=VM code, C=native code)
V  [jvm.dll+0x62bf8a]
V  [jvm.dll+0x7b8fb9]
V  [jvm.dll+0x7ba6a8]
V  [jvm.dll+0x7bad83]
V  [jvm.dll+0x250248]
V  [jvm.dll+0xc260c]
V  [jvm.dll+0xc2bcc]
V  [jvm.dll+0x35e182]
V  [jvm.dll+0x32a373]
V  [jvm.dll+0x3296aa]
V  [jvm.dll+0x2093b3]
V  [jvm.dll+0x20850d]
V  [jvm.dll+0x18a4b1]
V  [jvm.dll+0x217eec]
V  [jvm.dll+0x21612b]
V  [jvm.dll+0x77bac0]
V  [jvm.dll+0x7749f4]
V  [jvm.dll+0x62adf5]
C  [ucrtbase.dll+0x21bb2]
C  [KERNEL32.DLL+0x17344]
C  [ntdll.dll+0x526b1]


---------------  P R O C E S S  ---------------

Threads class SMR info:
_java_thread_list=0x000001ae87986020, length=86, elements={
0x000001aee4224800, 0x000001aefea76800, 0x000001aefea77800, 0x000001aefeac6800,
0x000001aefeac7000, 0x000001aefeac8000, 0x000001aefeacb800, 0x000001aefeacc800,
0x000001aeff447000, 0x000001aeff53a000, 0x000001ae852da000, 0x000001ae846ec800,
0x000001ae84ae2000, 0x000001ae840c8000, 0x000001ae84567800, 0x000001aefffbf800,
0x000001aefff5d000, 0x000001ae85295800, 0x000001ae84e3c800, 0x000001ae85503000,
0x000001ae85502000, 0x000001ae85504800, 0x000001ae854ff800, 0x000001ae85505000,
0x000001ae85501000, 0x000001ae85500800, 0x000001ae85506000, 0x000001ae84bb6000,
0x000001ae84bb4800, 0x000001ae84bb0000, 0x000001ae84bb3800, 0x000001ae84bb5000,
0x000001ae84bb1000, 0x000001ae84bb6800, 0x000001ae84bb7800, 0x000001ae84bb8800,
0x000001ae84bb2800, 0x000001ae84bbb800, 0x000001ae84bb9000, 0x000001ae84bbc800,
0x000001ae84bbd000, 0x000001ae84bbe000, 0x000001ae84bbf000, 0x000001ae84bba000,
0x000001ae84bbb000, 0x000001ae85503800, 0x000001ae879f5000, 0x000001ae879f7800,
0x000001ae879f6800, 0x000001ae879f6000, 0x000001ae879fa000, 0x000001ae879f8800,
0x000001ae879f9000, 0x000001ae879f4800, 0x000001ae879fe000, 0x000001ae879fb800,
0x000001ae879fd800, 0x000001ae879ff800, 0x000001ae879ff000, 0x000001ae879fc800,
0x000001ae87a00800, 0x000001ae879fb000, 0x000001ae87a01800, 0x000001ae87a02000,
0x000001ae87a03000, 0x000001ae8ae82800, 0x000001ae8ae80000, 0x000001ae8ae80800,
0x000001ae8ae83000, 0x000001ae8ae84000, 0x000001ae8ae81800, 0x000001ae8ae85000,
0x000001ae8ae7f000, 0x000001ae8ae85800, 0x000001ae8ae88000, 0x000001ae8ae87800,
0x000001ae8ae89800, 0x000001ae8ae8c000, 0x000001ae8ae86800, 0x000001ae8ae89000,
0x000001ae8ae8a800, 0x000001ae8ae8d000, 0x000001ae8ae8e000, 0x000001ae8ae8b800,
0x000001ae87997800, 0x000001ae8799b000
}

Java Threads: ( => current thread )
  0x000001aee4224800 JavaThread "main" [_thread_blocked, id=14036, stack(0x00000090df400000,0x00000090df500000)]
  0x000001aefea76800 JavaThread "Reference Handler" daemon [_thread_blocked, id=4876, stack(0x00000090dfc00000,0x00000090dfd00000)]
  0x000001aefea77800 JavaThread "Finalizer" daemon [_thread_blocked, id=14912, stack(0x00000090dfd00000,0x00000090dfe00000)]
  0x000001aefeac6800 JavaThread "Signal Dispatcher" daemon [_thread_blocked, id=8008, stack(0x00000090dfe00000,0x00000090dff00000)]
  0x000001aefeac7000 JavaThread "Attach Listener" daemon [_thread_blocked, id=16064, stack(0x00000090dff00000,0x00000090e0000000)]
  0x000001aefeac8000 JavaThread "Service Thread" daemon [_thread_blocked, id=16592, stack(0x00000090e0000000,0x00000090e0100000)]
=>0x000001aefeacb800 JavaThread "C2 CompilerThread0" daemon [_thread_in_native, id=10064, stack(0x00000090e0100000,0x00000090e0200000)]
  0x000001aefeacc800 JavaThread "C1 CompilerThread0" daemon [_thread_blocked, id=15804, stack(0x00000090e0200000,0x00000090e0300000)]
  0x000001aeff447000 JavaThread "Sweeper thread" daemon [_thread_blocked, id=12856, stack(0x00000090e0300000,0x00000090e0400000)]
  0x000001aeff53a000 JavaThread "Common-Cleaner" daemon [_thread_blocked, id=14816, stack(0x00000090e0400000,0x00000090e0500000)]
  0x000001ae852da000 JavaThread "Daemon health stats" [_thread_blocked, id=9028, stack(0x00000090e0800000,0x00000090e0900000)]
  0x000001ae846ec800 JavaThread "Incoming local TCP Connector on port 64055" [_thread_in_native, id=17032, stack(0x00000090e0900000,0x00000090e0a00000)]
  0x000001ae84ae2000 JavaThread "Daemon periodic checks" [_thread_blocked, id=17812, stack(0x00000090e0c00000,0x00000090e0d00000)]
  0x000001ae840c8000 JavaThread "Daemon" [_thread_blocked, id=17912, stack(0x00000090e0d00000,0x00000090e0e00000)]
  0x000001ae84567800 JavaThread "Handler for socket connection from /127.0.0.1:64055 to /127.0.0.1:64071" [_thread_in_native, id=17940, stack(0x00000090e0e00000,0x00000090e0f00000)]
  0x000001aefffbf800 JavaThread "Cancel handler" [_thread_blocked, id=17980, stack(0x00000090e0f00000,0x00000090e1000000)]
  0x000001aefff5d000 JavaThread "Daemon worker" [_thread_blocked, id=17996, stack(0x00000090e1000000,0x00000090e1100000)]
  0x000001ae85295800 JavaThread "Asynchronous log dispatcher for DefaultDaemonConnection: socket connection from /127.0.0.1:64055 to /127.0.0.1:64071" [_thread_blocked, id=18024, stack(0x00000090e1100000,0x00000090e1200000)]
  0x000001ae84e3c800 JavaThread "Daemon client event forwarder" [_thread_blocked, id=18032, stack(0x00000090e1300000,0x00000090e1400000)]
  0x000001ae85503000 JavaThread "Cache worker for journal cache (C:\Users\tahaa\.gradle\caches\journal-1)" [_thread_blocked, id=18120, stack(0x00000090e1500000,0x00000090e1600000)]
  0x000001ae85502000 JavaThread "File lock request listener" [_thread_in_native, id=18156, stack(0x00000090e1600000,0x00000090e1700000)]
  0x000001ae85504800 JavaThread "Cache worker for file hash cache (C:\Users\tahaa\.gradle\caches\8.0.1\fileHashes)" [_thread_blocked, id=18284, stack(0x00000090e1800000,0x00000090e1900000)]
  0x000001ae854ff800 JavaThread "File watcher server" daemon [_thread_in_native, id=15548, stack(0x00000090e1900000,0x00000090e1a00000)]
  0x000001ae85505000 JavaThread "File watcher consumer" daemon [_thread_blocked, id=14972, stack(0x00000090e1a00000,0x00000090e1b00000)]
  0x000001ae85501000 JavaThread "Cache worker for checksums cache (F:\RN PROJECTS\Whoo\android\.gradle\8.0.1\checksums)" [_thread_blocked, id=17516, stack(0x00000090df300000,0x00000090df400000)]
  0x000001ae85500800 JavaThread "Cache worker for cache directory md-rule (C:\Users\tahaa\.gradle\caches\8.0.1\md-rule)" [_thread_blocked, id=17736, stack(0x00000090df500000,0x00000090df600000)]
  0x000001ae85506000 JavaThread "Cache worker for file content cache (C:\Users\tahaa\.gradle\caches\8.0.1\fileContent)" [_thread_blocked, id=17676, stack(0x00000090e1b00000,0x00000090e1c00000)]
  0x000001ae84bb6000 JavaThread "Cache worker for file hash cache (F:\RN PROJECTS\Whoo\android\.gradle\8.0.1\fileHashes)" [_thread_blocked, id=14104, stack(0x00000090e1c00000,0x00000090e1d00000)]
  0x000001ae84bb4800 JavaThread "Cache worker for cache directory md-supplier (C:\Users\tahaa\.gradle\caches\8.0.1\md-supplier)" [_thread_blocked, id=1520, stack(0x00000090e1d00000,0x00000090e1e00000)]
  0x000001ae84bb0000 JavaThread "Cache worker for execution history cache (C:\Users\tahaa\.gradle\caches\8.0.1\executionHistory)" [_thread_blocked, id=10496, stack(0x00000090e1e00000,0x00000090e1f00000)]
  0x000001ae84bb3800 JavaThread "jar transforms" [_thread_blocked, id=7560, stack(0x00000090e1f00000,0x00000090e2000000)]
  0x000001ae84bb5000 JavaThread "jar transforms Thread 2" [_thread_blocked, id=18704, stack(0x00000090e2000000,0x00000090e2100000)]
  0x000001ae84bb1000 JavaThread "jar transforms Thread 3" [_thread_blocked, id=19260, stack(0x00000090e1200000,0x00000090e1300000)]
  0x000001ae84bb6800 JavaThread "jar transforms Thread 4" [_thread_blocked, id=18520, stack(0x00000090e2100000,0x00000090e2200000)]
  0x000001ae84bb7800 JavaThread "Cache worker for kotlin-dsl (C:\Users\tahaa\.gradle\caches\8.0.1\kotlin-dsl)" [_thread_blocked, id=20324, stack(0x00000090e0a00000,0x00000090e0b00000)]
  0x000001ae84bb8800 JavaThread "File lock release action executor Thread 4" [_thread_in_native, id=19796, stack(0x00000090e0b00000,0x00000090e0c00000)]
  0x000001ae84bb2800 JavaThread "Cache worker for dependencies-accessors (F:\RN PROJECTS\Whoo\android\.gradle\8.0.1\dependencies-accessors)" [_thread_blocked, id=13824, stack(0x00000090e2200000,0x00000090e2300000)]
  0x000001ae84bbb800 JavaThread "Cache worker for Build Output Cleanup Cache (F:\RN PROJECTS\Whoo\node_modules\@react-native\gradle-plugin\.gradle\buildOutputCleanup)" [_thread_blocked, id=18832, stack(0x00000090e2300000,0x00000090e2400000)]
  0x000001ae84bb9000 JavaThread "Unconstrained build operations" [_thread_blocked, id=12544, stack(0x00000090e2400000,0x00000090e2500000)]
  0x000001ae84bbc800 JavaThread "Unconstrained build operations Thread 2" [_thread_blocked, id=4088, stack(0x00000090e2500000,0x00000090e2600000)]
  0x000001ae84bbd000 JavaThread "Unconstrained build operations Thread 3" [_thread_blocked, id=17336, stack(0x00000090e2600000,0x00000090e2700000)]
  0x000001ae84bbe000 JavaThread "Unconstrained build operations Thread 4" [_thread_blocked, id=17760, stack(0x00000090e2700000,0x00000090e2800000)]
  0x000001ae84bbf000 JavaThread "Unconstrained build operations Thread 5" [_thread_blocked, id=2588, stack(0x00000090e2800000,0x00000090e2900000)]
  0x000001ae84bba000 JavaThread "Unconstrained build operations Thread 6" [_thread_blocked, id=1020, stack(0x00000090e2900000,0x00000090e2a00000)]
  0x000001ae84bbb000 JavaThread "Unconstrained build operations Thread 7" [_thread_blocked, id=6300, stack(0x00000090e2a00000,0x00000090e2b00000)]
  0x000001ae85503800 JavaThread "Unconstrained build operations Thread 8" [_thread_blocked, id=12952, stack(0x00000090e2b00000,0x00000090e2c00000)]
  0x000001ae879f5000 JavaThread "Unconstrained build operations Thread 9" [_thread_blocked, id=6192, stack(0x00000090e2c00000,0x00000090e2d00000)]
  0x000001ae879f7800 JavaThread "Unconstrained build operations Thread 10" [_thread_blocked, id=1968, stack(0x00000090e2d00000,0x00000090e2e00000)]
  0x000001ae879f6800 JavaThread "Unconstrained build operations Thread 11" [_thread_blocked, id=3528, stack(0x00000090e2e00000,0x00000090e2f00000)]
  0x000001ae879f6000 JavaThread "Unconstrained build operations Thread 12" [_thread_blocked, id=5828, stack(0x00000090e2f00000,0x00000090e3000000)]
  0x000001ae879fa000 JavaThread "Unconstrained build operations Thread 13" [_thread_blocked, id=10892, stack(0x00000090e3000000,0x00000090e3100000)]
  0x000001ae879f8800 JavaThread "Unconstrained build operations Thread 14" [_thread_blocked, id=856, stack(0x00000090e3100000,0x00000090e3200000)]
  0x000001ae879f9000 JavaThread "Unconstrained build operations Thread 15" [_thread_blocked, id=14244, stack(0x00000090e3200000,0x00000090e3300000)]
  0x000001ae879f4800 JavaThread "Unconstrained build operations Thread 16" [_thread_blocked, id=3944, stack(0x00000090e3300000,0x00000090e3400000)]
  0x000001ae879fe000 JavaThread "Unconstrained build operations Thread 17" [_thread_blocked, id=7024, stack(0x00000090e3400000,0x00000090e3500000)]
  0x000001ae879fb800 JavaThread "Unconstrained build operations Thread 18" [_thread_blocked, id=2536, stack(0x00000090e3500000,0x00000090e3600000)]
  0x000001ae879fd800 JavaThread "Unconstrained build operations Thread 19" [_thread_blocked, id=9088, stack(0x00000090e3600000,0x00000090e3700000)]
  0x000001ae879ff800 JavaThread "Unconstrained build operations Thread 20" [_thread_blocked, id=12484, stack(0x00000090e3700000,0x00000090e3800000)]
  0x000001ae879ff000 JavaThread "Unconstrained build operations Thread 21" [_thread_blocked, id=684, stack(0x00000090e3800000,0x00000090e3900000)]
  0x000001ae879fc800 JavaThread "Unconstrained build operations Thread 22" [_thread_blocked, id=4664, stack(0x00000090e3900000,0x00000090e3a00000)]
  0x000001ae87a00800 JavaThread "Unconstrained build operations Thread 23" [_thread_blocked, id=15660, stack(0x00000090e3a00000,0x00000090e3b00000)]
  0x000001ae879fb000 JavaThread "Unconstrained build operations Thread 24" [_thread_blocked, id=11212, stack(0x00000090e3b00000,0x00000090e3c00000)]
  0x000001ae87a01800 JavaThread "Unconstrained build operations Thread 25" [_thread_blocked, id=10396, stack(0x00000090e3c00000,0x00000090e3d00000)]
  0x000001ae87a02000 JavaThread "Unconstrained build operations Thread 26" [_thread_blocked, id=4912, stack(0x00000090e3d00000,0x00000090e3e00000)]
  0x000001ae87a03000 JavaThread "Memory manager" [_thread_blocked, id=16912, stack(0x00000090e1700000,0x00000090e1800000)]
  0x000001ae8ae82800 JavaThread "Cache worker for Build Output Cleanup Cache (F:\RN PROJECTS\Whoo\android\.gradle\buildOutputCleanup)" [_thread_blocked, id=6884, stack(0x00000090e3e00000,0x00000090e3f00000)]
  0x000001ae8ae80000 JavaThread "included builds" [_thread_blocked, id=21708, stack(0x00000090e3f00000,0x00000090e4000000)]
  0x000001ae8ae80800 JavaThread "Execution worker" [_thread_blocked, id=21724, stack(0x00000090e4000000,0x00000090e4100000)]
  0x000001ae8ae83000 JavaThread "Execution worker Thread 2" [_thread_blocked, id=21728, stack(0x00000090e4100000,0x00000090e4200000)]
  0x000001ae8ae84000 JavaThread "Execution worker Thread 3" [_thread_blocked, id=21732, stack(0x00000090e4200000,0x00000090e4300000)]
  0x000001ae8ae81800 JavaThread "Cache worker for execution history cache (F:\RN PROJECTS\Whoo\node_modules\@react-native\gradle-plugin\.gradle\8.0.1\executionHistory)" [_thread_blocked, id=21788, stack(0x00000090e4300000,0x00000090e4400000)]
  0x000001ae8ae85000 JavaThread "Unconstrained build operations Thread 27" [_thread_blocked, id=21980, stack(0x00000090e4400000,0x00000090e4500000)]
  0x000001ae8ae7f000 JavaThread "Unconstrained build operations Thread 28" [_thread_blocked, id=21984, stack(0x00000090e4500000,0x00000090e4600000)]
  0x000001ae8ae85800 JavaThread "Unconstrained build operations Thread 29" [_thread_blocked, id=21988, stack(0x00000090e4600000,0x00000090e4700000)]
  0x000001ae8ae88000 JavaThread "Unconstrained build operations Thread 30" [_thread_blocked, id=21992, stack(0x00000090e4700000,0x00000090e4800000)]
  0x000001ae8ae87800 JavaThread "Unconstrained build operations Thread 31" [_thread_blocked, id=22184, stack(0x00000090e4800000,0x00000090e4900000)]
  0x000001ae8ae89800 JavaThread "Unconstrained build operations Thread 32" [_thread_blocked, id=22188, stack(0x00000090e4900000,0x00000090e4a00000)]
  0x000001ae8ae8c000 JavaThread "Unconstrained build operations Thread 33" [_thread_blocked, id=22192, stack(0x00000090e4a00000,0x00000090e4b00000)]
  0x000001ae8ae86800 JavaThread "Unconstrained build operations Thread 34" [_thread_blocked, id=22196, stack(0x00000090e4b00000,0x00000090e4c00000)]
  0x000001ae8ae89000 JavaThread "Unconstrained build operations Thread 35" [_thread_blocked, id=22200, stack(0x00000090e4c00000,0x00000090e4d00000)]
  0x000001ae8ae8a800 JavaThread "Unconstrained build operations Thread 36" [_thread_blocked, id=22204, stack(0x00000090e4d00000,0x00000090e4e00000)]
  0x000001ae8ae8d000 JavaThread "Unconstrained build operations Thread 37" [_thread_blocked, id=22208, stack(0x00000090e4e00000,0x00000090e4f00000)]
  0x000001ae8ae8e000 JavaThread "Unconstrained build operations Thread 38" [_thread_blocked, id=22212, stack(0x00000090e4f00000,0x00000090e5000000)]
  0x000001ae8ae8b800 JavaThread "Unconstrained build operations Thread 39" [_thread_blocked, id=22216, stack(0x00000090e5000000,0x00000090e5100000)]
  0x000001ae87997800 JavaThread "Unconstrained build operations Thread 40" [_thread_blocked, id=22220, stack(0x00000090e5100000,0x00000090e5200000)]
  0x000001ae8799b000 JavaThread "File lock release action executor Thread 5" [_thread_blocked, id=22240, stack(0x00000090e5200000,0x00000090e5300000)]

Other Threads:
  0x000001aefea60000 VMThread "VM Thread" [stack: 0x00000090dfb00000,0x00000090dfc00000] [id=15640]
  0x000001aeff563000 WatcherThread [stack: 0x00000090e0500000,0x00000090e0600000] [id=16780]
  0x000001aee423e000 GCTaskThread "GC Thread#0" [stack: 0x00000090df600000,0x00000090df700000] [id=15952]
  0x000001aeff662800 GCTaskThread "GC Thread#1" [stack: 0x00000090e0600000,0x00000090e0700000] [id=17256]
  0x000001aeff872000 GCTaskThread "GC Thread#2" [stack: 0x00000090e0700000,0x00000090e0800000] [id=8632]
  0x000001ae84a4b800 GCTaskThread "GC Thread#3" [stack: 0x00000090e1400000,0x00000090e1500000] [id=18092]
  0x000001aee426f800 ConcurrentGCThread "G1 Main Marker" [stack: 0x00000090df700000,0x00000090df800000] [id=7720]
  0x000001aee4271000 ConcurrentGCThread "G1 Conc#0" [stack: 0x00000090df800000,0x00000090df900000] [id=14620]
  0x000001aee42fe000 ConcurrentGCThread "G1 Refine#0" [stack: 0x00000090df900000,0x00000090dfa00000] [id=13676]
  0x000001aefe8d0800 ConcurrentGCThread "G1 Young RemSet Sampling" [stack: 0x00000090dfa00000,0x00000090dfb00000] [id=13132]

Threads with active compile tasks:
C2 CompilerThread0   563516 8011       4       java.util.regex.Pattern::split (290 bytes)

VM state:not at safepoint (normal execution)

VM Mutex/Monitor currently owned by a thread: None

Heap address: 0x0000000080000000, size: 2048 MB, Compressed Oops mode: 32-bit
Narrow klass base: 0x0000000000000000, Narrow klass shift: 3
Compressed class space size: 528482304 Address: 0x0000000100000000

Heap:
 garbage-first heap   total 131072K, used 87747K [0x0000000080000000, 0x0000000100000000)
  region size 1024K, 43 young (44032K), 8 survivors (8192K)
 Metaspace       used 72851K, capacity 75040K, committed 75216K, reserved 581632K
  class space    used 9423K, capacity 10346K, committed 10368K, reserved 516096K
Heap Regions: E=young(eden), S=young(survivor), O=old, HS=humongous(starts), HC=humongous(continues), CS=collection set, F=free, A=archive, TAMS=top-at-mark-start (previous, next)
|   0|0x0000000080000000, 0x0000000080100000, 0x0000000080100000|100%| O|  |TAMS 0x0000000080100000, 0x0000000080000000| Untracked 
|   1|0x0000000080100000, 0x0000000080200000, 0x0000000080200000|100%| O|  |TAMS 0x0000000080200000, 0x0000000080100000| Untracked 
|   2|0x0000000080200000, 0x0000000080300000, 0x0000000080300000|100%| O|  |TAMS 0x0000000080300000, 0x0000000080200000| Untracked 
|   3|0x0000000080300000, 0x0000000080400000, 0x0000000080400000|100%|HS|  |TAMS 0x0000000080400000, 0x0000000080300000| Complete 
|   4|0x0000000080400000, 0x0000000080500000, 0x0000000080500000|100%|HC|  |TAMS 0x0000000080500000, 0x0000000080400000| Complete 
|   5|0x0000000080500000, 0x0000000080600000, 0x0000000080600000|100%|HC|  |TAMS 0x0000000080600000, 0x0000000080500000| Complete 
|   6|0x0000000080600000, 0x0000000080700000, 0x0000000080700000|100%|HC|  |TAMS 0x0000000080700000, 0x0000000080600000| Complete 
|   7|0x0000000080700000, 0x0000000080800000, 0x0000000080800000|100%| O|  |TAMS 0x0000000080800000, 0x0000000080700000| Untracked 
|   8|0x0000000080800000, 0x0000000080900000, 0x0000000080900000|100%| O|  |TAMS 0x0000000080900000, 0x0000000080800000| Untracked 
|   9|0x0000000080900000, 0x0000000080a00000, 0x0000000080a00000|100%| O|  |TAMS 0x0000000080a00000, 0x0000000080900000| Untracked 
|  10|0x0000000080a00000, 0x0000000080b00000, 0x0000000080b00000|100%| O|  |TAMS 0x0000000080b00000, 0x0000000080a00000| Untracked 
|  11|0x0000000080b00000, 0x0000000080c00000, 0x0000000080c00000|100%| O|  |TAMS 0x0000000080c00000, 0x0000000080b00000| Untracked 
|  12|0x0000000080c00000, 0x0000000080d00000, 0x0000000080d00000|100%| O|  |TAMS 0x0000000080d00000, 0x0000000080c00000| Untracked 
|  13|0x0000000080d00000, 0x0000000080e00000, 0x0000000080e00000|100%| O|  |TAMS 0x0000000080e00000, 0x0000000080d00000| Untracked 
|  14|0x0000000080e00000, 0x0000000080f00000, 0x0000000080f00000|100%| O|  |TAMS 0x0000000080f00000, 0x0000000080e00000| Untracked 
|  15|0x0000000080f00000, 0x0000000081000000, 0x0000000081000000|100%| O|  |TAMS 0x0000000081000000, 0x0000000080f00000| Untracked 
|  16|0x0000000081000000, 0x0000000081100000, 0x0000000081100000|100%| O|  |TAMS 0x0000000081100000, 0x0000000081000000| Untracked 
|  17|0x0000000081100000, 0x0000000081200000, 0x0000000081200000|100%| O|  |TAMS 0x0000000081200000, 0x0000000081100000| Untracked 
|  18|0x0000000081200000, 0x0000000081300000, 0x0000000081300000|100%| O|  |TAMS 0x0000000081300000, 0x0000000081200000| Untracked 
|  19|0x0000000081300000, 0x0000000081400000, 0x0000000081400000|100%| O|  |TAMS 0x0000000081400000, 0x0000000081300000| Untracked 
|  20|0x0000000081400000, 0x0000000081500000, 0x0000000081500000|100%| O|  |TAMS 0x0000000081500000, 0x0000000081400000| Untracked 
|  21|0x0000000081500000, 0x0000000081600000, 0x0000000081600000|100%| O|  |TAMS 0x0000000081600000, 0x0000000081500000| Untracked 
|  22|0x0000000081600000, 0x0000000081700000, 0x0000000081700000|100%| O|  |TAMS 0x0000000081700000, 0x0000000081600000| Untracked 
|  23|0x0000000081700000, 0x0000000081800000, 0x0000000081800000|100%| O|  |TAMS 0x0000000081800000, 0x0000000081700000| Untracked 
|  24|0x0000000081800000, 0x0000000081900000, 0x0000000081900000|100%| O|  |TAMS 0x0000000081900000, 0x0000000081800000| Untracked 
|  25|0x0000000081900000, 0x0000000081a00000, 0x0000000081a00000|100%| O|  |TAMS 0x0000000081a00000, 0x0000000081900000| Untracked 
|  26|0x0000000081a00000, 0x0000000081b00000, 0x0000000081b00000|100%| O|  |TAMS 0x0000000081b00000, 0x0000000081a00000| Untracked 
|  27|0x0000000081b00000, 0x0000000081c00000, 0x0000000081c00000|100%| O|  |TAMS 0x0000000081c00000, 0x0000000081b00000| Untracked 
|  28|0x0000000081c00000, 0x0000000081d00000, 0x0000000081d00000|100%|HS|  |TAMS 0x0000000081d00000, 0x0000000081c00000| Complete 
|  29|0x0000000081d00000, 0x0000000081e00000, 0x0000000081e00000|100%|HC|  |TAMS 0x0000000081e00000, 0x0000000081d00000| Complete 
|  30|0x0000000081e00000, 0x0000000081f00000, 0x0000000081f00000|100%|HS|  |TAMS 0x0000000081f00000, 0x0000000081e00000| Complete 
|  31|0x0000000081f00000, 0x0000000082000000, 0x0000000082000000|100%|HC|  |TAMS 0x0000000082000000, 0x0000000081f00000| Complete 
|  32|0x0000000082000000, 0x0000000082100000, 0x0000000082100000|100%|HC|  |TAMS 0x0000000082100000, 0x0000000082000000| Complete 
|  33|0x0000000082100000, 0x0000000082200000, 0x0000000082200000|100%|HC|  |TAMS 0x0000000082200000, 0x0000000082100000| Complete 
|  34|0x0000000082200000, 0x0000000082300000, 0x0000000082300000|100%| O|  |TAMS 0x0000000082300000, 0x0000000082200000| Untracked 
|  35|0x0000000082300000, 0x0000000082400000, 0x0000000082400000|100%| O|  |TAMS 0x0000000082400000, 0x0000000082300000| Untracked 
|  36|0x0000000082400000, 0x0000000082500000, 0x0000000082500000|100%| O|  |TAMS 0x0000000082500000, 0x0000000082400000| Untracked 
|  37|0x0000000082500000, 0x0000000082600000, 0x0000000082600000|100%| O|  |TAMS 0x0000000082600000, 0x0000000082500000| Untracked 
|  38|0x0000000082600000, 0x0000000082700000, 0x0000000082700000|100%| O|  |TAMS 0x0000000082700000, 0x0000000082600000| Untracked 
|  39|0x0000000082700000, 0x0000000082800000, 0x0000000082800000|100%| O|  |TAMS 0x0000000082800000, 0x0000000082700000| Untracked 
|  40|0x0000000082800000, 0x0000000082900000, 0x0000000082900000|100%| O|  |TAMS 0x0000000082900000, 0x0000000082800000| Untracked 
|  41|0x0000000082900000, 0x0000000082a00000, 0x0000000082a00000|100%| O|  |TAMS 0x0000000082a00000, 0x0000000082900000| Untracked 
|  42|0x0000000082a00000, 0x0000000082b00000, 0x0000000082b00000|100%| O|  |TAMS 0x0000000082b00000, 0x0000000082a00000| Untracked 
|  43|0x0000000082b00000, 0x0000000082c00000, 0x0000000082c00000|100%| O|  |TAMS 0x0000000082c00000, 0x0000000082b00000| Untracked 
|  44|0x0000000082c00000, 0x0000000082d00000, 0x0000000082d00000|100%| O|  |TAMS 0x0000000082d00000, 0x0000000082c00000| Untracked 
|  45|0x0000000082d00000, 0x0000000082d4a600, 0x0000000082e00000| 29%| O|  |TAMS 0x0000000082d4a600, 0x0000000082d00000| Untracked 
|  46|0x0000000082e00000, 0x0000000082e00000, 0x0000000082f00000|  0%| F|  |TAMS 0x0000000082e00000, 0x0000000082e00000| Untracked 
|  47|0x0000000082f00000, 0x0000000082f00000, 0x0000000083000000|  0%| F|  |TAMS 0x0000000082f00000, 0x0000000082f00000| Untracked 
|  48|0x0000000083000000, 0x0000000083000000, 0x0000000083100000|  0%| F|  |TAMS 0x0000000083000000, 0x0000000083000000| Untracked 
|  49|0x0000000083100000, 0x0000000083100000, 0x0000000083200000|  0%| F|  |TAMS 0x0000000083100000, 0x0000000083100000| Untracked 
|  50|0x0000000083200000, 0x0000000083200000, 0x0000000083300000|  0%| F|  |TAMS 0x0000000083200000, 0x0000000083200000| Untracked 
|  51|0x0000000083300000, 0x0000000083300000, 0x0000000083400000|  0%| F|  |TAMS 0x0000000083300000, 0x0000000083300000| Untracked 
|  52|0x0000000083400000, 0x0000000083400000, 0x0000000083500000|  0%| F|  |TAMS 0x0000000083400000, 0x0000000083400000| Untracked 
|  53|0x0000000083500000, 0x0000000083500000, 0x0000000083600000|  0%| F|  |TAMS 0x0000000083500000, 0x0000000083500000| Untracked 
|  54|0x0000000083600000, 0x0000000083600000, 0x0000000083700000|  0%| F|  |TAMS 0x0000000083600000, 0x0000000083600000| Untracked 
|  55|0x0000000083700000, 0x0000000083700000, 0x0000000083800000|  0%| F|  |TAMS 0x0000000083700000, 0x0000000083700000| Untracked 
|  56|0x0000000083800000, 0x0000000083800000, 0x0000000083900000|  0%| F|  |TAMS 0x0000000083800000, 0x0000000083800000| Untracked 
|  57|0x0000000083900000, 0x0000000083900000, 0x0000000083a00000|  0%| F|  |TAMS 0x0000000083900000, 0x0000000083900000| Untracked 
|  58|0x0000000083a00000, 0x0000000083a00000, 0x0000000083b00000|  0%| F|  |TAMS 0x0000000083a00000, 0x0000000083a00000| Untracked 
|  59|0x0000000083b00000, 0x0000000083b00000, 0x0000000083c00000|  0%| F|  |TAMS 0x0000000083b00000, 0x0000000083b00000| Untracked 
|  60|0x0000000083c00000, 0x0000000083c00000, 0x0000000083d00000|  0%| F|  |TAMS 0x0000000083c00000, 0x0000000083c00000| Untracked 
|  61|0x0000000083d00000, 0x0000000083d00000, 0x0000000083e00000|  0%| F|  |TAMS 0x0000000083d00000, 0x0000000083d00000| Untracked 
|  62|0x0000000083e00000, 0x0000000083e00000, 0x0000000083f00000|  0%| F|  |TAMS 0x0000000083e00000, 0x0000000083e00000| Untracked 
|  63|0x0000000083f00000, 0x0000000083f66740, 0x0000000084000000| 40%| S|CS|TAMS 0x0000000083f00000, 0x0000000083f00000| Complete 
|  64|0x0000000084000000, 0x0000000084100000, 0x0000000084100000|100%| S|CS|TAMS 0x0000000084000000, 0x0000000084000000| Complete 
|  65|0x0000000084100000, 0x0000000084200000, 0x0000000084200000|100%| S|CS|TAMS 0x0000000084100000, 0x0000000084100000| Complete 
|  66|0x0000000084200000, 0x0000000084300000, 0x0000000084300000|100%| S|CS|TAMS 0x0000000084200000, 0x0000000084200000| Complete 
|  67|0x0000000084300000, 0x0000000084400000, 0x0000000084400000|100%| S|CS|TAMS 0x0000000084300000, 0x0000000084300000| Complete 
|  68|0x0000000084400000, 0x0000000084500000, 0x0000000084500000|100%| S|CS|TAMS 0x0000000084400000, 0x0000000084400000| Complete 
|  69|0x0000000084500000, 0x0000000084600000, 0x0000000084600000|100%| S|CS|TAMS 0x0000000084500000, 0x0000000084500000| Complete 
|  70|0x0000000084600000, 0x0000000084700000, 0x0000000084700000|100%| S|CS|TAMS 0x0000000084600000, 0x0000000084600000| Complete 
|  71|0x0000000084700000, 0x0000000084700000, 0x0000000084800000|  0%| F|  |TAMS 0x0000000084700000, 0x0000000084700000| Untracked 
|  72|0x0000000084800000, 0x0000000084800000, 0x0000000084900000|  0%| F|  |TAMS 0x0000000084800000, 0x0000000084800000| Untracked 
|  73|0x0000000084900000, 0x0000000084900000, 0x0000000084a00000|  0%| F|  |TAMS 0x0000000084900000, 0x0000000084900000| Untracked 
|  74|0x0000000084a00000, 0x0000000084a00000, 0x0000000084b00000|  0%| F|  |TAMS 0x0000000084a00000, 0x0000000084a00000| Untracked 
|  75|0x0000000084b00000, 0x0000000084b00000, 0x0000000084c00000|  0%| F|  |TAMS 0x0000000084b00000, 0x0000000084b00000| Untracked 
|  76|0x0000000084c00000, 0x0000000084c00000, 0x0000000084d00000|  0%| F|  |TAMS 0x0000000084c00000, 0x0000000084c00000| Untracked 
|  77|0x0000000084d00000, 0x0000000084d00000, 0x0000000084e00000|  0%| F|  |TAMS 0x0000000084d00000, 0x0000000084d00000| Untracked 
|  78|0x0000000084e00000, 0x0000000084e00000, 0x0000000084f00000|  0%| F|  |TAMS 0x0000000084e00000, 0x0000000084e00000| Untracked 
|  79|0x0000000084f00000, 0x0000000084f00000, 0x0000000085000000|  0%| F|  |TAMS 0x0000000084f00000, 0x0000000084f00000| Untracked 
|  80|0x0000000085000000, 0x0000000085000000, 0x0000000085100000|  0%| F|  |TAMS 0x0000000085000000, 0x0000000085000000| Untracked 
|  81|0x0000000085100000, 0x0000000085100000, 0x0000000085200000|  0%| F|  |TAMS 0x0000000085100000, 0x0000000085100000| Untracked 
|  82|0x0000000085200000, 0x0000000085200000, 0x0000000085300000|  0%| F|  |TAMS 0x0000000085200000, 0x0000000085200000| Untracked 
|  83|0x0000000085300000, 0x0000000085300000, 0x0000000085400000|  0%| F|  |TAMS 0x0000000085300000, 0x0000000085300000| Untracked 
|  84|0x0000000085400000, 0x0000000085400000, 0x0000000085500000|  0%| F|  |TAMS 0x0000000085400000, 0x0000000085400000| Untracked 
|  85|0x0000000085500000, 0x0000000085500000, 0x0000000085600000|  0%| F|  |TAMS 0x0000000085500000, 0x0000000085500000| Untracked 
|  86|0x0000000085600000, 0x0000000085600000, 0x0000000085700000|  0%| F|  |TAMS 0x0000000085600000, 0x0000000085600000| Untracked 
|  87|0x0000000085700000, 0x0000000085700000, 0x0000000085800000|  0%| F|  |TAMS 0x0000000085700000, 0x0000000085700000| Untracked 
|  88|0x0000000085800000, 0x0000000085800000, 0x0000000085900000|  0%| F|  |TAMS 0x0000000085800000, 0x0000000085800000| Untracked 
|  89|0x0000000085900000, 0x0000000085900000, 0x0000000085a00000|  0%| F|  |TAMS 0x0000000085900000, 0x0000000085900000| Untracked 
|  90|0x0000000085a00000, 0x0000000085a00000, 0x0000000085b00000|  0%| F|  |TAMS 0x0000000085a00000, 0x0000000085a00000| Untracked 
|  91|0x0000000085b00000, 0x0000000085b00000, 0x0000000085c00000|  0%| F|  |TAMS 0x0000000085b00000, 0x0000000085b00000| Untracked 
|  92|0x0000000085c00000, 0x0000000085c00000, 0x0000000085d00000|  0%| F|  |TAMS 0x0000000085c00000, 0x0000000085c00000| Untracked 
|  93|0x0000000085d00000, 0x0000000085d28568, 0x0000000085e00000| 15%| E|  |TAMS 0x0000000085d00000, 0x0000000085d00000| Complete 
|  94|0x0000000085e00000, 0x0000000085f00000, 0x0000000085f00000|100%| E|CS|TAMS 0x0000000085e00000, 0x0000000085e00000| Complete 
|  95|0x0000000085f00000, 0x0000000086000000, 0x0000000086000000|100%| E|CS|TAMS 0x0000000085f00000, 0x0000000085f00000| Complete 
|  96|0x0000000086000000, 0x0000000086100000, 0x0000000086100000|100%| E|CS|TAMS 0x0000000086000000, 0x0000000086000000| Complete 
|  97|0x0000000086100000, 0x0000000086200000, 0x0000000086200000|100%| E|CS|TAMS 0x0000000086100000, 0x0000000086100000| Complete 
|  98|0x0000000086200000, 0x0000000086300000, 0x0000000086300000|100%| E|CS|TAMS 0x0000000086200000, 0x0000000086200000| Complete 
|  99|0x0000000086300000, 0x0000000086400000, 0x0000000086400000|100%| E|CS|TAMS 0x0000000086300000, 0x0000000086300000| Complete 
| 100|0x0000000086400000, 0x0000000086500000, 0x0000000086500000|100%| E|CS|TAMS 0x0000000086400000, 0x0000000086400000| Complete 
| 101|0x0000000086500000, 0x0000000086600000, 0x0000000086600000|100%| E|CS|TAMS 0x0000000086500000, 0x0000000086500000| Complete 
| 102|0x0000000086600000, 0x0000000086700000, 0x0000000086700000|100%| E|CS|TAMS 0x0000000086600000, 0x0000000086600000| Complete 
| 103|0x0000000086700000, 0x0000000086800000, 0x0000000086800000|100%| E|CS|TAMS 0x0000000086700000, 0x0000000086700000| Complete 
| 104|0x0000000086800000, 0x0000000086900000, 0x0000000086900000|100%| E|CS|TAMS 0x0000000086800000, 0x0000000086800000| Complete 
| 105|0x0000000086900000, 0x0000000086a00000, 0x0000000086a00000|100%| E|  |TAMS 0x0000000086900000, 0x0000000086900000| Complete 
| 106|0x0000000086a00000, 0x0000000086b00000, 0x0000000086b00000|100%| E|CS|TAMS 0x0000000086a00000, 0x0000000086a00000| Complete 
| 107|0x0000000086b00000, 0x0000000086c00000, 0x0000000086c00000|100%| E|CS|TAMS 0x0000000086b00000, 0x0000000086b00000| Complete 
| 108|0x0000000086c00000, 0x0000000086d00000, 0x0000000086d00000|100%| E|CS|TAMS 0x0000000086c00000, 0x0000000086c00000| Complete 
| 109|0x0000000086d00000, 0x0000000086e00000, 0x0000000086e00000|100%| E|CS|TAMS 0x0000000086d00000, 0x0000000086d00000| Complete 
| 110|0x0000000086e00000, 0x0000000086f00000, 0x0000000086f00000|100%| E|CS|TAMS 0x0000000086e00000, 0x0000000086e00000| Complete 
| 111|0x0000000086f00000, 0x0000000087000000, 0x0000000087000000|100%| E|CS|TAMS 0x0000000086f00000, 0x0000000086f00000| Complete 
| 112|0x0000000087000000, 0x0000000087100000, 0x0000000087100000|100%| E|CS|TAMS 0x0000000087000000, 0x0000000087000000| Complete 
| 113|0x0000000087100000, 0x0000000087200000, 0x0000000087200000|100%| E|CS|TAMS 0x0000000087100000, 0x0000000087100000| Complete 
| 114|0x0000000087200000, 0x0000000087300000, 0x0000000087300000|100%| E|CS|TAMS 0x0000000087200000, 0x0000000087200000| Complete 
| 115|0x0000000087300000, 0x0000000087400000, 0x0000000087400000|100%| E|CS|TAMS 0x0000000087300000, 0x0000000087300000| Complete 
| 116|0x0000000087400000, 0x0000000087500000, 0x0000000087500000|100%| E|CS|TAMS 0x0000000087400000, 0x0000000087400000| Complete 
| 117|0x0000000087500000, 0x0000000087600000, 0x0000000087600000|100%| E|CS|TAMS 0x0000000087500000, 0x0000000087500000| Complete 
| 118|0x0000000087600000, 0x0000000087700000, 0x0000000087700000|100%| E|CS|TAMS 0x0000000087600000, 0x0000000087600000| Complete 
| 119|0x0000000087700000, 0x0000000087800000, 0x0000000087800000|100%| E|CS|TAMS 0x0000000087700000, 0x0000000087700000| Complete 
| 120|0x0000000087800000, 0x0000000087900000, 0x0000000087900000|100%| E|CS|TAMS 0x0000000087800000, 0x0000000087800000| Complete 
| 121|0x0000000087900000, 0x0000000087a00000, 0x0000000087a00000|100%| E|CS|TAMS 0x0000000087900000, 0x0000000087900000| Complete 
| 122|0x0000000087a00000, 0x0000000087b00000, 0x0000000087b00000|100%| E|CS|TAMS 0x0000000087a00000, 0x0000000087a00000| Complete 
| 123|0x0000000087b00000, 0x0000000087c00000, 0x0000000087c00000|100%| E|CS|TAMS 0x0000000087b00000, 0x0000000087b00000| Complete 
| 124|0x0000000087c00000, 0x0000000087d00000, 0x0000000087d00000|100%| E|CS|TAMS 0x0000000087c00000, 0x0000000087c00000| Complete 
| 125|0x0000000087d00000, 0x0000000087e00000, 0x0000000087e00000|100%| E|CS|TAMS 0x0000000087d00000, 0x0000000087d00000| Complete 
| 126|0x0000000087e00000, 0x0000000087f00000, 0x0000000087f00000|100%| E|CS|TAMS 0x0000000087e00000, 0x0000000087e00000| Complete 
| 127|0x0000000087f00000, 0x0000000088000000, 0x0000000088000000|100%| E|CS|TAMS 0x0000000087f00000, 0x0000000087f00000| Complete 

Card table byte_map: [0x000001aefbda0000,0x000001aefc1a0000] _byte_map_base: 0x000001aefb9a0000

Marking Bits (Prev, Next): (CMBitMap*) 0x000001aee4266b68, (CMBitMap*) 0x000001aee4266ba0
 Prev Bits: [0x000001aefc5a0000, 0x000001aefe5a0000)
 Next Bits: [0x000001ae80000000, 0x000001ae82000000)

Polling page: 0x000001aee2120000

Metaspace:

Usage:
  Non-class:     63.18 MB capacity,    61.94 MB ( 98%) used,     1.01 MB (  2%) free+waste,   236.19 KB ( <1%) overhead. 
      Class:     10.10 MB capacity,     9.20 MB ( 91%) used,   809.18 KB (  8%) free+waste,   113.19 KB (  1%) overhead. 
       Both:     73.28 MB capacity,    71.14 MB ( 97%) used,     1.80 MB (  2%) free+waste,   349.38 KB ( <1%) overhead. 

Virtual space:
  Non-class space:       64.00 MB reserved,      63.33 MB ( 99%) committed 
      Class space:      504.00 MB reserved,      10.13 MB (  2%) committed 
             Both:      568.00 MB reserved,      73.45 MB ( 13%) committed 

Chunk freelists:
   Non-Class:  26.00 KB
       Class:  22.00 KB
        Both:  48.00 KB

MaxMetaspaceSize: 512.00 MB
CompressedClassSpaceSize: 504.00 MB
Initial GC threshold: 20.80 MB
Current GC threshold: 114.71 MB
CDS: off

CodeHeap 'non-profiled nmethods': size=120064Kb used=4911Kb max_used=4911Kb free=115152Kb
 bounds [0x000001aef4460000, 0x000001aef4930000, 0x000001aefb9a0000]
CodeHeap 'profiled nmethods': size=120000Kb used=18195Kb max_used=18195Kb free=101804Kb
 bounds [0x000001aeecf30000, 0x000001aeee100000, 0x000001aef4460000]
CodeHeap 'non-nmethods': size=5696Kb used=2360Kb max_used=2392Kb free=3335Kb
 bounds [0x000001aeec9a0000, 0x000001aeecc10000, 0x000001aeecf30000]
 total_blobs=9217 nmethods=8339 adapters=790
 compilation: enabled
              stopped_count=0, restarted_count=0
 full_count=0

Compilation events (20 events):
Event: 561.095 Thread 0x000001aefeacc800 nmethod 8004 0x000001aeedff3390 code [0x000001aeedff3540, 0x000001aeedff37b8]
Event: 561.095 Thread 0x000001aefeacc800 8006       3       kotlin.reflect.jvm.internal.impl.serialization.deserialization.NameResolverUtilKt::getClassId (30 bytes)
Event: 561.096 Thread 0x000001aefeacc800 nmethod 8006 0x000001aeedff3890 code [0x000001aeedff3b00, 0x000001aeedff4278]
Event: 561.096 Thread 0x000001aefeacc800 8007       3       kotlin.reflect.jvm.internal.impl.name.ClassId::fromString (79 bytes)
Event: 561.098 Thread 0x000001aefeacc800 nmethod 8007 0x000001aeedff4510 code [0x000001aeedff4820, 0x000001aeedff57f8]
Event: 561.098 Thread 0x000001aefeacc800 8005       1       kotlin.reflect.jvm.internal.impl.protobuf.GeneratedMessageLite$GeneratedExtension::getContainingTypeDefaultInstance (5 bytes)
Event: 561.098 Thread 0x000001aefeacc800 nmethod 8005 0x000001aef4916690 code [0x000001aef4916840, 0x000001aef49168f8]
Event: 561.105 Thread 0x000001aefeacc800 8008       1       kotlin.reflect.jvm.internal.impl.name.ClassId::isLocal (5 bytes)
Event: 561.105 Thread 0x000001aefeacc800 nmethod 8008 0x000001aef4916990 code [0x000001aef4916b40, 0x000001aef4916bf8]
Event: 561.150 Thread 0x000001aefeacc800 8009       3       kotlin.reflect.jvm.internal.impl.metadata.jvm.deserialization.JvmNameResolverBase::getString (450 bytes)
Event: 561.150 Thread 0x000001aefeacb800 8011       4       java.util.regex.Pattern::split (290 bytes)
Event: 561.153 Thread 0x000001aefeacc800 nmethod 8009 0x000001aeedff5e10 code [0x000001aeedff6280, 0x000001aeedff8128]
Event: 561.153 Thread 0x000001aefeacc800 8010       3       kotlin.reflect.jvm.internal.impl.metadata.jvm.JvmProtoBuf$StringTableTypes$Record::hasString (16 bytes)
Event: 561.153 Thread 0x000001aefeacc800 nmethod 8010 0x000001aeedff8c90 code [0x000001aeedff8e40, 0x000001aeedff8f98]
Event: 561.153 Thread 0x000001aefeacc800 8012       1       kotlin.reflect.jvm.internal.impl.metadata.ProtoBuf$Class::getFlags (5 bytes)
Event: 561.153 Thread 0x000001aefeacc800 nmethod 8012 0x000001aef4916c90 code [0x000001aef4916e40, 0x000001aef4916ef8]
Event: 561.234 Thread 0x000001aefeacc800 8013       3       kotlin.reflect.jvm.internal.impl.serialization.deserialization.DeserializationContext::getStorageManager (8 bytes)
Event: 561.235 Thread 0x000001aefeacc800 nmethod 8013 0x000001aeedff9010 code [0x000001aeedff91c0, 0x000001aeedff92d8]
Event: 561.247 Thread 0x000001aefeacc800 8014       1       kotlin.reflect.jvm.internal.impl.metadata.ProtoBuf$Function::getContextReceiverTypeIdList (5 bytes)
Event: 561.247 Thread 0x000001aefeacc800 nmethod 8014 0x000001aef4916f90 code [0x000001aef4917140, 0x000001aef49171f8]

GC Heap History (20 events):
Event: 114.574 GC heap before
{Heap before GC invocations=8 (full 0):
 garbage-first heap   total 131072K, used 32356K [0x0000000080000000, 0x0000000100000000)
  region size 1024K, 16 young (16384K), 5 survivors (5120K)
 Metaspace       used 34968K, capacity 35797K, committed 35920K, reserved 548864K
  class space    used 4440K, capacity 4780K, committed 4864K, reserved 516096K
}
Event: 114.586 GC heap after
{Heap after GC invocations=9 (full 0):
 garbage-first heap   total 131072K, used 23542K [0x0000000080000000, 0x0000000100000000)
  region size 1024K, 6 young (6144K), 6 survivors (6144K)
 Metaspace       used 34968K, capacity 35797K, committed 35920K, reserved 548864K
  class space    used 4440K, capacity 4780K, committed 4864K, reserved 516096K
}
Event: 149.698 GC heap before
{Heap before GC invocations=10 (full 0):
 garbage-first heap   total 131072K, used 87030K [0x0000000080000000, 0x0000000100000000)
  region size 1024K, 66 young (67584K), 6 survivors (6144K)
 Metaspace       used 41012K, capacity 42053K, committed 42192K, reserved 552960K
  class space    used 5126K, capacity 5495K, committed 5504K, reserved 516096K
}
Event: 149.959 GC heap after
{Heap after GC invocations=11 (full 0):
 garbage-first heap   total 131072K, used 29237K [0x0000000080000000, 0x0000000100000000)
  region size 1024K, 9 young (9216K), 9 survivors (9216K)
 Metaspace       used 41012K, capacity 42053K, committed 42192K, reserved 552960K
  class space    used 5126K, capacity 5495K, committed 5504K, reserved 516096K
}
Event: 246.765 GC heap before
{Heap before GC invocations=12 (full 0):
 garbage-first heap   total 131072K, used 69173K [0x0000000080000000, 0x0000000100000000)
  region size 1024K, 48 young (49152K), 9 survivors (9216K)
 Metaspace       used 43122K, capacity 44297K, committed 44496K, reserved 555008K
  class space    used 5431K, capacity 5914K, committed 6016K, reserved 516096K
}
Event: 246.791 GC heap after
{Heap after GC invocations=13 (full 0):
 garbage-first heap   total 131072K, used 30681K [0x0000000080000000, 0x0000000100000000)
  region size 1024K, 3 young (3072K), 3 survivors (3072K)
 Metaspace       used 43122K, capacity 44297K, committed 44496K, reserved 555008K
  class space    used 5431K, capacity 5914K, committed 6016K, reserved 516096K
}
Event: 346.716 GC heap before
{Heap before GC invocations=13 (full 0):
 garbage-first heap   total 131072K, used 92121K [0x0000000080000000, 0x0000000100000000)
  region size 1024K, 63 young (64512K), 3 survivors (3072K)
 Metaspace       used 47612K, capacity 48899K, committed 49232K, reserved 559104K
  class space    used 6028K, capacity 6570K, committed 6656K, reserved 516096K
}
Event: 346.737 GC heap after
{Heap after GC invocations=14 (full 0):
 garbage-first heap   total 131072K, used 32520K [0x0000000080000000, 0x0000000100000000)
  region size 1024K, 5 young (5120K), 5 survivors (5120K)
 Metaspace       used 47612K, capacity 48899K, committed 49232K, reserved 559104K
  class space    used 6028K, capacity 6570K, committed 6656K, reserved 516096K
}
Event: 399.185 GC heap before
{Heap before GC invocations=14 (full 0):
 garbage-first heap   total 131072K, used 94984K [0x0000000080000000, 0x0000000100000000)
  region size 1024K, 66 young (67584K), 5 survivors (5120K)
 Metaspace       used 52024K, capacity 53513K, committed 53712K, reserved 563200K
  class space    used 6645K, capacity 7257K, committed 7296K, reserved 516096K
}
Event: 399.201 GC heap after
{Heap after GC invocations=15 (full 0):
 garbage-first heap   total 131072K, used 34021K [0x0000000080000000, 0x0000000100000000)
  region size 1024K, 6 young (6144K), 6 survivors (6144K)
 Metaspace       used 52024K, capacity 53513K, committed 53712K, reserved 563200K
  class space    used 6645K, capacity 7257K, committed 7296K, reserved 516096K
}
Event: 434.774 GC heap before
{Heap before GC invocations=15 (full 0):
 garbage-first heap   total 131072K, used 103653K [0x0000000080000000, 0x0000000100000000)
  region size 1024K, 69 young (70656K), 6 survivors (6144K)
 Metaspace       used 58181K, capacity 59911K, committed 60112K, reserved 569344K
  class space    used 7498K, capacity 8219K, committed 8320K, reserved 516096K
}
Event: 434.804 GC heap after
{Heap after GC invocations=16 (full 0):
 garbage-first heap   total 131072K, used 44277K [0x0000000080000000, 0x0000000100000000)
  region size 1024K, 8 young (8192K), 8 survivors (8192K)
 Metaspace       used 58181K, capacity 59911K, committed 60112K, reserved 569344K
  class space    used 7498K, capacity 8219K, committed 8320K, reserved 516096K
}
Event: 441.853 GC heap before
{Heap before GC invocations=16 (full 0):
 garbage-first heap   total 131072K, used 102645K [0x0000000080000000, 0x0000000100000000)
  region size 1024K, 65 young (66560K), 8 survivors (8192K)
 Metaspace       used 62938K, capacity 64728K, committed 64848K, reserved 573440K
  class space    used 8122K, capacity 8843K, committed 8960K, reserved 516096K
}
Event: 442.041 GC heap after
{Heap after GC invocations=17 (full 0):
 garbage-first heap   total 131072K, used 46421K [0x0000000080000000, 0x0000000100000000)
  region size 1024K, 7 young (7168K), 7 survivors (7168K)
 Metaspace       used 62938K, capacity 64728K, committed 64848K, reserved 573440K
  class space    used 8122K, capacity 8843K, committed 8960K, reserved 516096K
}
Event: 474.128 GC heap before
{Heap before GC invocations=17 (full 0):
 garbage-first heap   total 131072K, used 103765K [0x0000000080000000, 0x0000000100000000)
  region size 1024K, 64 young (65536K), 7 survivors (7168K)
 Metaspace       used 66708K, capacity 68617K, committed 68944K, reserved 577536K
  class space    used 8613K, capacity 9381K, committed 9472K, reserved 516096K
}
Event: 474.297 GC heap after
{Heap after GC invocations=18 (full 0):
 garbage-first heap   total 131072K, used 48985K [0x0000000080000000, 0x0000000100000000)
  region size 1024K, 5 young (5120K), 5 survivors (5120K)
 Metaspace       used 66708K, capacity 68617K, committed 68944K, reserved 577536K
  class space    used 8613K, capacity 9381K, committed 9472K, reserved 516096K
}
Event: 482.806 GC heap before
{Heap before GC invocations=18 (full 0):
 garbage-first heap   total 131072K, used 78681K [0x0000000080000000, 0x0000000100000000)
  region size 1024K, 35 young (35840K), 5 survivors (5120K)
 Metaspace       used 68157K, capacity 70145K, committed 70224K, reserved 577536K
  class space    used 8826K, capacity 9653K, committed 9728K, reserved 516096K
}
Event: 482.873 GC heap after
{Heap after GC invocations=19 (full 0):
 garbage-first heap   total 131072K, used 50703K [0x0000000080000000, 0x0000000100000000)
  region size 1024K, 5 young (5120K), 5 survivors (5120K)
 Metaspace       used 68157K, capacity 70145K, committed 70224K, reserved 577536K
  class space    used 8826K, capacity 9653K, committed 9728K, reserved 516096K
}
Event: 553.068 GC heap before
{Heap before GC invocations=20 (full 0):
 garbage-first heap   total 131072K, used 103951K [0x0000000080000000, 0x0000000100000000)
  region size 1024K, 57 young (58368K), 5 survivors (5120K)
 Metaspace       used 70502K, capacity 72716K, committed 72912K, reserved 579584K
  class space    used 9151K, capacity 10046K, committed 10112K, reserved 516096K
}
Event: 553.093 GC heap after
{Heap after GC invocations=21 (full 0):
 garbage-first heap   total 131072K, used 53955K [0x0000000080000000, 0x0000000100000000)
  region size 1024K, 8 young (8192K), 8 survivors (8192K)
 Metaspace       used 70502K, capacity 72716K, committed 72912K, reserved 579584K
  class space    used 9151K, capacity 10046K, committed 10112K, reserved 516096K
}

Deoptimization events (20 events):
Event: 547.917 Thread 0x000001ae8ae80000 DEOPT PACKING pc=0x000001aef46b8440 sp=0x00000090e3ffd1f0
Event: 547.917 Thread 0x000001ae8ae80000 DEOPT UNPACKING pc=0x000001aeec9ea1af sp=0x00000090e3ffcfd8 mode 2
Event: 548.841 Thread 0x000001ae8ae80000 Uncommon trap: trap_request=0xffffff4d fr.pc=0x000001aef46ee69c relative=0x000000000000007c
Event: 548.841 Thread 0x000001ae8ae80000 Uncommon trap: reason=unstable_if action=reinterpret pc=0x000001aef46ee69c method=java.util.Spliterator.getExactSizeIfKnown()J @ 9 c2
Event: 548.841 Thread 0x000001ae8ae80000 DEOPT PACKING pc=0x000001aef46ee69c sp=0x00000090e3ffc770
Event: 548.841 Thread 0x000001ae8ae80000 DEOPT UNPACKING pc=0x000001aeec9ea1af sp=0x00000090e3ffc708 mode 2
Event: 549.835 Thread 0x000001ae8ae81800 Uncommon trap: trap_request=0xffffff4d fr.pc=0x000001aef48ac8d8 relative=0x00000000000001f8
Event: 549.835 Thread 0x000001ae8ae81800 Uncommon trap: reason=unstable_if action=reinterpret pc=0x000001aef48ac8d8 method=com.esotericsoftware.kryo.io.Input.readVarInt(Z)I @ 42 c2
Event: 549.835 Thread 0x000001ae8ae81800 DEOPT PACKING pc=0x000001aef48ac8d8 sp=0x00000090e43fe630
Event: 549.835 Thread 0x000001ae8ae81800 DEOPT UNPACKING pc=0x000001aeec9ea1af sp=0x00000090e43fe520 mode 2
Event: 553.038 Thread 0x000001ae8ae80000 Uncommon trap: trap_request=0xffffff4d fr.pc=0x000001aef44c4250 relative=0x0000000000000510
Event: 553.038 Thread 0x000001ae8ae80000 Uncommon trap: reason=unstable_if action=reinterpret pc=0x000001aef44c4250 method=java.lang.StringLatin1.compareToCI([B[B)I @ 68 c2
Event: 553.038 Thread 0x000001ae8ae80000 DEOPT PACKING pc=0x000001aef44c4250 sp=0x00000090e3ff9e10
Event: 553.038 Thread 0x000001ae8ae80000 DEOPT UNPACKING pc=0x000001aeec9ea1af sp=0x00000090e3ff9d08 mode 2
Event: 559.808 Thread 0x000001ae87a00800 DEOPT PACKING pc=0x000001aeed69daf4 sp=0x00000090e3afcff0
Event: 559.809 Thread 0x000001ae87a00800 DEOPT UNPACKING pc=0x000001aeec9ea95e sp=0x00000090e3afc590 mode 0
Event: 561.017 Thread 0x000001ae8ae80000 Uncommon trap: trap_request=0xffffff4d fr.pc=0x000001aef48ae358 relative=0x0000000000000238
Event: 561.062 Thread 0x000001ae8ae80000 Uncommon trap: reason=unstable_if action=reinterpret pc=0x000001aef48ae358 method=java.io.ByteArrayInputStream.read()I @ 8 c2
Event: 561.062 Thread 0x000001ae8ae80000 DEOPT PACKING pc=0x000001aef48ae358 sp=0x00000090e3ff95d0
Event: 561.086 Thread 0x000001ae8ae80000 DEOPT UNPACKING pc=0x000001aeec9ea1af sp=0x00000090e3ff9588 mode 2

Classes redefined (0 events):
No events

Internal exceptions (20 events):
Event: 478.470 Thread 0x000001aefff5d000 Exception <a 'java/lang/ClassNotFoundException'{0x0000000087618590}: org/gradle/api/internal/artifacts/dsl/DefaultRepositoryHandlerBeanInfo> (0x0000000087618590) thrown at [./src/hotspot/share/classfile/systemDictionary.cpp, line 230]
Event: 478.471 Thread 0x000001aefff5d000 Exception <a 'java/lang/ClassNotFoundException'{0x000000008765bcc8}: org/gradle/api/internal/artifacts/DefaultArtifactRepositoryContainerBeanInfo> (0x000000008765bcc8) thrown at [./src/hotspot/share/classfile/systemDictionary.cpp, line 230]
Event: 478.472 Thread 0x000001aefff5d000 Exception <a 'java/lang/ClassNotFoundException'{0x000000008768a408}: org/gradle/api/internal/DefaultNamedDomainObjectListBeanInfo> (0x000000008768a408) thrown at [./src/hotspot/share/classfile/systemDictionary.cpp, line 230]
Event: 478.474 Thread 0x000001aefff5d000 Exception <a 'java/lang/ClassNotFoundException'{0x00000000876ba1a0}: org/gradle/api/internal/DefaultNamedDomainObjectCollectionBeanInfo> (0x00000000876ba1a0) thrown at [./src/hotspot/share/classfile/systemDictionary.cpp, line 230]
Event: 478.475 Thread 0x000001aefff5d000 Exception <a 'java/lang/ClassNotFoundException'{0x00000000876e8a90}: org/gradle/api/internal/DefaultDomainObjectCollectionBeanInfo> (0x00000000876e8a90) thrown at [./src/hotspot/share/classfile/systemDictionary.cpp, line 230]
Event: 478.476 Thread 0x000001aefff5d000 Exception <a 'java/lang/ClassNotFoundException'{0x0000000087517ea0}: org/gradle/api/internal/DefaultDomainObjectCollectionCustomizer> (0x0000000087517ea0) thrown at [./src/hotspot/share/classfile/systemDictionary.cpp, line 230]
Event: 478.479 Thread 0x000001aefff5d000 Exception <a 'java/lang/ClassNotFoundException'{0x0000000087564e28}: org/gradle/api/internal/DefaultNamedDomainObjectCollectionCustomizer> (0x0000000087564e28) thrown at [./src/hotspot/share/classfile/systemDictionary.cpp, line 230]
Event: 478.486 Thread 0x000001aefff5d000 Exception <a 'java/lang/ClassNotFoundException'{0x00000000875b9328}: org/gradle/api/internal/DefaultNamedDomainObjectListCustomizer> (0x00000000875b9328) thrown at [./src/hotspot/share/classfile/systemDictionary.cpp, line 230]
Event: 478.489 Thread 0x000001aefff5d000 Exception <a 'java/lang/ClassNotFoundException'{0x0000000087416868}: org/gradle/api/internal/artifacts/DefaultArtifactRepositoryContainerCustomizer> (0x0000000087416868) thrown at [./src/hotspot/share/classfile/systemDictionary.cpp, line 230]
Event: 478.492 Thread 0x000001aefff5d000 Exception <a 'java/lang/ClassNotFoundException'{0x0000000087467fb8}: org/gradle/api/internal/artifacts/dsl/DefaultRepositoryHandlerCustomizer> (0x0000000087467fb8) thrown at [./src/hotspot/share/classfile/systemDictionary.cpp, line 230]
Event: 478.497 Thread 0x000001aefff5d000 Exception <a 'java/lang/ClassNotFoundException'{0x00000000874cc988}: org/gradle/api/internal/artifacts/dsl/DefaultRepositoryHandler_DecoratedCustomizer> (0x00000000874cc988) thrown at [./src/hotspot/share/classfile/systemDictionary.cpp, line 230]
Event: 478.929 Thread 0x000001aefff5d000 Exception <a 'java/lang/ClassNotFoundException'{0x00000000873a5f58}: org/gradle/api/internal/artifacts/dsl/dependencies/DefaultDependencyHandler_DecoratedBeanInfo> (0x00000000873a5f58) thrown at [./src/hotspot/share/classfile/systemDictionary.cpp, line 230]
Event: 478.933 Thread 0x000001aefff5d000 Exception <a 'java/lang/ClassNotFoundException'{0x00000000873ebb80}: org/gradle/api/internal/artifacts/dsl/dependencies/DefaultDependencyHandlerBeanInfo> (0x00000000873ebb80) thrown at [./src/hotspot/share/classfile/systemDictionary.cpp, line 230]
Event: 478.935 Thread 0x000001aefff5d000 Exception <a 'java/lang/ClassNotFoundException'{0x00000000872318e0}: org/gradle/api/internal/artifacts/dsl/dependencies/DefaultDependencyHandlerCustomizer> (0x00000000872318e0) thrown at [./src/hotspot/share/classfile/systemDictionary.cpp, line 230]
Event: 478.938 Thread 0x000001aefff5d000 Exception <a 'java/lang/ClassNotFoundException'{0x00000000872a0878}: org/gradle/api/internal/artifacts/dsl/dependencies/DefaultDependencyHandler_DecoratedCustomizer> (0x00000000872a0878) thrown at [./src/hotspot/share/classfile/systemDictionary.cpp, line 230]
Event: 537.308 Thread 0x000001aefff5d000 Exception <a 'java/lang/NoSuchMethodError'{0x0000000085cd0c70}: 'java.lang.Object java.lang.invoke.Invokers$Holder.linkToTargetMethod(java.lang.Object, java.lang.Object, java.lang.Object, java.lang.Object, java.lang.Object, java.lang.Object, java.lang.Object, java.lang.Object, java.lang.Object)'> (0x0000000085cd0c70) thrown at [./src/hotspot/share/interpreter/linkResolver.cpp, line 773]
Event: 547.737 Thread 0x000001ae8ae80000 Exception <a 'java/lang/NoSuchMethodError'{0x0000000084b80348}: 'java.lang.Object java.lang.invoke.DirectMethodHandle$Holder.invokeStatic(java.lang.Object, java.lang.Object, java.lang.Object, java.lang.Object, int, java.lang.Object)'> (0x0000000084b80348) thrown at [./src/hotspot/share/interpreter/linkResolver.cpp, line 773]
Event: 547.737 Thread 0x000001ae8ae80000 Exception <a 'java/lang/NoSuchMethodError'{0x0000000084b83e50}: 'java.lang.Object java.lang.invoke.Invokers$Holder.linkToTargetMethod(java.lang.Object, java.lang.Object, java.lang.Object, int, java.lang.Object, java.lang.Object)'> (0x0000000084b83e50) thrown at [./src/hotspot/share/interpreter/linkResolver.cpp, line 773]
Event: 547.921 Thread 0x000001ae8ae80000 Exception <a 'java/lang/NoSuchMethodError'{0x0000000084a09e10}: 'void java.lang.invoke.DirectMethodHandle$Holder.invokeInterface(java.lang.Object, java.lang.Object, java.lang.Object, java.lang.Object)'> (0x0000000084a09e10) thrown at [./src/hotspot/share/interpreter/linkResolver.cpp, line 773]
Event: 549.876 Thread 0x000001ae8ae80000 Exception <a 'java/lang/NoSuchMethodError'{0x000000008484e850}: 'int java.lang.invoke.DirectMethodHandle$Holder.invokeSpecial(java.lang.Object, java.lang.Object, java.lang.Object, java.lang.Object, java.lang.Object)'> (0x000000008484e850) thrown at [./src/hotspot/share/interpreter/linkResolver.cpp, line 773]

Events (20 events):
Event: 561.237 loading class kotlin/reflect/jvm/internal/impl/types/TypeConstructorSubstitution
Event: 561.237 loading class kotlin/reflect/jvm/internal/impl/types/TypeConstructorSubstitution done
Event: 561.238 loading class kotlin/reflect/jvm/internal/impl/types/TypeSubstitution
Event: 561.238 loading class kotlin/reflect/jvm/internal/impl/types/TypeSubstitution done
Event: 561.239 loading class kotlin/reflect/jvm/internal/impl/types/TypeSubstitution$Companion
Event: 561.239 loading class kotlin/reflect/jvm/internal/impl/types/TypeSubstitution$Companion done
Event: 561.240 loading class kotlin/reflect/jvm/internal/impl/types/TypeSubstitution$Companion$EMPTY$1
Event: 561.240 loading class kotlin/reflect/jvm/internal/impl/types/TypeSubstitution$Companion$EMPTY$1 done
Event: 561.240 loading class kotlin/reflect/jvm/internal/impl/types/TypeConstructorSubstitution$Companion
Event: 561.240 loading class kotlin/reflect/jvm/internal/impl/types/TypeConstructorSubstitution$Companion done
Event: 561.241 loading class kotlin/reflect/jvm/internal/impl/types/IndexedParametersSubstitution
Event: 561.241 loading class kotlin/reflect/jvm/internal/impl/types/IndexedParametersSubstitution done
Event: 561.243 loading class kotlin/reflect/jvm/internal/impl/types/TypeSubstitutor
Event: 561.243 loading class kotlin/reflect/jvm/internal/impl/types/TypeSubstitutor done
Event: 561.244 loading class kotlin/reflect/jvm/internal/impl/types/TypeSubstitutor$SubstitutionException
Event: 561.244 loading class kotlin/reflect/jvm/internal/impl/types/TypeSubstitutor$SubstitutionException done
Event: 561.245 loading class kotlin/reflect/jvm/internal/impl/resolve/scopes/SubstitutingScope
Event: 561.245 loading class kotlin/reflect/jvm/internal/impl/resolve/scopes/SubstitutingScope done
Event: 561.247 loading class kotlin/reflect/jvm/internal/impl/resolve/scopes/SubstitutingScope$substitutor$2
Event: 561.247 loading class kotlin/reflect/jvm/internal/impl/resolve/scopes/SubstitutingScope$substitutor$2 done


Dynamic libraries:
0x00007ff73c320000 - 0x00007ff73c32d000 	C:\Program Files\Microsoft\jdk-11.0.18.10-hotspot\bin\java.exe
0x00007ff8286d0000 - 0x00007ff8288c8000 	C:\Windows\SYSTEM32\ntdll.dll
0x00007ff826a80000 - 0x00007ff826b3d000 	C:\Windows\System32\KERNEL32.DLL
0x00007ff826100000 - 0x00007ff8263f6000 	C:\Windows\System32\KERNELBASE.dll
0x00007ff826500000 - 0x00007ff826600000 	C:\Windows\System32\ucrtbase.dll
0x00007ff811320000 - 0x00007ff811337000 	C:\Program Files\Microsoft\jdk-11.0.18.10-hotspot\bin\jli.dll
0x00007ff827370000 - 0x00007ff82750e000 	C:\Windows\System32\USER32.dll
0x00007ff825e80000 - 0x00007ff825ea2000 	C:\Windows\System32\win32u.dll
0x00007ff826730000 - 0x00007ff82675c000 	C:\Windows\System32\GDI32.dll
0x00007ff826600000 - 0x00007ff82671a000 	C:\Windows\System32\gdi32full.dll
0x00007ff826060000 - 0x00007ff8260fd000 	C:\Windows\System32\msvcp_win.dll
0x00007ff810a20000 - 0x00007ff810a35000 	C:\Program Files\Microsoft\jdk-11.0.18.10-hotspot\bin\VCRUNTIME140.dll
0x00007ff815050000 - 0x00007ff8152ea000 	C:\Windows\WinSxS\amd64_microsoft.windows.common-controls_6595b64144ccf1df_6.0.19041.3636_none_60b6a03d71f818d5\COMCTL32.dll
0x00007ff8285e0000 - 0x00007ff82867e000 	C:\Windows\System32\msvcrt.dll
0x00007ff826e30000 - 0x00007ff826e60000 	C:\Windows\System32\IMM32.DLL
0x00007ff803cc0000 - 0x00007ff803d5b000 	C:\Program Files\Microsoft\jdk-11.0.18.10-hotspot\bin\msvcp140.dll
0x00007fffb7670000 - 0x00007fffb8202000 	C:\Program Files\Microsoft\jdk-11.0.18.10-hotspot\bin\server\jvm.dll
0x00007ff826d10000 - 0x00007ff826dc3000 	C:\Windows\System32\ADVAPI32.dll
0x00007ff826e60000 - 0x00007ff826eff000 	C:\Windows\System32\sechost.dll
0x00007ff827510000 - 0x00007ff827636000 	C:\Windows\System32\RPCRT4.dll
0x00007ff825e50000 - 0x00007ff825e77000 	C:\Windows\System32\bcrypt.dll
0x00007ff826720000 - 0x00007ff826728000 	C:\Windows\System32\PSAPI.DLL
0x00007ff813bc0000 - 0x00007ff813bc9000 	C:\Windows\SYSTEM32\WSOCK32.dll
0x00007ff828360000 - 0x00007ff8283cb000 	C:\Windows\System32\WS2_32.dll
0x00007ff815580000 - 0x00007ff8155a7000 	C:\Windows\SYSTEM32\WINMM.dll
0x00007ff815560000 - 0x00007ff81556a000 	C:\Windows\SYSTEM32\VERSION.dll
0x00007ff823c50000 - 0x00007ff823c62000 	C:\Windows\SYSTEM32\kernel.appcore.dll
0x00007ff81e710000 - 0x00007ff81e720000 	C:\Program Files\Microsoft\jdk-11.0.18.10-hotspot\bin\verify.dll
0x00007ff80f290000 - 0x00007ff80f474000 	C:\Windows\SYSTEM32\DBGHELP.DLL
0x00007ff80f250000 - 0x00007ff80f284000 	C:\Windows\SYSTEM32\dbgcore.DLL
0x00007ff826400000 - 0x00007ff826482000 	C:\Windows\System32\bcryptPrimitives.dll
0x00007ff8109f0000 - 0x00007ff810a18000 	C:\Program Files\Microsoft\jdk-11.0.18.10-hotspot\bin\java.dll
0x00007ff81e540000 - 0x00007ff81e54a000 	C:\Program Files\Microsoft\jdk-11.0.18.10-hotspot\bin\jimage.dll
0x00007ff810980000 - 0x00007ff810998000 	C:\Program Files\Microsoft\jdk-11.0.18.10-hotspot\bin\zip.dll
0x00007ff827b90000 - 0x00007ff8282d5000 	C:\Windows\System32\SHELL32.dll
0x00007ff823e50000 - 0x00007ff8245eb000 	C:\Windows\SYSTEM32\windows.storage.dll
0x00007ff827760000 - 0x00007ff827ab4000 	C:\Windows\System32\combase.dll
0x00007ff825760000 - 0x00007ff82578d000 	C:\Windows\SYSTEM32\Wldp.dll
0x00007ff826b50000 - 0x00007ff826bfd000 	C:\Windows\System32\SHCORE.dll
0x00007ff826760000 - 0x00007ff8267b5000 	C:\Windows\System32\shlwapi.dll
0x00007ff825cd0000 - 0x00007ff825cf5000 	C:\Windows\SYSTEM32\profapi.dll
0x00007ff80fba0000 - 0x00007ff80fbb9000 	C:\Program Files\Microsoft\jdk-11.0.18.10-hotspot\bin\net.dll
0x00007ff81e580000 - 0x00007ff81e68a000 	C:\Windows\SYSTEM32\WINHTTP.dll
0x00007ff8254c0000 - 0x00007ff82552a000 	C:\Windows\system32\mswsock.dll
0x00007ff80f4d0000 - 0x00007ff80f4e3000 	C:\Program Files\Microsoft\jdk-11.0.18.10-hotspot\bin\nio.dll
0x00007ff80abf0000 - 0x00007ff80ac17000 	C:\Users\tahaa\.gradle\native\68d5fa5c4cc2d200863cafc0d521ce42e7d3e7ee720ec0a83991735586a16f82\windows-amd64\native-platform.dll
0x00007ffffd5e0000 - 0x00007ffffd724000 	C:\Users\tahaa\.gradle\native\e376f236ea51e6404a007f0833ffe2c6e607c4080706a723a18a27aeea778392\windows-amd64\native-platform-file-events.dll
0x00007ff81e3b0000 - 0x00007ff81e3b9000 	C:\Program Files\Microsoft\jdk-11.0.18.10-hotspot\bin\management.dll
0x00007ff81af30000 - 0x00007ff81af3b000 	C:\Program Files\Microsoft\jdk-11.0.18.10-hotspot\bin\management_ext.dll
0x00007ff8256c0000 - 0x00007ff8256d8000 	C:\Windows\SYSTEM32\CRYPTSP.dll
0x00007ff824df0000 - 0x00007ff824e24000 	C:\Windows\system32\rsaenh.dll
0x00007ff825c90000 - 0x00007ff825cbe000 	C:\Windows\SYSTEM32\USERENV.dll
0x00007ff8256b0000 - 0x00007ff8256bc000 	C:\Windows\SYSTEM32\CRYPTBASE.dll
0x00007ff8251b0000 - 0x00007ff8251eb000 	C:\Windows\SYSTEM32\IPHLPAPI.DLL
0x00007ff828680000 - 0x00007ff828688000 	C:\Windows\System32\NSI.dll
0x00007ff81f370000 - 0x00007ff81f387000 	C:\Windows\SYSTEM32\dhcpcsvc6.DLL
0x00007ff81fc60000 - 0x00007ff81fc7d000 	C:\Windows\SYSTEM32\dhcpcsvc.DLL
0x00007ff8251f0000 - 0x00007ff8252ba000 	C:\Windows\SYSTEM32\DNSAPI.dll

dbghelp: loaded successfully - version: 4.0.5 - missing functions: none
symbol engine: initialized successfully - sym options: 0x614 - pdb path: .;C:\Program Files\Microsoft\jdk-11.0.18.10-hotspot\bin;C:\Windows\SYSTEM32;C:\Windows\WinSxS\amd64_microsoft.windows.common-controls_6595b64144ccf1df_6.0.19041.3636_none_60b6a03d71f818d5;C:\Program Files\Microsoft\jdk-11.0.18.10-hotspot\bin\server;C:\Users\tahaa\.gradle\native\68d5fa5c4cc2d200863cafc0d521ce42e7d3e7ee720ec0a83991735586a16f82\windows-amd64;C:\Users\tahaa\.gradle\native\e376f236ea51e6404a007f0833ffe2c6e607c4080706a723a18a27aeea778392\windows-amd64

VM Arguments:
jvm_args: -XX:MaxMetaspaceSize=512m --add-opens=java.base/java.util=ALL-UNNAMED --add-opens=java.base/java.lang=ALL-UNNAMED --add-opens=java.base/java.lang.invoke=ALL-UNNAMED --add-opens=java.prefs/java.util.prefs=ALL-UNNAMED --add-opens=java.base/java.nio.charset=ALL-UNNAMED --add-opens=java.base/java.net=ALL-UNNAMED --add-opens=java.base/java.util.concurrent.atomic=ALL-UNNAMED -Xmx2048m -Dfile.encoding=windows-1252 -Duser.country=US -Duser.language=en -Duser.variant 
java_command: org.gradle.launcher.daemon.bootstrap.GradleDaemon 8.0.1
java_class_path (initial): C:\Users\tahaa\.gradle\wrapper\dists\gradle-8.0.1-all\aro4hu1c3oeioove7l0i4i14o\gradle-8.0.1\lib\gradle-launcher-8.0.1.jar
Launcher Type: SUN_STANDARD

[Global flags]
     intx CICompilerCount                          = 3                                         {product} {ergonomic}
   size_t CompressedClassSpaceSize                 = 528482304                                 {product} {ergonomic}
     uint ConcGCThreads                            = 1                                         {product} {ergonomic}
     uint G1ConcRefinementThreads                  = 4                                         {product} {ergonomic}
   size_t G1HeapRegionSize                         = 1048576                                   {product} {ergonomic}
    uintx GCDrainStackTargetSize                   = 64                                        {product} {ergonomic}
   size_t InitialHeapSize                          = 134217728                                 {product} {ergonomic}
   size_t MarkStackSize                            = 4194304                                   {product} {ergonomic}
   size_t MaxHeapSize                              = 2147483648                                {product} {command line}
   size_t MaxMetaspaceSize                         = 536870912                                 {product} {command line}
   size_t MaxNewSize                               = 1287651328                                {product} {ergonomic}
   size_t MinHeapDeltaBytes                        = 1048576                                   {product} {ergonomic}
    uintx NonNMethodCodeHeapSize                   = 5830732                                {pd product} {ergonomic}
    uintx NonProfiledCodeHeapSize                  = 122913754                              {pd product} {ergonomic}
    uintx ProfiledCodeHeapSize                     = 122913754                              {pd product} {ergonomic}
    uintx ReservedCodeCacheSize                    = 251658240                              {pd product} {ergonomic}
     bool SegmentedCodeCache                       = true                                      {product} {ergonomic}
     bool UseCompressedClassPointers               = true                                 {lp64_product} {ergonomic}
     bool UseCompressedOops                        = true                                 {lp64_product} {ergonomic}
     bool UseG1GC                                  = true                                      {product} {ergonomic}
     bool UseLargePagesIndividualAllocation        = false                                  {pd product} {ergonomic}

Logging:
Log output configuration:
 #0: stdout all=warning uptime,level,tags
 #1: stderr all=off uptime,level,tags

Environment Variables:
JAVA_HOME=C:\Program Files\Microsoft\jdk-11.0.18.10-hotspot\
CLASSPATH=F:\RN PROJECTS\Whoo\android\\gradle\wrapper\gradle-wrapper.jar
PATH=F:\RN PROJECTS\Whoo\node_modules\.bin;F:\RN PROJECTS\Whoo\node_modules\.bin;F:\RN PROJECTS\node_modules\.bin;F:\node_modules\.bin;C:\Program Files\nodejs\node_modules\npm\node_modules\@npmcli\run-script\lib\node-gyp-bin;F:\RN PROJECTS\Whoo\node_modules\.bin;F:\RN PROJECTS\node_modules\.bin;F:\node_modules\.bin;C:\Program Files\nodejs\node_modules\npm\node_modules\@npmcli\run-script\lib\node-gyp-bin;C:\Program Files\Microsoft\jdk-11.0.18.10-hotspot\bin;C:\Python311\Scripts\;C:\Python311\;C:\Windows\system32;C:\Windows;C:\Windows\System32\Wbem;C:\Windows\System32\WindowsPowerShell\v1.0\;C:\Windows\System32\OpenSSH\;C:\ProgramData\chocolatey\bin;C:\Program Files\nodejs\;C:\Program Files\Git\cmd;C:\Users\tahaa\AppData\Local\Microsoft\WindowsApps;C:\Users\tahaa\AppData\Local\Programs\Microsoft VS Code\bin;C:\Users\tahaa\AppData\Roaming\npm;C:\Users\tahaa\AppData\Local\Android\Sdk\platform-tools;
USERNAME=tahaa
OS=Windows_NT
PROCESSOR_IDENTIFIER=Intel64 Family 6 Model 58 Stepping 9, GenuineIntel
TMP=C:\Users\tahaa\AppData\Local\Temp
TEMP=C:\Users\tahaa\AppData\Local\Temp



---------------  S Y S T E M  ---------------

OS: Windows 10 , 64 bit Build 19041 (10.0.19041.3636)
OS uptime: 0 days 22:53 hours

CPU:total 4 (initial active 4) (2 cores per cpu, 2 threads per core) family 6 model 58 stepping 9 microcode 0x21, cmov, cx8, fxsr, mmx, sse, sse2, sse3, ssse3, sse4.1, sse4.2, popcnt, avx, aes, clmul, erms, ht, tsc, tscinvbit, tscinv

Memory: 4k page, system-wide physical 8073M (233M free)
TotalPageFile size 23188M (AvailPageFile size 0M)
current process WorkingSet (physical memory assigned to process): 211M, peak: 263M
current process commit charge ("private bytes"): 347M, peak: 355M

vm_info: OpenJDK 64-Bit Server VM (11.0.18+10-LTS) for windows-amd64 JRE (11.0.18+10-LTS), built on Jan 18 2023 15:56:47 by "MicrosoftCorporation" with MS VC++ 15.9 (VS2017)

END.
