#
# There is insufficient memory for the Java Runtime Environment to continue.
# Native memory allocation (malloc) failed to allocate 1042896 bytes for Chunk::new
# Possible reasons:
#   The system is out of physical RAM or swap space
#   The process is running with CompressedOops enabled, and the Java Heap may be blocking the growth of the native heap
# Possible solutions:
#   Reduce memory load on the system
#   Increase physical memory or swap space
#   Check if swap backing store is full
#   Decrease Java heap size (-Xmx/-Xms)
#   Decrease number of Java threads
#   Decrease Java thread stack sizes (-Xss)
#   Set larger code cache with -XX:ReservedCodeCacheSize=
#   JVM is running with Unscaled Compressed Oops mode in which the Java heap is
#     placed in the first 4GB address space. The Java Heap base address is the
#     maximum limit for the native heap growth. Please use -XX:HeapBaseMinAddress
#     to set the Java Heap base and to place the Java Heap above 4GB virtual address.
# This output file may be truncated or incomplete.
#
#  Out of Memory Error (./src/hotspot/share/memory/arena.cpp:197), pid=14068, tid=17088
#
# JRE version: OpenJDK Runtime Environment Microsoft-7208460 (11.0.18+10) (build 11.0.18+10-LTS)
# Java VM: OpenJDK 64-Bit Server VM Microsoft-7208460 (11.0.18+10-LTS, mixed mode, tiered, compressed oops, g1 gc, windows-amd64)
# No core dump will be written. Minidumps are not enabled by default on client versions of Windows
#

---------------  S U M M A R Y ------------

Command Line: -XX:MaxMetaspaceSize=512m --add-opens=java.base/java.util=ALL-UNNAMED --add-opens=java.base/java.lang=ALL-UNNAMED --add-opens=java.base/java.lang.invoke=ALL-UNNAMED --add-opens=java.prefs/java.util.prefs=ALL-UNNAMED --add-opens=java.base/java.nio.charset=ALL-UNNAMED --add-opens=java.base/java.net=ALL-UNNAMED --add-opens=java.base/java.util.concurrent.atomic=ALL-UNNAMED -Xmx2048m -Dfile.encoding=windows-1252 -Duser.country=US -Duser.language=en -Duser.variant org.gradle.launcher.daemon.bootstrap.GradleDaemon 8.0.1

Host: Intel(R) Core(TM) i5-3320M CPU @ 2.60GHz, 4 cores, 7G,  Windows 10 , 64 bit Build 19041 (10.0.19041.3636)
Time: Thu Jan 18 01:14:14 2024 Pakistan Standard Time elapsed time: 566.589985 seconds (0d 0h 9m 26s)

---------------  T H R E A D  ---------------

Current thread (0x00000215e8d73800):  JavaThread "C2 CompilerThread0" daemon [_thread_in_native, id=17088, stack(0x0000004f74600000,0x0000004f74700000)]


Current CompileTask:
C2: 566590 8548       4       java.lang.invoke.InvokerBytecodeGenerator::emitImplicitConversion (159 bytes)

Stack: [0x0000004f74600000,0x0000004f74700000]
Native frames: (J=compiled Java code, j=interpreted, Vv=VM code, C=native code)
V  [jvm.dll+0x62bf8a]
V  [jvm.dll+0x7b8fb9]
V  [jvm.dll+0x7ba6a8]
V  [jvm.dll+0x7bad83]
V  [jvm.dll+0x250248]
V  [jvm.dll+0xc260c]
V  [jvm.dll+0xc2bcc]
V  [jvm.dll+0x35e182]
V  [jvm.dll+0x32a373]
V  [jvm.dll+0x3296aa]
V  [jvm.dll+0x2093b3]
V  [jvm.dll+0x20850d]
V  [jvm.dll+0x18a4b1]
V  [jvm.dll+0x217eec]
V  [jvm.dll+0x21612b]
V  [jvm.dll+0x77bac0]
V  [jvm.dll+0x7749f4]
V  [jvm.dll+0x62adf5]
C  [ucrtbase.dll+0x21bb2]
C  [KERNEL32.DLL+0x17344]
C  [ntdll.dll+0x526b1]


---------------  P R O C E S S  ---------------

Threads class SMR info:
_java_thread_list=0x00000215eb922e30, length=88, elements={
0x00000215c9bc4000, 0x00000215e8407000, 0x00000215e8408000, 0x00000215e8465000,
0x00000215e8466000, 0x00000215e8d70800, 0x00000215e8d73800, 0x00000215e8d76800,
0x00000215e8dd7800, 0x00000215e8ed3800, 0x00000215e99b7000, 0x00000215ea182800,
0x00000215eaf2a800, 0x00000215e9094000, 0x00000215e9b90000, 0x00000215ea91f800,
0x00000215e9898800, 0x00000215e9899000, 0x00000215e9875800, 0x00000215ead30800,
0x00000215ead32000, 0x00000215ead32800, 0x00000215eb8cd800, 0x00000215eb8d2800,
0x00000215eb8cd000, 0x00000215eb8cf800, 0x00000215eb8d2000, 0x00000215eb8ce800,
0x00000215eb8d4800, 0x00000215eb8d3800, 0x00000215eb8d5000, 0x00000215eb8d6000,
0x00000215eb8d1000, 0x00000215eb8db000, 0x00000215eb8d7800, 0x00000215eb8da000,
0x00000215eb8db800, 0x00000215ead31000, 0x00000215ed08e800, 0x00000215ed090000,
0x00000215ed091000, 0x00000215ed092000, 0x00000215ed08c000, 0x00000215ed08d000,
0x00000215ed092800, 0x00000215ed08f800, 0x00000215ed093800, 0x00000215ed08d800,
0x00000215ed096800, 0x00000215ed09a000, 0x00000215ed099000, 0x00000215ed097800,
0x00000215ed094000, 0x00000215ed095000, 0x00000215ed098800, 0x00000215ed09b000,
0x00000215ed096000, 0x00000215ea262000, 0x00000215ea264000, 0x00000215ea25f800,
0x00000215ea261000, 0x00000215ea262800, 0x00000215ea263800, 0x00000215ea265000,
0x00000215ea266000, 0x00000215ea260000, 0x00000215ea266800, 0x00000215ea267800,
0x00000215ea269000, 0x00000215ea268800, 0x00000215ea26b800, 0x00000215ea26b000,
0x00000215ea26c800, 0x00000215ea26d000, 0x00000215ea26e000, 0x00000215eb8d8800,
0x00000215eb8d9000, 0x00000215ed232000, 0x00000215ed238000, 0x00000215ed237000,
0x00000215ed236800, 0x00000215ed234000, 0x00000215ed233000, 0x00000215ed234800,
0x00000215ed23a800, 0x00000215ed238800, 0x00000215ed239800, 0x00000215ed23b000
}

Java Threads: ( => current thread )
  0x00000215c9bc4000 JavaThread "main" [_thread_blocked, id=2280, stack(0x0000004f73a00000,0x0000004f73b00000)]
  0x00000215e8407000 JavaThread "Reference Handler" daemon [_thread_blocked, id=6636, stack(0x0000004f74100000,0x0000004f74200000)]
  0x00000215e8408000 JavaThread "Finalizer" daemon [_thread_blocked, id=14420, stack(0x0000004f74200000,0x0000004f74300000)]
  0x00000215e8465000 JavaThread "Signal Dispatcher" daemon [_thread_blocked, id=8240, stack(0x0000004f74300000,0x0000004f74400000)]
  0x00000215e8466000 JavaThread "Attach Listener" daemon [_thread_blocked, id=14376, stack(0x0000004f74400000,0x0000004f74500000)]
  0x00000215e8d70800 JavaThread "Service Thread" daemon [_thread_blocked, id=17148, stack(0x0000004f74500000,0x0000004f74600000)]
=>0x00000215e8d73800 JavaThread "C2 CompilerThread0" daemon [_thread_in_native, id=17088, stack(0x0000004f74600000,0x0000004f74700000)]
  0x00000215e8d76800 JavaThread "C1 CompilerThread0" daemon [_thread_blocked, id=12736, stack(0x0000004f74700000,0x0000004f74800000)]
  0x00000215e8dd7800 JavaThread "Sweeper thread" daemon [_thread_blocked, id=9148, stack(0x0000004f74800000,0x0000004f74900000)]
  0x00000215e8ed3800 JavaThread "Common-Cleaner" daemon [_thread_blocked, id=14540, stack(0x0000004f74900000,0x0000004f74a00000)]
  0x00000215e99b7000 JavaThread "Daemon health stats" [_thread_blocked, id=15180, stack(0x0000004f74d00000,0x0000004f74e00000)]
  0x00000215ea182800 JavaThread "Incoming local TCP Connector on port 64020" [_thread_in_native, id=508, stack(0x0000004f74e00000,0x0000004f74f00000)]
  0x00000215eaf2a800 JavaThread "Daemon periodic checks" [_thread_blocked, id=16320, stack(0x0000004f74f00000,0x0000004f75000000)]
  0x00000215e9094000 JavaThread "Daemon" [_thread_blocked, id=5428, stack(0x0000004f75000000,0x0000004f75100000)]
  0x00000215e9b90000 JavaThread "Handler for socket connection from /127.0.0.1:64020 to /127.0.0.1:64021" [_thread_in_native, id=8040, stack(0x0000004f75100000,0x0000004f75200000)]
  0x00000215ea91f800 JavaThread "Cancel handler" [_thread_blocked, id=15728, stack(0x0000004f75200000,0x0000004f75300000)]
  0x00000215e9898800 JavaThread "Daemon worker" [_thread_blocked, id=5416, stack(0x0000004f75300000,0x0000004f75400000)]
  0x00000215e9899000 JavaThread "Asynchronous log dispatcher for DefaultDaemonConnection: socket connection from /127.0.0.1:64020 to /127.0.0.1:64021" [_thread_blocked, id=14496, stack(0x0000004f75400000,0x0000004f75500000)]
  0x00000215e9875800 JavaThread "Daemon client event forwarder" [_thread_blocked, id=12552, stack(0x0000004f75600000,0x0000004f75700000)]
  0x00000215ead30800 JavaThread "Cache worker for journal cache (C:\Users\tahaa\.gradle\caches\journal-1)" [_thread_blocked, id=17248, stack(0x0000004f75800000,0x0000004f75900000)]
  0x00000215ead32000 JavaThread "File lock request listener" [_thread_in_native, id=10960, stack(0x0000004f75900000,0x0000004f75a00000)]
  0x00000215ead32800 JavaThread "Cache worker for file hash cache (C:\Users\tahaa\.gradle\caches\8.0.1\fileHashes)" [_thread_blocked, id=8984, stack(0x0000004f75b00000,0x0000004f75c00000)]
  0x00000215eb8cd800 JavaThread "File watcher server" daemon [_thread_in_native, id=17896, stack(0x0000004f75e00000,0x0000004f75f00000)]
  0x00000215eb8d2800 JavaThread "File watcher consumer" daemon [_thread_blocked, id=17948, stack(0x0000004f75f00000,0x0000004f76000000)]
  0x00000215eb8cd000 JavaThread "Cache worker for checksums cache (F:\RN PROJECTS\Whoo\android\.gradle\8.0.1\checksums)" [_thread_blocked, id=18100, stack(0x0000004f76000000,0x0000004f76100000)]
  0x00000215eb8cf800 JavaThread "Cache worker for cache directory md-rule (C:\Users\tahaa\.gradle\caches\8.0.1\md-rule)" [_thread_blocked, id=18144, stack(0x0000004f76100000,0x0000004f76200000)]
  0x00000215eb8d2000 JavaThread "Cache worker for file content cache (C:\Users\tahaa\.gradle\caches\8.0.1\fileContent)" [_thread_blocked, id=18180, stack(0x0000004f76200000,0x0000004f76300000)]
  0x00000215eb8ce800 JavaThread "Cache worker for file hash cache (F:\RN PROJECTS\Whoo\android\.gradle\8.0.1\fileHashes)" [_thread_blocked, id=18268, stack(0x0000004f76300000,0x0000004f76400000)]
  0x00000215eb8d4800 JavaThread "Cache worker for cache directory md-supplier (C:\Users\tahaa\.gradle\caches\8.0.1\md-supplier)" [_thread_blocked, id=18388, stack(0x0000004f73800000,0x0000004f73900000)]
  0x00000215eb8d3800 JavaThread "Cache worker for execution history cache (C:\Users\tahaa\.gradle\caches\8.0.1\executionHistory)" [_thread_blocked, id=18428, stack(0x0000004f73900000,0x0000004f73a00000)]
  0x00000215eb8d5000 JavaThread "jar transforms" [_thread_blocked, id=6732, stack(0x0000004f76400000,0x0000004f76500000)]
  0x00000215eb8d6000 JavaThread "jar transforms Thread 2" [_thread_blocked, id=18396, stack(0x0000004f76500000,0x0000004f76600000)]
  0x00000215eb8d1000 JavaThread "jar transforms Thread 3" [_thread_blocked, id=8856, stack(0x0000004f75500000,0x0000004f75600000)]
  0x00000215eb8db000 JavaThread "jar transforms Thread 4" [_thread_blocked, id=18652, stack(0x0000004f76600000,0x0000004f76700000)]
  0x00000215eb8d7800 JavaThread "Cache worker for kotlin-dsl (C:\Users\tahaa\.gradle\caches\8.0.1\kotlin-dsl)" [_thread_blocked, id=20160, stack(0x0000004f75a00000,0x0000004f75b00000)]
  0x00000215eb8da000 JavaThread "Cache worker for dependencies-accessors (F:\RN PROJECTS\Whoo\android\.gradle\8.0.1\dependencies-accessors)" [_thread_blocked, id=17028, stack(0x0000004f76800000,0x0000004f76900000)]
  0x00000215eb8db800 JavaThread "Cache worker for Build Output Cleanup Cache (F:\RN PROJECTS\Whoo\node_modules\@react-native\gradle-plugin\.gradle\buildOutputCleanup)" [_thread_blocked, id=15816, stack(0x0000004f76900000,0x0000004f76a00000)]
  0x00000215ead31000 JavaThread "Unconstrained build operations" [_thread_blocked, id=19076, stack(0x0000004f75d00000,0x0000004f75e00000)]
  0x00000215ed08e800 JavaThread "Unconstrained build operations Thread 2" [_thread_blocked, id=18712, stack(0x0000004f76a00000,0x0000004f76b00000)]
  0x00000215ed090000 JavaThread "Unconstrained build operations Thread 3" [_thread_blocked, id=10448, stack(0x0000004f76b00000,0x0000004f76c00000)]
  0x00000215ed091000 JavaThread "Unconstrained build operations Thread 4" [_thread_blocked, id=840, stack(0x0000004f76c00000,0x0000004f76d00000)]
  0x00000215ed092000 JavaThread "Unconstrained build operations Thread 5" [_thread_blocked, id=20180, stack(0x0000004f76d00000,0x0000004f76e00000)]
  0x00000215ed08c000 JavaThread "Unconstrained build operations Thread 6" [_thread_blocked, id=18792, stack(0x0000004f76e00000,0x0000004f76f00000)]
  0x00000215ed08d000 JavaThread "Unconstrained build operations Thread 7" [_thread_blocked, id=17356, stack(0x0000004f76f00000,0x0000004f77000000)]
  0x00000215ed092800 JavaThread "Unconstrained build operations Thread 8" [_thread_blocked, id=20128, stack(0x0000004f77000000,0x0000004f77100000)]
  0x00000215ed08f800 JavaThread "Unconstrained build operations Thread 9" [_thread_blocked, id=1392, stack(0x0000004f77100000,0x0000004f77200000)]
  0x00000215ed093800 JavaThread "Unconstrained build operations Thread 10" [_thread_blocked, id=18056, stack(0x0000004f77200000,0x0000004f77300000)]
  0x00000215ed08d800 JavaThread "Unconstrained build operations Thread 11" [_thread_blocked, id=20136, stack(0x0000004f77300000,0x0000004f77400000)]
  0x00000215ed096800 JavaThread "Unconstrained build operations Thread 12" [_thread_blocked, id=8700, stack(0x0000004f77400000,0x0000004f77500000)]
  0x00000215ed09a000 JavaThread "Unconstrained build operations Thread 13" [_thread_blocked, id=17424, stack(0x0000004f77500000,0x0000004f77600000)]
  0x00000215ed099000 JavaThread "Unconstrained build operations Thread 14" [_thread_blocked, id=1740, stack(0x0000004f77600000,0x0000004f77700000)]
  0x00000215ed097800 JavaThread "Unconstrained build operations Thread 15" [_thread_blocked, id=17492, stack(0x0000004f77700000,0x0000004f77800000)]
  0x00000215ed094000 JavaThread "Unconstrained build operations Thread 16" [_thread_blocked, id=17428, stack(0x0000004f77800000,0x0000004f77900000)]
  0x00000215ed095000 JavaThread "Unconstrained build operations Thread 17" [_thread_blocked, id=6120, stack(0x0000004f77900000,0x0000004f77a00000)]
  0x00000215ed098800 JavaThread "Unconstrained build operations Thread 18" [_thread_blocked, id=18504, stack(0x0000004f77a00000,0x0000004f77b00000)]
  0x00000215ed09b000 JavaThread "Unconstrained build operations Thread 19" [_thread_blocked, id=17764, stack(0x0000004f77b00000,0x0000004f77c00000)]
  0x00000215ed096000 JavaThread "Unconstrained build operations Thread 20" [_thread_blocked, id=8144, stack(0x0000004f77c00000,0x0000004f77d00000)]
  0x00000215ea262000 JavaThread "Unconstrained build operations Thread 21" [_thread_blocked, id=2920, stack(0x0000004f77d00000,0x0000004f77e00000)]
  0x00000215ea264000 JavaThread "Unconstrained build operations Thread 22" [_thread_blocked, id=18808, stack(0x0000004f77e00000,0x0000004f77f00000)]
  0x00000215ea25f800 JavaThread "Unconstrained build operations Thread 23" [_thread_blocked, id=12220, stack(0x0000004f77f00000,0x0000004f78000000)]
  0x00000215ea261000 JavaThread "Unconstrained build operations Thread 24" [_thread_blocked, id=1036, stack(0x0000004f78000000,0x0000004f78100000)]
  0x00000215ea262800 JavaThread "Unconstrained build operations Thread 25" [_thread_blocked, id=7828, stack(0x0000004f78100000,0x0000004f78200000)]
  0x00000215ea263800 JavaThread "Unconstrained build operations Thread 26" [_thread_blocked, id=20164, stack(0x0000004f78200000,0x0000004f78300000)]
  0x00000215ea265000 JavaThread "Memory manager" [_thread_blocked, id=11300, stack(0x0000004f75c00000,0x0000004f75d00000)]
  0x00000215ea266000 JavaThread "File lock release action executor Thread 5" [_thread_blocked, id=17924, stack(0x0000004f78300000,0x0000004f78400000)]
  0x00000215ea260000 JavaThread "Cache worker for Build Output Cleanup Cache (F:\RN PROJECTS\Whoo\android\.gradle\buildOutputCleanup)" [_thread_blocked, id=6432, stack(0x0000004f78400000,0x0000004f78500000)]
  0x00000215ea266800 JavaThread "included builds" [_thread_blocked, id=20564, stack(0x0000004f76700000,0x0000004f76800000)]
  0x00000215ea267800 JavaThread "Execution worker" [_thread_blocked, id=20568, stack(0x0000004f78500000,0x0000004f78600000)]
  0x00000215ea269000 JavaThread "Execution worker Thread 2" [_thread_blocked, id=20572, stack(0x0000004f78600000,0x0000004f78700000)]
  0x00000215ea268800 JavaThread "Execution worker Thread 3" [_thread_blocked, id=20576, stack(0x0000004f78700000,0x0000004f78800000)]
  0x00000215ea26b800 JavaThread "Cache worker for execution history cache (F:\RN PROJECTS\Whoo\node_modules\@react-native\gradle-plugin\.gradle\8.0.1\executionHistory)" [_thread_blocked, id=20580, stack(0x0000004f78800000,0x0000004f78900000)]
  0x00000215ea26b000 JavaThread "Unconstrained build operations Thread 27" [_thread_blocked, id=20912, stack(0x0000004f78900000,0x0000004f78a00000)]
  0x00000215ea26c800 JavaThread "Unconstrained build operations Thread 28" [_thread_blocked, id=20916, stack(0x0000004f78a00000,0x0000004f78b00000)]
  0x00000215ea26d000 JavaThread "Unconstrained build operations Thread 29" [_thread_blocked, id=20920, stack(0x0000004f78b00000,0x0000004f78c00000)]
  0x00000215ea26e000 JavaThread "Unconstrained build operations Thread 30" [_thread_blocked, id=20924, stack(0x0000004f78c00000,0x0000004f78d00000)]
  0x00000215eb8d8800 JavaThread "Unconstrained build operations Thread 31" [_thread_blocked, id=20972, stack(0x0000004f78d00000,0x0000004f78e00000)]
  0x00000215eb8d9000 JavaThread "Unconstrained build operations Thread 32" [_thread_blocked, id=20976, stack(0x0000004f78e00000,0x0000004f78f00000)]
  0x00000215ed232000 JavaThread "Unconstrained build operations Thread 33" [_thread_blocked, id=20980, stack(0x0000004f78f00000,0x0000004f79000000)]
  0x00000215ed238000 JavaThread "Unconstrained build operations Thread 34" [_thread_blocked, id=20984, stack(0x0000004f79000000,0x0000004f79100000)]
  0x00000215ed237000 JavaThread "Unconstrained build operations Thread 35" [_thread_blocked, id=20988, stack(0x0000004f79100000,0x0000004f79200000)]
  0x00000215ed236800 JavaThread "Unconstrained build operations Thread 36" [_thread_blocked, id=20992, stack(0x0000004f79200000,0x0000004f79300000)]
  0x00000215ed234000 JavaThread "Unconstrained build operations Thread 37" [_thread_blocked, id=20996, stack(0x0000004f79300000,0x0000004f79400000)]
  0x00000215ed233000 JavaThread "Unconstrained build operations Thread 38" [_thread_blocked, id=21000, stack(0x0000004f79400000,0x0000004f79500000)]
  0x00000215ed234800 JavaThread "Unconstrained build operations Thread 39" [_thread_blocked, id=21004, stack(0x0000004f79500000,0x0000004f79600000)]
  0x00000215ed23a800 JavaThread "Unconstrained build operations Thread 40" [_thread_blocked, id=21008, stack(0x0000004f79600000,0x0000004f79700000)]
  0x00000215ed238800 JavaThread "WorkerExecutor Queue" [_thread_blocked, id=7544, stack(0x0000004f79700000,0x0000004f79800000)]
  0x00000215ed239800 JavaThread "Thread-78" [_thread_in_native, id=12428, stack(0x0000004f79800000,0x0000004f79900000)]
  0x00000215ed23b000 JavaThread "RMI Scheduler(0)" daemon [_thread_blocked, id=22312, stack(0x0000004f79900000,0x0000004f79a00000)]

Other Threads:
  0x00000215e8400000 VMThread "VM Thread" [stack: 0x0000004f74000000,0x0000004f74100000] [id=15508]
  0x00000215e8f11800 WatcherThread [stack: 0x0000004f74a00000,0x0000004f74b00000] [id=9972]
  0x00000215c9bdd800 GCTaskThread "GC Thread#0" [stack: 0x0000004f73b00000,0x0000004f73c00000] [id=16608]
  0x00000215e9458800 GCTaskThread "GC Thread#1" [stack: 0x0000004f74b00000,0x0000004f74c00000] [id=10360]
  0x00000215e9098800 GCTaskThread "GC Thread#2" [stack: 0x0000004f74c00000,0x0000004f74d00000] [id=5032]
  0x00000215ea6f1000 GCTaskThread "GC Thread#3" [stack: 0x0000004f75700000,0x0000004f75800000] [id=16680]
  0x00000215c9c0f000 ConcurrentGCThread "G1 Main Marker" [stack: 0x0000004f73c00000,0x0000004f73d00000] [id=16468]
  0x00000215c9c10800 ConcurrentGCThread "G1 Conc#0" [stack: 0x0000004f73d00000,0x0000004f73e00000] [id=8048]
  0x00000215c9c9e800 ConcurrentGCThread "G1 Refine#0" [stack: 0x0000004f73e00000,0x0000004f73f00000] [id=9072]
  0x00000215e8270800 ConcurrentGCThread "G1 Young RemSet Sampling" [stack: 0x0000004f73f00000,0x0000004f74000000] [id=14380]

Threads with active compile tasks:
C2 CompilerThread0   566644 8548       4       java.lang.invoke.InvokerBytecodeGenerator::emitImplicitConversion (159 bytes)

VM state:not at safepoint (normal execution)

VM Mutex/Monitor currently owned by a thread: None

Heap address: 0x0000000080000000, size: 2048 MB, Compressed Oops mode: 32-bit
Narrow klass base: 0x0000000000000000, Narrow klass shift: 3
Compressed class space size: 528482304 Address: 0x0000000100000000

Heap:
 garbage-first heap   total 131072K, used 63488K [0x0000000080000000, 0x0000000100000000)
  region size 1024K, 6 young (6144K), 1 survivors (1024K)
 Metaspace       used 75537K, capacity 77917K, committed 78088K, reserved 583680K
  class space    used 9840K, capacity 10811K, committed 10936K, reserved 516096K
Heap Regions: E=young(eden), S=young(survivor), O=old, HS=humongous(starts), HC=humongous(continues), CS=collection set, F=free, A=archive, TAMS=top-at-mark-start (previous, next)
|   0|0x0000000080000000, 0x0000000080100000, 0x0000000080100000|100%| O|  |TAMS 0x0000000080100000, 0x0000000080000000| Untracked 
|   1|0x0000000080100000, 0x0000000080200000, 0x0000000080200000|100%| O|  |TAMS 0x0000000080200000, 0x0000000080100000| Untracked 
|   2|0x0000000080200000, 0x0000000080300000, 0x0000000080300000|100%| O|  |TAMS 0x0000000080300000, 0x0000000080200000| Untracked 
|   3|0x0000000080300000, 0x0000000080400000, 0x0000000080400000|100%|HS|  |TAMS 0x0000000080400000, 0x0000000080300000| Complete 
|   4|0x0000000080400000, 0x0000000080500000, 0x0000000080500000|100%|HC|  |TAMS 0x0000000080500000, 0x0000000080400000| Complete 
|   5|0x0000000080500000, 0x0000000080600000, 0x0000000080600000|100%|HC|  |TAMS 0x0000000080600000, 0x0000000080500000| Complete 
|   6|0x0000000080600000, 0x0000000080700000, 0x0000000080700000|100%|HC|  |TAMS 0x0000000080700000, 0x0000000080600000| Complete 
|   7|0x0000000080700000, 0x0000000080800000, 0x0000000080800000|100%| O|  |TAMS 0x0000000080800000, 0x0000000080700000| Untracked 
|   8|0x0000000080800000, 0x0000000080900000, 0x0000000080900000|100%| O|  |TAMS 0x0000000080900000, 0x0000000080800000| Untracked 
|   9|0x0000000080900000, 0x0000000080a00000, 0x0000000080a00000|100%| O|  |TAMS 0x0000000080a00000, 0x0000000080900000| Untracked 
|  10|0x0000000080a00000, 0x0000000080b00000, 0x0000000080b00000|100%| O|  |TAMS 0x0000000080b00000, 0x0000000080a00000| Untracked 
|  11|0x0000000080b00000, 0x0000000080c00000, 0x0000000080c00000|100%| O|  |TAMS 0x0000000080c00000, 0x0000000080b00000| Untracked 
|  12|0x0000000080c00000, 0x0000000080d00000, 0x0000000080d00000|100%| O|  |TAMS 0x0000000080d00000, 0x0000000080c00000| Untracked 
|  13|0x0000000080d00000, 0x0000000080e00000, 0x0000000080e00000|100%| O|  |TAMS 0x0000000080e00000, 0x0000000080d00000| Untracked 
|  14|0x0000000080e00000, 0x0000000080f00000, 0x0000000080f00000|100%| O|  |TAMS 0x0000000080f00000, 0x0000000080e00000| Untracked 
|  15|0x0000000080f00000, 0x0000000081000000, 0x0000000081000000|100%| O|  |TAMS 0x0000000081000000, 0x0000000080f00000| Untracked 
|  16|0x0000000081000000, 0x0000000081100000, 0x0000000081100000|100%| O|  |TAMS 0x0000000081100000, 0x0000000081000000| Untracked 
|  17|0x0000000081100000, 0x0000000081200000, 0x0000000081200000|100%| O|  |TAMS 0x0000000081200000, 0x0000000081100000| Untracked 
|  18|0x0000000081200000, 0x0000000081300000, 0x0000000081300000|100%| O|  |TAMS 0x0000000081300000, 0x0000000081200000| Untracked 
|  19|0x0000000081300000, 0x0000000081400000, 0x0000000081400000|100%| O|  |TAMS 0x0000000081400000, 0x0000000081300000| Untracked 
|  20|0x0000000081400000, 0x0000000081500000, 0x0000000081500000|100%| O|  |TAMS 0x0000000081500000, 0x0000000081400000| Untracked 
|  21|0x0000000081500000, 0x0000000081600000, 0x0000000081600000|100%| O|  |TAMS 0x0000000081600000, 0x0000000081500000| Untracked 
|  22|0x0000000081600000, 0x0000000081700000, 0x0000000081700000|100%| O|  |TAMS 0x0000000081700000, 0x0000000081600000| Untracked 
|  23|0x0000000081700000, 0x0000000081800000, 0x0000000081800000|100%| O|  |TAMS 0x0000000081800000, 0x0000000081700000| Untracked 
|  24|0x0000000081800000, 0x0000000081900000, 0x0000000081900000|100%| O|  |TAMS 0x0000000081900000, 0x0000000081800000| Untracked 
|  25|0x0000000081900000, 0x0000000081a00000, 0x0000000081a00000|100%| O|  |TAMS 0x0000000081a00000, 0x0000000081900000| Untracked 
|  26|0x0000000081a00000, 0x0000000081b00000, 0x0000000081b00000|100%| O|  |TAMS 0x0000000081b00000, 0x0000000081a00000| Untracked 
|  27|0x0000000081b00000, 0x0000000081c00000, 0x0000000081c00000|100%| O|  |TAMS 0x0000000081c00000, 0x0000000081b00000| Untracked 
|  28|0x0000000081c00000, 0x0000000081d00000, 0x0000000081d00000|100%|HS|  |TAMS 0x0000000081d00000, 0x0000000081c00000| Complete 
|  29|0x0000000081d00000, 0x0000000081e00000, 0x0000000081e00000|100%|HC|  |TAMS 0x0000000081e00000, 0x0000000081d00000| Complete 
|  30|0x0000000081e00000, 0x0000000081f00000, 0x0000000081f00000|100%| O|  |TAMS 0x0000000081f00000, 0x0000000081e00000| Untracked 
|  31|0x0000000081f00000, 0x0000000082000000, 0x0000000082000000|100%| O|  |TAMS 0x0000000082000000, 0x0000000081f00000| Untracked 
|  32|0x0000000082000000, 0x0000000082100000, 0x0000000082100000|100%|HS|  |TAMS 0x0000000082100000, 0x0000000082000000| Complete 
|  33|0x0000000082100000, 0x0000000082200000, 0x0000000082200000|100%|HC|  |TAMS 0x0000000082200000, 0x0000000082100000| Complete 
|  34|0x0000000082200000, 0x0000000082300000, 0x0000000082300000|100%|HC|  |TAMS 0x0000000082300000, 0x0000000082200000| Complete 
|  35|0x0000000082300000, 0x0000000082400000, 0x0000000082400000|100%|HC|  |TAMS 0x0000000082400000, 0x0000000082300000| Complete 
|  36|0x0000000082400000, 0x0000000082500000, 0x0000000082500000|100%| O|  |TAMS 0x0000000082500000, 0x0000000082400000| Untracked 
|  37|0x0000000082500000, 0x0000000082600000, 0x0000000082600000|100%| O|  |TAMS 0x0000000082600000, 0x0000000082500000| Untracked 
|  38|0x0000000082600000, 0x0000000082700000, 0x0000000082700000|100%| O|  |TAMS 0x0000000082700000, 0x0000000082600000| Untracked 
|  39|0x0000000082700000, 0x0000000082800000, 0x0000000082800000|100%| O|  |TAMS 0x0000000082800000, 0x0000000082700000| Untracked 
|  40|0x0000000082800000, 0x0000000082900000, 0x0000000082900000|100%| O|  |TAMS 0x0000000082900000, 0x0000000082800000| Untracked 
|  41|0x0000000082900000, 0x0000000082a00000, 0x0000000082a00000|100%| O|  |TAMS 0x0000000082a00000, 0x0000000082900000| Untracked 
|  42|0x0000000082a00000, 0x0000000082b00000, 0x0000000082b00000|100%| O|  |TAMS 0x0000000082b00000, 0x0000000082a00000| Untracked 
|  43|0x0000000082b00000, 0x0000000082c00000, 0x0000000082c00000|100%| O|  |TAMS 0x0000000082c00000, 0x0000000082b00000| Untracked 
|  44|0x0000000082c00000, 0x0000000082d00000, 0x0000000082d00000|100%| O|  |TAMS 0x0000000082d00000, 0x0000000082c00000| Untracked 
|  45|0x0000000082d00000, 0x0000000082e00000, 0x0000000082e00000|100%| O|  |TAMS 0x0000000082e00000, 0x0000000082d00000| Untracked 
|  46|0x0000000082e00000, 0x0000000082f00000, 0x0000000082f00000|100%| O|  |TAMS 0x0000000082e62e00, 0x0000000082e00000| Untracked 
|  47|0x0000000082f00000, 0x0000000083000000, 0x0000000083000000|100%| O|  |TAMS 0x0000000082f00000, 0x0000000082f00000| Untracked 
|  48|0x0000000083000000, 0x0000000083100000, 0x0000000083100000|100%| O|  |TAMS 0x0000000083000000, 0x0000000083000000| Untracked 
|  49|0x0000000083100000, 0x0000000083200000, 0x0000000083200000|100%| O|  |TAMS 0x0000000083100000, 0x0000000083100000| Untracked 
|  50|0x0000000083200000, 0x0000000083300000, 0x0000000083300000|100%| O|  |TAMS 0x0000000083200000, 0x0000000083200000| Untracked 
|  51|0x0000000083300000, 0x0000000083400000, 0x0000000083400000|100%| O|  |TAMS 0x0000000083300000, 0x0000000083300000| Untracked 
|  52|0x0000000083400000, 0x0000000083500000, 0x0000000083500000|100%| O|  |TAMS 0x0000000083400000, 0x0000000083400000| Untracked 
|  53|0x0000000083500000, 0x0000000083600000, 0x0000000083600000|100%| O|  |TAMS 0x0000000083500000, 0x0000000083500000| Untracked 
|  54|0x0000000083600000, 0x0000000083700000, 0x0000000083700000|100%| O|  |TAMS 0x0000000083600000, 0x0000000083600000| Untracked 
|  55|0x0000000083700000, 0x0000000083800000, 0x0000000083800000|100%| O|  |TAMS 0x0000000083700000, 0x0000000083700000| Untracked 
|  56|0x0000000083800000, 0x0000000083900000, 0x0000000083900000|100%| O|  |TAMS 0x0000000083800000, 0x0000000083800000| Untracked 
|  57|0x0000000083900000, 0x0000000083900000, 0x0000000083a00000|  0%| F|  |TAMS 0x0000000083900000, 0x0000000083900000| Untracked 
|  58|0x0000000083a00000, 0x0000000083a00000, 0x0000000083b00000|  0%| F|  |TAMS 0x0000000083a00000, 0x0000000083a00000| Untracked 
|  59|0x0000000083b00000, 0x0000000083b00000, 0x0000000083c00000|  0%| F|  |TAMS 0x0000000083b00000, 0x0000000083b00000| Untracked 
|  60|0x0000000083c00000, 0x0000000083c00000, 0x0000000083d00000|  0%| F|  |TAMS 0x0000000083c00000, 0x0000000083c00000| Untracked 
|  61|0x0000000083d00000, 0x0000000083d00000, 0x0000000083e00000|  0%| F|  |TAMS 0x0000000083d00000, 0x0000000083d00000| Untracked 
|  62|0x0000000083e00000, 0x0000000083e00000, 0x0000000083f00000|  0%| F|  |TAMS 0x0000000083e00000, 0x0000000083e00000| Untracked 
|  63|0x0000000083f00000, 0x0000000083f00000, 0x0000000084000000|  0%| F|  |TAMS 0x0000000083f00000, 0x0000000083f00000| Untracked 
|  64|0x0000000084000000, 0x0000000084000000, 0x0000000084100000|  0%| F|  |TAMS 0x0000000084000000, 0x0000000084000000| Untracked 
|  65|0x0000000084100000, 0x0000000084100000, 0x0000000084200000|  0%| F|  |TAMS 0x0000000084100000, 0x0000000084100000| Untracked 
|  66|0x0000000084200000, 0x0000000084200000, 0x0000000084300000|  0%| F|  |TAMS 0x0000000084200000, 0x0000000084200000| Untracked 
|  67|0x0000000084300000, 0x0000000084300000, 0x0000000084400000|  0%| F|  |TAMS 0x0000000084300000, 0x0000000084300000| Untracked 
|  68|0x0000000084400000, 0x0000000084400000, 0x0000000084500000|  0%| F|  |TAMS 0x0000000084400000, 0x0000000084400000| Untracked 
|  69|0x0000000084500000, 0x0000000084500000, 0x0000000084600000|  0%| F|  |TAMS 0x0000000084500000, 0x0000000084500000| Untracked 
|  70|0x0000000084600000, 0x0000000084600000, 0x0000000084700000|  0%| F|  |TAMS 0x0000000084600000, 0x0000000084600000| Untracked 
|  71|0x0000000084700000, 0x0000000084700000, 0x0000000084800000|  0%| F|  |TAMS 0x0000000084700000, 0x0000000084700000| Untracked 
|  72|0x0000000084800000, 0x0000000084800000, 0x0000000084900000|  0%| F|  |TAMS 0x0000000084800000, 0x0000000084800000| Untracked 
|  73|0x0000000084900000, 0x0000000084900000, 0x0000000084a00000|  0%| F|  |TAMS 0x0000000084900000, 0x0000000084900000| Untracked 
|  74|0x0000000084a00000, 0x0000000084a00000, 0x0000000084b00000|  0%| F|  |TAMS 0x0000000084a00000, 0x0000000084a00000| Untracked 
|  75|0x0000000084b00000, 0x0000000084b00000, 0x0000000084c00000|  0%| F|  |TAMS 0x0000000084b00000, 0x0000000084b00000| Untracked 
|  76|0x0000000084c00000, 0x0000000084c00000, 0x0000000084d00000|  0%| F|  |TAMS 0x0000000084c00000, 0x0000000084c00000| Untracked 
|  77|0x0000000084d00000, 0x0000000084d00000, 0x0000000084e00000|  0%| F|  |TAMS 0x0000000084d00000, 0x0000000084d00000| Untracked 
|  78|0x0000000084e00000, 0x0000000084e00000, 0x0000000084f00000|  0%| F|  |TAMS 0x0000000084e00000, 0x0000000084e00000| Untracked 
|  79|0x0000000084f00000, 0x0000000084f00000, 0x0000000085000000|  0%| F|  |TAMS 0x0000000084f00000, 0x0000000084f00000| Untracked 
|  80|0x0000000085000000, 0x0000000085000000, 0x0000000085100000|  0%| F|  |TAMS 0x0000000085000000, 0x0000000085000000| Untracked 
|  81|0x0000000085100000, 0x0000000085100000, 0x0000000085200000|  0%| F|  |TAMS 0x0000000085100000, 0x0000000085100000| Untracked 
|  82|0x0000000085200000, 0x0000000085200000, 0x0000000085300000|  0%| F|  |TAMS 0x0000000085200000, 0x0000000085200000| Untracked 
|  83|0x0000000085300000, 0x0000000085300000, 0x0000000085400000|  0%| F|  |TAMS 0x0000000085300000, 0x0000000085300000| Untracked 
|  84|0x0000000085400000, 0x0000000085400000, 0x0000000085500000|  0%| F|  |TAMS 0x0000000085400000, 0x0000000085400000| Untracked 
|  85|0x0000000085500000, 0x0000000085500000, 0x0000000085600000|  0%| F|  |TAMS 0x0000000085500000, 0x0000000085500000| Untracked 
|  86|0x0000000085600000, 0x0000000085600000, 0x0000000085700000|  0%| F|  |TAMS 0x0000000085600000, 0x0000000085600000| Untracked 
|  87|0x0000000085700000, 0x0000000085700000, 0x0000000085800000|  0%| F|  |TAMS 0x0000000085700000, 0x0000000085700000| Untracked 
|  88|0x0000000085800000, 0x0000000085800000, 0x0000000085900000|  0%| F|  |TAMS 0x0000000085800000, 0x0000000085800000| Untracked 
|  89|0x0000000085900000, 0x0000000085900000, 0x0000000085a00000|  0%| F|  |TAMS 0x0000000085900000, 0x0000000085900000| Untracked 
|  90|0x0000000085a00000, 0x0000000085a00000, 0x0000000085b00000|  0%| F|  |TAMS 0x0000000085a00000, 0x0000000085a00000| Untracked 
|  91|0x0000000085b00000, 0x0000000085b00000, 0x0000000085c00000|  0%| F|  |TAMS 0x0000000085b00000, 0x0000000085b00000| Untracked 
|  92|0x0000000085c00000, 0x0000000085c00000, 0x0000000085d00000|  0%| F|  |TAMS 0x0000000085c00000, 0x0000000085c00000| Untracked 
|  93|0x0000000085d00000, 0x0000000085d00000, 0x0000000085e00000|  0%| F|  |TAMS 0x0000000085d00000, 0x0000000085d00000| Untracked 
|  94|0x0000000085e00000, 0x0000000085e00000, 0x0000000085f00000|  0%| F|  |TAMS 0x0000000085e00000, 0x0000000085e00000| Untracked 
|  95|0x0000000085f00000, 0x0000000085f00000, 0x0000000086000000|  0%| F|  |TAMS 0x0000000085f00000, 0x0000000085f00000| Untracked 
|  96|0x0000000086000000, 0x0000000086000000, 0x0000000086100000|  0%| F|  |TAMS 0x0000000086000000, 0x0000000086000000| Untracked 
|  97|0x0000000086100000, 0x0000000086100000, 0x0000000086200000|  0%| F|  |TAMS 0x0000000086100000, 0x0000000086100000| Untracked 
|  98|0x0000000086200000, 0x0000000086200000, 0x0000000086300000|  0%| F|  |TAMS 0x0000000086200000, 0x0000000086200000| Untracked 
|  99|0x0000000086300000, 0x0000000086300000, 0x0000000086400000|  0%| F|  |TAMS 0x0000000086300000, 0x0000000086300000| Untracked 
| 100|0x0000000086400000, 0x0000000086400000, 0x0000000086500000|  0%| F|  |TAMS 0x0000000086400000, 0x0000000086400000| Untracked 
| 101|0x0000000086500000, 0x0000000086500000, 0x0000000086600000|  0%| F|  |TAMS 0x0000000086500000, 0x0000000086500000| Untracked 
| 102|0x0000000086600000, 0x0000000086600000, 0x0000000086700000|  0%| F|  |TAMS 0x0000000086600000, 0x0000000086600000| Untracked 
| 103|0x0000000086700000, 0x0000000086700000, 0x0000000086800000|  0%| F|  |TAMS 0x0000000086700000, 0x0000000086700000| Untracked 
| 104|0x0000000086800000, 0x0000000086800000, 0x0000000086900000|  0%| F|  |TAMS 0x0000000086800000, 0x0000000086800000| Untracked 
| 105|0x0000000086900000, 0x0000000086900000, 0x0000000086a00000|  0%| F|  |TAMS 0x0000000086900000, 0x0000000086900000| Untracked 
| 106|0x0000000086a00000, 0x0000000086a00000, 0x0000000086b00000|  0%| F|  |TAMS 0x0000000086a00000, 0x0000000086a00000| Untracked 
| 107|0x0000000086b00000, 0x0000000086b00000, 0x0000000086c00000|  0%| F|  |TAMS 0x0000000086b00000, 0x0000000086b00000| Untracked 
| 108|0x0000000086c00000, 0x0000000086c00000, 0x0000000086d00000|  0%| F|  |TAMS 0x0000000086c00000, 0x0000000086c00000| Untracked 
| 109|0x0000000086d00000, 0x0000000086d00000, 0x0000000086e00000|  0%| F|  |TAMS 0x0000000086d00000, 0x0000000086d00000| Untracked 
| 110|0x0000000086e00000, 0x0000000086e00000, 0x0000000086f00000|  0%| F|  |TAMS 0x0000000086e00000, 0x0000000086e00000| Untracked 
| 111|0x0000000086f00000, 0x0000000086f00000, 0x0000000087000000|  0%| F|  |TAMS 0x0000000086f00000, 0x0000000086f00000| Untracked 
| 112|0x0000000087000000, 0x0000000087000000, 0x0000000087100000|  0%| F|  |TAMS 0x0000000087000000, 0x0000000087000000| Untracked 
| 113|0x0000000087100000, 0x0000000087100000, 0x0000000087200000|  0%| F|  |TAMS 0x0000000087100000, 0x0000000087100000| Untracked 
| 114|0x0000000087200000, 0x0000000087200000, 0x0000000087300000|  0%| F|  |TAMS 0x0000000087200000, 0x0000000087200000| Untracked 
| 115|0x0000000087300000, 0x0000000087300000, 0x0000000087400000|  0%| F|  |TAMS 0x0000000087300000, 0x0000000087300000| Untracked 
| 116|0x0000000087400000, 0x0000000087400000, 0x0000000087500000|  0%| F|  |TAMS 0x0000000087400000, 0x0000000087400000| Untracked 
| 117|0x0000000087500000, 0x0000000087500000, 0x0000000087600000|  0%| F|  |TAMS 0x0000000087500000, 0x0000000087500000| Untracked 
| 118|0x0000000087600000, 0x0000000087600000, 0x0000000087700000|  0%| F|  |TAMS 0x0000000087600000, 0x0000000087600000| Untracked 
| 119|0x0000000087700000, 0x0000000087700000, 0x0000000087800000|  0%| F|  |TAMS 0x0000000087700000, 0x0000000087700000| Untracked 
| 120|0x0000000087800000, 0x0000000087800000, 0x0000000087900000|  0%| F|  |TAMS 0x0000000087800000, 0x0000000087800000| Untracked 
| 121|0x0000000087900000, 0x0000000087900000, 0x0000000087a00000|  0%| F|  |TAMS 0x0000000087900000, 0x0000000087900000| Untracked 
| 122|0x0000000087a00000, 0x0000000087a4fcc8, 0x0000000087b00000| 31%| E|  |TAMS 0x0000000087a00000, 0x0000000087a00000| Complete 
| 123|0x0000000087b00000, 0x0000000087c00000, 0x0000000087c00000|100%| E|CS|TAMS 0x0000000087b00000, 0x0000000087b00000| Complete 
| 124|0x0000000087c00000, 0x0000000087d00000, 0x0000000087d00000|100%| E|CS|TAMS 0x0000000087c00000, 0x0000000087c00000| Complete 
| 125|0x0000000087d00000, 0x0000000087e00000, 0x0000000087e00000|100%| E|CS|TAMS 0x0000000087d00000, 0x0000000087d00000| Complete 
| 126|0x0000000087e00000, 0x0000000087f00000, 0x0000000087f00000|100%| S|CS|TAMS 0x0000000087e00000, 0x0000000087e00000| Complete 
| 127|0x0000000087f00000, 0x0000000088000000, 0x0000000088000000|100%| E|CS|TAMS 0x0000000087f00000, 0x0000000087f00000| Complete 

Card table byte_map: [0x00000215e1740000,0x00000215e1b40000] _byte_map_base: 0x00000215e1340000

Marking Bits (Prev, Next): (CMBitMap*) 0x00000215c9c063b8, (CMBitMap*) 0x00000215c9c063f0
 Prev Bits: [0x00000215e1f40000, 0x00000215e3f40000)
 Next Bits: [0x00000215e3f40000, 0x00000215e5f40000)

Polling page: 0x00000215c7b30000

Metaspace:

Usage:
  Non-class:     65.53 MB capacity,    64.16 MB ( 98%) used,     1.13 MB (  2%) free+waste,   255.69 KB ( <1%) overhead. 
      Class:     10.56 MB capacity,     9.61 MB ( 91%) used,   848.07 KB (  8%) free+waste,   122.88 KB (  1%) overhead. 
       Both:     76.09 MB capacity,    73.77 MB ( 97%) used,     1.95 MB (  3%) free+waste,   378.56 KB ( <1%) overhead. 

Virtual space:
  Non-class space:       66.00 MB reserved,      65.58 MB (>99%) committed 
      Class space:      504.00 MB reserved,      10.68 MB (  2%) committed 
             Both:      570.00 MB reserved,      76.26 MB ( 13%) committed 

Chunk freelists:
   Non-Class:  0 bytes
       Class:  0 bytes
        Both:  0 bytes

MaxMetaspaceSize: 512.00 MB
CompressedClassSpaceSize: 504.00 MB
Initial GC threshold: 20.80 MB
Current GC threshold: 114.18 MB
CDS: off

CodeHeap 'non-profiled nmethods': size=120064Kb used=4979Kb max_used=4979Kb free=115084Kb
 bounds [0x00000215d9e00000, 0x00000215da2e0000, 0x00000215e1340000]
CodeHeap 'profiled nmethods': size=120000Kb used=18596Kb max_used=18596Kb free=101403Kb
 bounds [0x00000215d28d0000, 0x00000215d3b00000, 0x00000215d9e00000]
CodeHeap 'non-nmethods': size=5696Kb used=2373Kb max_used=2397Kb free=3322Kb
 bounds [0x00000215d2340000, 0x00000215d25b0000, 0x00000215d28d0000]
 total_blobs=9441 nmethods=8542 adapters=811
 compilation: enabled
              stopped_count=0, restarted_count=0
 full_count=0

Compilation events (20 events):
Event: 566.491 Thread 0x00000215e8d76800 8557       3       java.lang.invoke.LambdaFormEditor::oldSpeciesData (8 bytes)
Event: 566.491 Thread 0x00000215e8d76800 nmethod 8557 0x00000215d3af5610 code [0x00000215d3af57e0, 0x00000215d3af5bb8]
Event: 566.491 Thread 0x00000215e8d76800 8558       3       java.lang.invoke.InvokerBytecodeGenerator::<init> (108 bytes)
Event: 566.492 Thread 0x00000215e8d76800 nmethod 8558 0x00000215d3af5d10 code [0x00000215d3af5f80, 0x00000215d3af6a98]
Event: 566.495 Thread 0x00000215e8d76800 8559       3       java.lang.invoke.Invokers::maybeCustomize (28 bytes)
Event: 566.495 Thread 0x00000215e8d76800 nmethod 8559 0x00000215d3af6e10 code [0x00000215d3af6fc0, 0x00000215d3af71a8]
Event: 566.499 Thread 0x00000215e8d76800 8562       1       java.lang.invoke.LambdaForm::arity (5 bytes)
Event: 566.499 Thread 0x00000215e8d76800 nmethod 8562 0x00000215da2dc210 code [0x00000215da2dc3c0, 0x00000215da2dc478]
Event: 566.524 Thread 0x00000215e8d76800 8564       3       java.lang.invoke.DirectMethodHandle::afIndex (20 bytes)
Event: 566.524 Thread 0x00000215e8d76800 nmethod 8564 0x00000215d3af7290 code [0x00000215d3af7440, 0x00000215d3af7598]
Event: 566.524 Thread 0x00000215e8d76800 8565   !   3       java.lang.invoke.ClassSpecializer$Factory::findGetter (41 bytes)
Event: 566.525 Thread 0x00000215e8d76800 nmethod 8565 0x00000215d3af7610 code [0x00000215d3af7840, 0x00000215d3af7ea8]
Event: 566.525 Thread 0x00000215e8d76800 8566       3       java.lang.invoke.DirectMethodHandle::ftypeKind (31 bytes)
Event: 566.525 Thread 0x00000215e8d76800 nmethod 8566 0x00000215d3af8110 code [0x00000215d3af82e0, 0x00000215d3af8518]
Event: 566.525 Thread 0x00000215e8d76800 8567       3       java.lang.invoke.LambdaForm$NamedFunction::<init> (13 bytes)
Event: 566.525 Thread 0x00000215e8d76800 nmethod 8567 0x00000215d3af8610 code [0x00000215d3af87e0, 0x00000215d3af89f8]
Event: 566.526 Thread 0x00000215e8d76800 8569       3       java.lang.invoke.ClassSpecializer::classBCName (33 bytes)
Event: 566.526 Thread 0x00000215e8d76800 nmethod 8569 0x00000215d3af8b10 code [0x00000215d3af8cc0, 0x00000215d3af8de8]
Event: 566.526 Thread 0x00000215e8d76800 8570       3       java.lang.invoke.ClassSpecializer::className (33 bytes)
Event: 566.527 Thread 0x00000215e8d76800 nmethod 8570 0x00000215d3af8e90 code [0x00000215d3af9060, 0x00000215d3af9248]

GC Heap History (20 events):
Event: 273.860 GC heap before
{Heap before GC invocations=10 (full 0):
 garbage-first heap   total 131072K, used 86561K [0x0000000080000000, 0x0000000100000000)
  region size 1024K, 65 young (66560K), 8 survivors (8192K)
 Metaspace       used 44191K, capacity 45380K, committed 45520K, reserved 557056K
  class space    used 5479K, capacity 5955K, committed 6016K, reserved 516096K
}
Event: 273.879 GC heap after
{Heap after GC invocations=11 (full 0):
 garbage-first heap   total 131072K, used 30504K [0x0000000080000000, 0x0000000100000000)
  region size 1024K, 7 young (7168K), 7 survivors (7168K)
 Metaspace       used 44191K, capacity 45380K, committed 45520K, reserved 557056K
  class space    used 5479K, capacity 5955K, committed 6016K, reserved 516096K
}
Event: 397.228 GC heap before
{Heap before GC invocations=11 (full 0):
 garbage-first heap   total 131072K, used 88872K [0x0000000080000000, 0x0000000100000000)
  region size 1024K, 64 young (65536K), 7 survivors (7168K)
 Metaspace       used 48243K, capacity 49559K, committed 49744K, reserved 561152K
  class space    used 6135K, capacity 6639K, committed 6656K, reserved 516096K
}
Event: 397.258 GC heap after
{Heap after GC invocations=12 (full 0):
 garbage-first heap   total 131072K, used 33033K [0x0000000080000000, 0x0000000100000000)
  region size 1024K, 5 young (5120K), 5 survivors (5120K)
 Metaspace       used 48243K, capacity 49559K, committed 49744K, reserved 561152K
  class space    used 6135K, capacity 6639K, committed 6656K, reserved 516096K
}
Event: 421.533 GC heap before
{Heap before GC invocations=12 (full 0):
 garbage-first heap   total 131072K, used 94473K [0x0000000080000000, 0x0000000100000000)
  region size 1024K, 63 young (64512K), 5 survivors (5120K)
 Metaspace       used 52184K, capacity 53783K, committed 54096K, reserved 563200K
  class space    used 6666K, capacity 7302K, committed 7424K, reserved 516096K
}
Event: 421.663 GC heap after
{Heap after GC invocations=13 (full 0):
 garbage-first heap   total 131072K, used 38377K [0x0000000080000000, 0x0000000100000000)
  region size 1024K, 6 young (6144K), 6 survivors (6144K)
 Metaspace       used 52184K, capacity 53783K, committed 54096K, reserved 563200K
  class space    used 6666K, capacity 7302K, committed 7424K, reserved 516096K
}
Event: 440.875 GC heap before
{Heap before GC invocations=13 (full 0):
 garbage-first heap   total 131072K, used 100841K [0x0000000080000000, 0x0000000100000000)
  region size 1024K, 63 young (64512K), 6 survivors (6144K)
 Metaspace       used 58397K, capacity 60115K, committed 60368K, reserved 569344K
  class space    used 7530K, capacity 8222K, committed 8320K, reserved 516096K
}
Event: 440.895 GC heap after
{Heap after GC invocations=14 (full 0):
 garbage-first heap   total 131072K, used 45575K [0x0000000080000000, 0x0000000100000000)
  region size 1024K, 7 young (7168K), 7 survivors (7168K)
 Metaspace       used 58397K, capacity 60115K, committed 60368K, reserved 569344K
  class space    used 7530K, capacity 8222K, committed 8320K, reserved 516096K
}
Event: 448.886 GC heap before
{Heap before GC invocations=14 (full 0):
 garbage-first heap   total 131072K, used 100871K [0x0000000080000000, 0x0000000100000000)
  region size 1024K, 61 young (62464K), 7 survivors (7168K)
 Metaspace       used 62638K, capacity 64480K, committed 64848K, reserved 573440K
  class space    used 8103K, capacity 8844K, committed 8960K, reserved 516096K
}
Event: 448.897 GC heap after
{Heap after GC invocations=15 (full 0):
 garbage-first heap   total 131072K, used 47417K [0x0000000080000000, 0x0000000100000000)
  region size 1024K, 6 young (6144K), 6 survivors (6144K)
 Metaspace       used 62638K, capacity 64480K, committed 64848K, reserved 573440K
  class space    used 8103K, capacity 8844K, committed 8960K, reserved 516096K
}
Event: 469.295 GC heap before
{Heap before GC invocations=15 (full 0):
 garbage-first heap   total 131072K, used 103737K [0x0000000080000000, 0x0000000100000000)
  region size 1024K, 61 young (62464K), 6 survivors (6144K)
 Metaspace       used 66306K, capacity 68171K, committed 68304K, reserved 575488K
  class space    used 8547K, capacity 9317K, committed 9344K, reserved 516096K
}
Event: 469.317 GC heap after
{Heap after GC invocations=16 (full 0):
 garbage-first heap   total 131072K, used 50144K [0x0000000080000000, 0x0000000100000000)
  region size 1024K, 5 young (5120K), 5 survivors (5120K)
 Metaspace       used 66306K, capacity 68171K, committed 68304K, reserved 575488K
  class space    used 8547K, capacity 9317K, committed 9344K, reserved 516096K
}
Event: 475.776 GC heap before
{Heap before GC invocations=16 (full 0):
 garbage-first heap   total 131072K, used 79840K [0x0000000080000000, 0x0000000100000000)
  region size 1024K, 35 young (35840K), 5 survivors (5120K)
 Metaspace       used 67830K, capacity 69812K, committed 69896K, reserved 577536K
  class space    used 8781K, capacity 9607K, committed 9656K, reserved 516096K
}
Event: 475.805 GC heap after
{Heap after GC invocations=17 (full 0):
 garbage-first heap   total 131072K, used 52036K [0x0000000080000000, 0x0000000100000000)
  region size 1024K, 5 young (5120K), 5 survivors (5120K)
 Metaspace       used 67830K, capacity 69812K, committed 69896K, reserved 577536K
  class space    used 8781K, capacity 9607K, committed 9656K, reserved 516096K
}
Event: 532.172 GC heap before
{Heap before GC invocations=18 (full 0):
 garbage-first heap   total 131072K, used 105284K [0x0000000080000000, 0x0000000100000000)
  region size 1024K, 57 young (58368K), 5 survivors (5120K)
 Metaspace       used 70430K, capacity 72653K, committed 72968K, reserved 579584K
  class space    used 9143K, capacity 10046K, committed 10168K, reserved 516096K
}
Event: 532.187 GC heap after
{Heap after GC invocations=19 (full 0):
 garbage-first heap   total 131072K, used 55488K [0x0000000080000000, 0x0000000100000000)
  region size 1024K, 8 young (8192K), 8 survivors (8192K)
 Metaspace       used 70430K, capacity 72653K, committed 72968K, reserved 579584K
  class space    used 9143K, capacity 10046K, committed 10168K, reserved 516096K
}
Event: 544.969 GC heap before
{Heap before GC invocations=19 (full 0):
 garbage-first heap   total 131072K, used 105664K [0x0000000080000000, 0x0000000100000000)
  region size 1024K, 58 young (59392K), 8 survivors (8192K)
 Metaspace       used 74468K, capacity 76768K, committed 77064K, reserved 583680K
  class space    used 9658K, capacity 10603K, committed 10680K, reserved 516096K
}
Event: 545.811 GC heap after
{Heap after GC invocations=20 (full 0):
 garbage-first heap   total 131072K, used 58283K [0x0000000080000000, 0x0000000100000000)
  region size 1024K, 7 young (7168K), 7 survivors (7168K)
 Metaspace       used 74468K, capacity 76768K, committed 77064K, reserved 583680K
  class space    used 9658K, capacity 10603K, committed 10680K, reserved 516096K
}
Event: 545.881 GC heap before
{Heap before GC invocations=20 (full 0):
 garbage-first heap   total 131072K, used 59307K [0x0000000080000000, 0x0000000100000000)
  region size 1024K, 8 young (8192K), 7 survivors (7168K)
 Metaspace       used 74603K, capacity 76928K, committed 77064K, reserved 583680K
  class space    used 9688K, capacity 10635K, committed 10680K, reserved 516096K
}
Event: 546.052 GC heap after
{Heap after GC invocations=21 (full 0):
 garbage-first heap   total 131072K, used 59392K [0x0000000080000000, 0x0000000100000000)
  region size 1024K, 1 young (1024K), 1 survivors (1024K)
 Metaspace       used 74603K, capacity 76928K, committed 77064K, reserved 583680K
  class space    used 9688K, capacity 10635K, committed 10680K, reserved 516096K
}

Deoptimization events (20 events):
Event: 557.467 Thread 0x00000215ed238800 Uncommon trap: trap_request=0xffffffde fr.pc=0x00000215d9f05114 relative=0x0000000000000334
Event: 557.467 Thread 0x00000215ed238800 Uncommon trap: reason=class_check action=maybe_recompile pc=0x00000215d9f05114 method=java.io.DataOutputStream.write(I)V @ 5 c2
Event: 557.467 Thread 0x00000215ed238800 DEOPT PACKING pc=0x00000215d9f05114 sp=0x0000004f797fd270
Event: 557.467 Thread 0x00000215ed238800 DEOPT UNPACKING pc=0x00000215d238a1af sp=0x0000004f797fd248 mode 2
Event: 557.467 Thread 0x00000215ed238800 Uncommon trap: trap_request=0xffffffde fr.pc=0x00000215d9f05114 relative=0x0000000000000334
Event: 557.467 Thread 0x00000215ed238800 Uncommon trap: reason=class_check action=maybe_recompile pc=0x00000215d9f05114 method=java.io.DataOutputStream.write(I)V @ 5 c2
Event: 557.467 Thread 0x00000215ed238800 DEOPT PACKING pc=0x00000215d9f05114 sp=0x0000004f797fd270
Event: 557.467 Thread 0x00000215ed238800 DEOPT UNPACKING pc=0x00000215d238a1af sp=0x0000004f797fd248 mode 2
Event: 557.467 Thread 0x00000215ed238800 Uncommon trap: trap_request=0xffffffde fr.pc=0x00000215d9f05114 relative=0x0000000000000334
Event: 557.467 Thread 0x00000215ed238800 Uncommon trap: reason=class_check action=maybe_recompile pc=0x00000215d9f05114 method=java.io.DataOutputStream.write(I)V @ 5 c2
Event: 557.467 Thread 0x00000215ed238800 DEOPT PACKING pc=0x00000215d9f05114 sp=0x0000004f797fd270
Event: 557.467 Thread 0x00000215ed238800 DEOPT UNPACKING pc=0x00000215d238a1af sp=0x0000004f797fd248 mode 2
Event: 557.467 Thread 0x00000215ed238800 Uncommon trap: trap_request=0xffffffde fr.pc=0x00000215d9ef2308 relative=0x0000000000000fa8
Event: 557.467 Thread 0x00000215ed238800 Uncommon trap: reason=class_check action=maybe_recompile pc=0x00000215d9ef2308 method=java.io.DataOutputStream.write(I)V @ 5 c2
Event: 557.467 Thread 0x00000215ed238800 DEOPT PACKING pc=0x00000215d9ef2308 sp=0x0000004f797fd2c0
Event: 557.468 Thread 0x00000215ed238800 DEOPT UNPACKING pc=0x00000215d238a1af sp=0x0000004f797fd250 mode 2
Event: 566.097 Thread 0x00000215ed238800 Uncommon trap: trap_request=0xffffff4d fr.pc=0x00000215d9ebe678 relative=0x0000000000000058
Event: 566.097 Thread 0x00000215ed238800 Uncommon trap: reason=unstable_if action=reinterpret pc=0x00000215d9ebe678 method=java.util.Objects.equals(Ljava/lang/Object;Ljava/lang/Object;)Z @ 6 c2
Event: 566.097 Thread 0x00000215ed238800 DEOPT PACKING pc=0x00000215d9ebe678 sp=0x0000004f797fcae0
Event: 566.097 Thread 0x00000215ed238800 DEOPT UNPACKING pc=0x00000215d238a1af sp=0x0000004f797fca80 mode 2

Classes redefined (0 events):
No events

Internal exceptions (20 events):
Event: 473.710 Thread 0x00000215e9898800 Exception <a 'java/lang/ClassNotFoundException'{0x0000000086ecb9d8}: org/gradle/api/internal/artifacts/dsl/dependencies/DefaultDependencyHandlerBeanInfo> (0x0000000086ecb9d8) thrown at [./src/hotspot/share/classfile/systemDictionary.cpp, line 230]
Event: 473.712 Thread 0x00000215e9898800 Exception <a 'java/lang/ClassNotFoundException'{0x0000000086d13ca0}: org/gradle/api/internal/artifacts/dsl/dependencies/DefaultDependencyHandlerCustomizer> (0x0000000086d13ca0) thrown at [./src/hotspot/share/classfile/systemDictionary.cpp, line 230]
Event: 473.715 Thread 0x00000215e9898800 Exception <a 'java/lang/ClassNotFoundException'{0x0000000086d85190}: org/gradle/api/internal/artifacts/dsl/dependencies/DefaultDependencyHandler_DecoratedCustomizer> (0x0000000086d85190) thrown at [./src/hotspot/share/classfile/systemDictionary.cpp, line 230]
Event: 503.457 Thread 0x00000215e9898800 Exception <a 'java/lang/NoSuchMethodError'{0x00000000866a93c0}: 'java.lang.Object java.lang.invoke.Invokers$Holder.linkToTargetMethod(java.lang.Object, java.lang.Object, java.lang.Object, java.lang.Object, java.lang.Object, java.lang.Object, java.lang.Object, java.lang.Object, java.lang.Object)'> (0x00000000866a93c0) thrown at [./src/hotspot/share/interpreter/linkResolver.cpp, line 773]
Event: 522.132 Thread 0x00000215ea266800 Exception <a 'java/lang/NoSuchMethodError'{0x0000000084b8ef50}: 'java.lang.Object java.lang.invoke.DirectMethodHandle$Holder.invokeStatic(java.lang.Object, java.lang.Object, java.lang.Object, java.lang.Object, int, java.lang.Object)'> (0x0000000084b8ef50) thrown at [./src/hotspot/share/interpreter/linkResolver.cpp, line 773]
Event: 522.133 Thread 0x00000215ea266800 Exception <a 'java/lang/NoSuchMethodError'{0x0000000084b92a58}: 'java.lang.Object java.lang.invoke.Invokers$Holder.linkToTargetMethod(java.lang.Object, java.lang.Object, java.lang.Object, int, java.lang.Object, java.lang.Object)'> (0x0000000084b92a58) thrown at [./src/hotspot/share/interpreter/linkResolver.cpp, line 773]
Event: 522.203 Thread 0x00000215ea266800 Exception <a 'java/lang/NoSuchMethodError'{0x0000000084a1a648}: 'void java.lang.invoke.DirectMethodHandle$Holder.invokeInterface(java.lang.Object, java.lang.Object, java.lang.Object, java.lang.Object)'> (0x0000000084a1a648) thrown at [./src/hotspot/share/interpreter/linkResolver.cpp, line 773]
Event: 531.889 Thread 0x00000215ea266800 Exception <a 'java/lang/NoSuchMethodError'{0x00000000848d3440}: 'int java.lang.invoke.DirectMethodHandle$Holder.invokeSpecial(java.lang.Object, java.lang.Object, java.lang.Object, java.lang.Object, java.lang.Object)'> (0x00000000848d3440) thrown at [./src/hotspot/share/interpreter/linkResolver.cpp, line 773]
Event: 542.128 Thread 0x00000215ea266800 Exception <a 'java/lang/NoSuchMethodError'{0x000000008590ea90}: 'void java.lang.invoke.DirectMethodHandle$Holder.invokeVirtual(java.lang.Object, java.lang.Object)'> (0x000000008590ea90) thrown at [./src/hotspot/share/interpreter/linkResolver.cpp, line 773]
Event: 543.759 Thread 0x00000215ea266800 Exception <a 'java/lang/NoSuchMethodError'{0x00000000853a9c70}: 'void java.lang.invoke.DirectMethodHandle$Holder.invokeSpecial(java.lang.Object, java.lang.Object, java.lang.Object, int)'> (0x00000000853a9c70) thrown at [./src/hotspot/share/interpreter/linkResolver.cpp, line 773]
Event: 544.286 Thread 0x00000215ea266800 Exception <a 'java/lang/NoSuchMethodError'{0x00000000852f5758}: <clinit>> (0x00000000852f5758) thrown at [./src/hotspot/share/prims/jni.cpp, line 1367]
Event: 544.310 Thread 0x00000215ea266800 Exception <a 'java/lang/NoSuchMethodError'{0x00000000851451a8}: <clinit>> (0x00000000851451a8) thrown at [./src/hotspot/share/prims/jni.cpp, line 1367]
Event: 544.314 Thread 0x00000215ea266800 Exception <a 'java/lang/NoSuchMethodError'{0x0000000085166f10}: <clinit>> (0x0000000085166f10) thrown at [./src/hotspot/share/prims/jni.cpp, line 1367]
Event: 544.315 Thread 0x00000215ea266800 Exception <a 'java/lang/NoSuchMethodError'{0x0000000085168788}: <clinit>> (0x0000000085168788) thrown at [./src/hotspot/share/prims/jni.cpp, line 1367]
Event: 566.137 Thread 0x00000215ed238800 Exception <a 'java/lang/NoSuchMethodError'{0x0000000087b58c38}: <clinit>> (0x0000000087b58c38) thrown at [./src/hotspot/share/prims/jni.cpp, line 1367]
Event: 566.138 Thread 0x00000215ed238800 Exception <a 'java/lang/NoSuchMethodError'{0x0000000087b64b40}: <clinit>> (0x0000000087b64b40) thrown at [./src/hotspot/share/prims/jni.cpp, line 1367]
Event: 566.497 Thread 0x00000215ed238800 Exception <a 'java/lang/NoSuchMethodError'{0x0000000087a03348}: 'java.lang.Object java.lang.invoke.DirectMethodHandle$Holder.invokeSpecial(java.lang.Object, java.lang.Object, int, int, java.lang.Object, int, java.lang.Object, java.lang.Object)'> (0x0000000087a03348) thrown at [./src/hotspot/share/interpreter/linkResolver.cpp, line 773]
Event: 566.498 Thread 0x00000215ed238800 Exception <a 'java/lang/NoSuchMethodError'{0x0000000087a06c30}: 'java.lang.Object java.lang.invoke.DelegatingMethodHandle$Holder.reinvoke_L(java.lang.Object, int, int, java.lang.Object, int, java.lang.Object, java.lang.Object)'> (0x0000000087a06c30) thrown at [./src/hotspot/share/interpreter/linkResolver.cpp, line 773]
Event: 566.523 Thread 0x00000215ed238800 Exception <a 'java/lang/NoSuchMethodError'{0x0000000087a31230}: 'java.lang.Object java.lang.invoke.DirectMethodHandle$Holder.invokeStatic(java.lang.Object, java.lang.Object, java.lang.Object, java.lang.Object, java.lang.Object, java.lang.Object, java.lang.Object, java.lang.Object, int)'> (0x0000000087a31230) thrown at [./src/hotspot/share/interpreter/linkResolver.cpp, line 773]
Event: 566.528 Thread 0x00000215ed238800 Exception <a 'java/lang/NoSuchMethodError'{0x0000000087a4bc88}: 'java.lang.Object java.lang.invoke.DirectMethodHandle$Holder.invokeStatic(java.lang.Object, java.lang.Object, java.lang.Object, java.lang.Object, java.lang.Object, java.lang.Object, java.lang.Object, java.lang.Object, int, int)'> (0x0000000087a4bc88) thrown at [./src/hotspot/share/interpreter/linkResolver.cpp, line 773]

Events (20 events):
Event: 566.244 loading class sun/rmi/transport/DGCImpl
Event: 566.244 loading class java/rmi/dgc/DGC
Event: 566.244 loading class java/rmi/dgc/DGC done
Event: 566.244 loading class sun/rmi/transport/DGCImpl done
Event: 566.245 loading class sun/rmi/transport/DGCImpl_Stub
Event: 566.245 loading class sun/rmi/transport/DGCImpl_Stub done
Event: 566.245 loading class sun/rmi/transport/DGCClient$EndpointEntry$RenewCleanThread
Event: 566.265 loading class sun/rmi/transport/DGCClient$EndpointEntry$RenewCleanThread done
Event: 566.265 Executing VM operation: RevokeBias
Event: 566.442 Executing VM operation: RevokeBias done
Event: 566.443 Executing VM operation: RevokeBias
Event: 566.443 Executing VM operation: RevokeBias done
Event: 566.447 Executing VM operation: RevokeBias
Event: 566.447 Executing VM operation: RevokeBias done
Event: 566.500 loading class java/lang/invoke/BoundMethodHandle$Species_LLLLLI
Event: 566.500 loading class java/lang/invoke/BoundMethodHandle$Species_LLLLLI done
Event: 566.526 loading class java/lang/invoke/BoundMethodHandle$Species_LLLLLII
Event: 566.526 loading class java/lang/invoke/BoundMethodHandle$Species_LLLLLII done
Event: 566.528 Executing VM operation: RevokeBias
Event: 566.529 Executing VM operation: RevokeBias done


Dynamic libraries:
0x00007ff73c320000 - 0x00007ff73c32d000 	C:\Program Files\Microsoft\jdk-11.0.18.10-hotspot\bin\java.exe
0x00007ff8286d0000 - 0x00007ff8288c8000 	C:\Windows\SYSTEM32\ntdll.dll
0x00007ff826a80000 - 0x00007ff826b3d000 	C:\Windows\System32\KERNEL32.DLL
0x00007ff826100000 - 0x00007ff8263f6000 	C:\Windows\System32\KERNELBASE.dll
0x00007ff826500000 - 0x00007ff826600000 	C:\Windows\System32\ucrtbase.dll
0x00007ff811320000 - 0x00007ff811337000 	C:\Program Files\Microsoft\jdk-11.0.18.10-hotspot\bin\jli.dll
0x00007ff827370000 - 0x00007ff82750e000 	C:\Windows\System32\USER32.dll
0x00007ff825e80000 - 0x00007ff825ea2000 	C:\Windows\System32\win32u.dll
0x00007ff810a20000 - 0x00007ff810a35000 	C:\Program Files\Microsoft\jdk-11.0.18.10-hotspot\bin\VCRUNTIME140.dll
0x00007ff815050000 - 0x00007ff8152ea000 	C:\Windows\WinSxS\amd64_microsoft.windows.common-controls_6595b64144ccf1df_6.0.19041.3636_none_60b6a03d71f818d5\COMCTL32.dll
0x00007ff8285e0000 - 0x00007ff82867e000 	C:\Windows\System32\msvcrt.dll
0x00007ff826730000 - 0x00007ff82675c000 	C:\Windows\System32\GDI32.dll
0x00007ff826600000 - 0x00007ff82671a000 	C:\Windows\System32\gdi32full.dll
0x00007ff826060000 - 0x00007ff8260fd000 	C:\Windows\System32\msvcp_win.dll
0x00007ff826e30000 - 0x00007ff826e60000 	C:\Windows\System32\IMM32.DLL
0x00007ff803cc0000 - 0x00007ff803d5b000 	C:\Program Files\Microsoft\jdk-11.0.18.10-hotspot\bin\msvcp140.dll
0x00007fffb7670000 - 0x00007fffb8202000 	C:\Program Files\Microsoft\jdk-11.0.18.10-hotspot\bin\server\jvm.dll
0x00007ff826d10000 - 0x00007ff826dc3000 	C:\Windows\System32\ADVAPI32.dll
0x00007ff826e60000 - 0x00007ff826eff000 	C:\Windows\System32\sechost.dll
0x00007ff827510000 - 0x00007ff827636000 	C:\Windows\System32\RPCRT4.dll
0x00007ff825e50000 - 0x00007ff825e77000 	C:\Windows\System32\bcrypt.dll
0x00007ff826720000 - 0x00007ff826728000 	C:\Windows\System32\PSAPI.DLL
0x00007ff813bc0000 - 0x00007ff813bc9000 	C:\Windows\SYSTEM32\WSOCK32.dll
0x00007ff828360000 - 0x00007ff8283cb000 	C:\Windows\System32\WS2_32.dll
0x00007ff815580000 - 0x00007ff8155a7000 	C:\Windows\SYSTEM32\WINMM.dll
0x00007ff815560000 - 0x00007ff81556a000 	C:\Windows\SYSTEM32\VERSION.dll
0x00007ff823c50000 - 0x00007ff823c62000 	C:\Windows\SYSTEM32\kernel.appcore.dll
0x00007ff81e710000 - 0x00007ff81e720000 	C:\Program Files\Microsoft\jdk-11.0.18.10-hotspot\bin\verify.dll
0x00007ff80f290000 - 0x00007ff80f474000 	C:\Windows\SYSTEM32\DBGHELP.DLL
0x00007ff80f250000 - 0x00007ff80f284000 	C:\Windows\SYSTEM32\dbgcore.DLL
0x00007ff826400000 - 0x00007ff826482000 	C:\Windows\System32\bcryptPrimitives.dll
0x00007ff8109f0000 - 0x00007ff810a18000 	C:\Program Files\Microsoft\jdk-11.0.18.10-hotspot\bin\java.dll
0x00007ff81e540000 - 0x00007ff81e54a000 	C:\Program Files\Microsoft\jdk-11.0.18.10-hotspot\bin\jimage.dll
0x00007ff810980000 - 0x00007ff810998000 	C:\Program Files\Microsoft\jdk-11.0.18.10-hotspot\bin\zip.dll
0x00007ff827b90000 - 0x00007ff8282d5000 	C:\Windows\System32\SHELL32.dll
0x00007ff823e50000 - 0x00007ff8245eb000 	C:\Windows\SYSTEM32\windows.storage.dll
0x00007ff827760000 - 0x00007ff827ab4000 	C:\Windows\System32\combase.dll
0x00007ff825760000 - 0x00007ff82578d000 	C:\Windows\SYSTEM32\Wldp.dll
0x00007ff826b50000 - 0x00007ff826bfd000 	C:\Windows\System32\SHCORE.dll
0x00007ff826760000 - 0x00007ff8267b5000 	C:\Windows\System32\shlwapi.dll
0x00007ff825cd0000 - 0x00007ff825cf5000 	C:\Windows\SYSTEM32\profapi.dll
0x00007ff80fba0000 - 0x00007ff80fbb9000 	C:\Program Files\Microsoft\jdk-11.0.18.10-hotspot\bin\net.dll
0x00007ff81e580000 - 0x00007ff81e68a000 	C:\Windows\SYSTEM32\WINHTTP.dll
0x00007ff8254c0000 - 0x00007ff82552a000 	C:\Windows\system32\mswsock.dll
0x00007ff80f4d0000 - 0x00007ff80f4e3000 	C:\Program Files\Microsoft\jdk-11.0.18.10-hotspot\bin\nio.dll
0x00007ff80abf0000 - 0x00007ff80ac17000 	C:\Users\tahaa\.gradle\native\68d5fa5c4cc2d200863cafc0d521ce42e7d3e7ee720ec0a83991735586a16f82\windows-amd64\native-platform.dll
0x00007ffffd5e0000 - 0x00007ffffd724000 	C:\Users\tahaa\.gradle\native\e376f236ea51e6404a007f0833ffe2c6e607c4080706a723a18a27aeea778392\windows-amd64\native-platform-file-events.dll
0x00007ff81e3b0000 - 0x00007ff81e3b9000 	C:\Program Files\Microsoft\jdk-11.0.18.10-hotspot\bin\management.dll
0x00007ff81af30000 - 0x00007ff81af3b000 	C:\Program Files\Microsoft\jdk-11.0.18.10-hotspot\bin\management_ext.dll
0x00007ff8256c0000 - 0x00007ff8256d8000 	C:\Windows\SYSTEM32\CRYPTSP.dll
0x00007ff824df0000 - 0x00007ff824e24000 	C:\Windows\system32\rsaenh.dll
0x00007ff825c90000 - 0x00007ff825cbe000 	C:\Windows\SYSTEM32\USERENV.dll
0x00007ff8256b0000 - 0x00007ff8256bc000 	C:\Windows\SYSTEM32\CRYPTBASE.dll
0x00007ff8251b0000 - 0x00007ff8251eb000 	C:\Windows\SYSTEM32\IPHLPAPI.DLL
0x00007ff828680000 - 0x00007ff828688000 	C:\Windows\System32\NSI.dll
0x00007ff81f370000 - 0x00007ff81f387000 	C:\Windows\SYSTEM32\dhcpcsvc6.DLL
0x00007ff81fc60000 - 0x00007ff81fc7d000 	C:\Windows\SYSTEM32\dhcpcsvc.DLL
0x00007ff8251f0000 - 0x00007ff8252ba000 	C:\Windows\SYSTEM32\DNSAPI.dll
0x00007ff81b930000 - 0x00007ff81b94e000 	C:\Users\tahaa\AppData\Local\Temp\native-platform190624630671262271dir\native-platform.dll

dbghelp: loaded successfully - version: 4.0.5 - missing functions: none
symbol engine: initialized successfully - sym options: 0x614 - pdb path: .;C:\Program Files\Microsoft\jdk-11.0.18.10-hotspot\bin;C:\Windows\SYSTEM32;C:\Windows\WinSxS\amd64_microsoft.windows.common-controls_6595b64144ccf1df_6.0.19041.3636_none_60b6a03d71f818d5;C:\Program Files\Microsoft\jdk-11.0.18.10-hotspot\bin\server;C:\Users\tahaa\.gradle\native\68d5fa5c4cc2d200863cafc0d521ce42e7d3e7ee720ec0a83991735586a16f82\windows-amd64;C:\Users\tahaa\.gradle\native\e376f236ea51e6404a007f0833ffe2c6e607c4080706a723a18a27aeea778392\windows-amd64;C:\Users\tahaa\AppData\Local\Temp\native-platform190624630671262271dir

VM Arguments:
jvm_args: -XX:MaxMetaspaceSize=512m --add-opens=java.base/java.util=ALL-UNNAMED --add-opens=java.base/java.lang=ALL-UNNAMED --add-opens=java.base/java.lang.invoke=ALL-UNNAMED --add-opens=java.prefs/java.util.prefs=ALL-UNNAMED --add-opens=java.base/java.nio.charset=ALL-UNNAMED --add-opens=java.base/java.net=ALL-UNNAMED --add-opens=java.base/java.util.concurrent.atomic=ALL-UNNAMED -Xmx2048m -Dfile.encoding=windows-1252 -Duser.country=US -Duser.language=en -Duser.variant 
java_command: org.gradle.launcher.daemon.bootstrap.GradleDaemon 8.0.1
java_class_path (initial): C:\Users\tahaa\.gradle\wrapper\dists\gradle-8.0.1-all\aro4hu1c3oeioove7l0i4i14o\gradle-8.0.1\lib\gradle-launcher-8.0.1.jar
Launcher Type: SUN_STANDARD

[Global flags]
     intx CICompilerCount                          = 3                                         {product} {ergonomic}
   size_t CompressedClassSpaceSize                 = 528482304                                 {product} {ergonomic}
     uint ConcGCThreads                            = 1                                         {product} {ergonomic}
     uint G1ConcRefinementThreads                  = 4                                         {product} {ergonomic}
   size_t G1HeapRegionSize                         = 1048576                                   {product} {ergonomic}
    uintx GCDrainStackTargetSize                   = 64                                        {product} {ergonomic}
   size_t InitialHeapSize                          = 134217728                                 {product} {ergonomic}
   size_t MarkStackSize                            = 4194304                                   {product} {ergonomic}
   size_t MaxHeapSize                              = 2147483648                                {product} {command line}
   size_t MaxMetaspaceSize                         = 536870912                                 {product} {command line}
   size_t MaxNewSize                               = 1287651328                                {product} {ergonomic}
   size_t MinHeapDeltaBytes                        = 1048576                                   {product} {ergonomic}
    uintx NonNMethodCodeHeapSize                   = 5830732                                {pd product} {ergonomic}
    uintx NonProfiledCodeHeapSize                  = 122913754                              {pd product} {ergonomic}
    uintx ProfiledCodeHeapSize                     = 122913754                              {pd product} {ergonomic}
    uintx ReservedCodeCacheSize                    = 251658240                              {pd product} {ergonomic}
     bool SegmentedCodeCache                       = true                                      {product} {ergonomic}
     bool UseCompressedClassPointers               = true                                 {lp64_product} {ergonomic}
     bool UseCompressedOops                        = true                                 {lp64_product} {ergonomic}
     bool UseG1GC                                  = true                                      {product} {ergonomic}
     bool UseLargePagesIndividualAllocation        = false                                  {pd product} {ergonomic}

Logging:
Log output configuration:
 #0: stdout all=warning uptime,level,tags
 #1: stderr all=off uptime,level,tags

Environment Variables:
JAVA_HOME=C:\Program Files\Microsoft\jdk-11.0.18.10-hotspot\
CLASSPATH=F:\RN PROJECTS\Whoo\android\\gradle\wrapper\gradle-wrapper.jar
PATH=F:\RN PROJECTS\Whoo\node_modules\.bin;F:\RN PROJECTS\Whoo\node_modules\.bin;F:\RN PROJECTS\node_modules\.bin;F:\node_modules\.bin;C:\Program Files\nodejs\node_modules\npm\node_modules\@npmcli\run-script\lib\node-gyp-bin;F:\RN PROJECTS\Whoo\node_modules\.bin;F:\RN PROJECTS\node_modules\.bin;F:\node_modules\.bin;C:\Program Files\nodejs\node_modules\npm\node_modules\@npmcli\run-script\lib\node-gyp-bin;C:\Program Files\Microsoft\jdk-11.0.18.10-hotspot\bin;C:\Python311\Scripts\;C:\Python311\;C:\Windows\system32;C:\Windows;C:\Windows\System32\Wbem;C:\Windows\System32\WindowsPowerShell\v1.0\;C:\Windows\System32\OpenSSH\;C:\ProgramData\chocolatey\bin;C:\Program Files\nodejs\;C:\Program Files\Git\cmd;C:\Users\tahaa\AppData\Local\Microsoft\WindowsApps;C:\Users\tahaa\AppData\Local\Programs\Microsoft VS Code\bin;C:\Users\tahaa\AppData\Roaming\npm;C:\Users\tahaa\AppData\Local\Android\Sdk\platform-tools;
USERNAME=tahaa
OS=Windows_NT
PROCESSOR_IDENTIFIER=Intel64 Family 6 Model 58 Stepping 9, GenuineIntel
TMP=C:\Users\tahaa\AppData\Local\Temp
TEMP=C:\Users\tahaa\AppData\Local\Temp



---------------  S Y S T E M  ---------------

OS: Windows 10 , 64 bit Build 19041 (10.0.19041.3636)
OS uptime: 0 days 22:53 hours

CPU:total 4 (initial active 4) (2 cores per cpu, 2 threads per core) family 6 model 58 stepping 9 microcode 0x21, cmov, cx8, fxsr, mmx, sse, sse2, sse3, ssse3, sse4.1, sse4.2, popcnt, avx, aes, clmul, erms, ht, tsc, tscinvbit, tscinv

Memory: 4k page, system-wide physical 8073M (248M free)
TotalPageFile size 23188M (AvailPageFile size 4M)
current process WorkingSet (physical memory assigned to process): 239M, peak: 290M
current process commit charge ("private bytes"): 359M, peak: 366M

vm_info: OpenJDK 64-Bit Server VM (11.0.18+10-LTS) for windows-amd64 JRE (11.0.18+10-LTS), built on Jan 18 2023 15:56:47 by "MicrosoftCorporation" with MS VC++ 15.9 (VS2017)

END.
