#
# There is insufficient memory for the Java Runtime Environment to continue.
# Native memory allocation (malloc) failed to allocate 1090576 bytes for Chunk::new
# Possible reasons:
#   The system is out of physical RAM or swap space
#   The process is running with CompressedOops enabled, and the Java Heap may be blocking the growth of the native heap
# Possible solutions:
#   Reduce memory load on the system
#   Increase physical memory or swap space
#   Check if swap backing store is full
#   Decrease Java heap size (-Xmx/-Xms)
#   Decrease number of Java threads
#   Decrease Java thread stack sizes (-Xss)
#   Set larger code cache with -XX:ReservedCodeCacheSize=
#   JVM is running with Unscaled Compressed Oops mode in which the Java heap is
#     placed in the first 4GB address space. The Java Heap base address is the
#     maximum limit for the native heap growth. Please use -XX:HeapBaseMinAddress
#     to set the Java Heap base and to place the Java Heap above 4GB virtual address.
# This output file may be truncated or incomplete.
#
#  Out of Memory Error (./src/hotspot/share/memory/arena.cpp:197), pid=16016, tid=17376
#
# JRE version: OpenJDK Runtime Environment Microsoft-7208460 (11.0.18+10) (build 11.0.18+10-LTS)
# Java VM: OpenJDK 64-Bit Server VM Microsoft-7208460 (11.0.18+10-LTS, mixed mode, tiered, compressed oops, g1 gc, windows-amd64)
# No core dump will be written. Minidumps are not enabled by default on client versions of Windows
#

---------------  S U M M A R Y ------------

Command Line: -XX:MaxMetaspaceSize=512m --add-opens=java.base/java.util=ALL-UNNAMED --add-opens=java.base/java.lang=ALL-UNNAMED --add-opens=java.base/java.lang.invoke=ALL-UNNAMED --add-opens=java.prefs/java.util.prefs=ALL-UNNAMED --add-opens=java.base/java.nio.charset=ALL-UNNAMED --add-opens=java.base/java.net=ALL-UNNAMED --add-opens=java.base/java.util.concurrent.atomic=ALL-UNNAMED -Xmx2048m -Dfile.encoding=windows-1252 -Duser.country=US -Duser.language=en -Duser.variant org.gradle.launcher.daemon.bootstrap.GradleDaemon 8.0.1

Host: Intel(R) Core(TM) i5-3320M CPU @ 2.60GHz, 4 cores, 7G,  Windows 10 , 64 bit Build 19041 (10.0.19041.3636)
Time: Thu Jan 18 01:14:15 2024 Pakistan Standard Time elapsed time: 560.647365 seconds (0d 0h 9m 20s)

---------------  T H R E A D  ---------------

Current thread (0x00000238227b4800):  JavaThread "C2 CompilerThread0" daemon [_thread_in_native, id=17376, stack(0x000000688a700000,0x000000688a800000)]


Current CompileTask:
C2: 560647 8610       4       java.lang.invoke.InvokerBytecodeGenerator::emitImplicitConversion (159 bytes)

Stack: [0x000000688a700000,0x000000688a800000]
Native frames: (J=compiled Java code, j=interpreted, Vv=VM code, C=native code)
V  [jvm.dll+0x62bf8a]
V  [jvm.dll+0x7b8fb9]
V  [jvm.dll+0x7ba6a8]
V  [jvm.dll+0x7bad83]
V  [jvm.dll+0x250248]
V  [jvm.dll+0xc260c]
V  [jvm.dll+0xc2bcc]
V  [jvm.dll+0x35e182]
V  [jvm.dll+0x32a373]
V  [jvm.dll+0x3296aa]
V  [jvm.dll+0x2093b3]
V  [jvm.dll+0x20850d]
V  [jvm.dll+0x18a4b1]
V  [jvm.dll+0x217eec]
V  [jvm.dll+0x21612b]
V  [jvm.dll+0x77bac0]
V  [jvm.dll+0x7749f4]
V  [jvm.dll+0x62adf5]
C  [ucrtbase.dll+0x21bb2]
C  [KERNEL32.DLL+0x17344]
C  [ntdll.dll+0x526b1]


---------------  P R O C E S S  ---------------

Threads class SMR info:
_java_thread_list=0x00000238285d4170, length=88, elements={
0x0000023801684800, 0x0000023821e36800, 0x0000023821e38000, 0x0000023821e97000,
0x00000238227b0800, 0x00000238227b1000, 0x00000238227b4800, 0x0000023822811800,
0x000002382281c800, 0x000002382291a800, 0x0000023823e4b800, 0x00000238238d3800,
0x0000023823ab1000, 0x0000023824787800, 0x0000023824788000, 0x0000023823a71800,
0x00000238246cb800, 0x0000023823852800, 0x000002382373d800, 0x00000238245a5800,
0x00000238245a6800, 0x00000238245a4800, 0x00000238245a7000, 0x00000238245a4000,
0x00000238245a2800, 0x00000238245a3000, 0x00000238245a9000, 0x0000023823f8f800,
0x0000023823f8a000, 0x0000023823f8e800, 0x0000023823f90800, 0x0000023823f8d000,
0x0000023823f8a800, 0x0000023823f8b800, 0x0000023823f91000, 0x0000023823f8c800,
0x0000023823f93800, 0x0000023823f97800, 0x0000023823f94800, 0x0000023823f93000,
0x0000023823f96000, 0x0000023823f97000, 0x0000023823f98800, 0x0000023823f95000,
0x00000238245a8000, 0x0000023827675000, 0x0000023827676000, 0x0000023827672000,
0x0000023827670800, 0x0000023827671000, 0x0000023827674800, 0x0000023827677000,
0x0000023827677800, 0x0000023827678800, 0x0000023827672800, 0x0000023827679000,
0x0000023827673800, 0x000002382767b000, 0x000002382767b800, 0x000002382767d800,
0x000002382767c800, 0x000002382767a000, 0x000002382767e000, 0x000002382767f000,
0x00000238272c8800, 0x00000238272c6800, 0x00000238272c4000, 0x00000238272c3000,
0x00000238272c9800, 0x00000238272ca800, 0x00000238272c4800, 0x00000238272c7000,
0x00000238272c8000, 0x00000238272cb000, 0x00000238272c5800, 0x00000238272cf800,
0x00000238272d0000, 0x00000238272cc000, 0x00000238272cd000, 0x00000238272d1800,
0x00000238272cd800, 0x00000238272ce800, 0x00000238272d1000, 0x0000023823f92000,
0x0000023826f4d000, 0x0000023826f51000, 0x0000023826f51800, 0x0000023826f4d800
}

Java Threads: ( => current thread )
  0x0000023801684800 JavaThread "main" [_thread_blocked, id=2956, stack(0x0000006889a00000,0x0000006889b00000)]
  0x0000023821e36800 JavaThread "Reference Handler" daemon [_thread_blocked, id=15824, stack(0x000000688a200000,0x000000688a300000)]
  0x0000023821e38000 JavaThread "Finalizer" daemon [_thread_blocked, id=384, stack(0x000000688a300000,0x000000688a400000)]
  0x0000023821e97000 JavaThread "Signal Dispatcher" daemon [_thread_blocked, id=7408, stack(0x000000688a400000,0x000000688a500000)]
  0x00000238227b0800 JavaThread "Attach Listener" daemon [_thread_blocked, id=9952, stack(0x000000688a500000,0x000000688a600000)]
  0x00000238227b1000 JavaThread "Service Thread" daemon [_thread_blocked, id=2084, stack(0x000000688a600000,0x000000688a700000)]
=>0x00000238227b4800 JavaThread "C2 CompilerThread0" daemon [_thread_in_native, id=17376, stack(0x000000688a700000,0x000000688a800000)]
  0x0000023822811800 JavaThread "C1 CompilerThread0" daemon [_thread_blocked, id=728, stack(0x000000688a800000,0x000000688a900000)]
  0x000002382281c800 JavaThread "Sweeper thread" daemon [_thread_blocked, id=14280, stack(0x000000688a900000,0x000000688aa00000)]
  0x000002382291a800 JavaThread "Common-Cleaner" daemon [_thread_blocked, id=13524, stack(0x000000688aa00000,0x000000688ab00000)]
  0x0000023823e4b800 JavaThread "Daemon health stats" [_thread_blocked, id=12284, stack(0x000000688ae00000,0x000000688af00000)]
  0x00000238238d3800 JavaThread "Incoming local TCP Connector on port 64049" [_thread_in_native, id=15188, stack(0x000000688af00000,0x000000688b000000)]
  0x0000023823ab1000 JavaThread "Daemon periodic checks" [_thread_blocked, id=16896, stack(0x000000688b000000,0x000000688b100000)]
  0x0000023824787800 JavaThread "Daemon" [_thread_blocked, id=17060, stack(0x000000688b100000,0x000000688b200000)]
  0x0000023824788000 JavaThread "Handler for socket connection from /127.0.0.1:64049 to /127.0.0.1:64050" [_thread_in_native, id=15572, stack(0x000000688b200000,0x000000688b300000)]
  0x0000023823a71800 JavaThread "Cancel handler" [_thread_blocked, id=16060, stack(0x000000688b300000,0x000000688b400000)]
  0x00000238246cb800 JavaThread "Daemon worker" [_thread_blocked, id=17704, stack(0x000000688b600000,0x000000688b700000)]
  0x0000023823852800 JavaThread "Asynchronous log dispatcher for DefaultDaemonConnection: socket connection from /127.0.0.1:64049 to /127.0.0.1:64050" [_thread_blocked, id=17716, stack(0x000000688b700000,0x000000688b800000)]
  0x000002382373d800 JavaThread "Daemon client event forwarder" [_thread_blocked, id=17724, stack(0x000000688b900000,0x000000688ba00000)]
  0x00000238245a5800 JavaThread "Cache worker for journal cache (C:\Users\tahaa\.gradle\caches\journal-1)" [_thread_blocked, id=18148, stack(0x000000688bb00000,0x000000688bc00000)]
  0x00000238245a6800 JavaThread "File lock request listener" [_thread_in_native, id=18168, stack(0x000000688bc00000,0x000000688bd00000)]
  0x00000238245a4800 JavaThread "Cache worker for file hash cache (C:\Users\tahaa\.gradle\caches\8.0.1\fileHashes)" [_thread_blocked, id=18344, stack(0x000000688be00000,0x000000688bf00000)]
  0x00000238245a7000 JavaThread "File watcher server" daemon [_thread_in_native, id=18068, stack(0x0000006889900000,0x0000006889a00000)]
  0x00000238245a4000 JavaThread "File watcher consumer" daemon [_thread_blocked, id=17772, stack(0x0000006889b00000,0x0000006889c00000)]
  0x00000238245a2800 JavaThread "Cache worker for checksums cache (F:\RN PROJECTS\Whoo\android\.gradle\8.0.1\checksums)" [_thread_blocked, id=14812, stack(0x000000688bf00000,0x000000688c000000)]
  0x00000238245a3000 JavaThread "Cache worker for cache directory md-rule (C:\Users\tahaa\.gradle\caches\8.0.1\md-rule)" [_thread_blocked, id=17524, stack(0x000000688c000000,0x000000688c100000)]
  0x00000238245a9000 JavaThread "Cache worker for file content cache (C:\Users\tahaa\.gradle\caches\8.0.1\fileContent)" [_thread_blocked, id=15792, stack(0x000000688c100000,0x000000688c200000)]
  0x0000023823f8f800 JavaThread "Cache worker for file hash cache (F:\RN PROJECTS\Whoo\android\.gradle\8.0.1\fileHashes)" [_thread_blocked, id=15724, stack(0x000000688c200000,0x000000688c300000)]
  0x0000023823f8a000 JavaThread "Cache worker for cache directory md-supplier (C:\Users\tahaa\.gradle\caches\8.0.1\md-supplier)" [_thread_blocked, id=13592, stack(0x000000688c300000,0x000000688c400000)]
  0x0000023823f8e800 JavaThread "Cache worker for execution history cache (C:\Users\tahaa\.gradle\caches\8.0.1\executionHistory)" [_thread_blocked, id=18404, stack(0x000000688c400000,0x000000688c500000)]
  0x0000023823f90800 JavaThread "jar transforms" [_thread_blocked, id=18472, stack(0x000000688c600000,0x000000688c700000)]
  0x0000023823f8d000 JavaThread "jar transforms Thread 2" [_thread_blocked, id=18992, stack(0x000000688b800000,0x000000688b900000)]
  0x0000023823f8a800 JavaThread "jar transforms Thread 3" [_thread_blocked, id=19180, stack(0x000000688c700000,0x000000688c800000)]
  0x0000023823f8b800 JavaThread "jar transforms Thread 4" [_thread_blocked, id=19224, stack(0x000000688c800000,0x000000688c900000)]
  0x0000023823f91000 JavaThread "Cache worker for kotlin-dsl (C:\Users\tahaa\.gradle\caches\8.0.1\kotlin-dsl)" [_thread_blocked, id=20232, stack(0x000000688b400000,0x000000688b500000)]
  0x0000023823f8c800 JavaThread "Cache worker for dependencies-accessors (F:\RN PROJECTS\Whoo\android\.gradle\8.0.1\dependencies-accessors)" [_thread_blocked, id=17520, stack(0x000000688bd00000,0x000000688be00000)]
  0x0000023823f93800 JavaThread "Cache worker for Build Output Cleanup Cache (F:\RN PROJECTS\Whoo\node_modules\@react-native\gradle-plugin\.gradle\buildOutputCleanup)" [_thread_blocked, id=13576, stack(0x000000688c900000,0x000000688ca00000)]
  0x0000023823f97800 JavaThread "File lock release action executor Thread 6" [_thread_blocked, id=5236, stack(0x000000688ca00000,0x000000688cb00000)]
  0x0000023823f94800 JavaThread "Unconstrained build operations" [_thread_blocked, id=19704, stack(0x000000688cb00000,0x000000688cc00000)]
  0x0000023823f93000 JavaThread "Unconstrained build operations Thread 2" [_thread_blocked, id=19692, stack(0x000000688cc00000,0x000000688cd00000)]
  0x0000023823f96000 JavaThread "Unconstrained build operations Thread 3" [_thread_blocked, id=15164, stack(0x000000688cd00000,0x000000688ce00000)]
  0x0000023823f97000 JavaThread "Unconstrained build operations Thread 4" [_thread_blocked, id=19988, stack(0x000000688ce00000,0x000000688cf00000)]
  0x0000023823f98800 JavaThread "Unconstrained build operations Thread 5" [_thread_blocked, id=17504, stack(0x000000688cf00000,0x000000688d000000)]
  0x0000023823f95000 JavaThread "Unconstrained build operations Thread 6" [_thread_blocked, id=17500, stack(0x000000688d000000,0x000000688d100000)]
  0x00000238245a8000 JavaThread "Unconstrained build operations Thread 7" [_thread_blocked, id=19964, stack(0x000000688d100000,0x000000688d200000)]
  0x0000023827675000 JavaThread "Unconstrained build operations Thread 8" [_thread_blocked, id=17260, stack(0x000000688d200000,0x000000688d300000)]
  0x0000023827676000 JavaThread "Unconstrained build operations Thread 9" [_thread_blocked, id=18736, stack(0x000000688d300000,0x000000688d400000)]
  0x0000023827672000 JavaThread "Unconstrained build operations Thread 10" [_thread_blocked, id=11592, stack(0x000000688d400000,0x000000688d500000)]
  0x0000023827670800 JavaThread "Unconstrained build operations Thread 11" [_thread_blocked, id=17876, stack(0x000000688d500000,0x000000688d600000)]
  0x0000023827671000 JavaThread "Unconstrained build operations Thread 12" [_thread_blocked, id=13636, stack(0x000000688d600000,0x000000688d700000)]
  0x0000023827674800 JavaThread "Unconstrained build operations Thread 13" [_thread_blocked, id=20428, stack(0x000000688d700000,0x000000688d800000)]
  0x0000023827677000 JavaThread "Unconstrained build operations Thread 14" [_thread_blocked, id=20212, stack(0x000000688d800000,0x000000688d900000)]
  0x0000023827677800 JavaThread "Unconstrained build operations Thread 15" [_thread_blocked, id=4616, stack(0x000000688d900000,0x000000688da00000)]
  0x0000023827678800 JavaThread "Unconstrained build operations Thread 16" [_thread_blocked, id=19268, stack(0x000000688da00000,0x000000688db00000)]
  0x0000023827672800 JavaThread "Unconstrained build operations Thread 17" [_thread_blocked, id=19340, stack(0x000000688db00000,0x000000688dc00000)]
  0x0000023827679000 JavaThread "Unconstrained build operations Thread 18" [_thread_blocked, id=19288, stack(0x000000688dc00000,0x000000688dd00000)]
  0x0000023827673800 JavaThread "Unconstrained build operations Thread 19" [_thread_blocked, id=13412, stack(0x000000688dd00000,0x000000688de00000)]
  0x000002382767b000 JavaThread "Unconstrained build operations Thread 20" [_thread_blocked, id=20032, stack(0x000000688de00000,0x000000688df00000)]
  0x000002382767b800 JavaThread "Unconstrained build operations Thread 21" [_thread_blocked, id=18636, stack(0x000000688df00000,0x000000688e000000)]
  0x000002382767d800 JavaThread "Unconstrained build operations Thread 22" [_thread_blocked, id=20296, stack(0x000000688e000000,0x000000688e100000)]
  0x000002382767c800 JavaThread "Unconstrained build operations Thread 23" [_thread_blocked, id=19480, stack(0x000000688e100000,0x000000688e200000)]
  0x000002382767a000 JavaThread "Unconstrained build operations Thread 24" [_thread_blocked, id=18456, stack(0x000000688e200000,0x000000688e300000)]
  0x000002382767e000 JavaThread "Unconstrained build operations Thread 25" [_thread_blocked, id=17108, stack(0x000000688e300000,0x000000688e400000)]
  0x000002382767f000 JavaThread "Unconstrained build operations Thread 26" [_thread_blocked, id=18464, stack(0x000000688e400000,0x000000688e500000)]
  0x00000238272c8800 JavaThread "Memory manager" [_thread_blocked, id=8288, stack(0x000000688e500000,0x000000688e600000)]
  0x00000238272c6800 JavaThread "Cache worker for Build Output Cleanup Cache (F:\RN PROJECTS\Whoo\android\.gradle\buildOutputCleanup)" [_thread_blocked, id=6384, stack(0x000000688b500000,0x000000688b600000)]
  0x00000238272c4000 JavaThread "File lock release action executor Thread 7" [_thread_blocked, id=20520, stack(0x000000688c500000,0x000000688c600000)]
  0x00000238272c3000 JavaThread "included builds" [_thread_blocked, id=21124, stack(0x000000688e600000,0x000000688e700000)]
  0x00000238272c9800 JavaThread "Execution worker" [_thread_blocked, id=21132, stack(0x000000688e700000,0x000000688e800000)]
  0x00000238272ca800 JavaThread "Execution worker Thread 2" [_thread_blocked, id=21136, stack(0x000000688e800000,0x000000688e900000)]
  0x00000238272c4800 JavaThread "Execution worker Thread 3" [_thread_in_native, id=21140, stack(0x000000688e900000,0x000000688ea00000)]
  0x00000238272c7000 JavaThread "Cache worker for execution history cache (F:\RN PROJECTS\Whoo\node_modules\@react-native\gradle-plugin\.gradle\8.0.1\executionHistory)" [_thread_blocked, id=21204, stack(0x000000688ea00000,0x000000688eb00000)]
  0x00000238272c8000 JavaThread "Unconstrained build operations Thread 27" [_thread_blocked, id=21344, stack(0x000000688eb00000,0x000000688ec00000)]
  0x00000238272cb000 JavaThread "Unconstrained build operations Thread 28" [_thread_blocked, id=21348, stack(0x000000688ec00000,0x000000688ed00000)]
  0x00000238272c5800 JavaThread "Unconstrained build operations Thread 29" [_thread_blocked, id=21352, stack(0x000000688ed00000,0x000000688ee00000)]
  0x00000238272cf800 JavaThread "Unconstrained build operations Thread 30" [_thread_blocked, id=21356, stack(0x000000688ee00000,0x000000688ef00000)]
  0x00000238272d0000 JavaThread "Unconstrained build operations Thread 31" [_thread_blocked, id=11616, stack(0x000000688ef00000,0x000000688f000000)]
  0x00000238272cc000 JavaThread "Unconstrained build operations Thread 32" [_thread_blocked, id=19884, stack(0x000000688f000000,0x000000688f100000)]
  0x00000238272cd000 JavaThread "Unconstrained build operations Thread 33" [_thread_blocked, id=19440, stack(0x000000688f100000,0x000000688f200000)]
  0x00000238272d1800 JavaThread "Unconstrained build operations Thread 34" [_thread_blocked, id=19628, stack(0x000000688f200000,0x000000688f300000)]
  0x00000238272cd800 JavaThread "Unconstrained build operations Thread 35" [_thread_blocked, id=18604, stack(0x000000688f300000,0x000000688f400000)]
  0x00000238272ce800 JavaThread "Unconstrained build operations Thread 36" [_thread_blocked, id=20256, stack(0x000000688f400000,0x000000688f500000)]
  0x00000238272d1000 JavaThread "Unconstrained build operations Thread 37" [_thread_blocked, id=7568, stack(0x000000688f500000,0x000000688f600000)]
  0x0000023823f92000 JavaThread "Unconstrained build operations Thread 38" [_thread_blocked, id=6972, stack(0x000000688f600000,0x000000688f700000)]
  0x0000023826f4d000 JavaThread "Unconstrained build operations Thread 39" [_thread_blocked, id=9464, stack(0x000000688f700000,0x000000688f800000)]
  0x0000023826f51000 JavaThread "Unconstrained build operations Thread 40" [_thread_blocked, id=13008, stack(0x000000688f800000,0x000000688f900000)]
  0x0000023826f51800 JavaThread "WorkerExecutor Queue" [_thread_in_Java, id=22092, stack(0x000000688f900000,0x000000688fa00000)]
  0x0000023826f4d800 JavaThread "RMI Scheduler(0)" daemon [_thread_blocked, id=22328, stack(0x000000688fa00000,0x000000688fb00000)]

Other Threads:
  0x0000023821e30800 VMThread "VM Thread" [stack: 0x000000688a100000,0x000000688a200000] [id=8732]
  0x000002382293c000 WatcherThread [stack: 0x000000688ab00000,0x000000688ac00000] [id=17180]
  0x000002380169e000 GCTaskThread "GC Thread#0" [stack: 0x0000006889c00000,0x0000006889d00000] [id=14512]
  0x0000023822b29000 GCTaskThread "GC Thread#1" [stack: 0x000000688ac00000,0x000000688ad00000] [id=17172]
  0x0000023822ca8800 GCTaskThread "GC Thread#2" [stack: 0x000000688ad00000,0x000000688ae00000] [id=15736]
  0x0000023824333000 GCTaskThread "GC Thread#3" [stack: 0x000000688ba00000,0x000000688bb00000] [id=18072]
  0x00000238016cf800 ConcurrentGCThread "G1 Main Marker" [stack: 0x0000006889d00000,0x0000006889e00000] [id=15488]
  0x00000238016d1000 ConcurrentGCThread "G1 Conc#0" [stack: 0x0000006889e00000,0x0000006889f00000] [id=17236]
  0x000002380175e000 ConcurrentGCThread "G1 Refine#0" [stack: 0x0000006889f00000,0x000000688a000000] [id=17264]
  0x0000023821ca0800 ConcurrentGCThread "G1 Young RemSet Sampling" [stack: 0x000000688a000000,0x000000688a100000] [id=2416]

Threads with active compile tasks:
C2 CompilerThread0   560687 8610       4       java.lang.invoke.InvokerBytecodeGenerator::emitImplicitConversion (159 bytes)

VM state:not at safepoint (normal execution)

VM Mutex/Monitor currently owned by a thread: None

Heap address: 0x0000000080000000, size: 2048 MB, Compressed Oops mode: 32-bit
Narrow klass base: 0x0000000000000000, Narrow klass shift: 3
Compressed class space size: 528482304 Address: 0x0000000100000000

Heap:
 garbage-first heap   total 131072K, used 61469K [0x0000000080000000, 0x0000000100000000)
  region size 1024K, 13 young (13312K), 8 survivors (8192K)
 Metaspace       used 78819K, capacity 81187K, committed 81488K, reserved 587776K
  class space    used 10691K, capacity 11681K, committed 11776K, reserved 516096K
Heap Regions: E=young(eden), S=young(survivor), O=old, HS=humongous(starts), HC=humongous(continues), CS=collection set, F=free, A=archive, TAMS=top-at-mark-start (previous, next)
|   0|0x0000000080000000, 0x0000000080100000, 0x0000000080100000|100%| O|  |TAMS 0x0000000080100000, 0x0000000080000000| Untracked 
|   1|0x0000000080100000, 0x0000000080200000, 0x0000000080200000|100%| O|  |TAMS 0x0000000080200000, 0x0000000080100000| Untracked 
|   2|0x0000000080200000, 0x0000000080300000, 0x0000000080300000|100%| O|  |TAMS 0x0000000080300000, 0x0000000080200000| Untracked 
|   3|0x0000000080300000, 0x0000000080400000, 0x0000000080400000|100%|HS|  |TAMS 0x0000000080400000, 0x0000000080300000| Complete 
|   4|0x0000000080400000, 0x0000000080500000, 0x0000000080500000|100%|HC|  |TAMS 0x0000000080500000, 0x0000000080400000| Complete 
|   5|0x0000000080500000, 0x0000000080600000, 0x0000000080600000|100%|HC|  |TAMS 0x0000000080600000, 0x0000000080500000| Complete 
|   6|0x0000000080600000, 0x0000000080700000, 0x0000000080700000|100%|HC|  |TAMS 0x0000000080700000, 0x0000000080600000| Complete 
|   7|0x0000000080700000, 0x0000000080800000, 0x0000000080800000|100%| O|  |TAMS 0x0000000080800000, 0x0000000080700000| Untracked 
|   8|0x0000000080800000, 0x0000000080900000, 0x0000000080900000|100%| O|  |TAMS 0x0000000080900000, 0x0000000080800000| Untracked 
|   9|0x0000000080900000, 0x0000000080a00000, 0x0000000080a00000|100%| O|  |TAMS 0x0000000080a00000, 0x0000000080900000| Untracked 
|  10|0x0000000080a00000, 0x0000000080b00000, 0x0000000080b00000|100%| O|  |TAMS 0x0000000080b00000, 0x0000000080a00000| Untracked 
|  11|0x0000000080b00000, 0x0000000080c00000, 0x0000000080c00000|100%| O|  |TAMS 0x0000000080c00000, 0x0000000080b00000| Untracked 
|  12|0x0000000080c00000, 0x0000000080d00000, 0x0000000080d00000|100%| O|  |TAMS 0x0000000080d00000, 0x0000000080c00000| Untracked 
|  13|0x0000000080d00000, 0x0000000080e00000, 0x0000000080e00000|100%| O|  |TAMS 0x0000000080e00000, 0x0000000080d00000| Untracked 
|  14|0x0000000080e00000, 0x0000000080f00000, 0x0000000080f00000|100%| O|  |TAMS 0x0000000080f00000, 0x0000000080e00000| Untracked 
|  15|0x0000000080f00000, 0x0000000081000000, 0x0000000081000000|100%| O|  |TAMS 0x0000000081000000, 0x0000000080f00000| Untracked 
|  16|0x0000000081000000, 0x0000000081100000, 0x0000000081100000|100%| O|  |TAMS 0x0000000081100000, 0x0000000081000000| Untracked 
|  17|0x0000000081100000, 0x0000000081200000, 0x0000000081200000|100%| O|  |TAMS 0x0000000081200000, 0x0000000081100000| Untracked 
|  18|0x0000000081200000, 0x0000000081300000, 0x0000000081300000|100%| O|  |TAMS 0x0000000081300000, 0x0000000081200000| Untracked 
|  19|0x0000000081300000, 0x0000000081400000, 0x0000000081400000|100%| O|  |TAMS 0x0000000081400000, 0x0000000081300000| Untracked 
|  20|0x0000000081400000, 0x0000000081500000, 0x0000000081500000|100%| O|  |TAMS 0x0000000081500000, 0x0000000081400000| Untracked 
|  21|0x0000000081500000, 0x0000000081600000, 0x0000000081600000|100%| O|  |TAMS 0x0000000081600000, 0x0000000081500000| Untracked 
|  22|0x0000000081600000, 0x0000000081700000, 0x0000000081700000|100%| O|  |TAMS 0x0000000081700000, 0x0000000081600000| Untracked 
|  23|0x0000000081700000, 0x0000000081800000, 0x0000000081800000|100%| O|  |TAMS 0x0000000081800000, 0x0000000081700000| Untracked 
|  24|0x0000000081800000, 0x0000000081900000, 0x0000000081900000|100%| O|  |TAMS 0x0000000081900000, 0x0000000081800000| Untracked 
|  25|0x0000000081900000, 0x0000000081a00000, 0x0000000081a00000|100%| O|  |TAMS 0x0000000081a00000, 0x0000000081900000| Untracked 
|  26|0x0000000081a00000, 0x0000000081b00000, 0x0000000081b00000|100%| O|  |TAMS 0x0000000081b00000, 0x0000000081a00000| Untracked 
|  27|0x0000000081b00000, 0x0000000081c00000, 0x0000000081c00000|100%| O|  |TAMS 0x0000000081c00000, 0x0000000081b00000| Untracked 
|  28|0x0000000081c00000, 0x0000000081d00000, 0x0000000081d00000|100%|HS|  |TAMS 0x0000000081d00000, 0x0000000081c00000| Complete 
|  29|0x0000000081d00000, 0x0000000081e00000, 0x0000000081e00000|100%|HC|  |TAMS 0x0000000081e00000, 0x0000000081d00000| Complete 
|  30|0x0000000081e00000, 0x0000000081f00000, 0x0000000081f00000|100%|HS|  |TAMS 0x0000000081f00000, 0x0000000081e00000| Complete 
|  31|0x0000000081f00000, 0x0000000082000000, 0x0000000082000000|100%|HC|  |TAMS 0x0000000082000000, 0x0000000081f00000| Complete 
|  32|0x0000000082000000, 0x0000000082100000, 0x0000000082100000|100%|HC|  |TAMS 0x0000000082100000, 0x0000000082000000| Complete 
|  33|0x0000000082100000, 0x0000000082200000, 0x0000000082200000|100%|HC|  |TAMS 0x0000000082200000, 0x0000000082100000| Complete 
|  34|0x0000000082200000, 0x0000000082300000, 0x0000000082300000|100%| O|  |TAMS 0x0000000082300000, 0x0000000082200000| Untracked 
|  35|0x0000000082300000, 0x0000000082400000, 0x0000000082400000|100%| O|  |TAMS 0x000000008237f600, 0x0000000082300000| Untracked 
|  36|0x0000000082400000, 0x0000000082500000, 0x0000000082500000|100%| O|  |TAMS 0x0000000082400000, 0x0000000082400000| Untracked 
|  37|0x0000000082500000, 0x0000000082600000, 0x0000000082600000|100%| O|  |TAMS 0x0000000082500000, 0x0000000082500000| Untracked 
|  38|0x0000000082600000, 0x0000000082700000, 0x0000000082700000|100%| O|  |TAMS 0x0000000082600000, 0x0000000082600000| Untracked 
|  39|0x0000000082700000, 0x0000000082800000, 0x0000000082800000|100%| O|  |TAMS 0x0000000082700000, 0x0000000082700000| Untracked 
|  40|0x0000000082800000, 0x0000000082900000, 0x0000000082900000|100%| O|  |TAMS 0x0000000082800000, 0x0000000082800000| Untracked 
|  41|0x0000000082900000, 0x0000000082a00000, 0x0000000082a00000|100%| O|  |TAMS 0x0000000082900000, 0x0000000082900000| Untracked 
|  42|0x0000000082a00000, 0x0000000082b00000, 0x0000000082b00000|100%| O|  |TAMS 0x0000000082a00000, 0x0000000082a00000| Untracked 
|  43|0x0000000082b00000, 0x0000000082c00000, 0x0000000082c00000|100%| O|  |TAMS 0x0000000082b00000, 0x0000000082b00000| Untracked 
|  44|0x0000000082c00000, 0x0000000082d00000, 0x0000000082d00000|100%| O|  |TAMS 0x0000000082c00000, 0x0000000082c00000| Untracked 
|  45|0x0000000082d00000, 0x0000000082e00000, 0x0000000082e00000|100%| O|  |TAMS 0x0000000082d00000, 0x0000000082d00000| Untracked 
|  46|0x0000000082e00000, 0x0000000082f00000, 0x0000000082f00000|100%| O|  |TAMS 0x0000000082e00000, 0x0000000082e00000| Untracked 
|  47|0x0000000082f00000, 0x0000000083000000, 0x0000000083000000|100%| O|  |TAMS 0x0000000082f00000, 0x0000000082f00000| Untracked 
|  48|0x0000000083000000, 0x0000000083100000, 0x0000000083100000|100%| O|  |TAMS 0x0000000083000000, 0x0000000083000000| Untracked 
|  49|0x0000000083100000, 0x0000000083126a00, 0x0000000083200000| 15%| O|  |TAMS 0x0000000083100000, 0x0000000083100000| Untracked 
|  50|0x0000000083200000, 0x0000000083200000, 0x0000000083300000|  0%| F|  |TAMS 0x0000000083200000, 0x0000000083200000| Untracked 
|  51|0x0000000083300000, 0x0000000083300000, 0x0000000083400000|  0%| F|  |TAMS 0x0000000083300000, 0x0000000083300000| Untracked 
|  52|0x0000000083400000, 0x0000000083400000, 0x0000000083500000|  0%| F|  |TAMS 0x0000000083400000, 0x0000000083400000| Untracked 
|  53|0x0000000083500000, 0x0000000083500000, 0x0000000083600000|  0%| F|  |TAMS 0x0000000083500000, 0x0000000083500000| Untracked 
|  54|0x0000000083600000, 0x0000000083600000, 0x0000000083700000|  0%| F|  |TAMS 0x0000000083600000, 0x0000000083600000| Untracked 
|  55|0x0000000083700000, 0x0000000083700000, 0x0000000083800000|  0%| F|  |TAMS 0x0000000083700000, 0x0000000083700000| Untracked 
|  56|0x0000000083800000, 0x0000000083800000, 0x0000000083900000|  0%| F|  |TAMS 0x0000000083800000, 0x0000000083800000| Untracked 
|  57|0x0000000083900000, 0x0000000083900000, 0x0000000083a00000|  0%| F|  |TAMS 0x0000000083900000, 0x0000000083900000| Untracked 
|  58|0x0000000083a00000, 0x0000000083a00000, 0x0000000083b00000|  0%| F|  |TAMS 0x0000000083a00000, 0x0000000083a00000| Untracked 
|  59|0x0000000083b00000, 0x0000000083b00000, 0x0000000083c00000|  0%| F|  |TAMS 0x0000000083b00000, 0x0000000083b00000| Untracked 
|  60|0x0000000083c00000, 0x0000000083c00000, 0x0000000083d00000|  0%| F|  |TAMS 0x0000000083c00000, 0x0000000083c00000| Untracked 
|  61|0x0000000083d00000, 0x0000000083d00000, 0x0000000083e00000|  0%| F|  |TAMS 0x0000000083d00000, 0x0000000083d00000| Untracked 
|  62|0x0000000083e00000, 0x0000000083ee0af0, 0x0000000083f00000| 87%| S|CS|TAMS 0x0000000083e00000, 0x0000000083e00000| Complete 
|  63|0x0000000083f00000, 0x0000000084000000, 0x0000000084000000|100%| S|CS|TAMS 0x0000000083f00000, 0x0000000083f00000| Complete 
|  64|0x0000000084000000, 0x0000000084100000, 0x0000000084100000|100%| S|CS|TAMS 0x0000000084000000, 0x0000000084000000| Complete 
|  65|0x0000000084100000, 0x0000000084200000, 0x0000000084200000|100%| S|CS|TAMS 0x0000000084100000, 0x0000000084100000| Complete 
|  66|0x0000000084200000, 0x0000000084200000, 0x0000000084300000|  0%| F|  |TAMS 0x0000000084200000, 0x0000000084200000| Untracked 
|  67|0x0000000084300000, 0x0000000084300000, 0x0000000084400000|  0%| F|  |TAMS 0x0000000084300000, 0x0000000084300000| Untracked 
|  68|0x0000000084400000, 0x0000000084400000, 0x0000000084500000|  0%| F|  |TAMS 0x0000000084400000, 0x0000000084400000| Untracked 
|  69|0x0000000084500000, 0x0000000084500000, 0x0000000084600000|  0%| F|  |TAMS 0x0000000084500000, 0x0000000084500000| Untracked 
|  70|0x0000000084600000, 0x0000000084600000, 0x0000000084700000|  0%| F|  |TAMS 0x0000000084600000, 0x0000000084600000| Untracked 
|  71|0x0000000084700000, 0x0000000084800000, 0x0000000084800000|100%| S|CS|TAMS 0x0000000084700000, 0x0000000084700000| Complete 
|  72|0x0000000084800000, 0x0000000084800000, 0x0000000084900000|  0%| F|  |TAMS 0x0000000084800000, 0x0000000084800000| Untracked 
|  73|0x0000000084900000, 0x0000000084a00000, 0x0000000084a00000|100%| S|CS|TAMS 0x0000000084900000, 0x0000000084900000| Complete 
|  74|0x0000000084a00000, 0x0000000084b00000, 0x0000000084b00000|100%| S|CS|TAMS 0x0000000084a00000, 0x0000000084a00000| Complete 
|  75|0x0000000084b00000, 0x0000000084c00000, 0x0000000084c00000|100%| S|CS|TAMS 0x0000000084b00000, 0x0000000084b00000| Complete 
|  76|0x0000000084c00000, 0x0000000084c00000, 0x0000000084d00000|  0%| F|  |TAMS 0x0000000084c00000, 0x0000000084c00000| Untracked 
|  77|0x0000000084d00000, 0x0000000084d00000, 0x0000000084e00000|  0%| F|  |TAMS 0x0000000084d00000, 0x0000000084d00000| Untracked 
|  78|0x0000000084e00000, 0x0000000084e00000, 0x0000000084f00000|  0%| F|  |TAMS 0x0000000084e00000, 0x0000000084e00000| Untracked 
|  79|0x0000000084f00000, 0x0000000084f00000, 0x0000000085000000|  0%| F|  |TAMS 0x0000000084f00000, 0x0000000084f00000| Untracked 
|  80|0x0000000085000000, 0x0000000085000000, 0x0000000085100000|  0%| F|  |TAMS 0x0000000085000000, 0x0000000085000000| Untracked 
|  81|0x0000000085100000, 0x0000000085100000, 0x0000000085200000|  0%| F|  |TAMS 0x0000000085100000, 0x0000000085100000| Untracked 
|  82|0x0000000085200000, 0x0000000085200000, 0x0000000085300000|  0%| F|  |TAMS 0x0000000085200000, 0x0000000085200000| Untracked 
|  83|0x0000000085300000, 0x0000000085300000, 0x0000000085400000|  0%| F|  |TAMS 0x0000000085300000, 0x0000000085300000| Untracked 
|  84|0x0000000085400000, 0x0000000085400000, 0x0000000085500000|  0%| F|  |TAMS 0x0000000085400000, 0x0000000085400000| Untracked 
|  85|0x0000000085500000, 0x0000000085500000, 0x0000000085600000|  0%| F|  |TAMS 0x0000000085500000, 0x0000000085500000| Untracked 
|  86|0x0000000085600000, 0x0000000085600000, 0x0000000085700000|  0%| F|  |TAMS 0x0000000085600000, 0x0000000085600000| Untracked 
|  87|0x0000000085700000, 0x0000000085700000, 0x0000000085800000|  0%| F|  |TAMS 0x0000000085700000, 0x0000000085700000| Untracked 
|  88|0x0000000085800000, 0x0000000085800000, 0x0000000085900000|  0%| F|  |TAMS 0x0000000085800000, 0x0000000085800000| Untracked 
|  89|0x0000000085900000, 0x0000000085900000, 0x0000000085a00000|  0%| F|  |TAMS 0x0000000085900000, 0x0000000085900000| Untracked 
|  90|0x0000000085a00000, 0x0000000085a00000, 0x0000000085b00000|  0%| F|  |TAMS 0x0000000085a00000, 0x0000000085a00000| Untracked 
|  91|0x0000000085b00000, 0x0000000085b00000, 0x0000000085c00000|  0%| F|  |TAMS 0x0000000085b00000, 0x0000000085b00000| Untracked 
|  92|0x0000000085c00000, 0x0000000085c00000, 0x0000000085d00000|  0%| F|  |TAMS 0x0000000085c00000, 0x0000000085c00000| Untracked 
|  93|0x0000000085d00000, 0x0000000085d00000, 0x0000000085e00000|  0%| F|  |TAMS 0x0000000085d00000, 0x0000000085d00000| Untracked 
|  94|0x0000000085e00000, 0x0000000085e00000, 0x0000000085f00000|  0%| F|  |TAMS 0x0000000085e00000, 0x0000000085e00000| Untracked 
|  95|0x0000000085f00000, 0x0000000085f00000, 0x0000000086000000|  0%| F|  |TAMS 0x0000000085f00000, 0x0000000085f00000| Untracked 
|  96|0x0000000086000000, 0x0000000086000000, 0x0000000086100000|  0%| F|  |TAMS 0x0000000086000000, 0x0000000086000000| Untracked 
|  97|0x0000000086100000, 0x0000000086100000, 0x0000000086200000|  0%| F|  |TAMS 0x0000000086100000, 0x0000000086100000| Untracked 
|  98|0x0000000086200000, 0x0000000086200000, 0x0000000086300000|  0%| F|  |TAMS 0x0000000086200000, 0x0000000086200000| Untracked 
|  99|0x0000000086300000, 0x0000000086300000, 0x0000000086400000|  0%| F|  |TAMS 0x0000000086300000, 0x0000000086300000| Untracked 
| 100|0x0000000086400000, 0x0000000086400000, 0x0000000086500000|  0%| F|  |TAMS 0x0000000086400000, 0x0000000086400000| Untracked 
| 101|0x0000000086500000, 0x0000000086500000, 0x0000000086600000|  0%| F|  |TAMS 0x0000000086500000, 0x0000000086500000| Untracked 
| 102|0x0000000086600000, 0x0000000086600000, 0x0000000086700000|  0%| F|  |TAMS 0x0000000086600000, 0x0000000086600000| Untracked 
| 103|0x0000000086700000, 0x0000000086700000, 0x0000000086800000|  0%| F|  |TAMS 0x0000000086700000, 0x0000000086700000| Untracked 
| 104|0x0000000086800000, 0x0000000086800000, 0x0000000086900000|  0%| F|  |TAMS 0x0000000086800000, 0x0000000086800000| Untracked 
| 105|0x0000000086900000, 0x0000000086900000, 0x0000000086a00000|  0%| F|  |TAMS 0x0000000086900000, 0x0000000086900000| Untracked 
| 106|0x0000000086a00000, 0x0000000086a00000, 0x0000000086b00000|  0%| F|  |TAMS 0x0000000086a00000, 0x0000000086a00000| Untracked 
| 107|0x0000000086b00000, 0x0000000086b00000, 0x0000000086c00000|  0%| F|  |TAMS 0x0000000086b00000, 0x0000000086b00000| Untracked 
| 108|0x0000000086c00000, 0x0000000086c00000, 0x0000000086d00000|  0%| F|  |TAMS 0x0000000086c00000, 0x0000000086c00000| Untracked 
| 109|0x0000000086d00000, 0x0000000086d00000, 0x0000000086e00000|  0%| F|  |TAMS 0x0000000086d00000, 0x0000000086d00000| Untracked 
| 110|0x0000000086e00000, 0x0000000086e00000, 0x0000000086f00000|  0%| F|  |TAMS 0x0000000086e00000, 0x0000000086e00000| Untracked 
| 111|0x0000000086f00000, 0x0000000086f00000, 0x0000000087000000|  0%| F|  |TAMS 0x0000000086f00000, 0x0000000086f00000| Untracked 
| 112|0x0000000087000000, 0x0000000087000000, 0x0000000087100000|  0%| F|  |TAMS 0x0000000087000000, 0x0000000087000000| Untracked 
| 113|0x0000000087100000, 0x0000000087100000, 0x0000000087200000|  0%| F|  |TAMS 0x0000000087100000, 0x0000000087100000| Untracked 
| 114|0x0000000087200000, 0x0000000087200000, 0x0000000087300000|  0%| F|  |TAMS 0x0000000087200000, 0x0000000087200000| Untracked 
| 115|0x0000000087300000, 0x0000000087300000, 0x0000000087400000|  0%| F|  |TAMS 0x0000000087300000, 0x0000000087300000| Untracked 
| 116|0x0000000087400000, 0x0000000087400000, 0x0000000087500000|  0%| F|  |TAMS 0x0000000087400000, 0x0000000087400000| Untracked 
| 117|0x0000000087500000, 0x0000000087500000, 0x0000000087600000|  0%| F|  |TAMS 0x0000000087500000, 0x0000000087500000| Untracked 
| 118|0x0000000087600000, 0x0000000087600000, 0x0000000087700000|  0%| F|  |TAMS 0x0000000087600000, 0x0000000087600000| Untracked 
| 119|0x0000000087700000, 0x0000000087700000, 0x0000000087800000|  0%| F|  |TAMS 0x0000000087700000, 0x0000000087700000| Untracked 
| 120|0x0000000087800000, 0x0000000087800000, 0x0000000087900000|  0%| F|  |TAMS 0x0000000087800000, 0x0000000087800000| Untracked 
| 121|0x0000000087900000, 0x0000000087900000, 0x0000000087a00000|  0%| F|  |TAMS 0x0000000087900000, 0x0000000087900000| Untracked 
| 122|0x0000000087a00000, 0x0000000087a00000, 0x0000000087b00000|  0%| F|  |TAMS 0x0000000087a00000, 0x0000000087a00000| Untracked 
| 123|0x0000000087b00000, 0x0000000087bb4f50, 0x0000000087c00000| 70%| E|  |TAMS 0x0000000087b00000, 0x0000000087b00000| Complete 
| 124|0x0000000087c00000, 0x0000000087d00000, 0x0000000087d00000|100%| E|CS|TAMS 0x0000000087c00000, 0x0000000087c00000| Complete 
| 125|0x0000000087d00000, 0x0000000087e00000, 0x0000000087e00000|100%| E|CS|TAMS 0x0000000087d00000, 0x0000000087d00000| Complete 
| 126|0x0000000087e00000, 0x0000000087f00000, 0x0000000087f00000|100%| E|CS|TAMS 0x0000000087e00000, 0x0000000087e00000| Complete 
| 127|0x0000000087f00000, 0x0000000088000000, 0x0000000088000000|100%| E|  |TAMS 0x0000000087f00000, 0x0000000087f00000| Complete 

Card table byte_map: [0x000002381b000000,0x000002381b400000] _byte_map_base: 0x000002381ac00000

Marking Bits (Prev, Next): (CMBitMap*) 0x00000238016c6ba0, (CMBitMap*) 0x00000238016c6b68
 Prev Bits: [0x000002381d800000, 0x000002381f800000)
 Next Bits: [0x000002381b800000, 0x000002381d800000)

Polling page: 0x000002380b5b0000

Metaspace:

Usage:
  Non-class:     67.88 MB capacity,    66.53 MB ( 98%) used,     1.09 MB (  2%) free+waste,   259.81 KB ( <1%) overhead. 
      Class:     11.41 MB capacity,    10.44 MB ( 92%) used,   862.33 KB (  7%) free+waste,   126.88 KB (  1%) overhead. 
       Both:     79.28 MB capacity,    76.97 MB ( 97%) used,     1.93 MB (  2%) free+waste,   386.69 KB ( <1%) overhead. 

Virtual space:
  Non-class space:       70.00 MB reserved,      68.08 MB ( 97%) committed 
      Class space:      504.00 MB reserved,      11.50 MB (  2%) committed 
             Both:      574.00 MB reserved,      79.58 MB ( 14%) committed 

Chunk freelists:
   Non-Class:  0 bytes
       Class:  0 bytes
        Both:  0 bytes

MaxMetaspaceSize: 512.00 MB
CompressedClassSpaceSize: 504.00 MB
Initial GC threshold: 20.80 MB
Current GC threshold: 98.46 MB
CDS: off

CodeHeap 'non-profiled nmethods': size=120064Kb used=5046Kb max_used=5046Kb free=115017Kb
 bounds [0x0000023813090000, 0x0000023813580000, 0x000002381a5d0000]
CodeHeap 'profiled nmethods': size=120000Kb used=18657Kb max_used=18657Kb free=101342Kb
 bounds [0x000002380bb60000, 0x000002380cda0000, 0x0000023813090000]
CodeHeap 'non-nmethods': size=5696Kb used=2379Kb max_used=2396Kb free=3316Kb
 bounds [0x000002380b5d0000, 0x000002380b840000, 0x000002380bb60000]
 total_blobs=9431 nmethods=8523 adapters=820
 compilation: enabled
              stopped_count=0, restarted_count=0
 full_count=0

Compilation events (20 events):
Event: 560.045 Thread 0x0000023822811800 nmethod 8600 0x0000023813579e10 code [0x0000023813579fc0, 0x000002381357a078]
Event: 560.057 Thread 0x0000023822811800 8601       3       java.security.ProtectionDomain::<init> (99 bytes)
Event: 560.057 Thread 0x0000023822811800 nmethod 8601 0x000002380cd91810 code [0x000002380cd91a40, 0x000002380cd92528]
Event: 560.061 Thread 0x0000023822811800 8602       3       jdk.internal.reflect.ClassFileAssembler::<init> (8 bytes)
Event: 560.062 Thread 0x0000023822811800 nmethod 8602 0x000002380cd92790 code [0x000002380cd92980, 0x000002380cd92e98]
Event: 560.062 Thread 0x0000023822811800 8603       3       jdk.internal.reflect.ClassFileAssembler::append (9 bytes)
Event: 560.062 Thread 0x0000023822811800 nmethod 8603 0x000002380cd93090 code [0x000002380cd932a0, 0x000002380cd93798]
Event: 560.069 Thread 0x0000023822811800 8604       3       java.lang.Class::getDeclaredField (54 bytes)
Event: 560.070 Thread 0x0000023822811800 nmethod 8604 0x000002380cd93a90 code [0x000002380cd93d40, 0x000002380cd947d8]
Event: 560.104 Thread 0x0000023822811800 8605       1       java.io.ObjectStreamClass::getPrimDataSize (5 bytes)
Event: 560.105 Thread 0x0000023822811800 nmethod 8605 0x000002381357a110 code [0x000002381357a2c0, 0x000002381357a378]
Event: 560.105 Thread 0x0000023822811800 8606       1       java.io.ObjectStreamClass::getNumObjFields (5 bytes)
Event: 560.105 Thread 0x0000023822811800 nmethod 8606 0x000002381357a410 code [0x000002381357a5c0, 0x000002381357a678]
Event: 560.249 Thread 0x0000023822811800 8607       3       java.lang.invoke.BoundMethodHandle::speciesDataFor (32 bytes)
Event: 560.249 Thread 0x0000023822811800 nmethod 8607 0x000002380cd94b90 code [0x000002380cd94d60, 0x000002380cd950b8]
Event: 560.250 Thread 0x00000238227b4800 8608       4       jdk.internal.org.objectweb.asm.ByteVector::putByteArray (49 bytes)
Event: 560.252 Thread 0x00000238227b4800 nmethod 8608 0x000002381357a710 code [0x000002381357a8a0, 0x000002381357a9d8]
Event: 560.253 Thread 0x00000238227b4800 8609       4       jdk.internal.org.objectweb.asm.Frame::type (416 bytes)
Event: 560.489 Thread 0x00000238227b4800 nmethod 8609 0x000002381357ab10 code [0x000002381357ada0, 0x000002381357c450]
Event: 560.489 Thread 0x00000238227b4800 8610       4       java.lang.invoke.InvokerBytecodeGenerator::emitImplicitConversion (159 bytes)

GC Heap History (20 events):
Event: 147.208 GC heap before
{Heap before GC invocations=10 (full 0):
 garbage-first heap   total 131072K, used 90610K [0x0000000080000000, 0x0000000100000000)
  region size 1024K, 69 young (70656K), 6 survivors (6144K)
 Metaspace       used 41074K, capacity 42158K, committed 42320K, reserved 552960K
  class space    used 5138K, capacity 5531K, committed 5632K, reserved 516096K
}
Event: 147.518 GC heap after
{Heap after GC invocations=11 (full 0):
 garbage-first heap   total 131072K, used 28981K [0x0000000080000000, 0x0000000100000000)
  region size 1024K, 9 young (9216K), 9 survivors (9216K)
 Metaspace       used 41074K, capacity 42158K, committed 42320K, reserved 552960K
  class space    used 5138K, capacity 5531K, committed 5632K, reserved 516096K
}
Event: 248.037 GC heap before
{Heap before GC invocations=11 (full 0):
 garbage-first heap   total 131072K, used 69941K [0x0000000080000000, 0x0000000100000000)
  region size 1024K, 49 young (50176K), 9 survivors (9216K)
 Metaspace       used 43095K, capacity 44297K, committed 44496K, reserved 555008K
  class space    used 5432K, capacity 5914K, committed 6016K, reserved 516096K
}
Event: 248.212 GC heap after
{Heap after GC invocations=12 (full 0):
 garbage-first heap   total 131072K, used 30882K [0x0000000080000000, 0x0000000100000000)
  region size 1024K, 3 young (3072K), 3 survivors (3072K)
 Metaspace       used 43095K, capacity 44297K, committed 44496K, reserved 555008K
  class space    used 5432K, capacity 5914K, committed 6016K, reserved 516096K
}
Event: 333.449 GC heap before
{Heap before GC invocations=12 (full 0):
 garbage-first heap   total 131072K, used 91298K [0x0000000080000000, 0x0000000100000000)
  region size 1024K, 62 young (63488K), 3 survivors (3072K)
 Metaspace       used 47806K, capacity 49099K, committed 49232K, reserved 559104K
  class space    used 6053K, capacity 6571K, committed 6656K, reserved 516096K
}
Event: 333.469 GC heap after
{Heap after GC invocations=13 (full 0):
 garbage-first heap   total 131072K, used 32542K [0x0000000080000000, 0x0000000100000000)
  region size 1024K, 5 young (5120K), 5 survivors (5120K)
 Metaspace       used 47806K, capacity 49099K, committed 49232K, reserved 559104K
  class space    used 6053K, capacity 6571K, committed 6656K, reserved 516096K
}
Event: 341.650 GC heap before
{Heap before GC invocations=13 (full 0):
 garbage-first heap   total 131072K, used 97054K [0x0000000080000000, 0x0000000100000000)
  region size 1024K, 68 young (69632K), 5 survivors (5120K)
 Metaspace       used 54411K, capacity 55880K, committed 56016K, reserved 565248K
  class space    used 7381K, capacity 7971K, committed 8064K, reserved 516096K
}
Event: 341.662 GC heap after
{Heap after GC invocations=14 (full 0):
 garbage-first heap   total 131072K, used 33802K [0x0000000080000000, 0x0000000100000000)
  region size 1024K, 6 young (6144K), 6 survivors (6144K)
 Metaspace       used 54411K, capacity 55880K, committed 56016K, reserved 565248K
  class space    used 7381K, capacity 7971K, committed 8064K, reserved 516096K
}
Event: 384.437 GC heap before
{Heap before GC invocations=14 (full 0):
 garbage-first heap   total 131072K, used 88074K [0x0000000080000000, 0x0000000100000000)
  region size 1024K, 55 young (56320K), 6 survivors (6144K)
 Metaspace       used 58494K, capacity 60102K, committed 60240K, reserved 569344K
  class space    used 7894K, capacity 8611K, committed 8704K, reserved 516096K
}
Event: 384.465 GC heap after
{Heap after GC invocations=15 (full 0):
 garbage-first heap   total 131072K, used 43486K [0x0000000080000000, 0x0000000100000000)
  region size 1024K, 7 young (7168K), 7 survivors (7168K)
 Metaspace       used 58494K, capacity 60102K, committed 60240K, reserved 569344K
  class space    used 7894K, capacity 8611K, committed 8704K, reserved 516096K
}
Event: 398.475 GC heap before
{Heap before GC invocations=16 (full 0):
 garbage-first heap   total 131072K, used 101854K [0x0000000080000000, 0x0000000100000000)
  region size 1024K, 64 young (65536K), 7 survivors (7168K)
 Metaspace       used 63357K, capacity 65129K, committed 65360K, reserved 573440K
  class space    used 8639K, capacity 9375K, committed 9472K, reserved 516096K
}
Event: 398.694 GC heap after
{Heap after GC invocations=17 (full 0):
 garbage-first heap   total 131072K, used 45860K [0x0000000080000000, 0x0000000100000000)
  region size 1024K, 6 young (6144K), 6 survivors (6144K)
 Metaspace       used 63357K, capacity 65129K, committed 65360K, reserved 573440K
  class space    used 8639K, capacity 9375K, committed 9472K, reserved 516096K
}
Event: 408.057 GC heap before
{Heap before GC invocations=17 (full 0):
 garbage-first heap   total 131072K, used 104228K [0x0000000080000000, 0x0000000100000000)
  region size 1024K, 63 young (64512K), 6 survivors (6144K)
 Metaspace       used 67790K, capacity 69599K, committed 69712K, reserved 577536K
  class space    used 9211K, capacity 9967K, committed 9984K, reserved 516096K
}
Event: 408.070 GC heap after
{Heap after GC invocations=18 (full 0):
 garbage-first heap   total 131072K, used 47882K [0x0000000080000000, 0x0000000100000000)
  region size 1024K, 5 young (5120K), 5 survivors (5120K)
 Metaspace       used 67790K, capacity 69599K, committed 69712K, reserved 577536K
  class space    used 9211K, capacity 9967K, committed 9984K, reserved 516096K
}
Event: 490.015 GC heap before
{Heap before GC invocations=18 (full 0):
 garbage-first heap   total 131072K, used 104202K [0x0000000080000000, 0x0000000100000000)
  region size 1024K, 61 young (62464K), 5 survivors (5120K)
 Metaspace       used 70753K, capacity 72731K, committed 73040K, reserved 579584K
  class space    used 9602K, capacity 10423K, committed 10496K, reserved 516096K
}
Event: 490.048 GC heap after
{Heap after GC invocations=19 (full 0):
 garbage-first heap   total 131072K, used 50529K [0x0000000080000000, 0x0000000100000000)
  region size 1024K, 7 young (7168K), 7 survivors (7168K)
 Metaspace       used 70753K, capacity 72731K, committed 73040K, reserved 579584K
  class space    used 9602K, capacity 10423K, committed 10496K, reserved 516096K
}
Event: 530.281 GC heap before
{Heap before GC invocations=19 (full 0):
 garbage-first heap   total 131072K, used 106849K [0x0000000080000000, 0x0000000100000000)
  region size 1024K, 62 young (63488K), 7 survivors (7168K)
 Metaspace       used 73636K, capacity 75824K, committed 76112K, reserved 581632K
  class space    used 10018K, capacity 10924K, committed 11008K, reserved 516096K
}
Event: 530.304 GC heap after
{Heap after GC invocations=20 (full 0):
 garbage-first heap   total 131072K, used 54298K [0x0000000080000000, 0x0000000100000000)
  region size 1024K, 7 young (7168K), 7 survivors (7168K)
 Metaspace       used 73636K, capacity 75824K, committed 76112K, reserved 581632K
  class space    used 10018K, capacity 10924K, committed 11008K, reserved 516096K
}
Event: 557.514 GC heap before
{Heap before GC invocations=20 (full 0):
 garbage-first heap   total 131072K, used 106522K [0x0000000080000000, 0x0000000100000000)
  region size 1024K, 59 young (60416K), 7 survivors (7168K)
 Metaspace       used 77712K, capacity 80104K, committed 80208K, reserved 585728K
  class space    used 10531K, capacity 11516K, committed 11520K, reserved 516096K
}
Event: 557.544 GC heap after
{Heap after GC invocations=21 (full 0):
 garbage-first heap   total 131072K, used 58397K [0x0000000080000000, 0x0000000100000000)
  region size 1024K, 8 young (8192K), 8 survivors (8192K)
 Metaspace       used 77712K, capacity 80104K, committed 80208K, reserved 585728K
  class space    used 10531K, capacity 11516K, committed 11520K, reserved 516096K
}

Deoptimization events (20 events):
Event: 558.455 Thread 0x0000023826f51800 Uncommon trap: trap_request=0xffffffde fr.pc=0x00000238133dba94 relative=0x0000000000000334
Event: 558.455 Thread 0x0000023826f51800 Uncommon trap: reason=class_check action=maybe_recompile pc=0x00000238133dba94 method=java.io.DataOutputStream.write(I)V @ 5 c2
Event: 558.455 Thread 0x0000023826f51800 DEOPT PACKING pc=0x00000238133dba94 sp=0x000000688f9fd0a0
Event: 558.455 Thread 0x0000023826f51800 DEOPT UNPACKING pc=0x000002380b61a1af sp=0x000000688f9fd078 mode 2
Event: 558.455 Thread 0x0000023826f51800 Uncommon trap: trap_request=0xffffffde fr.pc=0x00000238133dba94 relative=0x0000000000000334
Event: 558.455 Thread 0x0000023826f51800 Uncommon trap: reason=class_check action=maybe_recompile pc=0x00000238133dba94 method=java.io.DataOutputStream.write(I)V @ 5 c2
Event: 558.455 Thread 0x0000023826f51800 DEOPT PACKING pc=0x00000238133dba94 sp=0x000000688f9fd0a0
Event: 558.455 Thread 0x0000023826f51800 DEOPT UNPACKING pc=0x000002380b61a1af sp=0x000000688f9fd078 mode 2
Event: 558.455 Thread 0x0000023826f51800 Uncommon trap: trap_request=0xffffffde fr.pc=0x00000238133dba94 relative=0x0000000000000334
Event: 558.455 Thread 0x0000023826f51800 Uncommon trap: reason=class_check action=maybe_recompile pc=0x00000238133dba94 method=java.io.DataOutputStream.write(I)V @ 5 c2
Event: 558.455 Thread 0x0000023826f51800 DEOPT PACKING pc=0x00000238133dba94 sp=0x000000688f9fd0a0
Event: 558.455 Thread 0x0000023826f51800 DEOPT UNPACKING pc=0x000002380b61a1af sp=0x000000688f9fd078 mode 2
Event: 558.455 Thread 0x0000023826f51800 Uncommon trap: trap_request=0xffffffde fr.pc=0x000002381317b558 relative=0x0000000000000f78
Event: 558.455 Thread 0x0000023826f51800 Uncommon trap: reason=class_check action=maybe_recompile pc=0x000002381317b558 method=java.io.DataOutputStream.write(I)V @ 5 c2
Event: 558.455 Thread 0x0000023826f51800 DEOPT PACKING pc=0x000002381317b558 sp=0x000000688f9fd0f0
Event: 558.455 Thread 0x0000023826f51800 DEOPT UNPACKING pc=0x000002380b61a1af sp=0x000000688f9fd080 mode 2
Event: 560.056 Thread 0x0000023826f51800 Uncommon trap: trap_request=0xffffff4d fr.pc=0x000002381313f5f8 relative=0x0000000000000058
Event: 560.056 Thread 0x0000023826f51800 Uncommon trap: reason=unstable_if action=reinterpret pc=0x000002381313f5f8 method=java.util.Objects.equals(Ljava/lang/Object;Ljava/lang/Object;)Z @ 6 c2
Event: 560.056 Thread 0x0000023826f51800 DEOPT PACKING pc=0x000002381313f5f8 sp=0x000000688f9fc910
Event: 560.056 Thread 0x0000023826f51800 DEOPT UNPACKING pc=0x000002380b61a1af sp=0x000000688f9fc8b0 mode 2

Classes redefined (0 events):
No events

Internal exceptions (20 events):
Event: 489.837 Thread 0x00000238246cb800 Exception <a 'java/lang/ClassNotFoundException'{0x0000000084ada808}: org/gradle/api/internal/DefaultNamedDomainObjectListCustomizer> (0x0000000084ada808) thrown at [./src/hotspot/share/classfile/systemDictionary.cpp, line 230]
Event: 489.846 Thread 0x00000238246cb800 Exception <a 'java/lang/ClassNotFoundException'{0x000000008493a308}: org/gradle/api/internal/artifacts/DefaultArtifactRepositoryContainerCustomizer> (0x000000008493a308) thrown at [./src/hotspot/share/classfile/systemDictionary.cpp, line 230]
Event: 489.851 Thread 0x00000238246cb800 Exception <a 'java/lang/ClassNotFoundException'{0x000000008498e200}: org/gradle/api/internal/artifacts/dsl/DefaultRepositoryHandlerCustomizer> (0x000000008498e200) thrown at [./src/hotspot/share/classfile/systemDictionary.cpp, line 230]
Event: 489.859 Thread 0x00000238246cb800 Exception <a 'java/lang/ClassNotFoundException'{0x00000000849f4f28}: org/gradle/api/internal/artifacts/dsl/DefaultRepositoryHandler_DecoratedCustomizer> (0x00000000849f4f28) thrown at [./src/hotspot/share/classfile/systemDictionary.cpp, line 230]
Event: 490.013 Thread 0x00000238246cb800 Exception <a 'java/lang/ClassNotFoundException'{0x00000000848ce470}: org/gradle/api/internal/artifacts/dsl/dependencies/DefaultDependencyHandler_DecoratedBeanInfo> (0x00000000848ce470) thrown at [./src/hotspot/share/classfile/systemDictionary.cpp, line 230]
Event: 490.058 Thread 0x00000238246cb800 Exception <a 'java/lang/ClassNotFoundException'{0x0000000087f17be8}: org/gradle/api/internal/artifacts/dsl/dependencies/DefaultDependencyHandlerBeanInfo> (0x0000000087f17be8) thrown at [./src/hotspot/share/classfile/systemDictionary.cpp, line 230]
Event: 490.060 Thread 0x00000238246cb800 Exception <a 'java/lang/ClassNotFoundException'{0x0000000087f5f9e0}: org/gradle/api/internal/artifacts/dsl/dependencies/DefaultDependencyHandlerCustomizer> (0x0000000087f5f9e0) thrown at [./src/hotspot/share/classfile/systemDictionary.cpp, line 230]
Event: 490.066 Thread 0x00000238246cb800 Exception <a 'java/lang/ClassNotFoundException'{0x0000000087fd0eb0}: org/gradle/api/internal/artifacts/dsl/dependencies/DefaultDependencyHandler_DecoratedCustomizer> (0x0000000087fd0eb0) thrown at [./src/hotspot/share/classfile/systemDictionary.cpp, line 230]
Event: 516.870 Thread 0x00000238246cb800 Exception <a 'java/lang/NoSuchMethodError'{0x0000000085a45100}: 'java.lang.Object java.lang.invoke.Invokers$Holder.linkToTargetMethod(java.lang.Object, java.lang.Object, java.lang.Object, java.lang.Object, java.lang.Object, java.lang.Object, java.lang.Object, java.lang.Object, java.lang.Object)'> (0x0000000085a45100) thrown at [./src/hotspot/share/interpreter/linkResolver.cpp, line 773]
Event: 530.309 Thread 0x00000238272c3000 Exception <a 'java/lang/NoSuchMethodError'{0x0000000087f0c0e8}: 'java.lang.Object java.lang.invoke.DirectMethodHandle$Holder.invokeStatic(java.lang.Object, java.lang.Object, java.lang.Object, java.lang.Object, int, java.lang.Object)'> (0x0000000087f0c0e8) thrown at [./src/hotspot/share/interpreter/linkResolver.cpp, line 773]
Event: 530.309 Thread 0x00000238272c3000 Exception <a 'java/lang/NoSuchMethodError'{0x0000000087f8fe58}: 'java.lang.Object java.lang.invoke.Invokers$Holder.linkToTargetMethod(java.lang.Object, java.lang.Object, java.lang.Object, int, java.lang.Object, java.lang.Object)'> (0x0000000087f8fe58) thrown at [./src/hotspot/share/interpreter/linkResolver.cpp, line 773]
Event: 530.339 Thread 0x00000238272c3000 Exception <a 'java/lang/NoSuchMethodError'{0x0000000087e1b1f8}: 'void java.lang.invoke.DirectMethodHandle$Holder.invokeInterface(java.lang.Object, java.lang.Object, java.lang.Object, java.lang.Object)'> (0x0000000087e1b1f8) thrown at [./src/hotspot/share/interpreter/linkResolver.cpp, line 773]
Event: 533.261 Thread 0x00000238272c3000 Exception <a 'java/lang/NoSuchMethodError'{0x0000000087c8e3d0}: 'int java.lang.invoke.DirectMethodHandle$Holder.invokeSpecial(java.lang.Object, java.lang.Object, java.lang.Object, java.lang.Object, java.lang.Object)'> (0x0000000087c8e3d0) thrown at [./src/hotspot/share/interpreter/linkResolver.cpp, line 773]
Event: 556.149 Thread 0x00000238272c3000 Exception <a 'java/lang/NoSuchMethodError'{0x0000000084fa6d68}: 'void java.lang.invoke.DirectMethodHandle$Holder.invokeSpecial(java.lang.Object, java.lang.Object, java.lang.Object, int)'> (0x0000000084fa6d68) thrown at [./src/hotspot/share/interpreter/linkResolver.cpp, line 773]
Event: 557.062 Thread 0x00000238272c3000 Exception <a 'java/lang/NoSuchMethodError'{0x0000000084ef6d90}: <clinit>> (0x0000000084ef6d90) thrown at [./src/hotspot/share/prims/jni.cpp, line 1367]
Event: 557.258 Thread 0x00000238272c3000 Exception <a 'java/lang/NoSuchMethodError'{0x0000000084d45418}: <clinit>> (0x0000000084d45418) thrown at [./src/hotspot/share/prims/jni.cpp, line 1367]
Event: 557.263 Thread 0x00000238272c3000 Exception <a 'java/lang/NoSuchMethodError'{0x0000000084d673e0}: <clinit>> (0x0000000084d673e0) thrown at [./src/hotspot/share/prims/jni.cpp, line 1367]
Event: 557.263 Thread 0x00000238272c3000 Exception <a 'java/lang/NoSuchMethodError'{0x0000000084d68c58}: <clinit>> (0x0000000084d68c58) thrown at [./src/hotspot/share/prims/jni.cpp, line 1367]
Event: 560.100 Thread 0x0000023826f51800 Exception <a 'java/lang/NoSuchMethodError'{0x0000000087cdc858}: <clinit>> (0x0000000087cdc858) thrown at [./src/hotspot/share/prims/jni.cpp, line 1367]
Event: 560.104 Thread 0x0000023826f51800 Exception <a 'java/lang/NoSuchMethodError'{0x0000000087ce89e0}: <clinit>> (0x0000000087ce89e0) thrown at [./src/hotspot/share/prims/jni.cpp, line 1367]

Events (20 events):
Event: 560.261 loading class java/net/SocketPermissionCollection
Event: 560.261 loading class java/net/SocketPermissionCollection done
Event: 560.261 loading class java/net/SocketPermissionCollection$1
Event: 560.262 loading class java/net/SocketPermissionCollection$1 done
Event: 560.262 loading class sun/rmi/transport/DGCClient$EndpointEntry
Event: 560.262 loading class sun/rmi/transport/DGCClient$EndpointEntry done
Event: 560.263 loading class sun/rmi/transport/DGCImpl
Event: 560.263 loading class java/rmi/dgc/DGC
Event: 560.263 loading class java/rmi/dgc/DGC done
Event: 560.263 loading class sun/rmi/transport/DGCImpl done
Event: 560.263 loading class sun/rmi/transport/DGCImpl_Stub
Event: 560.264 loading class sun/rmi/transport/DGCImpl_Stub done
Event: 560.264 loading class sun/rmi/transport/DGCClient$EndpointEntry$RenewCleanThread
Event: 560.264 loading class sun/rmi/transport/DGCClient$EndpointEntry$RenewCleanThread done
Event: 560.264 Executing VM operation: RevokeBias
Event: 560.415 Executing VM operation: RevokeBias done
Event: 560.417 Executing VM operation: RevokeBias
Event: 560.417 Executing VM operation: RevokeBias done
Event: 560.475 Executing VM operation: RevokeBias
Event: 560.475 Executing VM operation: RevokeBias done


Dynamic libraries:
0x00007ff73c320000 - 0x00007ff73c32d000 	C:\Program Files\Microsoft\jdk-11.0.18.10-hotspot\bin\java.exe
0x00007ff8286d0000 - 0x00007ff8288c8000 	C:\Windows\SYSTEM32\ntdll.dll
0x00007ff826a80000 - 0x00007ff826b3d000 	C:\Windows\System32\KERNEL32.DLL
0x00007ff826100000 - 0x00007ff8263f6000 	C:\Windows\System32\KERNELBASE.dll
0x00007ff826500000 - 0x00007ff826600000 	C:\Windows\System32\ucrtbase.dll
0x00007ff811320000 - 0x00007ff811337000 	C:\Program Files\Microsoft\jdk-11.0.18.10-hotspot\bin\jli.dll
0x00007ff827370000 - 0x00007ff82750e000 	C:\Windows\System32\USER32.dll
0x00007ff825e80000 - 0x00007ff825ea2000 	C:\Windows\System32\win32u.dll
0x00007ff826730000 - 0x00007ff82675c000 	C:\Windows\System32\GDI32.dll
0x00007ff826600000 - 0x00007ff82671a000 	C:\Windows\System32\gdi32full.dll
0x00007ff826060000 - 0x00007ff8260fd000 	C:\Windows\System32\msvcp_win.dll
0x00007ff810a20000 - 0x00007ff810a35000 	C:\Program Files\Microsoft\jdk-11.0.18.10-hotspot\bin\VCRUNTIME140.dll
0x00007ff815050000 - 0x00007ff8152ea000 	C:\Windows\WinSxS\amd64_microsoft.windows.common-controls_6595b64144ccf1df_6.0.19041.3636_none_60b6a03d71f818d5\COMCTL32.dll
0x00007ff8285e0000 - 0x00007ff82867e000 	C:\Windows\System32\msvcrt.dll
0x00007ff826e30000 - 0x00007ff826e60000 	C:\Windows\System32\IMM32.DLL
0x00007ff803cc0000 - 0x00007ff803d5b000 	C:\Program Files\Microsoft\jdk-11.0.18.10-hotspot\bin\msvcp140.dll
0x00007fffb7670000 - 0x00007fffb8202000 	C:\Program Files\Microsoft\jdk-11.0.18.10-hotspot\bin\server\jvm.dll
0x00007ff826d10000 - 0x00007ff826dc3000 	C:\Windows\System32\ADVAPI32.dll
0x00007ff826e60000 - 0x00007ff826eff000 	C:\Windows\System32\sechost.dll
0x00007ff827510000 - 0x00007ff827636000 	C:\Windows\System32\RPCRT4.dll
0x00007ff825e50000 - 0x00007ff825e77000 	C:\Windows\System32\bcrypt.dll
0x00007ff826720000 - 0x00007ff826728000 	C:\Windows\System32\PSAPI.DLL
0x00007ff813bc0000 - 0x00007ff813bc9000 	C:\Windows\SYSTEM32\WSOCK32.dll
0x00007ff828360000 - 0x00007ff8283cb000 	C:\Windows\System32\WS2_32.dll
0x00007ff815580000 - 0x00007ff8155a7000 	C:\Windows\SYSTEM32\WINMM.dll
0x00007ff815560000 - 0x00007ff81556a000 	C:\Windows\SYSTEM32\VERSION.dll
0x00007ff823c50000 - 0x00007ff823c62000 	C:\Windows\SYSTEM32\kernel.appcore.dll
0x00007ff81e710000 - 0x00007ff81e720000 	C:\Program Files\Microsoft\jdk-11.0.18.10-hotspot\bin\verify.dll
0x00007ff80f290000 - 0x00007ff80f474000 	C:\Windows\SYSTEM32\DBGHELP.DLL
0x00007ff80f250000 - 0x00007ff80f284000 	C:\Windows\SYSTEM32\dbgcore.DLL
0x00007ff826400000 - 0x00007ff826482000 	C:\Windows\System32\bcryptPrimitives.dll
0x00007ff8109f0000 - 0x00007ff810a18000 	C:\Program Files\Microsoft\jdk-11.0.18.10-hotspot\bin\java.dll
0x00007ff81e540000 - 0x00007ff81e54a000 	C:\Program Files\Microsoft\jdk-11.0.18.10-hotspot\bin\jimage.dll
0x00007ff810980000 - 0x00007ff810998000 	C:\Program Files\Microsoft\jdk-11.0.18.10-hotspot\bin\zip.dll
0x00007ff827b90000 - 0x00007ff8282d5000 	C:\Windows\System32\SHELL32.dll
0x00007ff823e50000 - 0x00007ff8245eb000 	C:\Windows\SYSTEM32\windows.storage.dll
0x00007ff827760000 - 0x00007ff827ab4000 	C:\Windows\System32\combase.dll
0x00007ff825760000 - 0x00007ff82578d000 	C:\Windows\SYSTEM32\Wldp.dll
0x00007ff826b50000 - 0x00007ff826bfd000 	C:\Windows\System32\SHCORE.dll
0x00007ff826760000 - 0x00007ff8267b5000 	C:\Windows\System32\shlwapi.dll
0x00007ff825cd0000 - 0x00007ff825cf5000 	C:\Windows\SYSTEM32\profapi.dll
0x00007ff80fba0000 - 0x00007ff80fbb9000 	C:\Program Files\Microsoft\jdk-11.0.18.10-hotspot\bin\net.dll
0x00007ff81e580000 - 0x00007ff81e68a000 	C:\Windows\SYSTEM32\WINHTTP.dll
0x00007ff8254c0000 - 0x00007ff82552a000 	C:\Windows\system32\mswsock.dll
0x00007ff80f4d0000 - 0x00007ff80f4e3000 	C:\Program Files\Microsoft\jdk-11.0.18.10-hotspot\bin\nio.dll
0x00007ff80abf0000 - 0x00007ff80ac17000 	C:\Users\tahaa\.gradle\native\68d5fa5c4cc2d200863cafc0d521ce42e7d3e7ee720ec0a83991735586a16f82\windows-amd64\native-platform.dll
0x00007ffffd5e0000 - 0x00007ffffd724000 	C:\Users\tahaa\.gradle\native\e376f236ea51e6404a007f0833ffe2c6e607c4080706a723a18a27aeea778392\windows-amd64\native-platform-file-events.dll
0x00007ff81e3b0000 - 0x00007ff81e3b9000 	C:\Program Files\Microsoft\jdk-11.0.18.10-hotspot\bin\management.dll
0x00007ff81af30000 - 0x00007ff81af3b000 	C:\Program Files\Microsoft\jdk-11.0.18.10-hotspot\bin\management_ext.dll
0x00007ff8256c0000 - 0x00007ff8256d8000 	C:\Windows\SYSTEM32\CRYPTSP.dll
0x00007ff824df0000 - 0x00007ff824e24000 	C:\Windows\system32\rsaenh.dll
0x00007ff825c90000 - 0x00007ff825cbe000 	C:\Windows\SYSTEM32\USERENV.dll
0x00007ff8256b0000 - 0x00007ff8256bc000 	C:\Windows\SYSTEM32\CRYPTBASE.dll
0x00007ff8251b0000 - 0x00007ff8251eb000 	C:\Windows\SYSTEM32\IPHLPAPI.DLL
0x00007ff828680000 - 0x00007ff828688000 	C:\Windows\System32\NSI.dll
0x00007ff81f370000 - 0x00007ff81f387000 	C:\Windows\SYSTEM32\dhcpcsvc6.DLL
0x00007ff81fc60000 - 0x00007ff81fc7d000 	C:\Windows\SYSTEM32\dhcpcsvc.DLL
0x00007ff8251f0000 - 0x00007ff8252ba000 	C:\Windows\SYSTEM32\DNSAPI.dll

dbghelp: loaded successfully - version: 4.0.5 - missing functions: none
symbol engine: initialized successfully - sym options: 0x614 - pdb path: .;C:\Program Files\Microsoft\jdk-11.0.18.10-hotspot\bin;C:\Windows\SYSTEM32;C:\Windows\WinSxS\amd64_microsoft.windows.common-controls_6595b64144ccf1df_6.0.19041.3636_none_60b6a03d71f818d5;C:\Program Files\Microsoft\jdk-11.0.18.10-hotspot\bin\server;C:\Users\tahaa\.gradle\native\68d5fa5c4cc2d200863cafc0d521ce42e7d3e7ee720ec0a83991735586a16f82\windows-amd64;C:\Users\tahaa\.gradle\native\e376f236ea51e6404a007f0833ffe2c6e607c4080706a723a18a27aeea778392\windows-amd64

VM Arguments:
jvm_args: -XX:MaxMetaspaceSize=512m --add-opens=java.base/java.util=ALL-UNNAMED --add-opens=java.base/java.lang=ALL-UNNAMED --add-opens=java.base/java.lang.invoke=ALL-UNNAMED --add-opens=java.prefs/java.util.prefs=ALL-UNNAMED --add-opens=java.base/java.nio.charset=ALL-UNNAMED --add-opens=java.base/java.net=ALL-UNNAMED --add-opens=java.base/java.util.concurrent.atomic=ALL-UNNAMED -Xmx2048m -Dfile.encoding=windows-1252 -Duser.country=US -Duser.language=en -Duser.variant 
java_command: org.gradle.launcher.daemon.bootstrap.GradleDaemon 8.0.1
java_class_path (initial): C:\Users\tahaa\.gradle\wrapper\dists\gradle-8.0.1-all\aro4hu1c3oeioove7l0i4i14o\gradle-8.0.1\lib\gradle-launcher-8.0.1.jar
Launcher Type: SUN_STANDARD

[Global flags]
     intx CICompilerCount                          = 3                                         {product} {ergonomic}
   size_t CompressedClassSpaceSize                 = 528482304                                 {product} {ergonomic}
     uint ConcGCThreads                            = 1                                         {product} {ergonomic}
     uint G1ConcRefinementThreads                  = 4                                         {product} {ergonomic}
   size_t G1HeapRegionSize                         = 1048576                                   {product} {ergonomic}
    uintx GCDrainStackTargetSize                   = 64                                        {product} {ergonomic}
   size_t InitialHeapSize                          = 134217728                                 {product} {ergonomic}
   size_t MarkStackSize                            = 4194304                                   {product} {ergonomic}
   size_t MaxHeapSize                              = 2147483648                                {product} {command line}
   size_t MaxMetaspaceSize                         = 536870912                                 {product} {command line}
   size_t MaxNewSize                               = 1287651328                                {product} {ergonomic}
   size_t MinHeapDeltaBytes                        = 1048576                                   {product} {ergonomic}
    uintx NonNMethodCodeHeapSize                   = 5830732                                {pd product} {ergonomic}
    uintx NonProfiledCodeHeapSize                  = 122913754                              {pd product} {ergonomic}
    uintx ProfiledCodeHeapSize                     = 122913754                              {pd product} {ergonomic}
    uintx ReservedCodeCacheSize                    = 251658240                              {pd product} {ergonomic}
     bool SegmentedCodeCache                       = true                                      {product} {ergonomic}
     bool UseCompressedClassPointers               = true                                 {lp64_product} {ergonomic}
     bool UseCompressedOops                        = true                                 {lp64_product} {ergonomic}
     bool UseG1GC                                  = true                                      {product} {ergonomic}
     bool UseLargePagesIndividualAllocation        = false                                  {pd product} {ergonomic}

Logging:
Log output configuration:
 #0: stdout all=warning uptime,level,tags
 #1: stderr all=off uptime,level,tags

Environment Variables:
JAVA_HOME=C:\Program Files\Microsoft\jdk-11.0.18.10-hotspot\
CLASSPATH=F:\RN PROJECTS\Whoo\android\\gradle\wrapper\gradle-wrapper.jar
PATH=F:\RN PROJECTS\Whoo\node_modules\.bin;F:\RN PROJECTS\Whoo\node_modules\.bin;F:\RN PROJECTS\node_modules\.bin;F:\node_modules\.bin;C:\Program Files\nodejs\node_modules\npm\node_modules\@npmcli\run-script\lib\node-gyp-bin;F:\RN PROJECTS\Whoo\node_modules\.bin;F:\RN PROJECTS\node_modules\.bin;F:\node_modules\.bin;C:\Program Files\nodejs\node_modules\npm\node_modules\@npmcli\run-script\lib\node-gyp-bin;C:\Program Files\Microsoft\jdk-11.0.18.10-hotspot\bin;C:\Python311\Scripts\;C:\Python311\;C:\Windows\system32;C:\Windows;C:\Windows\System32\Wbem;C:\Windows\System32\WindowsPowerShell\v1.0\;C:\Windows\System32\OpenSSH\;C:\ProgramData\chocolatey\bin;C:\Program Files\nodejs\;C:\Program Files\Git\cmd;C:\Users\tahaa\AppData\Local\Microsoft\WindowsApps;C:\Users\tahaa\AppData\Local\Programs\Microsoft VS Code\bin;C:\Users\tahaa\AppData\Roaming\npm;C:\Users\tahaa\AppData\Local\Android\Sdk\platform-tools;
USERNAME=tahaa
OS=Windows_NT
PROCESSOR_IDENTIFIER=Intel64 Family 6 Model 58 Stepping 9, GenuineIntel
TMP=C:\Users\tahaa\AppData\Local\Temp
TEMP=C:\Users\tahaa\AppData\Local\Temp



---------------  S Y S T E M  ---------------

OS: Windows 10 , 64 bit Build 19041 (10.0.19041.3636)
OS uptime: 0 days 22:53 hours

CPU:total 4 (initial active 4) (2 cores per cpu, 2 threads per core) family 6 model 58 stepping 9 microcode 0x21, cmov, cx8, fxsr, mmx, sse, sse2, sse3, ssse3, sse4.1, sse4.2, popcnt, avx, aes, clmul, erms, ht, tsc, tscinvbit, tscinv

Memory: 4k page, system-wide physical 8073M (245M free)
TotalPageFile size 23188M (AvailPageFile size 3M)
current process WorkingSet (physical memory assigned to process): 232M, peak: 240M
current process commit charge ("private bytes"): 364M, peak: 365M

vm_info: OpenJDK 64-Bit Server VM (11.0.18+10-LTS) for windows-amd64 JRE (11.0.18+10-LTS), built on Jan 18 2023 15:56:47 by "MicrosoftCorporation" with MS VC++ 15.9 (VS2017)

END.
