#
# There is insufficient memory for the Java Runtime Environment to continue.
# Native memory allocation (malloc) failed to allocate 936176 bytes for Chunk::new
# Possible reasons:
#   The system is out of physical RAM or swap space
#   The process is running with CompressedOops enabled, and the Java Heap may be blocking the growth of the native heap
# Possible solutions:
#   Reduce memory load on the system
#   Increase physical memory or swap space
#   Check if swap backing store is full
#   Decrease Java heap size (-Xmx/-Xms)
#   Decrease number of Java threads
#   Decrease Java thread stack sizes (-Xss)
#   Set larger code cache with -XX:ReservedCodeCacheSize=
#   JVM is running with Unscaled Compressed Oops mode in which the Java heap is
#     placed in the first 4GB address space. The Java Heap base address is the
#     maximum limit for the native heap growth. Please use -XX:HeapBaseMinAddress
#     to set the Java Heap base and to place the Java Heap above 4GB virtual address.
# This output file may be truncated or incomplete.
#
#  Out of Memory Error (./src/hotspot/share/memory/arena.cpp:197), pid=16280, tid=6052
#
# JRE version: OpenJDK Runtime Environment Microsoft-7208460 (11.0.18+10) (build 11.0.18+10-LTS)
# Java VM: OpenJDK 64-Bit Server VM Microsoft-7208460 (11.0.18+10-LTS, mixed mode, tiered, compressed oops, g1 gc, windows-amd64)
# No core dump will be written. Minidumps are not enabled by default on client versions of Windows
#

---------------  S U M M A R Y ------------

Command Line: -XX:MaxMetaspaceSize=512m --add-opens=java.base/java.util=ALL-UNNAMED --add-opens=java.base/java.lang=ALL-UNNAMED --add-opens=java.base/java.lang.invoke=ALL-UNNAMED --add-opens=java.prefs/java.util.prefs=ALL-UNNAMED --add-opens=java.base/java.nio.charset=ALL-UNNAMED --add-opens=java.base/java.net=ALL-UNNAMED --add-opens=java.base/java.util.concurrent.atomic=ALL-UNNAMED -Xmx2048m -Dfile.encoding=windows-1252 -Duser.country=US -Duser.language=en -Duser.variant org.gradle.launcher.daemon.bootstrap.GradleDaemon 8.0.1

Host: Intel(R) Core(TM) i5-3320M CPU @ 2.60GHz, 4 cores, 7G,  Windows 10 , 64 bit Build 19041 (10.0.19041.3636)
Time: Thu Jan 18 01:14:16 2024 Pakistan Standard Time elapsed time: 557.430271 seconds (0d 0h 9m 17s)

---------------  T H R E A D  ---------------

Current thread (0x0000027a15804800):  JavaThread "C2 CompilerThread0" daemon [_thread_in_native, id=6052, stack(0x000000836f800000,0x000000836f900000)]


Current CompileTask:
C2: 557430 7759       4       org.objectweb.asm.Frame::execute (2318 bytes)

Stack: [0x000000836f800000,0x000000836f900000]
Native frames: (J=compiled Java code, j=interpreted, Vv=VM code, C=native code)
V  [jvm.dll+0x62bf8a]
V  [jvm.dll+0x7b8fb9]
V  [jvm.dll+0x7ba6a8]
V  [jvm.dll+0x7bad83]
V  [jvm.dll+0x250248]
V  [jvm.dll+0xc260c]
V  [jvm.dll+0xc2bcc]
V  [jvm.dll+0x2c4e64]
V  [jvm.dll+0x533dcc]
V  [jvm.dll+0x21177b]
V  [jvm.dll+0x20b39a]
V  [jvm.dll+0x2083eb]
V  [jvm.dll+0x18a4b1]
V  [jvm.dll+0x217eec]
V  [jvm.dll+0x21612b]
V  [jvm.dll+0x77bac0]
V  [jvm.dll+0x7749f4]
V  [jvm.dll+0x62adf5]
C  [ucrtbase.dll+0x21bb2]
C  [KERNEL32.DLL+0x17344]
C  [ntdll.dll+0x526b1]


---------------  P R O C E S S  ---------------

Threads class SMR info:
_java_thread_list=0x0000027a1b4a8ae0, length=66, elements={
0x0000027a76294800, 0x0000027a7fad6800, 0x0000027a7fad8000, 0x0000027a7fb37000,
0x0000027a15800800, 0x0000027a15801000, 0x0000027a15804800, 0x0000027a15805800,
0x0000027a1586f000, 0x0000027a15901000, 0x0000027a16b2f800, 0x0000027a17567800,
0x0000027a1662c000, 0x0000027a17dcc800, 0x0000027a17cf5800, 0x0000027a16336000,
0x0000027a173c6800, 0x0000027a16d2f800, 0x0000027a1629a800, 0x0000027a15ad3000,
0x0000027a15ad1800, 0x0000027a15ad4000, 0x0000027a15ad0800, 0x0000027a15ace000,
0x0000027a15ad4800, 0x0000027a15ad2000, 0x0000027a15acf000, 0x0000027a187cb800,
0x0000027a187ca800, 0x0000027a187cc800, 0x0000027a187cd000, 0x0000027a187cf000,
0x0000027a187cf800, 0x0000027a187ca000, 0x0000027a187c9000, 0x0000027a187d1800,
0x0000027a187d4800, 0x0000027a187d5800, 0x0000027a187d6000, 0x0000027a187d0800,
0x0000027a187d7000, 0x0000027a187d8000, 0x0000027a187d3000, 0x0000027a187d3800,
0x0000027a187d2000, 0x0000027a15ad0000, 0x0000027a17b34000, 0x0000027a17b33000,
0x0000027a17b2e800, 0x0000027a17b35000, 0x0000027a17b30000, 0x0000027a17b2f000,
0x0000027a17b35800, 0x0000027a17b36800, 0x0000027a17b30800, 0x0000027a17b32800,
0x0000027a17b37000, 0x0000027a17b31800, 0x0000027a17b3d000, 0x0000027a17b39800,
0x0000027a17b3a800, 0x0000027a17b38000, 0x0000027a17b3b800, 0x0000027a17b39000,
0x0000027a17b3c000, 0x0000027a1b6f4800
}

Java Threads: ( => current thread )
  0x0000027a76294800 JavaThread "main" [_thread_blocked, id=6600, stack(0x000000836eb00000,0x000000836ec00000)]
  0x0000027a7fad6800 JavaThread "Reference Handler" daemon [_thread_blocked, id=15776, stack(0x000000836f300000,0x000000836f400000)]
  0x0000027a7fad8000 JavaThread "Finalizer" daemon [_thread_blocked, id=12012, stack(0x000000836f400000,0x000000836f500000)]
  0x0000027a7fb37000 JavaThread "Signal Dispatcher" daemon [_thread_blocked, id=2260, stack(0x000000836f500000,0x000000836f600000)]
  0x0000027a15800800 JavaThread "Attach Listener" daemon [_thread_blocked, id=14768, stack(0x000000836f600000,0x000000836f700000)]
  0x0000027a15801000 JavaThread "Service Thread" daemon [_thread_blocked, id=3160, stack(0x000000836f700000,0x000000836f800000)]
=>0x0000027a15804800 JavaThread "C2 CompilerThread0" daemon [_thread_in_native, id=6052, stack(0x000000836f800000,0x000000836f900000)]
  0x0000027a15805800 JavaThread "C1 CompilerThread0" daemon [_thread_blocked, id=17308, stack(0x000000836f900000,0x000000836fa00000)]
  0x0000027a1586f000 JavaThread "Sweeper thread" daemon [_thread_blocked, id=9728, stack(0x000000836fa00000,0x000000836fb00000)]
  0x0000027a15901000 JavaThread "Common-Cleaner" daemon [_thread_blocked, id=5064, stack(0x000000836fb00000,0x000000836fc00000)]
  0x0000027a16b2f800 JavaThread "Daemon health stats" [_thread_blocked, id=14668, stack(0x000000836ff00000,0x0000008370000000)]
  0x0000027a17567800 JavaThread "Incoming local TCP Connector on port 64058" [_thread_in_native, id=17456, stack(0x0000008370000000,0x0000008370100000)]
  0x0000027a1662c000 JavaThread "Daemon periodic checks" [_thread_blocked, id=17560, stack(0x0000008370100000,0x0000008370200000)]
  0x0000027a17dcc800 JavaThread "Daemon" [_thread_blocked, id=17580, stack(0x0000008370200000,0x0000008370300000)]
  0x0000027a17cf5800 JavaThread "Handler for socket connection from /127.0.0.1:64058 to /127.0.0.1:64064" [_thread_in_native, id=17600, stack(0x0000008370300000,0x0000008370400000)]
  0x0000027a16336000 JavaThread "Cancel handler" [_thread_blocked, id=17636, stack(0x0000008370400000,0x0000008370500000)]
  0x0000027a173c6800 JavaThread "Daemon worker" [_thread_in_native, id=17832, stack(0x0000008370500000,0x0000008370600000)]
  0x0000027a16d2f800 JavaThread "Asynchronous log dispatcher for DefaultDaemonConnection: socket connection from /127.0.0.1:64058 to /127.0.0.1:64064" [_thread_blocked, id=17852, stack(0x0000008370600000,0x0000008370700000)]
  0x0000027a1629a800 JavaThread "Daemon client event forwarder" [_thread_blocked, id=17888, stack(0x0000008370a00000,0x0000008370b00000)]
  0x0000027a15ad3000 JavaThread "Cache worker for journal cache (C:\Users\tahaa\.gradle\caches\journal-1)" [_thread_blocked, id=18128, stack(0x0000008370c00000,0x0000008370d00000)]
  0x0000027a15ad1800 JavaThread "File lock request listener" [_thread_in_native, id=18188, stack(0x0000008370d00000,0x0000008370e00000)]
  0x0000027a15ad4000 JavaThread "Cache worker for file hash cache (C:\Users\tahaa\.gradle\caches\8.0.1\fileHashes)" [_thread_blocked, id=18336, stack(0x0000008370f00000,0x0000008371000000)]
  0x0000027a15ad0800 JavaThread "File watcher server" daemon [_thread_in_native, id=16284, stack(0x0000008371000000,0x0000008371100000)]
  0x0000027a15ace000 JavaThread "File watcher consumer" daemon [_thread_blocked, id=15900, stack(0x0000008371100000,0x0000008371200000)]
  0x0000027a15ad4800 JavaThread "Cache worker for checksums cache (F:\RN PROJECTS\Whoo\android\.gradle\8.0.1\checksums)" [_thread_blocked, id=17732, stack(0x000000836ea00000,0x000000836eb00000)]
  0x0000027a15ad2000 JavaThread "Cache worker for cache directory md-rule (C:\Users\tahaa\.gradle\caches\8.0.1\md-rule)" [_thread_blocked, id=15432, stack(0x000000836ec00000,0x000000836ed00000)]
  0x0000027a15acf000 JavaThread "Cache worker for file content cache (C:\Users\tahaa\.gradle\caches\8.0.1\fileContent)" [_thread_blocked, id=13028, stack(0x0000008371200000,0x0000008371300000)]
  0x0000027a187cb800 JavaThread "Cache worker for file hash cache (F:\RN PROJECTS\Whoo\android\.gradle\8.0.1\fileHashes)" [_thread_blocked, id=10640, stack(0x0000008371300000,0x0000008371400000)]
  0x0000027a187ca800 JavaThread "Cache worker for cache directory md-supplier (C:\Users\tahaa\.gradle\caches\8.0.1\md-supplier)" [_thread_blocked, id=7296, stack(0x0000008371400000,0x0000008371500000)]
  0x0000027a187cc800 JavaThread "Cache worker for execution history cache (C:\Users\tahaa\.gradle\caches\8.0.1\executionHistory)" [_thread_blocked, id=15388, stack(0x0000008371500000,0x0000008371600000)]
  0x0000027a187cd000 JavaThread "jar transforms" [_thread_blocked, id=17040, stack(0x0000008371700000,0x0000008371800000)]
  0x0000027a187cf000 JavaThread "jar transforms Thread 2" [_thread_blocked, id=18436, stack(0x0000008371800000,0x0000008371900000)]
  0x0000027a187cf800 JavaThread "jar transforms Thread 3" [_thread_blocked, id=19140, stack(0x0000008370900000,0x0000008370a00000)]
  0x0000027a187ca000 JavaThread "jar transforms Thread 4" [_thread_blocked, id=19252, stack(0x0000008371900000,0x0000008371a00000)]
  0x0000027a187c9000 JavaThread "Cache worker for kotlin-dsl (C:\Users\tahaa\.gradle\caches\8.0.1\kotlin-dsl)" [_thread_blocked, id=20236, stack(0x0000008370800000,0x0000008370900000)]
  0x0000027a187d1800 JavaThread "File lock release action executor Thread 4" [_thread_blocked, id=10168, stack(0x0000008370700000,0x0000008370800000)]
  0x0000027a187d4800 JavaThread "Cache worker for dependencies-accessors (F:\RN PROJECTS\Whoo\android\.gradle\8.0.1\dependencies-accessors)" [_thread_blocked, id=16424, stack(0x0000008371600000,0x0000008371700000)]
  0x0000027a187d5800 JavaThread "Cache worker for Build Output Cleanup Cache (F:\RN PROJECTS\Whoo\node_modules\@react-native\gradle-plugin\.gradle\buildOutputCleanup)" [_thread_blocked, id=18664, stack(0x0000008371a00000,0x0000008371b00000)]
  0x0000027a187d6000 JavaThread "Unconstrained build operations" [_thread_blocked, id=14940, stack(0x0000008371b00000,0x0000008371c00000)]
  0x0000027a187d0800 JavaThread "Unconstrained build operations Thread 2" [_thread_blocked, id=18756, stack(0x0000008371c00000,0x0000008371d00000)]
  0x0000027a187d7000 JavaThread "Unconstrained build operations Thread 3" [_thread_blocked, id=19284, stack(0x0000008371d00000,0x0000008371e00000)]
  0x0000027a187d8000 JavaThread "Unconstrained build operations Thread 4" [_thread_blocked, id=12672, stack(0x0000008371e00000,0x0000008371f00000)]
  0x0000027a187d3000 JavaThread "Unconstrained build operations Thread 5" [_thread_blocked, id=14892, stack(0x0000008371f00000,0x0000008372000000)]
  0x0000027a187d3800 JavaThread "Unconstrained build operations Thread 6" [_thread_blocked, id=13216, stack(0x0000008372000000,0x0000008372100000)]
  0x0000027a187d2000 JavaThread "Unconstrained build operations Thread 7" [_thread_blocked, id=13060, stack(0x0000008372100000,0x0000008372200000)]
  0x0000027a15ad0000 JavaThread "Unconstrained build operations Thread 8" [_thread_blocked, id=17084, stack(0x0000008372200000,0x0000008372300000)]
  0x0000027a17b34000 JavaThread "Unconstrained build operations Thread 9" [_thread_blocked, id=19584, stack(0x0000008372300000,0x0000008372400000)]
  0x0000027a17b33000 JavaThread "Unconstrained build operations Thread 10" [_thread_blocked, id=19588, stack(0x0000008372400000,0x0000008372500000)]
  0x0000027a17b2e800 JavaThread "Unconstrained build operations Thread 11" [_thread_blocked, id=19592, stack(0x0000008372500000,0x0000008372600000)]
  0x0000027a17b35000 JavaThread "Unconstrained build operations Thread 12" [_thread_blocked, id=19920, stack(0x0000008372600000,0x0000008372700000)]
  0x0000027a17b30000 JavaThread "Unconstrained build operations Thread 13" [_thread_blocked, id=832, stack(0x0000008372700000,0x0000008372800000)]
  0x0000027a17b2f000 JavaThread "Unconstrained build operations Thread 14" [_thread_blocked, id=19596, stack(0x0000008372800000,0x0000008372900000)]
  0x0000027a17b35800 JavaThread "Unconstrained build operations Thread 15" [_thread_blocked, id=19508, stack(0x0000008372900000,0x0000008372a00000)]
  0x0000027a17b36800 JavaThread "Unconstrained build operations Thread 16" [_thread_blocked, id=5752, stack(0x0000008372a00000,0x0000008372b00000)]
  0x0000027a17b30800 JavaThread "Unconstrained build operations Thread 17" [_thread_blocked, id=19604, stack(0x0000008372b00000,0x0000008372c00000)]
  0x0000027a17b32800 JavaThread "Unconstrained build operations Thread 18" [_thread_blocked, id=19600, stack(0x0000008372c00000,0x0000008372d00000)]
  0x0000027a17b37000 JavaThread "Unconstrained build operations Thread 19" [_thread_blocked, id=18716, stack(0x0000008372d00000,0x0000008372e00000)]
  0x0000027a17b31800 JavaThread "Unconstrained build operations Thread 20" [_thread_blocked, id=18892, stack(0x0000008372e00000,0x0000008372f00000)]
  0x0000027a17b3d000 JavaThread "Unconstrained build operations Thread 21" [_thread_blocked, id=17820, stack(0x0000008372f00000,0x0000008373000000)]
  0x0000027a17b39800 JavaThread "Unconstrained build operations Thread 22" [_thread_blocked, id=19820, stack(0x0000008373000000,0x0000008373100000)]
  0x0000027a17b3a800 JavaThread "Unconstrained build operations Thread 23" [_thread_blocked, id=18980, stack(0x0000008373100000,0x0000008373200000)]
  0x0000027a17b38000 JavaThread "Unconstrained build operations Thread 24" [_thread_blocked, id=19624, stack(0x0000008373200000,0x0000008373300000)]
  0x0000027a17b3b800 JavaThread "Unconstrained build operations Thread 25" [_thread_blocked, id=18960, stack(0x0000008373300000,0x0000008373400000)]
  0x0000027a17b39000 JavaThread "Unconstrained build operations Thread 26" [_thread_blocked, id=10220, stack(0x0000008373400000,0x0000008373500000)]
  0x0000027a17b3c000 JavaThread "Memory manager" [_thread_blocked, id=10808, stack(0x0000008370e00000,0x0000008370f00000)]
  0x0000027a1b6f4800 JavaThread "Cache worker for Build Output Cleanup Cache (F:\RN PROJECTS\Whoo\android\.gradle\buildOutputCleanup)" [_thread_blocked, id=18764, stack(0x0000008373500000,0x0000008373600000)]

Other Threads:
  0x0000027a7fad0800 VMThread "VM Thread" [stack: 0x000000836f200000,0x000000836f300000] [id=16304]
  0x0000027a1598a000 WatcherThread [stack: 0x000000836fc00000,0x000000836fd00000] [id=16404]
  0x0000027a762ae000 GCTaskThread "GC Thread#0" [stack: 0x000000836ed00000,0x000000836ee00000] [id=15932]
  0x0000027a16223000 GCTaskThread "GC Thread#1" [stack: 0x000000836fd00000,0x000000836fe00000] [id=14960]
  0x0000027a16107000 GCTaskThread "GC Thread#2" [stack: 0x000000836fe00000,0x000000836ff00000] [id=7644]
  0x0000027a16287800 GCTaskThread "GC Thread#3" [stack: 0x0000008370b00000,0x0000008370c00000] [id=17988]
  0x0000027a762df800 ConcurrentGCThread "G1 Main Marker" [stack: 0x000000836ee00000,0x000000836ef00000] [id=15304]
  0x0000027a762e1000 ConcurrentGCThread "G1 Conc#0" [stack: 0x000000836ef00000,0x000000836f000000] [id=16164]
  0x0000027a7636e000 ConcurrentGCThread "G1 Refine#0" [stack: 0x000000836f000000,0x000000836f100000] [id=15616]
  0x0000027a7f940800 ConcurrentGCThread "G1 Young RemSet Sampling" [stack: 0x000000836f100000,0x000000836f200000] [id=15584]

Threads with active compile tasks:
C2 CompilerThread0   557478 7759       4       org.objectweb.asm.Frame::execute (2318 bytes)

VM state:not at safepoint (normal execution)

VM Mutex/Monitor currently owned by a thread: None

Heap address: 0x0000000080000000, size: 2048 MB, Compressed Oops mode: 32-bit
Narrow klass base: 0x0000000000000000, Narrow klass shift: 3
Compressed class space size: 528482304 Address: 0x0000000100000000

Heap:
 garbage-first heap   total 131072K, used 96098K [0x0000000080000000, 0x0000000100000000)
  region size 1024K, 49 young (50176K), 4 survivors (4096K)
 Metaspace       used 69643K, capacity 71767K, committed 72016K, reserved 579584K
  class space    used 9004K, capacity 9874K, committed 9984K, reserved 516096K
Heap Regions: E=young(eden), S=young(survivor), O=old, HS=humongous(starts), HC=humongous(continues), CS=collection set, F=free, A=archive, TAMS=top-at-mark-start (previous, next)
|   0|0x0000000080000000, 0x0000000080100000, 0x0000000080100000|100%| O|  |TAMS 0x0000000080100000, 0x0000000080000000| Untracked 
|   1|0x0000000080100000, 0x0000000080200000, 0x0000000080200000|100%| O|  |TAMS 0x0000000080200000, 0x0000000080100000| Untracked 
|   2|0x0000000080200000, 0x0000000080300000, 0x0000000080300000|100%|HS|  |TAMS 0x0000000080300000, 0x0000000080200000| Complete 
|   3|0x0000000080300000, 0x0000000080400000, 0x0000000080400000|100%|HC|  |TAMS 0x0000000080400000, 0x0000000080300000| Complete 
|   4|0x0000000080400000, 0x0000000080500000, 0x0000000080500000|100%|HC|  |TAMS 0x0000000080500000, 0x0000000080400000| Complete 
|   5|0x0000000080500000, 0x0000000080600000, 0x0000000080600000|100%|HC|  |TAMS 0x0000000080600000, 0x0000000080500000| Complete 
|   6|0x0000000080600000, 0x0000000080700000, 0x0000000080700000|100%| O|  |TAMS 0x0000000080700000, 0x0000000080600000| Untracked 
|   7|0x0000000080700000, 0x0000000080800000, 0x0000000080800000|100%| O|  |TAMS 0x0000000080800000, 0x0000000080700000| Untracked 
|   8|0x0000000080800000, 0x0000000080900000, 0x0000000080900000|100%| O|  |TAMS 0x0000000080900000, 0x0000000080800000| Untracked 
|   9|0x0000000080900000, 0x0000000080a00000, 0x0000000080a00000|100%| O|  |TAMS 0x0000000080a00000, 0x0000000080900000| Untracked 
|  10|0x0000000080a00000, 0x0000000080b00000, 0x0000000080b00000|100%| O|  |TAMS 0x0000000080b00000, 0x0000000080a00000| Untracked 
|  11|0x0000000080b00000, 0x0000000080c00000, 0x0000000080c00000|100%| O|  |TAMS 0x0000000080c00000, 0x0000000080b00000| Untracked 
|  12|0x0000000080c00000, 0x0000000080d00000, 0x0000000080d00000|100%| O|  |TAMS 0x0000000080d00000, 0x0000000080c00000| Untracked 
|  13|0x0000000080d00000, 0x0000000080e00000, 0x0000000080e00000|100%| O|  |TAMS 0x0000000080e00000, 0x0000000080d00000| Untracked 
|  14|0x0000000080e00000, 0x0000000080f00000, 0x0000000080f00000|100%| O|  |TAMS 0x0000000080f00000, 0x0000000080e00000| Untracked 
|  15|0x0000000080f00000, 0x0000000081000000, 0x0000000081000000|100%| O|  |TAMS 0x0000000081000000, 0x0000000080f00000| Untracked 
|  16|0x0000000081000000, 0x0000000081100000, 0x0000000081100000|100%| O|  |TAMS 0x0000000081100000, 0x0000000081000000| Untracked 
|  17|0x0000000081100000, 0x0000000081200000, 0x0000000081200000|100%| O|  |TAMS 0x0000000081200000, 0x0000000081100000| Untracked 
|  18|0x0000000081200000, 0x0000000081300000, 0x0000000081300000|100%| O|  |TAMS 0x0000000081300000, 0x0000000081200000| Untracked 
|  19|0x0000000081300000, 0x0000000081400000, 0x0000000081400000|100%| O|  |TAMS 0x0000000081400000, 0x0000000081300000| Untracked 
|  20|0x0000000081400000, 0x0000000081500000, 0x0000000081500000|100%| O|  |TAMS 0x0000000081500000, 0x0000000081400000| Untracked 
|  21|0x0000000081500000, 0x0000000081600000, 0x0000000081600000|100%| O|  |TAMS 0x0000000081600000, 0x0000000081500000| Untracked 
|  22|0x0000000081600000, 0x0000000081700000, 0x0000000081700000|100%| O|  |TAMS 0x0000000081700000, 0x0000000081600000| Untracked 
|  23|0x0000000081700000, 0x0000000081800000, 0x0000000081800000|100%| O|  |TAMS 0x0000000081800000, 0x0000000081700000| Untracked 
|  24|0x0000000081800000, 0x0000000081900000, 0x0000000081900000|100%| O|  |TAMS 0x0000000081900000, 0x0000000081800000| Untracked 
|  25|0x0000000081900000, 0x0000000081a00000, 0x0000000081a00000|100%| O|  |TAMS 0x0000000081a00000, 0x0000000081900000| Untracked 
|  26|0x0000000081a00000, 0x0000000081b00000, 0x0000000081b00000|100%| O|  |TAMS 0x0000000081b00000, 0x0000000081a00000| Untracked 
|  27|0x0000000081b00000, 0x0000000081c00000, 0x0000000081c00000|100%| O|  |TAMS 0x0000000081c00000, 0x0000000081b00000| Untracked 
|  28|0x0000000081c00000, 0x0000000081d00000, 0x0000000081d00000|100%| O|  |TAMS 0x0000000081d00000, 0x0000000081c00000| Untracked 
|  29|0x0000000081d00000, 0x0000000081e00000, 0x0000000081e00000|100%|HS|  |TAMS 0x0000000081e00000, 0x0000000081d00000| Complete 
|  30|0x0000000081e00000, 0x0000000081f00000, 0x0000000081f00000|100%|HC|  |TAMS 0x0000000081f00000, 0x0000000081e00000| Complete 
|  31|0x0000000081f00000, 0x0000000082000000, 0x0000000082000000|100%|HS|  |TAMS 0x0000000082000000, 0x0000000081f00000| Complete 
|  32|0x0000000082000000, 0x0000000082100000, 0x0000000082100000|100%|HC|  |TAMS 0x0000000082100000, 0x0000000082000000| Complete 
|  33|0x0000000082100000, 0x0000000082200000, 0x0000000082200000|100%|HC|  |TAMS 0x0000000082200000, 0x0000000082100000| Complete 
|  34|0x0000000082200000, 0x0000000082300000, 0x0000000082300000|100%|HC|  |TAMS 0x0000000082300000, 0x0000000082200000| Complete 
|  35|0x0000000082300000, 0x0000000082400000, 0x0000000082400000|100%| O|  |TAMS 0x0000000082400000, 0x0000000082300000| Untracked 
|  36|0x0000000082400000, 0x0000000082500000, 0x0000000082500000|100%| O|  |TAMS 0x0000000082500000, 0x0000000082400000| Untracked 
|  37|0x0000000082500000, 0x0000000082600000, 0x0000000082600000|100%| O|  |TAMS 0x0000000082600000, 0x0000000082500000| Untracked 
|  38|0x0000000082600000, 0x0000000082700000, 0x0000000082700000|100%| O|  |TAMS 0x0000000082700000, 0x0000000082600000| Untracked 
|  39|0x0000000082700000, 0x0000000082800000, 0x0000000082800000|100%| O|  |TAMS 0x0000000082800000, 0x0000000082700000| Untracked 
|  40|0x0000000082800000, 0x0000000082900000, 0x0000000082900000|100%| O|  |TAMS 0x0000000082900000, 0x0000000082800000| Untracked 
|  41|0x0000000082900000, 0x0000000082a00000, 0x0000000082a00000|100%| O|  |TAMS 0x0000000082a00000, 0x0000000082900000| Untracked 
|  42|0x0000000082a00000, 0x0000000082b00000, 0x0000000082b00000|100%| O|  |TAMS 0x0000000082b00000, 0x0000000082a00000| Untracked 
|  43|0x0000000082b00000, 0x0000000082c00000, 0x0000000082c00000|100%| O|  |TAMS 0x0000000082c00000, 0x0000000082b00000| Untracked 
|  44|0x0000000082c00000, 0x0000000082d00000, 0x0000000082d00000|100%| O|  |TAMS 0x0000000082d00000, 0x0000000082c00000| Untracked 
|  45|0x0000000082d00000, 0x0000000082e00000, 0x0000000082e00000|100%| O|  |TAMS 0x0000000082e00000, 0x0000000082d00000| Untracked 
|  46|0x0000000082e00000, 0x0000000082e00000, 0x0000000082f00000|  0%| F|  |TAMS 0x0000000082e00000, 0x0000000082e00000| Untracked 
|  47|0x0000000082f00000, 0x0000000082f00000, 0x0000000083000000|  0%| F|  |TAMS 0x0000000082f00000, 0x0000000082f00000| Untracked 
|  48|0x0000000083000000, 0x0000000083000000, 0x0000000083100000|  0%| F|  |TAMS 0x0000000083000000, 0x0000000083000000| Untracked 
|  49|0x0000000083100000, 0x0000000083100000, 0x0000000083200000|  0%| F|  |TAMS 0x0000000083100000, 0x0000000083100000| Untracked 
|  50|0x0000000083200000, 0x0000000083200000, 0x0000000083300000|  0%| F|  |TAMS 0x0000000083200000, 0x0000000083200000| Untracked 
|  51|0x0000000083300000, 0x0000000083300000, 0x0000000083400000|  0%| F|  |TAMS 0x0000000083300000, 0x0000000083300000| Untracked 
|  52|0x0000000083400000, 0x0000000083400000, 0x0000000083500000|  0%| F|  |TAMS 0x0000000083400000, 0x0000000083400000| Untracked 
|  53|0x0000000083500000, 0x0000000083500000, 0x0000000083600000|  0%| F|  |TAMS 0x0000000083500000, 0x0000000083500000| Untracked 
|  54|0x0000000083600000, 0x0000000083600000, 0x0000000083700000|  0%| F|  |TAMS 0x0000000083600000, 0x0000000083600000| Untracked 
|  55|0x0000000083700000, 0x0000000083700000, 0x0000000083800000|  0%| F|  |TAMS 0x0000000083700000, 0x0000000083700000| Untracked 
|  56|0x0000000083800000, 0x0000000083800000, 0x0000000083900000|  0%| F|  |TAMS 0x0000000083800000, 0x0000000083800000| Untracked 
|  57|0x0000000083900000, 0x0000000083900000, 0x0000000083a00000|  0%| F|  |TAMS 0x0000000083900000, 0x0000000083900000| Untracked 
|  58|0x0000000083a00000, 0x0000000083a00000, 0x0000000083b00000|  0%| F|  |TAMS 0x0000000083a00000, 0x0000000083a00000| Untracked 
|  59|0x0000000083b00000, 0x0000000083b00000, 0x0000000083c00000|  0%| F|  |TAMS 0x0000000083b00000, 0x0000000083b00000| Untracked 
|  60|0x0000000083c00000, 0x0000000083c00000, 0x0000000083d00000|  0%| F|  |TAMS 0x0000000083c00000, 0x0000000083c00000| Untracked 
|  61|0x0000000083d00000, 0x0000000083d00000, 0x0000000083e00000|  0%| F|  |TAMS 0x0000000083d00000, 0x0000000083d00000| Untracked 
|  62|0x0000000083e00000, 0x0000000083e00000, 0x0000000083f00000|  0%| F|  |TAMS 0x0000000083e00000, 0x0000000083e00000| Untracked 
|  63|0x0000000083f00000, 0x0000000083f00000, 0x0000000084000000|  0%| F|  |TAMS 0x0000000083f00000, 0x0000000083f00000| Untracked 
|  64|0x0000000084000000, 0x0000000084000000, 0x0000000084100000|  0%| F|  |TAMS 0x0000000084000000, 0x0000000084000000| Untracked 
|  65|0x0000000084100000, 0x0000000084100000, 0x0000000084200000|  0%| F|  |TAMS 0x0000000084100000, 0x0000000084100000| Untracked 
|  66|0x0000000084200000, 0x0000000084200000, 0x0000000084300000|  0%| F|  |TAMS 0x0000000084200000, 0x0000000084200000| Untracked 
|  67|0x0000000084300000, 0x0000000084300000, 0x0000000084400000|  0%| F|  |TAMS 0x0000000084300000, 0x0000000084300000| Untracked 
|  68|0x0000000084400000, 0x0000000084400000, 0x0000000084500000|  0%| F|  |TAMS 0x0000000084400000, 0x0000000084400000| Untracked 
|  69|0x0000000084500000, 0x0000000084500000, 0x0000000084600000|  0%| F|  |TAMS 0x0000000084500000, 0x0000000084500000| Untracked 
|  70|0x0000000084600000, 0x0000000084600000, 0x0000000084700000|  0%| F|  |TAMS 0x0000000084600000, 0x0000000084600000| Untracked 
|  71|0x0000000084700000, 0x0000000084700000, 0x0000000084800000|  0%| F|  |TAMS 0x0000000084700000, 0x0000000084700000| Untracked 
|  72|0x0000000084800000, 0x0000000084800000, 0x0000000084900000|  0%| F|  |TAMS 0x0000000084800000, 0x0000000084800000| Untracked 
|  73|0x0000000084900000, 0x0000000084900000, 0x0000000084a00000|  0%| F|  |TAMS 0x0000000084900000, 0x0000000084900000| Untracked 
|  74|0x0000000084a00000, 0x0000000084a00000, 0x0000000084b00000|  0%| F|  |TAMS 0x0000000084a00000, 0x0000000084a00000| Untracked 
|  75|0x0000000084b00000, 0x0000000084b00000, 0x0000000084c00000|  0%| F|  |TAMS 0x0000000084b00000, 0x0000000084b00000| Untracked 
|  76|0x0000000084c00000, 0x0000000084c00000, 0x0000000084d00000|  0%| F|  |TAMS 0x0000000084c00000, 0x0000000084c00000| Untracked 
|  77|0x0000000084d00000, 0x0000000084d00000, 0x0000000084e00000|  0%| F|  |TAMS 0x0000000084d00000, 0x0000000084d00000| Untracked 
|  78|0x0000000084e00000, 0x0000000084e00000, 0x0000000084f00000|  0%| F|  |TAMS 0x0000000084e00000, 0x0000000084e00000| Untracked 
|  79|0x0000000084f00000, 0x0000000085000000, 0x0000000085000000|100%| E|  |TAMS 0x0000000084f00000, 0x0000000084f00000| Complete 
|  80|0x0000000085000000, 0x0000000085100000, 0x0000000085100000|100%| E|CS|TAMS 0x0000000085000000, 0x0000000085000000| Complete 
|  81|0x0000000085100000, 0x0000000085200000, 0x0000000085200000|100%| E|CS|TAMS 0x0000000085100000, 0x0000000085100000| Complete 
|  82|0x0000000085200000, 0x0000000085300000, 0x0000000085300000|100%| E|CS|TAMS 0x0000000085200000, 0x0000000085200000| Complete 
|  83|0x0000000085300000, 0x0000000085400000, 0x0000000085400000|100%| E|CS|TAMS 0x0000000085300000, 0x0000000085300000| Complete 
|  84|0x0000000085400000, 0x0000000085500000, 0x0000000085500000|100%| E|CS|TAMS 0x0000000085400000, 0x0000000085400000| Complete 
|  85|0x0000000085500000, 0x0000000085600000, 0x0000000085600000|100%| E|CS|TAMS 0x0000000085500000, 0x0000000085500000| Complete 
|  86|0x0000000085600000, 0x0000000085700000, 0x0000000085700000|100%| E|CS|TAMS 0x0000000085600000, 0x0000000085600000| Complete 
|  87|0x0000000085700000, 0x0000000085800000, 0x0000000085800000|100%| E|CS|TAMS 0x0000000085700000, 0x0000000085700000| Complete 
|  88|0x0000000085800000, 0x0000000085900000, 0x0000000085900000|100%| E|CS|TAMS 0x0000000085800000, 0x0000000085800000| Complete 
|  89|0x0000000085900000, 0x0000000085a00000, 0x0000000085a00000|100%| E|CS|TAMS 0x0000000085900000, 0x0000000085900000| Complete 
|  90|0x0000000085a00000, 0x0000000085b00000, 0x0000000085b00000|100%| E|CS|TAMS 0x0000000085a00000, 0x0000000085a00000| Complete 
|  91|0x0000000085b00000, 0x0000000085c00000, 0x0000000085c00000|100%| E|CS|TAMS 0x0000000085b00000, 0x0000000085b00000| Complete 
|  92|0x0000000085c00000, 0x0000000085d00000, 0x0000000085d00000|100%| E|CS|TAMS 0x0000000085c00000, 0x0000000085c00000| Complete 
|  93|0x0000000085d00000, 0x0000000085e00000, 0x0000000085e00000|100%| E|CS|TAMS 0x0000000085d00000, 0x0000000085d00000| Complete 
|  94|0x0000000085e00000, 0x0000000085f00000, 0x0000000085f00000|100%| E|CS|TAMS 0x0000000085e00000, 0x0000000085e00000| Complete 
|  95|0x0000000085f00000, 0x0000000086000000, 0x0000000086000000|100%| E|CS|TAMS 0x0000000085f00000, 0x0000000085f00000| Complete 
|  96|0x0000000086000000, 0x0000000086100000, 0x0000000086100000|100%| E|CS|TAMS 0x0000000086000000, 0x0000000086000000| Complete 
|  97|0x0000000086100000, 0x0000000086200000, 0x0000000086200000|100%| E|CS|TAMS 0x0000000086100000, 0x0000000086100000| Complete 
|  98|0x0000000086200000, 0x0000000086300000, 0x0000000086300000|100%| E|CS|TAMS 0x0000000086200000, 0x0000000086200000| Complete 
|  99|0x0000000086300000, 0x0000000086400000, 0x0000000086400000|100%| E|CS|TAMS 0x0000000086300000, 0x0000000086300000| Complete 
| 100|0x0000000086400000, 0x0000000086500000, 0x0000000086500000|100%| E|CS|TAMS 0x0000000086400000, 0x0000000086400000| Complete 
| 101|0x0000000086500000, 0x0000000086600000, 0x0000000086600000|100%| E|CS|TAMS 0x0000000086500000, 0x0000000086500000| Complete 
| 102|0x0000000086600000, 0x00000000866d8980, 0x0000000086700000| 84%| S|CS|TAMS 0x0000000086600000, 0x0000000086600000| Complete 
| 103|0x0000000086700000, 0x0000000086800000, 0x0000000086800000|100%| S|CS|TAMS 0x0000000086700000, 0x0000000086700000| Complete 
| 104|0x0000000086800000, 0x0000000086900000, 0x0000000086900000|100%| S|CS|TAMS 0x0000000086800000, 0x0000000086800000| Complete 
| 105|0x0000000086900000, 0x0000000086a00000, 0x0000000086a00000|100%| S|CS|TAMS 0x0000000086900000, 0x0000000086900000| Complete 
| 106|0x0000000086a00000, 0x0000000086b00000, 0x0000000086b00000|100%| E|CS|TAMS 0x0000000086a00000, 0x0000000086a00000| Complete 
| 107|0x0000000086b00000, 0x0000000086c00000, 0x0000000086c00000|100%| E|CS|TAMS 0x0000000086b00000, 0x0000000086b00000| Complete 
| 108|0x0000000086c00000, 0x0000000086d00000, 0x0000000086d00000|100%| E|CS|TAMS 0x0000000086c00000, 0x0000000086c00000| Complete 
| 109|0x0000000086d00000, 0x0000000086e00000, 0x0000000086e00000|100%| E|CS|TAMS 0x0000000086d00000, 0x0000000086d00000| Complete 
| 110|0x0000000086e00000, 0x0000000086f00000, 0x0000000086f00000|100%| E|CS|TAMS 0x0000000086e00000, 0x0000000086e00000| Complete 
| 111|0x0000000086f00000, 0x0000000087000000, 0x0000000087000000|100%| E|CS|TAMS 0x0000000086f00000, 0x0000000086f00000| Complete 
| 112|0x0000000087000000, 0x0000000087100000, 0x0000000087100000|100%| E|CS|TAMS 0x0000000087000000, 0x0000000087000000| Complete 
| 113|0x0000000087100000, 0x0000000087200000, 0x0000000087200000|100%| E|CS|TAMS 0x0000000087100000, 0x0000000087100000| Complete 
| 114|0x0000000087200000, 0x0000000087300000, 0x0000000087300000|100%| E|CS|TAMS 0x0000000087200000, 0x0000000087200000| Complete 
| 115|0x0000000087300000, 0x0000000087400000, 0x0000000087400000|100%| E|CS|TAMS 0x0000000087300000, 0x0000000087300000| Complete 
| 116|0x0000000087400000, 0x0000000087500000, 0x0000000087500000|100%| E|CS|TAMS 0x0000000087400000, 0x0000000087400000| Complete 
| 117|0x0000000087500000, 0x0000000087600000, 0x0000000087600000|100%| E|CS|TAMS 0x0000000087500000, 0x0000000087500000| Complete 
| 118|0x0000000087600000, 0x0000000087700000, 0x0000000087700000|100%| E|CS|TAMS 0x0000000087600000, 0x0000000087600000| Complete 
| 119|0x0000000087700000, 0x0000000087800000, 0x0000000087800000|100%| E|CS|TAMS 0x0000000087700000, 0x0000000087700000| Complete 
| 120|0x0000000087800000, 0x0000000087900000, 0x0000000087900000|100%| E|CS|TAMS 0x0000000087800000, 0x0000000087800000| Complete 
| 121|0x0000000087900000, 0x0000000087a00000, 0x0000000087a00000|100%| E|CS|TAMS 0x0000000087900000, 0x0000000087900000| Complete 
| 122|0x0000000087a00000, 0x0000000087b00000, 0x0000000087b00000|100%| E|CS|TAMS 0x0000000087a00000, 0x0000000087a00000| Complete 
| 123|0x0000000087b00000, 0x0000000087c00000, 0x0000000087c00000|100%| E|CS|TAMS 0x0000000087b00000, 0x0000000087b00000| Complete 
| 124|0x0000000087c00000, 0x0000000087d00000, 0x0000000087d00000|100%| E|CS|TAMS 0x0000000087c00000, 0x0000000087c00000| Complete 
| 125|0x0000000087d00000, 0x0000000087e00000, 0x0000000087e00000|100%| E|CS|TAMS 0x0000000087d00000, 0x0000000087d00000| Complete 
| 126|0x0000000087e00000, 0x0000000087f00000, 0x0000000087f00000|100%| E|CS|TAMS 0x0000000087e00000, 0x0000000087e00000| Complete 
| 127|0x0000000087f00000, 0x0000000088000000, 0x0000000088000000|100%| E|CS|TAMS 0x0000000087f00000, 0x0000000087f00000| Complete 

Card table byte_map: [0x0000027a7ee10000,0x0000027a7f210000] _byte_map_base: 0x0000027a7ea10000

Marking Bits (Prev, Next): (CMBitMap*) 0x0000027a762d6b68, (CMBitMap*) 0x0000027a762d6ba0
 Prev Bits: [0x0000027a0f000000, 0x0000027a11000000)
 Next Bits: [0x0000027a11000000, 0x0000027a13000000)

Polling page: 0x0000027a74210000

Metaspace:

Usage:
  Non-class:     60.44 MB capacity,    59.22 MB ( 98%) used,     1.01 MB (  2%) free+waste,   223.13 KB ( <1%) overhead. 
      Class:      9.64 MB capacity,     8.79 MB ( 91%) used,   762.95 KB (  8%) free+waste,   106.94 KB (  1%) overhead. 
       Both:     70.08 MB capacity,    68.01 MB ( 97%) used,     1.75 MB (  2%) free+waste,   330.06 KB ( <1%) overhead. 

Virtual space:
  Non-class space:       62.00 MB reserved,      60.58 MB ( 98%) committed 
      Class space:      504.00 MB reserved,       9.75 MB (  2%) committed 
             Both:      566.00 MB reserved,      70.33 MB ( 12%) committed 

Chunk freelists:
   Non-Class:  11.00 KB
       Class:  14.00 KB
        Both:  25.00 KB

MaxMetaspaceSize: 512.00 MB
CompressedClassSpaceSize: 504.00 MB
Initial GC threshold: 20.80 MB
Current GC threshold: 114.71 MB
CDS: off

CodeHeap 'non-profiled nmethods': size=120064Kb used=4963Kb max_used=4963Kb free=115100Kb
 bounds [0x0000027a07ac0000, 0x0000027a07fa0000, 0x0000027a0f000000]
CodeHeap 'profiled nmethods': size=120000Kb used=16349Kb max_used=16349Kb free=103650Kb
 bounds [0x0000027a00590000, 0x0000027a01590000, 0x0000027a07ac0000]
CodeHeap 'non-nmethods': size=5696Kb used=2345Kb max_used=2391Kb free=3350Kb
 bounds [0x0000027a00000000, 0x0000027a00270000, 0x0000027a00590000]
 total_blobs=8593 nmethods=7732 adapters=773
 compilation: enabled
              stopped_count=0, restarted_count=0
 full_count=0

Compilation events (20 events):
Event: 557.249 Thread 0x0000027a15805800 nmethod 7751 0x0000027a01584410 code [0x0000027a015845c0, 0x0000027a01584758]
Event: 557.249 Thread 0x0000027a15805800 7749       3       org.gradle.api.internal.artifacts.ModuleVersionIdentifierSerializer::write (37 bytes)
Event: 557.250 Thread 0x0000027a15805800 nmethod 7749 0x0000027a01584810 code [0x0000027a01584a20, 0x0000027a01584fc8]
Event: 557.250 Thread 0x0000027a15805800 7752       1       org.gradle.internal.graph.CachingDirectedGraphWalker$NodeDetails::access$700 (5 bytes)
Event: 557.250 Thread 0x0000027a15805800 nmethod 7752 0x0000027a07f97290 code [0x0000027a07f97440, 0x0000027a07f974d8]
Event: 557.250 Thread 0x0000027a15805800 7753       1       org.gradle.internal.graph.CachingDirectedGraphWalker$NodeDetails::access$000 (5 bytes)
Event: 557.250 Thread 0x0000027a15805800 nmethod 7753 0x0000027a07f97590 code [0x0000027a07f97740, 0x0000027a07f977d8]
Event: 557.250 Thread 0x0000027a15805800 7754       1       org.gradle.internal.graph.CachingDirectedGraphWalker$NodeDetails::access$100 (5 bytes)
Event: 557.250 Thread 0x0000027a15805800 nmethod 7754 0x0000027a07f97890 code [0x0000027a07f97a40, 0x0000027a07f97ad8]
Event: 557.250 Thread 0x0000027a15805800 7755       1       org.gradle.internal.graph.CachingDirectedGraphWalker$NodeDetails::access$600 (5 bytes)
Event: 557.250 Thread 0x0000027a15805800 nmethod 7755 0x0000027a07f97b90 code [0x0000027a07f97d40, 0x0000027a07f97dd8]
Event: 557.251 Thread 0x0000027a15805800 7756       1       org.gradle.internal.graph.CachingDirectedGraphWalker$NodeDetails::access$400 (5 bytes)
Event: 557.251 Thread 0x0000027a15805800 nmethod 7756 0x0000027a07f97e90 code [0x0000027a07f98040, 0x0000027a07f980d8]
Event: 557.253 Thread 0x0000027a15804800 7757       4       com.google.common.collect.Iterators$9::next (25 bytes)
Event: 557.254 Thread 0x0000027a15804800 nmethod 7757 0x0000027a07f98190 code [0x0000027a07f98320, 0x0000027a07f983b8]
Event: 557.255 Thread 0x0000027a15805800 7758       3       com.google.common.collect.ImmutableSet$RegularSetBuilderImpl::rebuildHashTable (80 bytes)
Event: 557.257 Thread 0x0000027a15805800 nmethod 7758 0x0000027a01585290 code [0x0000027a015854c0, 0x0000027a01585cd8]
Event: 557.265 Thread 0x0000027a15804800 7759       4       org.objectweb.asm.Frame::execute (2318 bytes)
Event: 557.416 Thread 0x0000027a15805800 7760       3       org.gradle.api.Namer$Comparator::compare (24 bytes)
Event: 557.417 Thread 0x0000027a15805800 nmethod 7760 0x0000027a01586010 code [0x0000027a015861e0, 0x0000027a015864c8]

GC Heap History (20 events):
Event: 101.441 GC heap before
{Heap before GC invocations=7 (full 0):
 garbage-first heap   total 131072K, used 71263K [0x0000000080000000, 0x0000000100000000)
  region size 1024K, 53 young (54272K), 3 survivors (3072K)
 Metaspace       used 29903K, capacity 30612K, committed 30768K, reserved 542720K
  class space    used 3897K, capacity 4176K, committed 4224K, reserved 516096K
}
Event: 101.447 GC heap after
{Heap after GC invocations=8 (full 0):
 garbage-first heap   total 131072K, used 21908K [0x0000000080000000, 0x0000000100000000)
  region size 1024K, 5 young (5120K), 5 survivors (5120K)
 Metaspace       used 29903K, capacity 30612K, committed 30768K, reserved 542720K
  class space    used 3897K, capacity 4176K, committed 4224K, reserved 516096K
}
Event: 111.739 GC heap before
{Heap before GC invocations=8 (full 0):
 garbage-first heap   total 131072K, used 52628K [0x0000000080000000, 0x0000000100000000)
  region size 1024K, 36 young (36864K), 5 survivors (5120K)
 Metaspace       used 34923K, capacity 35742K, committed 35920K, reserved 548864K
  class space    used 4438K, capacity 4780K, committed 4864K, reserved 516096K
}
Event: 111.755 GC heap after
{Heap after GC invocations=9 (full 0):
 garbage-first heap   total 131072K, used 24085K [0x0000000080000000, 0x0000000100000000)
  region size 1024K, 7 young (7168K), 7 survivors (7168K)
 Metaspace       used 34923K, capacity 35742K, committed 35920K, reserved 548864K
  class space    used 4438K, capacity 4780K, committed 4864K, reserved 516096K
}
Event: 142.879 GC heap before
{Heap before GC invocations=10 (full 0):
 garbage-first heap   total 131072K, used 87573K [0x0000000080000000, 0x0000000100000000)
  region size 1024K, 67 young (68608K), 7 survivors (7168K)
 Metaspace       used 41009K, capacity 42064K, committed 42192K, reserved 552960K
  class space    used 5126K, capacity 5495K, committed 5504K, reserved 516096K
}
Event: 142.901 GC heap after
{Heap after GC invocations=11 (full 0):
 garbage-first heap   total 131072K, used 29053K [0x0000000080000000, 0x0000000100000000)
  region size 1024K, 9 young (9216K), 9 survivors (9216K)
 Metaspace       used 41009K, capacity 42064K, committed 42192K, reserved 552960K
  class space    used 5126K, capacity 5495K, committed 5504K, reserved 516096K
}
Event: 259.035 GC heap before
{Heap before GC invocations=12 (full 0):
 garbage-first heap   total 131072K, used 91517K [0x0000000080000000, 0x0000000100000000)
  region size 1024K, 69 young (70656K), 9 survivors (9216K)
 Metaspace       used 44784K, capacity 45987K, committed 46160K, reserved 557056K
  class space    used 5581K, capacity 6093K, committed 6144K, reserved 516096K
}
Event: 259.056 GC heap after
{Heap after GC invocations=13 (full 0):
 garbage-first heap   total 131072K, used 31173K [0x0000000080000000, 0x0000000100000000)
  region size 1024K, 4 young (4096K), 4 survivors (4096K)
 Metaspace       used 44784K, capacity 45987K, committed 46160K, reserved 557056K
  class space    used 5581K, capacity 6093K, committed 6144K, reserved 516096K
}
Event: 341.667 GC heap before
{Heap before GC invocations=13 (full 0):
 garbage-first heap   total 131072K, used 92613K [0x0000000080000000, 0x0000000100000000)
  region size 1024K, 64 young (65536K), 4 survivors (4096K)
 Metaspace       used 49301K, capacity 50663K, committed 50768K, reserved 561152K
  class space    used 6281K, capacity 6813K, committed 6912K, reserved 516096K
}
Event: 341.687 GC heap after
{Heap after GC invocations=14 (full 0):
 garbage-first heap   total 131072K, used 33050K [0x0000000080000000, 0x0000000100000000)
  region size 1024K, 6 young (6144K), 6 survivors (6144K)
 Metaspace       used 49301K, capacity 50663K, committed 50768K, reserved 561152K
  class space    used 6281K, capacity 6813K, committed 6912K, reserved 516096K
}
Event: 392.889 GC heap before
{Heap before GC invocations=14 (full 0):
 garbage-first heap   total 131072K, used 102682K [0x0000000080000000, 0x0000000100000000)
  region size 1024K, 68 young (69632K), 6 survivors (6144K)
 Metaspace       used 52840K, capacity 54423K, committed 54608K, reserved 565248K
  class space    used 6731K, capacity 7386K, committed 7424K, reserved 516096K
}
Event: 392.909 GC heap after
{Heap after GC invocations=15 (full 0):
 garbage-first heap   total 131072K, used 42265K [0x0000000080000000, 0x0000000100000000)
  region size 1024K, 6 young (6144K), 6 survivors (6144K)
 Metaspace       used 52840K, capacity 54423K, committed 54608K, reserved 565248K
  class space    used 6731K, capacity 7386K, committed 7424K, reserved 516096K
}
Event: 406.369 GC heap before
{Heap before GC invocations=15 (full 0):
 garbage-first heap   total 131072K, used 101657K [0x0000000080000000, 0x0000000100000000)
  region size 1024K, 64 young (65536K), 6 survivors (6144K)
 Metaspace       used 59054K, capacity 60758K, committed 60880K, reserved 569344K
  class space    used 7601K, capacity 8285K, committed 8320K, reserved 516096K
}
Event: 406.381 GC heap after
{Heap after GC invocations=16 (full 0):
 garbage-first heap   total 131072K, used 44640K [0x0000000080000000, 0x0000000100000000)
  region size 1024K, 6 young (6144K), 6 survivors (6144K)
 Metaspace       used 59054K, capacity 60758K, committed 60880K, reserved 569344K
  class space    used 7601K, capacity 8285K, committed 8320K, reserved 516096K
}
Event: 417.698 GC heap before
{Heap before GC invocations=16 (full 0):
 garbage-first heap   total 131072K, used 104032K [0x0000000080000000, 0x0000000100000000)
  region size 1024K, 64 young (65536K), 6 survivors (6144K)
 Metaspace       used 63717K, capacity 65570K, committed 65744K, reserved 573440K
  class space    used 8221K, capacity 8971K, committed 9088K, reserved 516096K
}
Event: 417.714 GC heap after
{Heap after GC invocations=17 (full 0):
 garbage-first heap   total 131072K, used 47007K [0x0000000080000000, 0x0000000100000000)
  region size 1024K, 5 young (5120K), 5 survivors (5120K)
 Metaspace       used 63717K, capacity 65570K, committed 65744K, reserved 573440K
  class space    used 8221K, capacity 8971K, committed 9088K, reserved 516096K
}
Event: 475.596 GC heap before
{Heap before GC invocations=17 (full 0):
 garbage-first heap   total 131072K, used 104351K [0x0000000080000000, 0x0000000100000000)
  region size 1024K, 61 young (62464K), 5 survivors (5120K)
 Metaspace       used 67049K, capacity 68961K, committed 69200K, reserved 577536K
  class space    used 8652K, capacity 9428K, committed 9472K, reserved 516096K
}
Event: 475.613 GC heap after
{Heap after GC invocations=18 (full 0):
 garbage-first heap   total 131072K, used 49702K [0x0000000080000000, 0x0000000100000000)
  region size 1024K, 5 young (5120K), 5 survivors (5120K)
 Metaspace       used 67049K, capacity 68961K, committed 69200K, reserved 577536K
  class space    used 8652K, capacity 9428K, committed 9472K, reserved 516096K
}
Event: 482.804 GC heap before
{Heap before GC invocations=18 (full 0):
 garbage-first heap   total 131072K, used 71206K [0x0000000080000000, 0x0000000100000000)
  region size 1024K, 27 young (27648K), 5 survivors (5120K)
 Metaspace       used 68119K, capacity 70101K, committed 70224K, reserved 577536K
  class space    used 8822K, capacity 9655K, committed 9728K, reserved 516096K
}
Event: 482.820 GC heap after
{Heap after GC invocations=19 (full 0):
 garbage-first heap   total 131072K, used 51042K [0x0000000080000000, 0x0000000100000000)
  region size 1024K, 4 young (4096K), 4 survivors (4096K)
 Metaspace       used 68119K, capacity 70101K, committed 70224K, reserved 577536K
  class space    used 8822K, capacity 9655K, committed 9728K, reserved 516096K
}

Deoptimization events (20 events):
Event: 492.119 Thread 0x0000027a173c6800 Uncommon trap: trap_request=0xffffffde fr.pc=0x0000027a07eba02c relative=0x00000000000011ec
Event: 492.119 Thread 0x0000027a173c6800 Uncommon trap: reason=class_check action=maybe_recompile pc=0x0000027a07eba02c method=java.util.concurrent.ConcurrentHashMap.putVal(Ljava/lang/Object;Ljava/lang/Object;Z)Ljava/lang/Object; @ 242 c2
Event: 492.119 Thread 0x0000027a173c6800 DEOPT PACKING pc=0x0000027a07eba02c sp=0x00000083705f7b40
Event: 492.119 Thread 0x0000027a173c6800 DEOPT UNPACKING pc=0x0000027a0004a1af sp=0x00000083705f7ac0 mode 2
Event: 546.808 Thread 0x0000027a173c6800 Uncommon trap: trap_request=0xffffffc6 fr.pc=0x0000027a07f6e810 relative=0x0000000000000230
Event: 546.808 Thread 0x0000027a173c6800 Uncommon trap: reason=bimorphic_or_optimized_type_check action=maybe_recompile pc=0x0000027a07f6e810 method=com.google.common.collect.ImmutableList.copyOf(Ljava/util/Collection;)Lcom/google/common/collect/ImmutableList; @ 16 c2
Event: 546.808 Thread 0x0000027a173c6800 DEOPT PACKING pc=0x0000027a07f6e810 sp=0x00000083705f92e0
Event: 546.808 Thread 0x0000027a173c6800 DEOPT UNPACKING pc=0x0000027a0004a1af sp=0x00000083705f92a8 mode 2
Event: 547.483 Thread 0x0000027a173c6800 Uncommon trap: trap_request=0xffffffc6 fr.pc=0x0000027a07e3b29c relative=0x00000000000000dc
Event: 547.483 Thread 0x0000027a173c6800 Uncommon trap: reason=bimorphic_or_optimized_type_check action=maybe_recompile pc=0x0000027a07e3b29c method=com.google.common.collect.AbstractIndexedListIterator.next()Ljava/lang/Object; @ 27 c2
Event: 547.483 Thread 0x0000027a173c6800 DEOPT PACKING pc=0x0000027a07e3b29c sp=0x00000083705f5c40
Event: 547.483 Thread 0x0000027a173c6800 DEOPT UNPACKING pc=0x0000027a0004a1af sp=0x00000083705f5bd8 mode 2
Event: 548.122 Thread 0x0000027a173c6800 Uncommon trap: trap_request=0xffffffc6 fr.pc=0x0000027a07e3b29c relative=0x00000000000000dc
Event: 548.122 Thread 0x0000027a173c6800 Uncommon trap: reason=bimorphic_or_optimized_type_check action=maybe_recompile pc=0x0000027a07e3b29c method=com.google.common.collect.AbstractIndexedListIterator.next()Ljava/lang/Object; @ 27 c2
Event: 548.122 Thread 0x0000027a173c6800 DEOPT PACKING pc=0x0000027a07e3b29c sp=0x00000083705f81e0
Event: 548.122 Thread 0x0000027a173c6800 DEOPT UNPACKING pc=0x0000027a0004a1af sp=0x00000083705f8178 mode 2
Event: 554.774 Thread 0x0000027a173c6800 Uncommon trap: trap_request=0xffffffc6 fr.pc=0x0000027a07c52224 relative=0x00000000000002a4
Event: 554.774 Thread 0x0000027a173c6800 Uncommon trap: reason=bimorphic_or_optimized_type_check action=maybe_recompile pc=0x0000027a07c52224 method=java.util.Spliterators$IteratorSpliterator.tryAdvance(Ljava/util/function/Consumer;)Z @ 50 c2
Event: 554.774 Thread 0x0000027a173c6800 DEOPT PACKING pc=0x0000027a07c52224 sp=0x00000083705f77e0
Event: 554.774 Thread 0x0000027a173c6800 DEOPT UNPACKING pc=0x0000027a0004a1af sp=0x00000083705f7780 mode 2

Classes redefined (0 events):
No events

Internal exceptions (20 events):
Event: 474.529 Thread 0x0000027a173c6800 Exception <a 'java/lang/ClassNotFoundException'{0x0000000084c995b0}: org/gradle/internal/metaobject/ConfigureDelegateCustomizer> (0x0000000084c995b0) thrown at [./src/hotspot/share/classfile/systemDictionary.cpp, line 230]
Event: 474.800 Thread 0x0000027a173c6800 Exception <a 'java/lang/ClassNotFoundException'{0x0000000084b262f8}: org/gradle/api/internal/initialization/DefaultScriptHandlerBeanInfo> (0x0000000084b262f8) thrown at [./src/hotspot/share/classfile/systemDictionary.cpp, line 230]
Event: 474.814 Thread 0x0000027a173c6800 Exception <a 'java/lang/ClassNotFoundException'{0x0000000084b55388}: org/gradle/api/internal/initialization/DefaultScriptHandlerCustomizer> (0x0000000084b55388) thrown at [./src/hotspot/share/classfile/systemDictionary.cpp, line 230]
Event: 475.724 Thread 0x0000027a173c6800 Exception <a 'java/lang/ClassNotFoundException'{0x0000000087fb1600}: org/gradle/api/internal/artifacts/dsl/DefaultRepositoryHandler_DecoratedBeanInfo> (0x0000000087fb1600) thrown at [./src/hotspot/share/classfile/systemDictionary.cpp, line 230]
Event: 475.725 Thread 0x0000027a173c6800 Exception <a 'java/lang/ClassNotFoundException'{0x0000000087ff43e0}: org/gradle/api/internal/artifacts/dsl/DefaultRepositoryHandlerBeanInfo> (0x0000000087ff43e0) thrown at [./src/hotspot/share/classfile/systemDictionary.cpp, line 230]
Event: 475.727 Thread 0x0000027a173c6800 Exception <a 'java/lang/ClassNotFoundException'{0x0000000087e3a568}: org/gradle/api/internal/artifacts/DefaultArtifactRepositoryContainerBeanInfo> (0x0000000087e3a568) thrown at [./src/hotspot/share/classfile/systemDictionary.cpp, line 230]
Event: 475.728 Thread 0x0000027a173c6800 Exception <a 'java/lang/ClassNotFoundException'{0x0000000087e6a550}: org/gradle/api/internal/DefaultNamedDomainObjectListBeanInfo> (0x0000000087e6a550) thrown at [./src/hotspot/share/classfile/systemDictionary.cpp, line 230]
Event: 475.729 Thread 0x0000027a173c6800 Exception <a 'java/lang/ClassNotFoundException'{0x0000000087e9c030}: org/gradle/api/internal/DefaultNamedDomainObjectCollectionBeanInfo> (0x0000000087e9c030) thrown at [./src/hotspot/share/classfile/systemDictionary.cpp, line 230]
Event: 475.730 Thread 0x0000027a173c6800 Exception <a 'java/lang/ClassNotFoundException'{0x0000000087ecc410}: org/gradle/api/internal/DefaultDomainObjectCollectionBeanInfo> (0x0000000087ecc410) thrown at [./src/hotspot/share/classfile/systemDictionary.cpp, line 230]
Event: 475.731 Thread 0x0000027a173c6800 Exception <a 'java/lang/ClassNotFoundException'{0x0000000087efce48}: org/gradle/api/internal/DefaultDomainObjectCollectionCustomizer> (0x0000000087efce48) thrown at [./src/hotspot/share/classfile/systemDictionary.cpp, line 230]
Event: 475.743 Thread 0x0000027a173c6800 Exception <a 'java/lang/ClassNotFoundException'{0x0000000087d4bd48}: org/gradle/api/internal/DefaultNamedDomainObjectCollectionCustomizer> (0x0000000087d4bd48) thrown at [./src/hotspot/share/classfile/systemDictionary.cpp, line 230]
Event: 475.755 Thread 0x0000027a173c6800 Exception <a 'java/lang/ClassNotFoundException'{0x0000000087da1d60}: org/gradle/api/internal/DefaultNamedDomainObjectListCustomizer> (0x0000000087da1d60) thrown at [./src/hotspot/share/classfile/systemDictionary.cpp, line 230]
Event: 475.780 Thread 0x0000027a173c6800 Exception <a 'java/lang/ClassNotFoundException'{0x0000000087c01880}: org/gradle/api/internal/artifacts/DefaultArtifactRepositoryContainerCustomizer> (0x0000000087c01880) thrown at [./src/hotspot/share/classfile/systemDictionary.cpp, line 230]
Event: 475.789 Thread 0x0000027a173c6800 Exception <a 'java/lang/ClassNotFoundException'{0x0000000087c554d8}: org/gradle/api/internal/artifacts/dsl/DefaultRepositoryHandlerCustomizer> (0x0000000087c554d8) thrown at [./src/hotspot/share/classfile/systemDictionary.cpp, line 230]
Event: 475.798 Thread 0x0000027a173c6800 Exception <a 'java/lang/ClassNotFoundException'{0x0000000087cbc478}: org/gradle/api/internal/artifacts/dsl/DefaultRepositoryHandler_DecoratedCustomizer> (0x0000000087cbc478) thrown at [./src/hotspot/share/classfile/systemDictionary.cpp, line 230]
Event: 475.986 Thread 0x0000027a173c6800 Exception <a 'java/lang/ClassNotFoundException'{0x0000000087b99028}: org/gradle/api/internal/artifacts/dsl/dependencies/DefaultDependencyHandler_DecoratedBeanInfo> (0x0000000087b99028) thrown at [./src/hotspot/share/classfile/systemDictionary.cpp, line 230]
Event: 475.988 Thread 0x0000027a173c6800 Exception <a 'java/lang/ClassNotFoundException'{0x0000000087be1190}: org/gradle/api/internal/artifacts/dsl/dependencies/DefaultDependencyHandlerBeanInfo> (0x0000000087be1190) thrown at [./src/hotspot/share/classfile/systemDictionary.cpp, line 230]
Event: 475.989 Thread 0x0000027a173c6800 Exception <a 'java/lang/ClassNotFoundException'{0x0000000087a29470}: org/gradle/api/internal/artifacts/dsl/dependencies/DefaultDependencyHandlerCustomizer> (0x0000000087a29470) thrown at [./src/hotspot/share/classfile/systemDictionary.cpp, line 230]
Event: 475.992 Thread 0x0000027a173c6800 Exception <a 'java/lang/ClassNotFoundException'{0x0000000087a9a938}: org/gradle/api/internal/artifacts/dsl/dependencies/DefaultDependencyHandler_DecoratedCustomizer> (0x0000000087a9a938) thrown at [./src/hotspot/share/classfile/systemDictionary.cpp, line 230]
Event: 546.571 Thread 0x0000027a173c6800 Exception <a 'java/lang/NoSuchMethodError'{0x0000000085c6b438}: 'java.lang.Object java.lang.invoke.Invokers$Holder.linkToTargetMethod(java.lang.Object, java.lang.Object, java.lang.Object, java.lang.Object, java.lang.Object, java.lang.Object, java.lang.Object, java.lang.Object, java.lang.Object)'> (0x0000000085c6b438) thrown at [./src/hotspot/share/interpreter/linkResolver.cpp, line 773]

Events (20 events):
Event: 557.187 Executing VM operation: RevokeBias
Event: 557.188 Executing VM operation: RevokeBias done
Event: 557.188 Executing VM operation: RevokeBias
Event: 557.189 Executing VM operation: RevokeBias done
Event: 557.189 Executing VM operation: RevokeBias
Event: 557.189 Executing VM operation: RevokeBias done
Event: 557.222 Executing VM operation: RevokeBias
Event: 557.223 Executing VM operation: RevokeBias done
Event: 557.256 Executing VM operation: RevokeBias
Event: 557.257 Executing VM operation: RevokeBias done
Event: 557.257 Executing VM operation: BulkRevokeBias
Event: 557.259 Executing VM operation: BulkRevokeBias done
Event: 557.259 Executing VM operation: BulkRevokeBias
Event: 557.261 Executing VM operation: BulkRevokeBias done
Event: 557.261 Executing VM operation: RevokeBias
Event: 557.262 Executing VM operation: RevokeBias done
Event: 557.268 loading class org/gradle/api/Transformer
Event: 557.268 loading class org/gradle/api/Transformer done
Event: 557.417 loading class org/gradle/api/internal/provider/Collectors$ElementsFromCollection
Event: 557.417 loading class org/gradle/api/internal/provider/Collectors$ElementsFromCollection done


Dynamic libraries:
0x00007ff73c320000 - 0x00007ff73c32d000 	C:\Program Files\Microsoft\jdk-11.0.18.10-hotspot\bin\java.exe
0x00007ff8286d0000 - 0x00007ff8288c8000 	C:\Windows\SYSTEM32\ntdll.dll
0x00007ff826a80000 - 0x00007ff826b3d000 	C:\Windows\System32\KERNEL32.DLL
0x00007ff826100000 - 0x00007ff8263f6000 	C:\Windows\System32\KERNELBASE.dll
0x00007ff826500000 - 0x00007ff826600000 	C:\Windows\System32\ucrtbase.dll
0x00007ff811320000 - 0x00007ff811337000 	C:\Program Files\Microsoft\jdk-11.0.18.10-hotspot\bin\jli.dll
0x00007ff827370000 - 0x00007ff82750e000 	C:\Windows\System32\USER32.dll
0x00007ff825e80000 - 0x00007ff825ea2000 	C:\Windows\System32\win32u.dll
0x00007ff826730000 - 0x00007ff82675c000 	C:\Windows\System32\GDI32.dll
0x00007ff826600000 - 0x00007ff82671a000 	C:\Windows\System32\gdi32full.dll
0x00007ff826060000 - 0x00007ff8260fd000 	C:\Windows\System32\msvcp_win.dll
0x00007ff810a20000 - 0x00007ff810a35000 	C:\Program Files\Microsoft\jdk-11.0.18.10-hotspot\bin\VCRUNTIME140.dll
0x00007ff815050000 - 0x00007ff8152ea000 	C:\Windows\WinSxS\amd64_microsoft.windows.common-controls_6595b64144ccf1df_6.0.19041.3636_none_60b6a03d71f818d5\COMCTL32.dll
0x00007ff8285e0000 - 0x00007ff82867e000 	C:\Windows\System32\msvcrt.dll
0x00007ff826e30000 - 0x00007ff826e60000 	C:\Windows\System32\IMM32.DLL
0x00007ff803cc0000 - 0x00007ff803d5b000 	C:\Program Files\Microsoft\jdk-11.0.18.10-hotspot\bin\msvcp140.dll
0x00007fffb7670000 - 0x00007fffb8202000 	C:\Program Files\Microsoft\jdk-11.0.18.10-hotspot\bin\server\jvm.dll
0x00007ff826d10000 - 0x00007ff826dc3000 	C:\Windows\System32\ADVAPI32.dll
0x00007ff826e60000 - 0x00007ff826eff000 	C:\Windows\System32\sechost.dll
0x00007ff827510000 - 0x00007ff827636000 	C:\Windows\System32\RPCRT4.dll
0x00007ff825e50000 - 0x00007ff825e77000 	C:\Windows\System32\bcrypt.dll
0x00007ff826720000 - 0x00007ff826728000 	C:\Windows\System32\PSAPI.DLL
0x00007ff813bc0000 - 0x00007ff813bc9000 	C:\Windows\SYSTEM32\WSOCK32.dll
0x00007ff828360000 - 0x00007ff8283cb000 	C:\Windows\System32\WS2_32.dll
0x00007ff815580000 - 0x00007ff8155a7000 	C:\Windows\SYSTEM32\WINMM.dll
0x00007ff815560000 - 0x00007ff81556a000 	C:\Windows\SYSTEM32\VERSION.dll
0x00007ff823c50000 - 0x00007ff823c62000 	C:\Windows\SYSTEM32\kernel.appcore.dll
0x00007ff81e710000 - 0x00007ff81e720000 	C:\Program Files\Microsoft\jdk-11.0.18.10-hotspot\bin\verify.dll
0x00007ff80f290000 - 0x00007ff80f474000 	C:\Windows\SYSTEM32\DBGHELP.DLL
0x00007ff80f250000 - 0x00007ff80f284000 	C:\Windows\SYSTEM32\dbgcore.DLL
0x00007ff826400000 - 0x00007ff826482000 	C:\Windows\System32\bcryptPrimitives.dll
0x00007ff8109f0000 - 0x00007ff810a18000 	C:\Program Files\Microsoft\jdk-11.0.18.10-hotspot\bin\java.dll
0x00007ff81e540000 - 0x00007ff81e54a000 	C:\Program Files\Microsoft\jdk-11.0.18.10-hotspot\bin\jimage.dll
0x00007ff810980000 - 0x00007ff810998000 	C:\Program Files\Microsoft\jdk-11.0.18.10-hotspot\bin\zip.dll
0x00007ff827b90000 - 0x00007ff8282d5000 	C:\Windows\System32\SHELL32.dll
0x00007ff823e50000 - 0x00007ff8245eb000 	C:\Windows\SYSTEM32\windows.storage.dll
0x00007ff827760000 - 0x00007ff827ab4000 	C:\Windows\System32\combase.dll
0x00007ff825760000 - 0x00007ff82578d000 	C:\Windows\SYSTEM32\Wldp.dll
0x00007ff826b50000 - 0x00007ff826bfd000 	C:\Windows\System32\SHCORE.dll
0x00007ff826760000 - 0x00007ff8267b5000 	C:\Windows\System32\shlwapi.dll
0x00007ff825cd0000 - 0x00007ff825cf5000 	C:\Windows\SYSTEM32\profapi.dll
0x00007ff80fba0000 - 0x00007ff80fbb9000 	C:\Program Files\Microsoft\jdk-11.0.18.10-hotspot\bin\net.dll
0x00007ff81e580000 - 0x00007ff81e68a000 	C:\Windows\SYSTEM32\WINHTTP.dll
0x00007ff8254c0000 - 0x00007ff82552a000 	C:\Windows\system32\mswsock.dll
0x00007ff80f4d0000 - 0x00007ff80f4e3000 	C:\Program Files\Microsoft\jdk-11.0.18.10-hotspot\bin\nio.dll
0x00007ff80abf0000 - 0x00007ff80ac17000 	C:\Users\tahaa\.gradle\native\68d5fa5c4cc2d200863cafc0d521ce42e7d3e7ee720ec0a83991735586a16f82\windows-amd64\native-platform.dll
0x00007ffffd5e0000 - 0x00007ffffd724000 	C:\Users\tahaa\.gradle\native\e376f236ea51e6404a007f0833ffe2c6e607c4080706a723a18a27aeea778392\windows-amd64\native-platform-file-events.dll
0x00007ff81e3b0000 - 0x00007ff81e3b9000 	C:\Program Files\Microsoft\jdk-11.0.18.10-hotspot\bin\management.dll
0x00007ff81af30000 - 0x00007ff81af3b000 	C:\Program Files\Microsoft\jdk-11.0.18.10-hotspot\bin\management_ext.dll
0x00007ff8256c0000 - 0x00007ff8256d8000 	C:\Windows\SYSTEM32\CRYPTSP.dll
0x00007ff824df0000 - 0x00007ff824e24000 	C:\Windows\system32\rsaenh.dll
0x00007ff825c90000 - 0x00007ff825cbe000 	C:\Windows\SYSTEM32\USERENV.dll
0x00007ff8256b0000 - 0x00007ff8256bc000 	C:\Windows\SYSTEM32\CRYPTBASE.dll
0x00007ff8251b0000 - 0x00007ff8251eb000 	C:\Windows\SYSTEM32\IPHLPAPI.DLL
0x00007ff828680000 - 0x00007ff828688000 	C:\Windows\System32\NSI.dll
0x00007ff81f370000 - 0x00007ff81f387000 	C:\Windows\SYSTEM32\dhcpcsvc6.DLL
0x00007ff81fc60000 - 0x00007ff81fc7d000 	C:\Windows\SYSTEM32\dhcpcsvc.DLL
0x00007ff8251f0000 - 0x00007ff8252ba000 	C:\Windows\SYSTEM32\DNSAPI.dll

dbghelp: loaded successfully - version: 4.0.5 - missing functions: none
symbol engine: initialized successfully - sym options: 0x614 - pdb path: .;C:\Program Files\Microsoft\jdk-11.0.18.10-hotspot\bin;C:\Windows\SYSTEM32;C:\Windows\WinSxS\amd64_microsoft.windows.common-controls_6595b64144ccf1df_6.0.19041.3636_none_60b6a03d71f818d5;C:\Program Files\Microsoft\jdk-11.0.18.10-hotspot\bin\server;C:\Users\tahaa\.gradle\native\68d5fa5c4cc2d200863cafc0d521ce42e7d3e7ee720ec0a83991735586a16f82\windows-amd64;C:\Users\tahaa\.gradle\native\e376f236ea51e6404a007f0833ffe2c6e607c4080706a723a18a27aeea778392\windows-amd64

VM Arguments:
jvm_args: -XX:MaxMetaspaceSize=512m --add-opens=java.base/java.util=ALL-UNNAMED --add-opens=java.base/java.lang=ALL-UNNAMED --add-opens=java.base/java.lang.invoke=ALL-UNNAMED --add-opens=java.prefs/java.util.prefs=ALL-UNNAMED --add-opens=java.base/java.nio.charset=ALL-UNNAMED --add-opens=java.base/java.net=ALL-UNNAMED --add-opens=java.base/java.util.concurrent.atomic=ALL-UNNAMED -Xmx2048m -Dfile.encoding=windows-1252 -Duser.country=US -Duser.language=en -Duser.variant 
java_command: org.gradle.launcher.daemon.bootstrap.GradleDaemon 8.0.1
java_class_path (initial): C:\Users\tahaa\.gradle\wrapper\dists\gradle-8.0.1-all\aro4hu1c3oeioove7l0i4i14o\gradle-8.0.1\lib\gradle-launcher-8.0.1.jar
Launcher Type: SUN_STANDARD

[Global flags]
     intx CICompilerCount                          = 3                                         {product} {ergonomic}
   size_t CompressedClassSpaceSize                 = 528482304                                 {product} {ergonomic}
     uint ConcGCThreads                            = 1                                         {product} {ergonomic}
     uint G1ConcRefinementThreads                  = 4                                         {product} {ergonomic}
   size_t G1HeapRegionSize                         = 1048576                                   {product} {ergonomic}
    uintx GCDrainStackTargetSize                   = 64                                        {product} {ergonomic}
   size_t InitialHeapSize                          = 134217728                                 {product} {ergonomic}
   size_t MarkStackSize                            = 4194304                                   {product} {ergonomic}
   size_t MaxHeapSize                              = 2147483648                                {product} {command line}
   size_t MaxMetaspaceSize                         = 536870912                                 {product} {command line}
   size_t MaxNewSize                               = 1287651328                                {product} {ergonomic}
   size_t MinHeapDeltaBytes                        = 1048576                                   {product} {ergonomic}
    uintx NonNMethodCodeHeapSize                   = 5830732                                {pd product} {ergonomic}
    uintx NonProfiledCodeHeapSize                  = 122913754                              {pd product} {ergonomic}
    uintx ProfiledCodeHeapSize                     = 122913754                              {pd product} {ergonomic}
    uintx ReservedCodeCacheSize                    = 251658240                              {pd product} {ergonomic}
     bool SegmentedCodeCache                       = true                                      {product} {ergonomic}
     bool UseCompressedClassPointers               = true                                 {lp64_product} {ergonomic}
     bool UseCompressedOops                        = true                                 {lp64_product} {ergonomic}
     bool UseG1GC                                  = true                                      {product} {ergonomic}
     bool UseLargePagesIndividualAllocation        = false                                  {pd product} {ergonomic}

Logging:
Log output configuration:
 #0: stdout all=warning uptime,level,tags
 #1: stderr all=off uptime,level,tags

Environment Variables:
JAVA_HOME=C:\Program Files\Microsoft\jdk-11.0.18.10-hotspot\
CLASSPATH=F:\RN PROJECTS\Whoo\android\\gradle\wrapper\gradle-wrapper.jar
PATH=F:\RN PROJECTS\Whoo\node_modules\.bin;F:\RN PROJECTS\Whoo\node_modules\.bin;F:\RN PROJECTS\node_modules\.bin;F:\node_modules\.bin;C:\Program Files\nodejs\node_modules\npm\node_modules\@npmcli\run-script\lib\node-gyp-bin;F:\RN PROJECTS\Whoo\node_modules\.bin;F:\RN PROJECTS\node_modules\.bin;F:\node_modules\.bin;C:\Program Files\nodejs\node_modules\npm\node_modules\@npmcli\run-script\lib\node-gyp-bin;C:\Program Files\Microsoft\jdk-11.0.18.10-hotspot\bin;C:\Python311\Scripts\;C:\Python311\;C:\Windows\system32;C:\Windows;C:\Windows\System32\Wbem;C:\Windows\System32\WindowsPowerShell\v1.0\;C:\Windows\System32\OpenSSH\;C:\ProgramData\chocolatey\bin;C:\Program Files\nodejs\;C:\Program Files\Git\cmd;C:\Users\tahaa\AppData\Local\Microsoft\WindowsApps;C:\Users\tahaa\AppData\Local\Programs\Microsoft VS Code\bin;C:\Users\tahaa\AppData\Roaming\npm;C:\Users\tahaa\AppData\Local\Android\Sdk\platform-tools;
USERNAME=tahaa
OS=Windows_NT
PROCESSOR_IDENTIFIER=Intel64 Family 6 Model 58 Stepping 9, GenuineIntel
TMP=C:\Users\tahaa\AppData\Local\Temp
TEMP=C:\Users\tahaa\AppData\Local\Temp



---------------  S Y S T E M  ---------------

OS: Windows 10 , 64 bit Build 19041 (10.0.19041.3636)
OS uptime: 0 days 22:53 hours

CPU:total 4 (initial active 4) (2 cores per cpu, 2 threads per core) family 6 model 58 stepping 9 microcode 0x21, cmov, cx8, fxsr, mmx, sse, sse2, sse3, ssse3, sse4.1, sse4.2, popcnt, avx, aes, clmul, erms, ht, tsc, tscinvbit, tscinv

Memory: 4k page, system-wide physical 8073M (271M free)
TotalPageFile size 23188M (AvailPageFile size 2M)
current process WorkingSet (physical memory assigned to process): 189M, peak: 243M
current process commit charge ("private bytes"): 343M, peak: 353M

vm_info: OpenJDK 64-Bit Server VM (11.0.18+10-LTS) for windows-amd64 JRE (11.0.18+10-LTS), built on Jan 18 2023 15:56:47 by "MicrosoftCorporation" with MS VC++ 15.9 (VS2017)

END.
